
Thu, 26 Feb 2009 01:16:20 GMT

MAKE:
/usr/bin/g++ -c -pipe -O3 -fomit-frame-pointer  fasta.gpp-4.c++ -o fasta.gpp-4.c++.o &&  \
        /usr/bin/g++ fasta.gpp-4.c++.o -o fasta.gpp-4.gpp_run  
fasta.gpp-4.c++:35: error: expected template-name before ‘<’ token
fasta.gpp-4.c++:35: error: expected `{' before ‘<’ token
fasta.gpp-4.c++:35: error: expected unqualified-id before ‘<’ token
make: [fasta.gpp-4.gpp_run] Error 1 (ignored)
rm fasta.gpp-4.c++
0.15s to complete and log all make actions

COMMAND LINE:
./fasta.gpp-4.gpp_run 250000

MAKE ERROR 

