
Thu, 26 Feb 2009 01:16:20 GMT

MAKE:
/usr/bin/g++ -c -pipe -O3 -fomit-frame-pointer -fopenmp knucleotide.c++ -o knucleotide.c++.o &&  \
        /usr/bin/g++ knucleotide.c++.o -o knucleotide.gpp_run -fopenmp 
knucleotide.c++: In static member function ‘static const char* hasher<size>::string(const char*, char*)’:
knucleotide.c++:19: error: ‘strncpy’ is not a member of ‘std’
knucleotide.c++: In member function ‘bool hasher<size>::equal(const char*, const char*) const’:
knucleotide.c++:34: error: ‘strncmp’ is not a member of ‘std’
knucleotide.c++: In function ‘void write_frequencies(const std::vector<char, std::allocator<char> >&, char*)’:
knucleotide.c++:132: error: there are no arguments to ‘strcpy’ that depend on a template parameter, so a declaration of ‘strcpy’ must be available
knucleotide.c++:132: error: (if you use ‘-fpermissive’, G++ will accept your code, but allowing the use of an undeclared name is deprecated)
knucleotide.c++: In function ‘int main()’:
knucleotide.c++:162: error: ‘strncmp’ is not a member of ‘std’
knucleotide.c++:171: error: ‘transform’ is not a member of ‘std’
knucleotide.c++: In function ‘void write_frequencies(const std::vector<char, std::allocator<char> >&, char*) [with hasher = hasher<1ul>]’:
knucleotide.c++:177:   instantiated from here
knucleotide.c++:132: error: ‘strcpy’ was not declared in this scope
knucleotide.c++: In function ‘void write_frequencies(const std::vector<char, std::allocator<char> >&, char*) [with hasher = hasher<2ul>]’:
knucleotide.c++:179:   instantiated from here
knucleotide.c++:132: error: ‘strcpy’ was not declared in this scope
make: [knucleotide.gpp_run] Error 1 (ignored)
rm knucleotide.c++
0.35s to complete and log all make actions

COMMAND LINE:
./knucleotide.gpp_run 0 < knucleotide-input250000.txt

MAKE ERROR 

