
Tue, 26 Jan 2010 17:45:54 GMT

MAKE:
/usr/bin/gcc -pipe -Wall -O3 -fomit-frame-pointer -march=native -std=c99 -include Include/simple_hash3.h -lpthread -pthread knucleotide.gcc-3.c -o knucleotide.gcc-3.gcc_run
In file included from <command-line>:0:
./Include/simple_hash3.h: In function ‘ht_find’:
./Include/simple_hash3.h:156: warning: ‘ht_hashcode’ is static but used in inline function ‘ht_find’ which is not static
./Include/simple_hash3.h: In function ‘ht_find_new’:
./Include/simple_hash3.h:173: warning: ‘ht_hashcode’ is static but used in inline function ‘ht_find_new’ which is not static
./Include/simple_hash3.h:191: warning: ‘ht_node_create’ is static but used in inline function ‘ht_find_new’ which is not static
./Include/simple_hash3.h:195: warning: ‘ht_node_create’ is static but used in inline function ‘ht_find_new’ which is not static
knucleotide.gcc-3.c:23:18: error: glib.h: No such file or directory
knucleotide.gcc-3.c: At top level:
knucleotide.gcc-3.c:27: error: redefinition of typedef ‘ui64’
./Include/simple_hash3.h:19: note: previous declaration of ‘ui64’ was here
knucleotide.gcc-3.c:85: error: expected specifier-qualifier-list before ‘GHashTable’
knucleotide.gcc-3.c: In function ‘CodeToBit’:
knucleotide.gcc-3.c:109: error: ‘FALSE’ undeclared (first use in this function)
knucleotide.gcc-3.c:109: error: (Each undeclared identifier is reported only once
knucleotide.gcc-3.c:109: error: for each function it appears in.)
knucleotide.gcc-3.c: In function ‘HashFunc’:
knucleotide.gcc-3.c:130: error: ‘guint’ undeclared (first use in this function)
knucleotide.gcc-3.c: At top level:
knucleotide.gcc-3.c:179: error: expected ‘)’ before ‘*’ token
knucleotide.gcc-3.c:207: error: expected declaration specifiers or ‘...’ before ‘GHashTable’
knucleotide.gcc-3.c: In function ‘BuildHashTableAtOffset’:
knucleotide.gcc-3.c:220: warning: implicit declaration of function ‘g_hash_table_lookup_extended’
knucleotide.gcc-3.c:220: error: ‘ht’ undeclared (first use in this function)
knucleotide.gcc-3.c:229: warning: implicit declaration of function ‘g_hash_table_replace’
knucleotide.gcc-3.c: At top level:
knucleotide.gcc-3.c:242: error: expected ‘)’ before ‘*’ token
knucleotide.gcc-3.c: In function ‘BuildHashTable’:
knucleotide.gcc-3.c:254: error: ‘GHashTable’ undeclared (first use in this function)
knucleotide.gcc-3.c:254: error: ‘local_table’ undeclared (first use in this function)
knucleotide.gcc-3.c:254: warning: implicit declaration of function ‘g_hash_table_new’
knucleotide.gcc-3.c:255: error: ‘Result_t’ has no member named ‘hash_table’
knucleotide.gcc-3.c:257: error: ‘Result_t’ has no member named ‘stride_processed’
knucleotide.gcc-3.c:257: error: incompatible type for argument 1 of ‘__sync_fetch_and_add’
knucleotide.gcc-3.c:258: error: too many arguments to function ‘BuildHashTableAtOffset’
knucleotide.gcc-3.c:260: error: ‘Result_t’ has no member named ‘thread_passed’
knucleotide.gcc-3.c:260: error: incompatible type for argument 1 of ‘__sync_add_and_fetch’
knucleotide.gcc-3.c:265: warning: implicit declaration of function ‘MergeTable’
knucleotide.gcc-3.c:265: error: ‘Result_t’ has no member named ‘hash_table’
knucleotide.gcc-3.c:265: error: ‘Result_t’ has no member named ‘hash_table’
knucleotide.gcc-3.c:267: warning: implicit declaration of function ‘DeleteTable’
knucleotide.gcc-3.c:267: error: ‘Result_t’ has no member named ‘hash_table’
knucleotide.gcc-3.c:268: error: ‘Result_t’ has no member named ‘hash_table’
knucleotide.gcc-3.c: In function ‘WriteFreq’:
knucleotide.gcc-3.c:292: warning: implicit declaration of function ‘g_hash_table_size’
knucleotide.gcc-3.c:292: error: ‘Result_t’ has no member named ‘hash_table’
knucleotide.gcc-3.c:295: error: ‘GHashTableIter’ undeclared (first use in this function)
knucleotide.gcc-3.c:295: error: expected ‘;’ before ‘ite’
knucleotide.gcc-3.c:296: warning: implicit declaration of function ‘g_hash_table_iter_init’
knucleotide.gcc-3.c:296: error: ‘ite’ undeclared (first use in this function)
knucleotide.gcc-3.c:296: error: ‘Result_t’ has no member named ‘hash_table’
knucleotide.gcc-3.c:302: warning: implicit declaration of function ‘g_hash_table_iter_next’
knucleotide.gcc-3.c: In function ‘WriteCount’:
knucleotide.gcc-3.c:330: warning: implicit declaration of function ‘g_hash_table_lookup’
knucleotide.gcc-3.c:330: error: ‘Result_t’ has no member named ‘hash_table’
knucleotide.gcc-3.c:330: warning: cast to pointer from integer of different size
knucleotide.gcc-3.c: In function ‘main’:
knucleotide.gcc-3.c:362: warning: ignoring #pragma omp parallel
knucleotide.gcc-3.c:383: error: ‘Result_t’ has no member named ‘hash_table’
make: [knucleotide.gcc-3.gcc_run] Error 1 (ignored)
rm knucleotide.gcc-3.c
0.05s to complete and log all make actions

COMMAND LINE:
./knucleotide.gcc-3.gcc_run 0 < knucleotide-input250000.txt

MAKE ERROR 

