
Tue, 26 Jan 2010 17:45:54 GMT

MAKE:
/usr/bin/gcc -pipe -Wall -O3 -fomit-frame-pointer -march=native -std=c99 -include Include/simple_hash3.h -lpthread -pthread knucleotide.c -o knucleotide.gcc_run
In file included from <command-line>:0:
./Include/simple_hash3.h: In function ‘ht_find’:
./Include/simple_hash3.h:156: warning: ‘ht_hashcode’ is static but used in inline function ‘ht_find’ which is not static
./Include/simple_hash3.h: In function ‘ht_find_new’:
./Include/simple_hash3.h:173: warning: ‘ht_hashcode’ is static but used in inline function ‘ht_find_new’ which is not static
./Include/simple_hash3.h:191: warning: ‘ht_node_create’ is static but used in inline function ‘ht_find_new’ which is not static
./Include/simple_hash3.h:195: warning: ‘ht_node_create’ is static but used in inline function ‘ht_find_new’ which is not static
knucleotide.c:12:18: error: glib.h: No such file or directory
knucleotide.c: At top level:
knucleotide.c:17: error: expected ‘:’, ‘,’, ‘;’, ‘}’ or ‘__attribute__’ before ‘*’ token
knucleotide.c:25: error: expected declaration specifiers or ‘...’ before ‘GHashTable’
knucleotide.c:25: error: expected declaration specifiers or ‘...’ before ‘GTrashStack’
knucleotide.c:25: error: expected declaration specifiers or ‘...’ before ‘GPtrArray’
knucleotide.c:25: error: expected declaration specifiers or ‘...’ before ‘GStringChunk’
knucleotide.c: In function ‘generate_frequencies’:
knucleotide.c:27: error: ‘gchar’ undeclared (first use in this function)
knucleotide.c:27: error: (Each undeclared identifier is reported only once
knucleotide.c:27: error: for each function it appears in.)
knucleotide.c:27: error: ‘key’ undeclared (first use in this function)
knucleotide.c:41: warning: implicit declaration of function ‘g_string_chunk_insert_const’
knucleotide.c:41: error: ‘sc’ undeclared (first use in this function)
knucleotide.c:43: warning: implicit declaration of function ‘g_hash_table_lookup’
knucleotide.c:43: error: ‘ht’ undeclared (first use in this function)
knucleotide.c:43: warning: assignment makes pointer from integer without a cast
knucleotide.c:46: warning: implicit declaration of function ‘g_trash_stack_pop’
knucleotide.c:46: error: ‘ts’ undeclared (first use in this function)
knucleotide.c:46: warning: assignment makes pointer from integer without a cast
knucleotide.c:51: warning: division by zero
knucleotide.c:52: warning: implicit declaration of function ‘g_ptr_array_add’
knucleotide.c:52: error: ‘roots’ undeclared (first use in this function)
knucleotide.c:54: warning: division by zero
knucleotide.c:55: warning: implicit declaration of function ‘g_trash_stack_push’
knucleotide.c:57: error: ‘stat_t’ has no member named ‘stat’
knucleotide.c:58: error: ‘stat_t’ has no member named ‘key’
knucleotide.c:60: warning: implicit declaration of function ‘g_hash_table_insert’
knucleotide.c:63: error: ‘stat_t’ has no member named ‘stat’
knucleotide.c: At top level:
knucleotide.c:72: error: expected ‘)’ before ‘a’
knucleotide.c:81: error: expected ‘)’ before ‘key’
knucleotide.c:90: error: expected ‘)’ before ‘data’
knucleotide.c:99: error: expected declaration specifiers or ‘...’ before ‘GTrashStack’
knucleotide.c:99: error: expected declaration specifiers or ‘...’ before ‘GPtrArray’
knucleotide.c: In function ‘write_frequencies’:
knucleotide.c:101: error: ‘GStringChunk’ undeclared (first use in this function)
knucleotide.c:101: error: ‘sc’ undeclared (first use in this function)
knucleotide.c:102: error: ‘GHashTable’ undeclared (first use in this function)
knucleotide.c:102: error: ‘ht’ undeclared (first use in this function)
knucleotide.c:103: error: ‘GList’ undeclared (first use in this function)
knucleotide.c:103: error: ‘lst’ undeclared (first use in this function)
knucleotide.c:106: warning: implicit declaration of function ‘g_hash_table_new_full’
knucleotide.c:106: error: ‘g_str_hash’ undeclared (first use in this function)
knucleotide.c:106: error: ‘g_str_equal’ undeclared (first use in this function)
knucleotide.c:107: warning: implicit declaration of function ‘g_string_chunk_new’
knucleotide.c:110: error: ‘ts’ undeclared (first use in this function)
knucleotide.c:110: error: ‘roots’ undeclared (first use in this function)
knucleotide.c:110: error: too many arguments to function ‘generate_frequencies’
knucleotide.c:114: warning: implicit declaration of function ‘g_hash_table_foreach’
knucleotide.c:114: error: ‘sorted_list’ undeclared (first use in this function)
knucleotide.c:115: warning: implicit declaration of function ‘g_list_foreach’
knucleotide.c:115: error: ‘display_stat’ undeclared (first use in this function)
knucleotide.c:116: warning: implicit declaration of function ‘g_list_free’
knucleotide.c:119: warning: implicit declaration of function ‘g_hash_table_destroy’
knucleotide.c:120: warning: implicit declaration of function ‘g_string_chunk_free’
knucleotide.c: At top level:
knucleotide.c:124: error: expected declaration specifiers or ‘...’ before ‘GTrashStack’
knucleotide.c:124: error: expected declaration specifiers or ‘...’ before ‘GPtrArray’
knucleotide.c: In function ‘write_count’:
knucleotide.c:126: error: ‘GStringChunk’ undeclared (first use in this function)
knucleotide.c:126: error: ‘sc’ undeclared (first use in this function)
knucleotide.c:127: error: ‘GHashTable’ undeclared (first use in this function)
knucleotide.c:127: error: ‘ht’ undeclared (first use in this function)
knucleotide.c:129: error: ‘GList’ undeclared (first use in this function)
knucleotide.c:129: error: ‘lst’ undeclared (first use in this function)
knucleotide.c:135: error: ‘g_str_hash’ undeclared (first use in this function)
knucleotide.c:135: error: ‘g_str_equal’ undeclared (first use in this function)
knucleotide.c:140: error: ‘ts’ undeclared (first use in this function)
knucleotide.c:140: error: ‘roots’ undeclared (first use in this function)
knucleotide.c:140: error: too many arguments to function ‘generate_frequencies’
knucleotide.c:144: warning: assignment makes pointer from integer without a cast
knucleotide.c:147: error: ‘stat_t’ has no member named ‘stat’
knucleotide.c: In function ‘main’:
knucleotide.c:157: error: ‘GTrashStack’ undeclared (first use in this function)
knucleotide.c:157: error: ‘ts’ undeclared (first use in this function)
knucleotide.c:158: error: ‘GPtrArray’ undeclared (first use in this function)
knucleotide.c:158: error: ‘roots’ undeclared (first use in this function)
knucleotide.c:159: error: ‘GString’ undeclared (first use in this function)
knucleotide.c:159: error: ‘stuff’ undeclared (first use in this function)
knucleotide.c:160: error: ‘gchar’ undeclared (first use in this function)
knucleotide.c:160: error: ‘s’ undeclared (first use in this function)
knucleotide.c:163: warning: implicit declaration of function ‘g_ptr_array_new’
knucleotide.c:170: warning: implicit declaration of function ‘g_string_new’
knucleotide.c:183: warning: implicit declaration of function ‘g_string_append_len’
knucleotide.c:186: warning: implicit declaration of function ‘g_string_ascii_up’
knucleotide.c:188: warning: implicit declaration of function ‘g_string_free’
knucleotide.c:188: error: ‘FALSE’ undeclared (first use in this function)
knucleotide.c:190: error: too many arguments to function ‘write_frequencies’
knucleotide.c:192: error: too many arguments to function ‘write_frequencies’
knucleotide.c:194: error: too many arguments to function ‘write_count’
knucleotide.c:195: error: too many arguments to function ‘write_count’
knucleotide.c:196: error: too many arguments to function ‘write_count’
knucleotide.c:197: error: too many arguments to function ‘write_count’
knucleotide.c:198: error: too many arguments to function ‘write_count’
knucleotide.c:202: warning: implicit declaration of function ‘g_ptr_array_foreach’
knucleotide.c:203: warning: implicit declaration of function ‘g_ptr_array_free’
knucleotide.c:203: error: ‘TRUE’ undeclared (first use in this function)
make: [knucleotide.gcc_run] Error 1 (ignored)
rm knucleotide.c
0.06s to complete and log all make actions

COMMAND LINE:
./knucleotide.gcc_run 0 < knucleotide-input250000.txt

MAKE ERROR 

