
Thu, 26 Feb 2009 02:49:42 GMT

MAKE:
/usr/bin/g++ -c -pipe -O3 -fomit-frame-pointer  meteor.c++ -o meteor.c++.o &&  \
        /usr/bin/g++ meteor.c++.o -o meteor.gpp_run  
meteor.c++:8:22: error: iostream.h: No such file or directory
meteor.c++:9:20: error: vector.h: No such file or directory
meteor.c++:11:17: error: set.h: No such file or directory
meteor.c++:77: warning: deprecated conversion from string constant to ‘char*’
meteor.c++:77: warning: deprecated conversion from string constant to ‘char*’
meteor.c++:77: warning: deprecated conversion from string constant to ‘char*’
meteor.c++:77: warning: deprecated conversion from string constant to ‘char*’
meteor.c++:77: warning: deprecated conversion from string constant to ‘char*’
meteor.c++:77: warning: deprecated conversion from string constant to ‘char*’
meteor.c++:97: warning: ‘typedef’ was ignored in this declaration
meteor.c++:173: warning: ‘typedef’ was ignored in this declaration
meteor.c++:182: warning: ‘typedef’ was ignored in this declaration
meteor.c++: In function ‘void print_mask(long long int)’:
meteor.c++:186: error: ‘cout’ was not declared in this scope
meteor.c++:188: error: ‘cout’ was not declared in this scope
meteor.c++:190: error: ‘cout’ was not declared in this scope
meteor.c++:192: error: ‘cout’ was not declared in this scope
meteor.c++: At global scope:
meteor.c++:212: error: ‘vector’ has not been declared
meteor.c++:212: error: expected ‘,’ or ‘...’ before ‘<’ token
meteor.c++:218: error: ‘vector’ has not been declared
meteor.c++:218: error: expected ‘,’ or ‘...’ before ‘<’ token
meteor.c++:227: error: ‘vector’ has not been declared
meteor.c++:227: error: expected ‘,’ or ‘...’ before ‘<’ token
meteor.c++:342: error: ‘vector’ has not been declared
meteor.c++:342: error: expected ‘,’ or ‘...’ before ‘<’ token
meteor.c++: In member function ‘void PieceData::transform(const int*, int)’:
meteor.c++:213: error: ‘list’ was not declared in this scope
meteor.c++: In member function ‘int PieceData::get_offset(int)’:
meteor.c++:220: error: ‘directions’ was not declared in this scope
meteor.c++: In member function ‘MaskData PieceData::mask_for_directions(int)’:
meteor.c++:231: error: ‘directions’ was not declared in this scope
meteor.c++:261: error: ‘cout’ was not declared in this scope
meteor.c++:274: error: ‘cout’ was not declared in this scope
meteor.c++: In member function ‘void PieceData::build_piece(int)’:
meteor.c++:343: error: ‘vector’ was not declared in this scope
meteor.c++:343: error: expected primary-expression before ‘>’ token
meteor.c++:343: error: ‘base_masks’ was not declared in this scope
meteor.c++:346: error: ‘directions’ was not declared in this scope
meteor.c++:349: error: ‘directions’ was not declared in this scope
meteor.c++: In constructor ‘PieceData::PieceData(int, int, int, int, int)’:
meteor.c++:380: error: ‘vector’ was not declared in this scope
meteor.c++:380: error: expected primary-expression before ‘int’
meteor.c++:380: error: expected `;' before ‘int’
meteor.c++:381: error: ‘directions’ was not declared in this scope
meteor.c++: In constructor ‘PieceData::PieceData(int, int, int, int, int, int)’:
meteor.c++:390: error: ‘vector’ was not declared in this scope
meteor.c++:390: error: expected primary-expression before ‘int’
meteor.c++:390: error: expected `;' before ‘int’
meteor.c++:391: error: ‘directions’ was not declared in this scope
meteor.c++: At global scope:
meteor.c++:409: error: expected constructor, destructor, or type conversion before ‘<’ token
meteor.c++:433: error: variable or field ‘print_board’ declared void
meteor.c++:433: error: ‘string’ was not declared in this scope
make: [meteor.gpp_run] Error 1 (ignored)
rm meteor.c++
0.10s to complete and log all make actions

COMMAND LINE:
./meteor.gpp_run 2098

MAKE ERROR 

