
Thu, 26 Feb 2009 03:00:35 GMT

MAKE:
/usr/local/src/ats-lang-anairiats-0.0.1/bin/atscc  -pipe -Wall -O3 -fomit-frame-pointer -ansi -pedantic -mfpmath=sse -msse3 nbody.dats -o nbody.ats-2.ats_run
/usr/local/src/ats-lang-anairiats-0.0.1/bin/atsopt --output nbody_dats.c --dynamic nbody.dats
GC initialization is done.
The 1st translation (fixity) of [nbody.dats] is successfully completed!
The 2nd translation (binding) of [nbody.dats] is successfully completed!
The 3rd translation (typechecking) of [nbody.dats] is successfully completed!
The 4th translation (proof erasure) of [nbody.dats] is successfully completed!
The 5th translation (code emission) of [nbody.dats] is successfully completed!
In file included from /usr/local/src/ats-lang-anairiats-0.0.1/ccomp/runtime/ats_exception.h:49,
                 from /usr/local/src/ats-lang-anairiats-0.0.1/ccomp/runtime/ats_prelude.c:43:
/usr/local/src/ats-lang-anairiats-0.0.1/ccomp/runtime/ats_types.h:76: warning: ISO C90 does not support ‘long long’
/usr/local/src/ats-lang-anairiats-0.0.1/ccomp/runtime/ats_types.h:77: warning: ISO C90 does not support ‘long long’
In file included from /usr/local/src/ats-lang-anairiats-0.0.1/ccomp/runtime/ats_prelude.c:43:
/usr/local/src/ats-lang-anairiats-0.0.1/ccomp/runtime/ats_exception.h:67: error: expected specifier-qualifier-list before ‘sigjmp_buf’
/usr/local/src/ats-lang-anairiats-0.0.1/ccomp/runtime/ats_exception.h:125: error: expected ‘=’, ‘,’, ‘;’, ‘asm’ or ‘__attribute__’ before ‘ats_void_type’
/usr/local/src/ats-lang-anairiats-0.0.1/ccomp/runtime/ats_exception.h:136: error: expected ‘=’, ‘,’, ‘;’, ‘asm’ or ‘__attribute__’ before ‘int’
/usr/local/src/ats-lang-anairiats-0.0.1/ccomp/runtime/ats_prelude.c:49: error: expected identifier or ‘(’ before ‘/’ token
/usr/local/src/ats-lang-anairiats-0.0.1/ccomp/runtime/ats_prelude.c:56: error: expected identifier or ‘(’ before ‘/’ token
/usr/local/src/ats-lang-anairiats-0.0.1/ccomp/runtime/ats_prelude.c:58: warning: ISO C does not allow extra ‘;’ outside of a function
/usr/local/src/ats-lang-anairiats-0.0.1/ccomp/runtime/ats_prelude.c:59: error: ‘AssertionExceptionCon’ undeclared here (not in a function)
/usr/local/src/ats-lang-anairiats-0.0.1/ccomp/runtime/ats_prelude.c:77: error: expected identifier or ‘(’ before ‘/’ token
/usr/local/src/ats-lang-anairiats-0.0.1/ccomp/runtime/ats_prelude.c: In function ‘ats_caseof_failure’:
/usr/local/src/ats-lang-anairiats-0.0.1/ccomp/runtime/ats_prelude.c:99: warning: implicit declaration of function ‘ats_exit_errmsg’
/usr/local/src/ats-lang-anairiats-0.0.1/ccomp/runtime/ats_prelude.c:113:16: warning: extra tokens at end of #ifdef directive
/usr/local/src/ats-lang-anairiats-0.0.1/ccomp/runtime/ats_prelude.c:115:19: error: operator '/' has no right operand
/usr/local/src/ats-lang-anairiats-0.0.1/ccomp/runtime/ats_prelude.c:117:16: error: operator '/' has no right operand
/usr/local/src/ats-lang-anairiats-0.0.1/ccomp/runtime/ats_prelude.c:119:19: error: operator '/' has no right operand
/usr/local/src/ats-lang-anairiats-0.0.1/ccomp/runtime/ats_prelude.c:121:7: warning: extra tokens at end of #else directive
In file included from /usr/local/src/ats-lang-anairiats-0.0.1/ccomp/runtime/ats_exception.h:49,
                 from nbody_dats.c:10:
/usr/local/src/ats-lang-anairiats-0.0.1/ccomp/runtime/ats_types.h:76: warning: ISO C90 does not support ‘long long’
/usr/local/src/ats-lang-anairiats-0.0.1/ccomp/runtime/ats_types.h:77: warning: ISO C90 does not support ‘long long’
In file included from nbody_dats.c:10:
/usr/local/src/ats-lang-anairiats-0.0.1/ccomp/runtime/ats_exception.h:67: error: expected specifier-qualifier-list before ‘sigjmp_buf’
/usr/local/src/ats-lang-anairiats-0.0.1/ccomp/runtime/ats_exception.h:125: error: expected ‘=’, ‘,’, ‘;’, ‘asm’ or ‘__attribute__’ before ‘ats_void_type’
/usr/local/src/ats-lang-anairiats-0.0.1/ccomp/runtime/ats_exception.h:136: error: expected ‘=’, ‘,’, ‘;’, ‘asm’ or ‘__attribute__’ before ‘int’
In file included from nbody_dats.c:15:
/usr/local/src/ats-lang-anairiats-0.0.1/prelude/CATS/array.cats:52: error: expected ‘=’, ‘,’, ‘;’, ‘asm’ or ‘__attribute__’ before ‘ats_ptr_type’
/usr/local/src/ats-lang-anairiats-0.0.1/prelude/CATS/array.cats:56: error: expected ‘=’, ‘,’, ‘;’, ‘asm’ or ‘__attribute__’ before ‘ats_ptr_type’
/usr/local/src/ats-lang-anairiats-0.0.1/prelude/CATS/array.cats:62: error: expected ‘=’, ‘,’, ‘;’, ‘asm’ or ‘__attribute__’ before ‘ats_ptr_type’
/usr/local/src/ats-lang-anairiats-0.0.1/prelude/CATS/array.cats:68: error: expected ‘=’, ‘,’, ‘;’, ‘asm’ or ‘__attribute__’ before ‘ats_void_type’
/usr/local/src/ats-lang-anairiats-0.0.1/prelude/CATS/array.cats:74: error: expected ‘=’, ‘,’, ‘;’, ‘asm’ or ‘__attribute__’ before ‘ats_ptr_type’
/usr/local/src/ats-lang-anairiats-0.0.1/prelude/CATS/array.cats:84: error: expected ‘=’, ‘,’, ‘;’, ‘asm’ or ‘__attribute__’ before ‘ats_void_type’
/usr/local/src/ats-lang-anairiats-0.0.1/prelude/CATS/array.cats:95: error: expected ‘=’, ‘,’, ‘;’, ‘asm’ or ‘__attribute__’ before ‘ats_void_type’
In file included from nbody_dats.c:16:
/usr/local/src/ats-lang-anairiats-0.0.1/prelude/CATS/basics.cats:48: error: expected ‘=’, ‘,’, ‘;’, ‘asm’ or ‘__attribute__’ before ‘ats_ptr_type’
/usr/local/src/ats-lang-anairiats-0.0.1/prelude/CATS/basics.cats:52: error: expected ‘=’, ‘,’, ‘;’, ‘asm’ or ‘__attribute__’ before ‘ats_ptr_type’
/usr/local/src/ats-lang-anairiats-0.0.1/prelude/CATS/basics.cats:58: error: expected ‘=’, ‘,’, ‘;’, ‘asm’ or ‘__attribute__’ before ‘ats_void_type’
/usr/local/src/ats-lang-anairiats-0.0.1/prelude/CATS/basics.cats:64: error: expected ‘=’, ‘,’, ‘;’, ‘asm’ or ‘__attribute__’ before ‘ats_void_type’
/usr/local/src/ats-lang-anairiats-0.0.1/prelude/CATS/basics.cats:72: error: expected ‘=’, ‘,’, ‘;’, ‘asm’ or ‘__attribute__’ before ‘ats_void_type’
/usr/local/src/ats-lang-anairiats-0.0.1/prelude/CATS/basics.cats:78: error: expected ‘=’, ‘,’, ‘;’, ‘asm’ or ‘__attribute__’ before ‘ats_ptr_type’
/usr/local/src/ats-lang-anairiats-0.0.1/prelude/CATS/basics.cats:97: error: expected identifier or ‘(’ before ‘/’ token
/usr/local/src/ats-lang-anairiats-0.0.1/prelude/CATS/basics.cats:101: error: expected ‘=’, ‘,’, ‘;’, ‘asm’ or ‘__attribute__’ before ‘ats_ptr_type’
/usr/local/src/ats-lang-anairiats-0.0.1/prelude/CATS/basics.cats:111: error: expected ‘=’, ‘,’, ‘;’, ‘asm’ or ‘__attribute__’ before ‘ats_void_type’
/usr/local/src/ats-lang-anairiats-0.0.1/prelude/CATS/basics.cats:121: error: expected ‘=’, ‘,’, ‘;’, ‘asm’ or ‘__attribute__’ before ‘ats_void_type’
/usr/local/src/ats-lang-anairiats-0.0.1/prelude/CATS/basics.cats:131: error: expected ‘=’, ‘,’, ‘;’, ‘asm’ or ‘__attribute__’ before ‘ats_bool_type’
/usr/local/src/ats-lang-anairiats-0.0.1/prelude/CATS/basics.cats:140: error: expected ‘=’, ‘,’, ‘;’, ‘asm’ or ‘__attribute__’ before ‘ats_bool_type’
/usr/local/src/ats-lang-anairiats-0.0.1/prelude/CATS/basics.cats:150: error: expected identifier or ‘(’ before ‘/’ token
/usr/local/src/ats-lang-anairiats-0.0.1/prelude/CATS/basics.cats:154: error: expected ‘=’, ‘,’, ‘;’, ‘asm’ or ‘__attribute__’ before ‘ats_ptr_type’
/usr/local/src/ats-lang-anairiats-0.0.1/prelude/CATS/basics.cats:164: error: expected ‘=’, ‘,’, ‘;’, ‘asm’ or ‘__attribute__’ before ‘ats_void_type’
/usr/local/src/ats-lang-anairiats-0.0.1/prelude/CATS/basics.cats:174: error: expected ‘=’, ‘,’, ‘;’, ‘asm’ or ‘__attribute__’ before ‘ats_void_type’
/usr/local/src/ats-lang-anairiats-0.0.1/prelude/CATS/basics.cats:184: error: expected ‘=’, ‘,’, ‘;’, ‘asm’ or ‘__attribute__’ before ‘ats_bool_type’
/usr/local/src/ats-lang-anairiats-0.0.1/prelude/CATS/basics.cats:193: error: expected ‘=’, ‘,’, ‘;’, ‘asm’ or ‘__attribute__’ before ‘ats_bool_type’
/usr/local/src/ats-lang-anairiats-0.0.1/prelude/CATS/basics.cats:203: error: expected identifier or ‘(’ before ‘/’ token
/usr/local/src/ats-lang-anairiats-0.0.1/prelude/CATS/basics.cats:207: error: expected ‘=’, ‘,’, ‘;’, ‘asm’ or ‘__attribute__’ before ‘ats_ptr_type’
/usr/local/src/ats-lang-anairiats-0.0.1/prelude/CATS/basics.cats:217: error: expected ‘=’, ‘,’, ‘;’, ‘asm’ or ‘__attribute__’ before ‘ats_void_type’
/usr/local/src/ats-lang-anairiats-0.0.1/prelude/CATS/basics.cats:227: error: expected ‘=’, ‘,’, ‘;’, ‘asm’ or ‘__attribute__’ before ‘ats_void_type’
/usr/local/src/ats-lang-anairiats-0.0.1/prelude/CATS/basics.cats:237: error: expected ‘=’, ‘,’, ‘;’, ‘asm’ or ‘__attribute__’ before ‘ats_bool_type’
/usr/local/src/ats-lang-anairiats-0.0.1/prelude/CATS/basics.cats:246: error: expected ‘=’, ‘,’, ‘;’, ‘asm’ or ‘__attribute__’ before ‘ats_bool_type’
/usr/local/src/ats-lang-anairiats-0.0.1/prelude/CATS/basics.cats:256: error: expected identifier or ‘(’ before ‘/’ token
/usr/local/src/ats-lang-anairiats-0.0.1/prelude/CATS/basics.cats:277: error: expected ‘=’, ‘,’, ‘;’, ‘asm’ or ‘__attribute__’ before ‘ats_void_type’
/usr/local/src/ats-lang-anairiats-0.0.1/prelude/CATS/basics.cats:286: error: expected ‘=’, ‘,’, ‘;’, ‘asm’ or ‘__attribute__’ before ‘ats_void_type’
In file included from nbody_dats.c:17:
/usr/local/src/ats-lang-anairiats-0.0.1/prelude/CATS/bool.cats:48: error: expected ‘=’, ‘,’, ‘;’, ‘asm’ or ‘__attribute__’ before ‘ats_bool_type’
/usr/local/src/ats-lang-anairiats-0.0.1/prelude/CATS/bool.cats:54: error: expected ‘=’, ‘,’, ‘;’, ‘asm’ or ‘__attribute__’ before ‘ats_bool_type’
/usr/local/src/ats-lang-anairiats-0.0.1/prelude/CATS/bool.cats:62: error: expected ‘=’, ‘,’, ‘;’, ‘asm’ or ‘__attribute__’ before ‘ats_bool_type’
/usr/local/src/ats-lang-anairiats-0.0.1/prelude/CATS/bool.cats:69: error: expected ‘=’, ‘,’, ‘;’, ‘asm’ or ‘__attribute__’ before ‘ats_bool_type’
/usr/local/src/ats-lang-anairiats-0.0.1/prelude/CATS/bool.cats:78: error: expected ‘=’, ‘,’, ‘;’, ‘asm’ or ‘__attribute__’ before ‘ats_bool_type’
/usr/local/src/ats-lang-anairiats-0.0.1/prelude/CATS/bool.cats:85: error: expected ‘=’, ‘,’, ‘;’, ‘asm’ or ‘__attribute__’ before ‘ats_bool_type’
/usr/local/src/ats-lang-anairiats-0.0.1/prelude/CATS/bool.cats:92: error: expected ‘=’, ‘,’, ‘;’, ‘asm’ or ‘__attribute__’ before ‘ats_bool_type’
/usr/local/src/ats-lang-anairiats-0.0.1/prelude/CATS/bool.cats:99: error: expected ‘=’, ‘,’, ‘;’, ‘asm’ or ‘__attribute__’ before ‘ats_bool_type’
/usr/local/src/ats-lang-anairiats-0.0.1/prelude/CATS/bool.cats:106: error: expected ‘=’, ‘,’, ‘;’, ‘asm’ or ‘__attribute__’ before ‘ats_bool_type’
/usr/local/src/ats-lang-anairiats-0.0.1/prelude/CATS/bool.cats:113: error: expected ‘=’, ‘,’, ‘;’, ‘asm’ or ‘__attribute__’ before ‘ats_bool_type’
/usr/local/src/ats-lang-anairiats-0.0.1/prelude/CATS/bool.cats:119: error: expected identifier or ‘(’ before ‘/’ token
/usr/local/src/ats-lang-anairiats-0.0.1/prelude/CATS/bool.cats:140: error: expected ‘=’, ‘,’, ‘;’, ‘asm’ or ‘__attribute__’ before ‘ats_void_type’
/usr/local/src/ats-lang-anairiats-0.0.1/prelude/CATS/bool.cats:149: error: expected ‘=’, ‘,’, ‘;’, ‘asm’ or ‘__attribute__’ before ‘ats_void_type’
/usr/local/src/ats-lang-anairiats-0.0.1/prelude/CATS/bool.cats:157: error: expected identifier or ‘(’ before ‘/’ token
In file included from nbody_dats.c:18:
/usr/local/src/ats-lang-anairiats-0.0.1/prelude/CATS/byte.cats:53: error: expected ‘=’, ‘,’, ‘;’, ‘asm’ or ‘__attribute__’ before ‘ats_byte_type’
/usr/local/src/ats-lang-anairiats-0.0.1/prelude/CATS/byte.cats:57: error: expected ‘=’, ‘,’, ‘;’, ‘asm’ or ‘__attribute__’ before ‘ats_char_type’
/usr/local/src/ats-lang-anairiats-0.0.1/prelude/CATS/byte.cats:61: error: expected ‘=’, ‘,’, ‘;’, ‘asm’ or ‘__attribute__’ before ‘ats_byte_type’
/usr/local/src/ats-lang-anairiats-0.0.1/prelude/CATS/byte.cats:65: error: expected ‘=’, ‘,’, ‘;’, ‘asm’ or ‘__attribute__’ before ‘ats_int_type’
/usr/local/src/ats-lang-anairiats-0.0.1/prelude/CATS/byte.cats:70: error: expected identifier or ‘(’ before ‘/’ token
/usr/local/src/ats-lang-anairiats-0.0.1/prelude/CATS/byte.cats:77: error: expected ‘=’, ‘,’, ‘;’, ‘asm’ or ‘__attribute__’ before ‘ats_byte_type’
/usr/local/src/ats-lang-anairiats-0.0.1/prelude/CATS/byte.cats:81: error: expected ‘=’, ‘,’, ‘;’, ‘asm’ or ‘__attribute__’ before ‘ats_byte_type’
/usr/local/src/ats-lang-anairiats-0.0.1/prelude/CATS/byte.cats:87: error: expected ‘=’, ‘,’, ‘;’, ‘asm’ or ‘__attribute__’ before ‘ats_byte_type’
/usr/local/src/ats-lang-anairiats-0.0.1/prelude/CATS/byte.cats:93: error: expected ‘=’, ‘,’, ‘;’, ‘asm’ or ‘__attribute__’ before ‘ats_byte_type’
/usr/local/src/ats-lang-anairiats-0.0.1/prelude/CATS/byte.cats:99: error: expected ‘=’, ‘,’, ‘;’, ‘asm’ or ‘__attribute__’ before ‘ats_byte_type’
/usr/local/src/ats-lang-anairiats-0.0.1/prelude/CATS/byte.cats:107: error: expected ‘=’, ‘,’, ‘;’, ‘asm’ or ‘__attribute__’ before ‘ats_bool_type’
/usr/local/src/ats-lang-anairiats-0.0.1/prelude/CATS/byte.cats:113: error: expected ‘=’, ‘,’, ‘;’, ‘asm’ or ‘__attribute__’ before ‘ats_bool_type’
/usr/local/src/ats-lang-anairiats-0.0.1/prelude/CATS/byte.cats:119: error: expected ‘=’, ‘,’, ‘;’, ‘asm’ or ‘__attribute__’ before ‘ats_bool_type’
/usr/local/src/ats-lang-anairiats-0.0.1/prelude/CATS/byte.cats:125: error: expected ‘=’, ‘,’, ‘;’, ‘asm’ or ‘__attribute__’ before ‘ats_bool_type’
/usr/local/src/ats-lang-anairiats-0.0.1/prelude/CATS/byte.cats:131: error: expected ‘=’, ‘,’, ‘;’, ‘asm’ or ‘__attribute__’ before ‘ats_bool_type’
/usr/local/src/ats-lang-anairiats-0.0.1/prelude/CATS/byte.cats:137: error: expected ‘=’, ‘,’, ‘;’, ‘asm’ or ‘__attribute__’ before ‘ats_bool_type’
/usr/local/src/ats-lang-anairiats-0.0.1/prelude/CATS/byte.cats:142: error: expected identifier or ‘(’ before ‘/’ token
/usr/local/src/ats-lang-anairiats-0.0.1/prelude/CATS/byte.cats:149: error: expected ‘=’, ‘,’, ‘;’, ‘asm’ or ‘__attribute__’ before ‘ats_byte_type’
/usr/local/src/ats-lang-anairiats-0.0.1/prelude/CATS/byte.cats:155: error: expected ‘=’, ‘,’, ‘;’, ‘asm’ or ‘__attribute__’ before ‘ats_byte_type’
/usr/local/src/ats-lang-anairiats-0.0.1/prelude/CATS/byte.cats:161: error: expected ‘=’, ‘,’, ‘;’, ‘asm’ or ‘__attribute__’ before ‘ats_byte_type’
/usr/local/src/ats-lang-anairiats-0.0.1/prelude/CATS/byte.cats:167: error: expected ‘=’, ‘,’, ‘;’, ‘asm’ or ‘__attribute__’ before ‘ats_byte_type’
/usr/local/src/ats-lang-anairiats-0.0.1/prelude/CATS/byte.cats:173: error: expected ‘=’, ‘,’, ‘;’, ‘asm’ or ‘__attribute__’ before ‘ats_byte_type’
/usr/local/src/ats-lang-anairiats-0.0.1/prelude/CATS/byte.cats:178: error: expected identifier or ‘(’ before ‘/’ token
/usr/local/src/ats-lang-anairiats-0.0.1/prelude/CATS/byte.cats:191: error: expected ‘=’, ‘,’, ‘;’, ‘asm’ or ‘__attribute__’ before ‘ats_void_type’
/usr/local/src/ats-lang-anairiats-0.0.1/prelude/CATS/byte.cats:200: error: expected ‘=’, ‘,’, ‘;’, ‘asm’ or ‘__attribute__’ before ‘ats_void_type’
In file included from nbody_dats.c:19:
/usr/local/src/ats-lang-anairiats-0.0.1/prelude/CATS/char.cats:53: error: expected ‘=’, ‘,’, ‘;’, ‘asm’ or ‘__attribute__’ before ‘ats_char_type’
/usr/local/src/ats-lang-anairiats-0.0.1/prelude/CATS/char.cats:57: error: expected ‘=’, ‘,’, ‘;’, ‘asm’ or ‘__attribute__’ before ‘ats_char_type’
/usr/local/src/ats-lang-anairiats-0.0.1/prelude/CATS/char.cats:63: error: expected ‘=’, ‘,’, ‘;’, ‘asm’ or ‘__attribute__’ before ‘ats_char_type’
/usr/local/src/ats-lang-anairiats-0.0.1/prelude/CATS/char.cats:69: error: expected ‘=’, ‘,’, ‘;’, ‘asm’ or ‘__attribute__’ before ‘ats_int_type’
/usr/local/src/ats-lang-anairiats-0.0.1/prelude/CATS/char.cats:77: error: expected ‘=’, ‘,’, ‘;’, ‘asm’ or ‘__attribute__’ before ‘ats_bool_type’
/usr/local/src/ats-lang-anairiats-0.0.1/prelude/CATS/char.cats:83: error: expected ‘=’, ‘,’, ‘;’, ‘asm’ or ‘__attribute__’ before ‘ats_bool_type’
/usr/local/src/ats-lang-anairiats-0.0.1/prelude/CATS/char.cats:89: error: expected ‘=’, ‘,’, ‘;’, ‘asm’ or ‘__attribute__’ before ‘ats_bool_type’
/usr/local/src/ats-lang-anairiats-0.0.1/prelude/CATS/char.cats:95: error: expected ‘=’, ‘,’, ‘;’, ‘asm’ or ‘__attribute__’ before ‘ats_bool_type’
/usr/local/src/ats-lang-anairiats-0.0.1/prelude/CATS/char.cats:101: error: expected ‘=’, ‘,’, ‘;’, ‘asm’ or ‘__attribute__’ before ‘ats_bool_type’
/usr/local/src/ats-lang-anairiats-0.0.1/prelude/CATS/char.cats:107: error: expected ‘=’, ‘,’, ‘;’, ‘asm’ or ‘__attribute__’ before ‘ats_bool_type’
/usr/local/src/ats-lang-anairiats-0.0.1/prelude/CATS/char.cats:112: error: expected identifier or ‘(’ before ‘/’ token
/usr/local/src/ats-lang-anairiats-0.0.1/prelude/CATS/char.cats:125: error: expected ‘=’, ‘,’, ‘;’, ‘asm’ or ‘__attribute__’ before ‘ats_void_type’
/usr/local/src/ats-lang-anairiats-0.0.1/prelude/CATS/char.cats:134: error: expected ‘=’, ‘,’, ‘;’, ‘asm’ or ‘__attribute__’ before ‘ats_void_type’
/usr/local/src/ats-lang-anairiats-0.0.1/prelude/CATS/char.cats:142: error: expected identifier or ‘(’ before ‘/’ token
/usr/local/src/ats-lang-anairiats-0.0.1/prelude/CATS/char.cats:165: error: expected ‘=’, ‘,’, ‘;’, ‘asm’ or ‘__attribute__’ before ‘ats_bool_type’
/usr/local/src/ats-lang-anairiats-0.0.1/prelude/CATS/char.cats:171: error: expected ‘=’, ‘,’, ‘;’, ‘asm’ or ‘__attribute__’ before ‘ats_bool_type’
/usr/local/src/ats-lang-anairiats-0.0.1/prelude/CATS/char.cats:177: error: expected ‘=’, ‘,’, ‘;’, ‘asm’ or ‘__attribute__’ before ‘ats_bool_type’
/usr/local/src/ats-lang-anairiats-0.0.1/prelude/CATS/char.cats:183: error: expected ‘=’, ‘,’, ‘;’, ‘asm’ or ‘__attribute__’ before ‘ats_bool_type’
/usr/local/src/ats-lang-anairiats-0.0.1/prelude/CATS/char.cats:189: error: expected ‘=’, ‘,’, ‘;’, ‘asm’ or ‘__attribute__’ before ‘ats_bool_type’
/usr/local/src/ats-lang-anairiats-0.0.1/prelude/CATS/char.cats:195: error: expected ‘=’, ‘,’, ‘;’, ‘asm’ or ‘__attribute__’ before ‘ats_bool_type’
/usr/local/src/ats-lang-anairiats-0.0.1/prelude/CATS/char.cats:201: error: expected ‘=’, ‘,’, ‘;’, ‘asm’ or ‘__attribute__’ before ‘ats_bool_type’
/usr/local/src/ats-lang-anairiats-0.0.1/prelude/CATS/char.cats:207: error: expected ‘=’, ‘,’, ‘;’, ‘asm’ or ‘__attribute__’ before ‘ats_bool_type’
/usr/local/src/ats-lang-anairiats-0.0.1/prelude/CATS/char.cats:213: error: expected ‘=’, ‘,’, ‘;’, ‘asm’ or ‘__attribute__’ before ‘ats_bool_type’
/usr/local/src/ats-lang-anairiats-0.0.1/prelude/CATS/char.cats:219: error: expected ‘=’, ‘,’, ‘;’, ‘asm’ or ‘__attribute__’ before ‘ats_bool_type’
/usr/local/src/ats-lang-anairiats-0.0.1/prelude/CATS/char.cats:225: error: expected ‘=’, ‘,’, ‘;’, ‘asm’ or ‘__attribute__’ before ‘ats_bool_type’
/usr/local/src/ats-lang-anairiats-0.0.1/prelude/CATS/char.cats:231: error: expected ‘=’, ‘,’, ‘;’, ‘asm’ or ‘__attribute__’ before ‘ats_bool_type’
/usr/local/src/ats-lang-anairiats-0.0.1/prelude/CATS/char.cats:237: error: expected ‘=’, ‘,’, ‘;’, ‘asm’ or ‘__attribute__’ before ‘ats_bool_type’
/usr/local/src/ats-lang-anairiats-0.0.1/prelude/CATS/char.cats:245: error: expected ‘=’, ‘,’, ‘;’, ‘asm’ or ‘__attribute__’ before ‘ats_char_type’
/usr/local/src/ats-lang-anairiats-0.0.1/prelude/CATS/char.cats:251: error: expected ‘=’, ‘,’, ‘;’, ‘asm’ or ‘__attribute__’ before ‘ats_char_type’
In file included from nbody_dats.c:20:
/usr/local/src/ats-lang-anairiats-0.0.1/prelude/CATS/float.cats:60: error: expected ‘=’, ‘,’, ‘;’, ‘asm’ or ‘__attribute__’ before ‘ats_float_type’
/usr/local/src/ats-lang-anairiats-0.0.1/prelude/CATS/float.cats:66: error: expected ‘=’, ‘,’, ‘;’, ‘asm’ or ‘__attribute__’ before ‘ats_float_type’
/usr/local/src/ats-lang-anairiats-0.0.1/prelude/CATS/float.cats:72: error: expected ‘=’, ‘,’, ‘;’, ‘asm’ or ‘__attribute__’ before ‘ats_float_type’
/usr/local/src/ats-lang-anairiats-0.0.1/prelude/CATS/float.cats:77: error: expected identifier or ‘(’ before ‘/’ token
/usr/local/src/ats-lang-anairiats-0.0.1/prelude/CATS/float.cats:86: error: expected ‘=’, ‘,’, ‘;’, ‘asm’ or ‘__attribute__’ before ‘ats_float_type’
/usr/local/src/ats-lang-anairiats-0.0.1/prelude/CATS/float.cats:92: error: expected ‘=’, ‘,’, ‘;’, ‘asm’ or ‘__attribute__’ before ‘ats_float_type’
/usr/local/src/ats-lang-anairiats-0.0.1/prelude/CATS/float.cats:98: error: expected ‘=’, ‘,’, ‘;’, ‘asm’ or ‘__attribute__’ before ‘ats_float_type’
/usr/local/src/ats-lang-anairiats-0.0.1/prelude/CATS/float.cats:104: error: expected ‘=’, ‘,’, ‘;’, ‘asm’ or ‘__attribute__’ before ‘ats_float_type’
/usr/local/src/ats-lang-anairiats-0.0.1/prelude/CATS/float.cats:111: error: expected ‘=’, ‘,’, ‘;’, ‘asm’ or ‘__attribute__’ before ‘ats_float_type’
/usr/local/src/ats-lang-anairiats-0.0.1/prelude/CATS/float.cats:117: error: expected identifier or ‘(’ before ‘/’ token
/usr/local/src/ats-lang-anairiats-0.0.1/prelude/CATS/float.cats:127: error: expected ‘=’, ‘,’, ‘;’, ‘asm’ or ‘__attribute__’ before ‘ats_float_type’
/usr/local/src/ats-lang-anairiats-0.0.1/prelude/CATS/float.cats:133: error: expected identifier or ‘(’ before ‘/’ token
/usr/local/src/ats-lang-anairiats-0.0.1/prelude/CATS/float.cats:143: error: expected ‘=’, ‘,’, ‘;’, ‘asm’ or ‘__attribute__’ before ‘ats_float_type’
/usr/local/src/ats-lang-anairiats-0.0.1/prelude/CATS/float.cats:149: error: expected identifier or ‘(’ before ‘/’ token
/usr/local/src/ats-lang-anairiats-0.0.1/prelude/CATS/float.cats:159: error: expected ‘=’, ‘,’, ‘;’, ‘asm’ or ‘__attribute__’ before ‘ats_bool_type’
/usr/local/src/ats-lang-anairiats-0.0.1/prelude/CATS/float.cats:166: error: expected ‘=’, ‘,’, ‘;’, ‘asm’ or ‘__attribute__’ before ‘ats_bool_type’
/usr/local/src/ats-lang-anairiats-0.0.1/prelude/CATS/float.cats:173: error: expected ‘=’, ‘,’, ‘;’, ‘asm’ or ‘__attribute__’ before ‘ats_bool_type’
/usr/local/src/ats-lang-anairiats-0.0.1/prelude/CATS/float.cats:180: error: expected ‘=’, ‘,’, ‘;’, ‘asm’ or ‘__attribute__’ before ‘ats_bool_type’
/usr/local/src/ats-lang-anairiats-0.0.1/prelude/CATS/float.cats:187: error: expected ‘=’, ‘,’, ‘;’, ‘asm’ or ‘__attribute__’ before ‘ats_bool_type’
/usr/local/src/ats-lang-anairiats-0.0.1/prelude/CATS/float.cats:193: error: expected identifier or ‘(’ before ‘/’ token
/usr/local/src/ats-lang-anairiats-0.0.1/prelude/CATS/float.cats:205: error: expected ‘=’, ‘,’, ‘;’, ‘asm’ or ‘__attribute__’ before ‘ats_float_type’
/usr/local/src/ats-lang-anairiats-0.0.1/prelude/CATS/float.cats:212: error: expected ‘=’, ‘,’, ‘;’, ‘asm’ or ‘__attribute__’ before ‘ats_float_type’
/usr/local/src/ats-lang-anairiats-0.0.1/prelude/CATS/float.cats:218: error: expected identifier or ‘(’ before ‘/’ token
/usr/local/src/ats-lang-anairiats-0.0.1/prelude/CATS/float.cats:226: error: expected identifier or ‘(’ before ‘/’ token
/usr/local/src/ats-lang-anairiats-0.0.1/prelude/CATS/float.cats:239: error: expected ‘=’, ‘,’, ‘;’, ‘asm’ or ‘__attribute__’ before ‘ats_void_type’
/usr/local/src/ats-lang-anairiats-0.0.1/prelude/CATS/float.cats:248: error: expected ‘=’, ‘,’, ‘;’, ‘asm’ or ‘__attribute__’ before ‘ats_void_type’
/usr/local/src/ats-lang-anairiats-0.0.1/prelude/CATS/float.cats:256: error: expected identifier or ‘(’ before ‘/’ token
/usr/local/src/ats-lang-anairiats-0.0.1/prelude/CATS/float.cats:271: error: expected ‘=’, ‘,’, ‘;’, ‘asm’ or ‘__attribute__’ before ‘ats_double_type’
/usr/local/src/ats-lang-anairiats-0.0.1/prelude/CATS/float.cats:277: error: expected ‘=’, ‘,’, ‘;’, ‘asm’ or ‘__attribute__’ before ‘ats_double_type’
/usr/local/src/ats-lang-anairiats-0.0.1/prelude/CATS/float.cats:283: error: expected ‘=’, ‘,’, ‘;’, ‘asm’ or ‘__attribute__’ before ‘ats_double_type’
/usr/local/src/ats-lang-anairiats-0.0.1/prelude/CATS/float.cats:288: error: expected identifier or ‘(’ before ‘/’ token
/usr/local/src/ats-lang-anairiats-0.0.1/prelude/CATS/float.cats:297: error: expected ‘=’, ‘,’, ‘;’, ‘asm’ or ‘__attribute__’ before ‘ats_double_type’
/usr/local/src/ats-lang-anairiats-0.0.1/prelude/CATS/float.cats:303: error: expected ‘=’, ‘,’, ‘;’, ‘asm’ or ‘__attribute__’ before ‘ats_double_type’
/usr/local/src/ats-lang-anairiats-0.0.1/prelude/CATS/float.cats:309: error: expected ‘=’, ‘,’, ‘;’, ‘asm’ or ‘__attribute__’ before ‘ats_double_type’
/usr/local/src/ats-lang-anairiats-0.0.1/prelude/CATS/float.cats:315: error: expected ‘=’, ‘,’, ‘;’, ‘asm’ or ‘__attribute__’ before ‘ats_double_type’
/usr/local/src/ats-lang-anairiats-0.0.1/prelude/CATS/float.cats:322: error: expected ‘=’, ‘,’, ‘;’, ‘asm’ or ‘__attribute__’ before ‘ats_double_type’
/usr/local/src/ats-lang-anairiats-0.0.1/prelude/CATS/float.cats:328: error: expected identifier or ‘(’ before ‘/’ token
/usr/local/src/ats-lang-anairiats-0.0.1/prelude/CATS/float.cats:338: error: expected ‘=’, ‘,’, ‘;’, ‘asm’ or ‘__attribute__’ before ‘ats_double_type’
/usr/local/src/ats-lang-anairiats-0.0.1/prelude/CATS/float.cats:344: error: expected identifier or ‘(’ before ‘/’ token
/usr/local/src/ats-lang-anairiats-0.0.1/prelude/CATS/float.cats:354: error: expected ‘=’, ‘,’, ‘;’, ‘asm’ or ‘__attribute__’ before ‘ats_double_type’
/usr/local/src/ats-lang-anairiats-0.0.1/prelude/CATS/float.cats:360: error: expected identifier or ‘(’ before ‘/’ token
/usr/local/src/ats-lang-anairiats-0.0.1/prelude/CATS/float.cats:370: error: expected ‘=’, ‘,’, ‘;’, ‘asm’ or ‘__attribute__’ before ‘ats_bool_type’
/usr/local/src/ats-lang-anairiats-0.0.1/prelude/CATS/float.cats:377: error: expected ‘=’, ‘,’, ‘;’, ‘asm’ or ‘__attribute__’ before ‘ats_bool_type’
/usr/local/src/ats-lang-anairiats-0.0.1/prelude/CATS/float.cats:384: error: expected ‘=’, ‘,’, ‘;’, ‘asm’ or ‘__attribute__’ before ‘ats_bool_type’
/usr/local/src/ats-lang-anairiats-0.0.1/prelude/CATS/float.cats:391: error: expected ‘=’, ‘,’, ‘;’, ‘asm’ or ‘__attribute__’ before ‘ats_bool_type’
/usr/local/src/ats-lang-anairiats-0.0.1/prelude/CATS/float.cats:398: error: expected ‘=’, ‘,’, ‘;’, ‘asm’ or ‘__attribute__’ before ‘ats_bool_type’
/usr/local/src/ats-lang-anairiats-0.0.1/prelude/CATS/float.cats:404: error: expected identifier or ‘(’ before ‘/’ token
/usr/local/src/ats-lang-anairiats-0.0.1/prelude/CATS/float.cats:416: error: expected ‘=’, ‘,’, ‘;’, ‘asm’ or ‘__attribute__’ before ‘ats_double_type’
/usr/local/src/ats-lang-anairiats-0.0.1/prelude/CATS/float.cats:423: error: expected ‘=’, ‘,’, ‘;’, ‘asm’ or ‘__attribute__’ before ‘ats_double_type’
/usr/local/src/ats-lang-anairiats-0.0.1/prelude/CATS/float.cats:429: error: expected identifier or ‘(’ before ‘/’ token
/usr/local/src/ats-lang-anairiats-0.0.1/prelude/CATS/float.cats:437: error: expected identifier or ‘(’ before ‘/’ token
/usr/local/src/ats-lang-anairiats-0.0.1/prelude/CATS/float.cats:451: error: expected ‘=’, ‘,’, ‘;’, ‘asm’ or ‘__attribute__’ before ‘ats_void_type’
/usr/local/src/ats-lang-anairiats-0.0.1/prelude/CATS/float.cats:460: error: expected ‘=’, ‘,’, ‘;’, ‘asm’ or ‘__attribute__’ before ‘ats_void_type’
/usr/local/src/ats-lang-anairiats-0.0.1/prelude/CATS/float.cats:468: error: expected identifier or ‘(’ before ‘/’ token
/usr/local/src/ats-lang-anairiats-0.0.1/prelude/CATS/float.cats:483: error: expected ‘=’, ‘,’, ‘;’, ‘asm’ or ‘__attribute__’ before ‘ats_ldouble_type’
/usr/local/src/ats-lang-anairiats-0.0.1/prelude/CATS/float.cats:489: error: expected ‘=’, ‘,’, ‘;’, ‘asm’ or ‘__attribute__’ before ‘ats_ldouble_type’
/usr/local/src/ats-lang-anairiats-0.0.1/prelude/CATS/float.cats:494: error: expected identifier or ‘(’ before ‘/’ token
/usr/local/src/ats-lang-anairiats-0.0.1/prelude/CATS/float.cats:503: error: expected ‘=’, ‘,’, ‘;’, ‘asm’ or ‘__attribute__’ before ‘ats_ldouble_type’
/usr/local/src/ats-lang-anairiats-0.0.1/prelude/CATS/float.cats:509: error: expected ‘=’, ‘,’, ‘;’, ‘asm’ or ‘__attribute__’ before ‘ats_ldouble_type’
/usr/local/src/ats-lang-anairiats-0.0.1/prelude/CATS/float.cats:515: error: expected ‘=’, ‘,’, ‘;’, ‘asm’ or ‘__attribute__’ before ‘ats_ldouble_type’
/usr/local/src/ats-lang-anairiats-0.0.1/prelude/CATS/float.cats:521: error: expected ‘=’, ‘,’, ‘;’, ‘asm’ or ‘__attribute__’ before ‘ats_ldouble_type’
/usr/local/src/ats-lang-anairiats-0.0.1/prelude/CATS/float.cats:528: error: expected ‘=’, ‘,’, ‘;’, ‘asm’ or ‘__attribute__’ before ‘ats_ldouble_type’
/usr/local/src/ats-lang-anairiats-0.0.1/prelude/CATS/float.cats:534: error: expected identifier or ‘(’ before ‘/’ token
/usr/local/src/ats-lang-anairiats-0.0.1/prelude/CATS/float.cats:544: error: expected ‘=’, ‘,’, ‘;’, ‘asm’ or ‘__attribute__’ before ‘ats_ldouble_type’
/usr/local/src/ats-lang-anairiats-0.0.1/prelude/CATS/float.cats:550: error: expected identifier or ‘(’ before ‘/’ token
/usr/local/src/ats-lang-anairiats-0.0.1/prelude/CATS/float.cats:560: error: expected ‘=’, ‘,’, ‘;’, ‘asm’ or ‘__attribute__’ before ‘ats_ldouble_type’
/usr/local/src/ats-lang-anairiats-0.0.1/prelude/CATS/float.cats:566: error: expected identifier or ‘(’ before ‘/’ token
/usr/local/src/ats-lang-anairiats-0.0.1/prelude/CATS/float.cats:576: error: expected ‘=’, ‘,’, ‘;’, ‘asm’ or ‘__attribute__’ before ‘ats_bool_type’
/usr/local/src/ats-lang-anairiats-0.0.1/prelude/CATS/float.cats:583: error: expected ‘=’, ‘,’, ‘;’, ‘asm’ or ‘__attribute__’ before ‘ats_bool_type’
/usr/local/src/ats-lang-anairiats-0.0.1/prelude/CATS/float.cats:590: error: expected ‘=’, ‘,’, ‘;’, ‘asm’ or ‘__attribute__’ before ‘ats_bool_type’
/usr/local/src/ats-lang-anairiats-0.0.1/prelude/CATS/float.cats:597: error: expected ‘=’, ‘,’, ‘;’, ‘asm’ or ‘__attribute__’ before ‘ats_bool_type’
/usr/local/src/ats-lang-anairiats-0.0.1/prelude/CATS/float.cats:604: error: expected ‘=’, ‘,’, ‘;’, ‘asm’ or ‘__attribute__’ before ‘ats_bool_type’
/usr/local/src/ats-lang-anairiats-0.0.1/prelude/CATS/float.cats:610: error: expected identifier or ‘(’ before ‘/’ token
/usr/local/src/ats-lang-anairiats-0.0.1/prelude/CATS/float.cats:622: error: expected ‘=’, ‘,’, ‘;’, ‘asm’ or ‘__attribute__’ before ‘ats_ldouble_type’
/usr/local/src/ats-lang-anairiats-0.0.1/prelude/CATS/float.cats:629: error: expected ‘=’, ‘,’, ‘;’, ‘asm’ or ‘__attribute__’ before ‘ats_ldouble_type’
/usr/local/src/ats-lang-anairiats-0.0.1/prelude/CATS/float.cats:635: error: expected identifier or ‘(’ before ‘/’ token
/usr/local/src/ats-lang-anairiats-0.0.1/prelude/CATS/float.cats:643: error: expected identifier or ‘(’ before ‘/’ token
/usr/local/src/ats-lang-anairiats-0.0.1/prelude/CATS/float.cats:657: error: expected ‘=’, ‘,’, ‘;’, ‘asm’ or ‘__attribute__’ before ‘ats_void_type’
/usr/local/src/ats-lang-anairiats-0.0.1/prelude/CATS/float.cats:666: error: expected ‘=’, ‘,’, ‘;’, ‘asm’ or ‘__attribute__’ before ‘ats_void_type’
/usr/local/src/ats-lang-anairiats-0.0.1/prelude/CATS/float.cats:674: error: expected identifier or ‘(’ before ‘/’ token
In file included from nbody_dats.c:21:
/usr/local/src/ats-lang-anairiats-0.0.1/prelude/CATS/integer.cats:57: error: expected ‘=’, ‘,’, ‘;’, ‘asm’ or ‘__attribute__’ before ‘ats_int_type’
/usr/local/src/ats-lang-anairiats-0.0.1/prelude/CATS/integer.cats:63: error: expected ‘=’, ‘,’, ‘;’, ‘asm’ or ‘__attribute__’ before ‘ats_int_type’
/usr/local/src/ats-lang-anairiats-0.0.1/prelude/CATS/integer.cats:69: error: expected ‘=’, ‘,’, ‘;’, ‘asm’ or ‘__attribute__’ before ‘ats_int_type’
/usr/local/src/ats-lang-anairiats-0.0.1/prelude/CATS/integer.cats:75: error: expected ‘=’, ‘,’, ‘;’, ‘asm’ or ‘__attribute__’ before ‘ats_int_type’
/usr/local/src/ats-lang-anairiats-0.0.1/prelude/CATS/integer.cats:81: error: expected ‘=’, ‘,’, ‘;’, ‘asm’ or ‘__attribute__’ before ‘ats_int_type’
/usr/local/src/ats-lang-anairiats-0.0.1/prelude/CATS/integer.cats:86: error: expected identifier or ‘(’ before ‘/’ token
/usr/local/src/ats-lang-anairiats-0.0.1/prelude/CATS/integer.cats:95: error: expected ‘=’, ‘,’, ‘;’, ‘asm’ or ‘__attribute__’ before ‘ats_int_type’
/usr/local/src/ats-lang-anairiats-0.0.1/prelude/CATS/integer.cats:101: error: expected ‘=’, ‘,’, ‘;’, ‘asm’ or ‘__attribute__’ before ‘ats_int_type’
/usr/local/src/ats-lang-anairiats-0.0.1/prelude/CATS/integer.cats:107: error: expected ‘=’, ‘,’, ‘;’, ‘asm’ or ‘__attribute__’ before ‘ats_int_type’
/usr/local/src/ats-lang-anairiats-0.0.1/prelude/CATS/integer.cats:113: error: expected ‘=’, ‘,’, ‘;’, ‘asm’ or ‘__attribute__’ before ‘ats_int_type’
/usr/local/src/ats-lang-anairiats-0.0.1/prelude/CATS/integer.cats:119: error: expected ‘=’, ‘,’, ‘;’, ‘asm’ or ‘__attribute__’ before ‘ats_int_type’
/usr/local/src/ats-lang-anairiats-0.0.1/prelude/CATS/integer.cats:125: error: expected ‘=’, ‘,’, ‘;’, ‘asm’ or ‘__attribute__’ before ‘ats_int_type’
/usr/local/src/ats-lang-anairiats-0.0.1/prelude/CATS/integer.cats:131: error: expected ‘=’, ‘,’, ‘;’, ‘asm’ or ‘__attribute__’ before ‘ats_int_type’
/usr/local/src/ats-lang-anairiats-0.0.1/prelude/CATS/integer.cats:137: error: expected ‘=’, ‘,’, ‘;’, ‘asm’ or ‘__attribute__’ before ‘ats_int_type’
/usr/local/src/ats-lang-anairiats-0.0.1/prelude/CATS/integer.cats:143: error: expected ‘=’, ‘,’, ‘;’, ‘asm’ or ‘__attribute__’ before ‘ats_bool_type’
/usr/local/src/ats-lang-anairiats-0.0.1/prelude/CATS/integer.cats:149: error: expected ‘=’, ‘,’, ‘;’, ‘asm’ or ‘__attribute__’ before ‘ats_bool_type’
/usr/local/src/ats-lang-anairiats-0.0.1/prelude/CATS/integer.cats:155: error: expected ‘=’, ‘,’, ‘;’, ‘asm’ or ‘__attribute__’ before ‘ats_bool_type’
/usr/local/src/ats-lang-anairiats-0.0.1/prelude/CATS/integer.cats:161: error: expected ‘=’, ‘,’, ‘;’, ‘asm’ or ‘__attribute__’ before ‘ats_bool_type’
/usr/local/src/ats-lang-anairiats-0.0.1/prelude/CATS/integer.cats:167: error: expected ‘=’, ‘,’, ‘;’, ‘asm’ or ‘__attribute__’ before ‘ats_bool_type’
/usr/local/src/ats-lang-anairiats-0.0.1/prelude/CATS/integer.cats:173: error: expected ‘=’, ‘,’, ‘;’, ‘asm’ or ‘__attribute__’ before ‘ats_bool_type’
/usr/local/src/ats-lang-anairiats-0.0.1/prelude/CATS/integer.cats:178: error: expected identifier or ‘(’ before ‘/’ token
/usr/local/src/ats-lang-anairiats-0.0.1/prelude/CATS/integer.cats:189: error: expected ‘=’, ‘,’, ‘;’, ‘asm’ or ‘__attribute__’ before ‘ats_int_type’
/usr/local/src/ats-lang-anairiats-0.0.1/prelude/CATS/integer.cats:195: error: expected ‘=’, ‘,’, ‘;’, ‘asm’ or ‘__attribute__’ before ‘ats_int_type’
/usr/local/src/ats-lang-anairiats-0.0.1/prelude/CATS/integer.cats:200: error: expected identifier or ‘(’ before ‘/’ token
/usr/local/src/ats-lang-anairiats-0.0.1/prelude/CATS/integer.cats:209: error: expected ‘=’, ‘,’, ‘;’, ‘asm’ or ‘__attribute__’ before ‘ats_int_type’
/usr/local/src/ats-lang-anairiats-0.0.1/prelude/CATS/integer.cats:215: error: expected ‘=’, ‘,’, ‘;’, ‘asm’ or ‘__attribute__’ before ‘ats_int_type’
/usr/local/src/ats-lang-anairiats-0.0.1/prelude/CATS/integer.cats:226: error: expected identifier or ‘(’ before ‘/’ token
/usr/local/src/ats-lang-anairiats-0.0.1/prelude/CATS/integer.cats:240: error: expected identifier or ‘(’ before ‘/’ token
/usr/local/src/ats-lang-anairiats-0.0.1/prelude/CATS/integer.cats:249: error: expected ‘=’, ‘,’, ‘;’, ‘asm’ or ‘__attribute__’ before ‘ats_int_type’
/usr/local/src/ats-lang-anairiats-0.0.1/prelude/CATS/integer.cats:254: error: expected identifier or ‘(’ before ‘/’ token
/usr/local/src/ats-lang-anairiats-0.0.1/prelude/CATS/integer.cats:268: error: expected ‘=’, ‘,’, ‘;’, ‘asm’ or ‘__attribute__’ before ‘ats_void_type’
/usr/local/src/ats-lang-anairiats-0.0.1/prelude/CATS/integer.cats:277: error: expected ‘=’, ‘,’, ‘;’, ‘asm’ or ‘__attribute__’ before ‘ats_void_type’
/usr/local/src/ats-lang-anairiats-0.0.1/prelude/CATS/integer.cats:292: error: expected ‘=’, ‘,’, ‘;’, ‘asm’ or ‘__attribute__’ before ‘ats_uint_type’
/usr/local/src/ats-lang-anairiats-0.0.1/prelude/CATS/integer.cats:298: error: expected ‘=’, ‘,’, ‘;’, ‘asm’ or ‘__attribute__’ before ‘ats_uint_type’
/usr/local/src/ats-lang-anairiats-0.0.1/prelude/CATS/integer.cats:303: error: expected identifier or ‘(’ before ‘/’ token
/usr/local/src/ats-lang-anairiats-0.0.1/prelude/CATS/integer.cats:312: error: expected ‘=’, ‘,’, ‘;’, ‘asm’ or ‘__attribute__’ before ‘ats_uint_type’
/usr/local/src/ats-lang-anairiats-0.0.1/prelude/CATS/integer.cats:318: error: expected ‘=’, ‘,’, ‘;’, ‘asm’ or ‘__attribute__’ before ‘ats_uint_type’
/usr/local/src/ats-lang-anairiats-0.0.1/prelude/CATS/integer.cats:324: error: expected ‘=’, ‘,’, ‘;’, ‘asm’ or ‘__attribute__’ before ‘ats_uint_type’
/usr/local/src/ats-lang-anairiats-0.0.1/prelude/CATS/integer.cats:330: error: expected ‘=’, ‘,’, ‘;’, ‘asm’ or ‘__attribute__’ before ‘ats_uint_type’
/usr/local/src/ats-lang-anairiats-0.0.1/prelude/CATS/integer.cats:336: error: expected ‘=’, ‘,’, ‘;’, ‘asm’ or ‘__attribute__’ before ‘ats_uint_type’
/usr/local/src/ats-lang-anairiats-0.0.1/prelude/CATS/integer.cats:342: error: expected ‘=’, ‘,’, ‘;’, ‘asm’ or ‘__attribute__’ before ‘ats_uint_type’
/usr/local/src/ats-lang-anairiats-0.0.1/prelude/CATS/integer.cats:348: error: expected ‘=’, ‘,’, ‘;’, ‘asm’ or ‘__attribute__’ before ‘ats_bool_type’
/usr/local/src/ats-lang-anairiats-0.0.1/prelude/CATS/integer.cats:354: error: expected ‘=’, ‘,’, ‘;’, ‘asm’ or ‘__attribute__’ before ‘ats_bool_type’
/usr/local/src/ats-lang-anairiats-0.0.1/prelude/CATS/integer.cats:360: error: expected ‘=’, ‘,’, ‘;’, ‘asm’ or ‘__attribute__’ before ‘ats_bool_type’
/usr/local/src/ats-lang-anairiats-0.0.1/prelude/CATS/integer.cats:366: error: expected ‘=’, ‘,’, ‘;’, ‘asm’ or ‘__attribute__’ before ‘ats_bool_type’
/usr/local/src/ats-lang-anairiats-0.0.1/prelude/CATS/integer.cats:372: error: expected ‘=’, ‘,’, ‘;’, ‘asm’ or ‘__attribute__’ before ‘ats_bool_type’
/usr/local/src/ats-lang-anairiats-0.0.1/prelude/CATS/integer.cats:378: error: expected ‘=’, ‘,’, ‘;’, ‘asm’ or ‘__attribute__’ before ‘ats_bool_type’
/usr/local/src/ats-lang-anairiats-0.0.1/prelude/CATS/integer.cats:383: error: expected identifier or ‘(’ before ‘/’ token
/usr/local/src/ats-lang-anairiats-0.0.1/prelude/CATS/integer.cats:394: error: expected ‘=’, ‘,’, ‘;’, ‘asm’ or ‘__attribute__’ before ‘ats_uint_type’
/usr/local/src/ats-lang-anairiats-0.0.1/prelude/CATS/integer.cats:400: error: expected ‘=’, ‘,’, ‘;’, ‘asm’ or ‘__attribute__’ before ‘ats_uint_type’
/usr/local/src/ats-lang-anairiats-0.0.1/prelude/CATS/integer.cats:405: error: expected identifier or ‘(’ before ‘/’ token
/usr/local/src/ats-lang-anairiats-0.0.1/prelude/CATS/integer.cats:412: error: expected ‘=’, ‘,’, ‘;’, ‘asm’ or ‘__attribute__’ before ‘ats_uint_type’
/usr/local/src/ats-lang-anairiats-0.0.1/prelude/CATS/integer.cats:418: error: expected ‘=’, ‘,’, ‘;’, ‘asm’ or ‘__attribute__’ before ‘ats_uint_type’
/usr/local/src/ats-lang-anairiats-0.0.1/prelude/CATS/integer.cats:424: error: expected ‘=’, ‘,’, ‘;’, ‘asm’ or ‘__attribute__’ before ‘ats_uint_type’
/usr/local/src/ats-lang-anairiats-0.0.1/prelude/CATS/integer.cats:430: error: expected ‘=’, ‘,’, ‘;’, ‘asm’ or ‘__attribute__’ before ‘ats_uint_type’
/usr/local/src/ats-lang-anairiats-0.0.1/prelude/CATS/integer.cats:436: error: expected ‘=’, ‘,’, ‘;’, ‘asm’ or ‘__attribute__’ before ‘ats_uint_type’
/usr/local/src/ats-lang-anairiats-0.0.1/prelude/CATS/integer.cats:441: error: expected identifier or ‘(’ before ‘/’ token
/usr/local/src/ats-lang-anairiats-0.0.1/prelude/CATS/integer.cats:454: error: expected ‘=’, ‘,’, ‘;’, ‘asm’ or ‘__attribute__’ before ‘ats_void_type’
/usr/local/src/ats-lang-anairiats-0.0.1/prelude/CATS/integer.cats:463: error: expected ‘=’, ‘,’, ‘;’, ‘asm’ or ‘__attribute__’ before ‘ats_void_type’
/usr/local/src/ats-lang-anairiats-0.0.1/prelude/CATS/integer.cats:474: error: expected ‘=’, ‘,’, ‘;’, ‘asm’ or ‘__attribute__’ before ‘ats_int_type’
/usr/local/src/ats-lang-anairiats-0.0.1/prelude/CATS/integer.cats:513: error: expected ‘=’, ‘,’, ‘;’, ‘asm’ or ‘__attribute__’ before ‘ats_int_type’
/usr/local/src/ats-lang-anairiats-0.0.1/prelude/CATS/integer.cats:517: error: expected ‘=’, ‘,’, ‘;’, ‘asm’ or ‘__attribute__’ before ‘ats_int_type’
/usr/local/src/ats-lang-anairiats-0.0.1/prelude/CATS/integer.cats:523: error: expected ‘=’, ‘,’, ‘;’, ‘asm’ or ‘__attribute__’ before ‘ats_uint_type’
/usr/local/src/ats-lang-anairiats-0.0.1/prelude/CATS/integer.cats:533: error: expected ‘=’, ‘,’, ‘;’, ‘asm’ or ‘__attribute__’ before ‘ats_int_type’
/usr/local/src/ats-lang-anairiats-0.0.1/prelude/CATS/integer.cats:556: error: expected ‘=’, ‘,’, ‘;’, ‘asm’ or ‘__attribute__’ before ‘ats_lint_type’
/usr/local/src/ats-lang-anairiats-0.0.1/prelude/CATS/integer.cats:562: error: expected ‘=’, ‘,’, ‘;’, ‘asm’ or ‘__attribute__’ before ‘ats_lint_type’
/usr/local/src/ats-lang-anairiats-0.0.1/prelude/CATS/integer.cats:567: error: expected identifier or ‘(’ before ‘/’ token
/usr/local/src/ats-lang-anairiats-0.0.1/prelude/CATS/integer.cats:576: error: expected ‘=’, ‘,’, ‘;’, ‘asm’ or ‘__attribute__’ before ‘ats_lint_type’
/usr/local/src/ats-lang-anairiats-0.0.1/prelude/CATS/integer.cats:582: error: expected ‘=’, ‘,’, ‘;’, ‘asm’ or ‘__attribute__’ before ‘ats_lint_type’
/usr/local/src/ats-lang-anairiats-0.0.1/prelude/CATS/integer.cats:586: error: expected ‘=’, ‘,’, ‘;’, ‘asm’ or ‘__attribute__’ before ‘ats_lint_type’
/usr/local/src/ats-lang-anairiats-0.0.1/prelude/CATS/integer.cats:590: error: expected ‘=’, ‘,’, ‘;’, ‘asm’ or ‘__attribute__’ before ‘ats_lint_type’
/usr/local/src/ats-lang-anairiats-0.0.1/prelude/CATS/integer.cats:596: error: expected ‘=’, ‘,’, ‘;’, ‘asm’ or ‘__attribute__’ before ‘ats_lint_type’
/usr/local/src/ats-lang-anairiats-0.0.1/prelude/CATS/integer.cats:602: error: expected ‘=’, ‘,’, ‘;’, ‘asm’ or ‘__attribute__’ before ‘ats_lint_type’
/usr/local/src/ats-lang-anairiats-0.0.1/prelude/CATS/integer.cats:608: error: expected ‘=’, ‘,’, ‘;’, ‘asm’ or ‘__attribute__’ before ‘ats_lint_type’
/usr/local/src/ats-lang-anairiats-0.0.1/prelude/CATS/integer.cats:614: error: expected ‘=’, ‘,’, ‘;’, ‘asm’ or ‘__attribute__’ before ‘ats_lint_type’
/usr/local/src/ats-lang-anairiats-0.0.1/prelude/CATS/integer.cats:620: error: expected ‘=’, ‘,’, ‘;’, ‘asm’ or ‘__attribute__’ before ‘ats_bool_type’
/usr/local/src/ats-lang-anairiats-0.0.1/prelude/CATS/integer.cats:626: error: expected ‘=’, ‘,’, ‘;’, ‘asm’ or ‘__attribute__’ before ‘ats_bool_type’
/usr/local/src/ats-lang-anairiats-0.0.1/prelude/CATS/integer.cats:632: error: expected ‘=’, ‘,’, ‘;’, ‘asm’ or ‘__attribute__’ before ‘ats_bool_type’
/usr/local/src/ats-lang-anairiats-0.0.1/prelude/CATS/integer.cats:638: error: expected ‘=’, ‘,’, ‘;’, ‘asm’ or ‘__attribute__’ before ‘ats_bool_type’
/usr/local/src/ats-lang-anairiats-0.0.1/prelude/CATS/integer.cats:644: error: expected ‘=’, ‘,’, ‘;’, ‘asm’ or ‘__attribute__’ before ‘ats_bool_type’
/usr/local/src/ats-lang-anairiats-0.0.1/prelude/CATS/integer.cats:650: error: expected ‘=’, ‘,’, ‘;’, ‘asm’ or ‘__attribute__’ before ‘ats_bool_type’
/usr/local/src/ats-lang-anairiats-0.0.1/prelude/CATS/integer.cats:655: error: expected identifier or ‘(’ before ‘/’ token
/usr/local/src/ats-lang-anairiats-0.0.1/prelude/CATS/integer.cats:669: error: expected ‘=’, ‘,’, ‘;’, ‘asm’ or ‘__attribute__’ before ‘ats_void_type’
/usr/local/src/ats-lang-anairiats-0.0.1/prelude/CATS/integer.cats:678: error: expected ‘=’, ‘,’, ‘;’, ‘asm’ or ‘__attribute__’ before ‘ats_void_type’
/usr/local/src/ats-lang-anairiats-0.0.1/prelude/CATS/integer.cats:693: error: expected ‘=’, ‘,’, ‘;’, ‘asm’ or ‘__attribute__’ before ‘ats_ulint_type’
/usr/local/src/ats-lang-anairiats-0.0.1/prelude/CATS/integer.cats:699: error: expected ‘=’, ‘,’, ‘;’, ‘asm’ or ‘__attribute__’ before ‘ats_ulint_type’
/usr/local/src/ats-lang-anairiats-0.0.1/prelude/CATS/integer.cats:703: error: expected ‘=’, ‘,’, ‘;’, ‘asm’ or ‘__attribute__’ before ‘ats_ulint_type’
/usr/local/src/ats-lang-anairiats-0.0.1/prelude/CATS/integer.cats:707: error: expected ‘=’, ‘,’, ‘;’, ‘asm’ or ‘__attribute__’ before ‘ats_ulint_type’
/usr/local/src/ats-lang-anairiats-0.0.1/prelude/CATS/integer.cats:713: error: expected ‘=’, ‘,’, ‘;’, ‘asm’ or ‘__attribute__’ before ‘ats_ulint_type’
/usr/local/src/ats-lang-anairiats-0.0.1/prelude/CATS/integer.cats:719: error: expected ‘=’, ‘,’, ‘;’, ‘asm’ or ‘__attribute__’ before ‘ats_ulint_type’
/usr/local/src/ats-lang-anairiats-0.0.1/prelude/CATS/integer.cats:725: error: expected ‘=’, ‘,’, ‘;’, ‘asm’ or ‘__attribute__’ before ‘ats_ulint_type’
/usr/local/src/ats-lang-anairiats-0.0.1/prelude/CATS/integer.cats:731: error: expected ‘=’, ‘,’, ‘;’, ‘asm’ or ‘__attribute__’ before ‘ats_ulint_type’
/usr/local/src/ats-lang-anairiats-0.0.1/prelude/CATS/integer.cats:737: error: expected ‘=’, ‘,’, ‘;’, ‘asm’ or ‘__attribute__’ before ‘ats_bool_type’
/usr/local/src/ats-lang-anairiats-0.0.1/prelude/CATS/integer.cats:743: error: expected ‘=’, ‘,’, ‘;’, ‘asm’ or ‘__attribute__’ before ‘ats_bool_type’
/usr/local/src/ats-lang-anairiats-0.0.1/prelude/CATS/integer.cats:749: error: expected ‘=’, ‘,’, ‘;’, ‘asm’ or ‘__attribute__’ before ‘ats_bool_type’
/usr/local/src/ats-lang-anairiats-0.0.1/prelude/CATS/integer.cats:755: error: expected ‘=’, ‘,’, ‘;’, ‘asm’ or ‘__attribute__’ before ‘ats_bool_type’
/usr/local/src/ats-lang-anairiats-0.0.1/prelude/CATS/integer.cats:761: error: expected ‘=’, ‘,’, ‘;’, ‘asm’ or ‘__attribute__’ before ‘ats_bool_type’
/usr/local/src/ats-lang-anairiats-0.0.1/prelude/CATS/integer.cats:767: error: expected ‘=’, ‘,’, ‘;’, ‘asm’ or ‘__attribute__’ before ‘ats_bool_type’
/usr/local/src/ats-lang-anairiats-0.0.1/prelude/CATS/integer.cats:772: error: expected identifier or ‘(’ before ‘/’ token
/usr/local/src/ats-lang-anairiats-0.0.1/prelude/CATS/integer.cats:785: error: expected ‘=’, ‘,’, ‘;’, ‘asm’ or ‘__attribute__’ before ‘ats_void_type’
/usr/local/src/ats-lang-anairiats-0.0.1/prelude/CATS/integer.cats:794: error: expected ‘=’, ‘,’, ‘;’, ‘asm’ or ‘__attribute__’ before ‘ats_void_type’
/usr/local/src/ats-lang-anairiats-0.0.1/prelude/CATS/integer.cats:809: error: expected ‘=’, ‘,’, ‘;’, ‘asm’ or ‘__attribute__’ before ‘ats_llint_type’
/usr/local/src/ats-lang-anairiats-0.0.1/prelude/CATS/integer.cats:815: error: expected ‘=’, ‘,’, ‘;’, ‘asm’ or ‘__attribute__’ before ‘ats_llint_type’
/usr/local/src/ats-lang-anairiats-0.0.1/prelude/CATS/integer.cats:820: error: expected identifier or ‘(’ before ‘/’ token
/usr/local/src/ats-lang-anairiats-0.0.1/prelude/CATS/integer.cats:829: error: expected ‘=’, ‘,’, ‘;’, ‘asm’ or ‘__attribute__’ before ‘ats_llint_type’
/usr/local/src/ats-lang-anairiats-0.0.1/prelude/CATS/integer.cats:835: error: expected ‘=’, ‘,’, ‘;’, ‘asm’ or ‘__attribute__’ before ‘ats_llint_type’
/usr/local/src/ats-lang-anairiats-0.0.1/prelude/CATS/integer.cats:839: error: expected ‘=’, ‘,’, ‘;’, ‘asm’ or ‘__attribute__’ before ‘ats_llint_type’
/usr/local/src/ats-lang-anairiats-0.0.1/prelude/CATS/integer.cats:843: error: expected ‘=’, ‘,’, ‘;’, ‘asm’ or ‘__attribute__’ before ‘ats_llint_type’
/usr/local/src/ats-lang-anairiats-0.0.1/prelude/CATS/integer.cats:849: error: expected ‘=’, ‘,’, ‘;’, ‘asm’ or ‘__attribute__’ before ‘ats_llint_type’
/usr/local/src/ats-lang-anairiats-0.0.1/prelude/CATS/integer.cats:855: error: expected ‘=’, ‘,’, ‘;’, ‘asm’ or ‘__attribute__’ before ‘ats_llint_type’
/usr/local/src/ats-lang-anairiats-0.0.1/prelude/CATS/integer.cats:861: error: expected ‘=’, ‘,’, ‘;’, ‘asm’ or ‘__attribute__’ before ‘ats_llint_type’
/usr/local/src/ats-lang-anairiats-0.0.1/prelude/CATS/integer.cats:867: error: expected ‘=’, ‘,’, ‘;’, ‘asm’ or ‘__attribute__’ before ‘ats_llint_type’
/usr/local/src/ats-lang-anairiats-0.0.1/prelude/CATS/integer.cats:873: error: expected ‘=’, ‘,’, ‘;’, ‘asm’ or ‘__attribute__’ before ‘ats_bool_type’
/usr/local/src/ats-lang-anairiats-0.0.1/prelude/CATS/integer.cats:879: error: expected ‘=’, ‘,’, ‘;’, ‘asm’ or ‘__attribute__’ before ‘ats_bool_type’
/usr/local/src/ats-lang-anairiats-0.0.1/prelude/CATS/integer.cats:885: error: expected ‘=’, ‘,’, ‘;’, ‘asm’ or ‘__attribute__’ before ‘ats_bool_type’
/usr/local/src/ats-lang-anairiats-0.0.1/prelude/CATS/integer.cats:891: error: expected ‘=’, ‘,’, ‘;’, ‘asm’ or ‘__attribute__’ before ‘ats_bool_type’
/usr/local/src/ats-lang-anairiats-0.0.1/prelude/CATS/integer.cats:897: error: expected ‘=’, ‘,’, ‘;’, ‘asm’ or ‘__attribute__’ before ‘ats_bool_type’
/usr/local/src/ats-lang-anairiats-0.0.1/prelude/CATS/integer.cats:903: error: expected ‘=’, ‘,’, ‘;’, ‘asm’ or ‘__attribute__’ before ‘ats_bool_type’
/usr/local/src/ats-lang-anairiats-0.0.1/prelude/CATS/integer.cats:908: error: expected identifier or ‘(’ before ‘/’ token
/usr/local/src/ats-lang-anairiats-0.0.1/prelude/CATS/integer.cats:921: error: expected ‘=’, ‘,’, ‘;’, ‘asm’ or ‘__attribute__’ before ‘ats_void_type’
/usr/local/src/ats-lang-anairiats-0.0.1/prelude/CATS/integer.cats:930: error: expected ‘=’, ‘,’, ‘;’, ‘asm’ or ‘__attribute__’ before ‘ats_void_type’
/usr/local/src/ats-lang-anairiats-0.0.1/prelude/CATS/integer.cats:945: error: expected ‘=’, ‘,’, ‘;’, ‘asm’ or ‘__attribute__’ before ‘ats_ullint_type’
/usr/local/src/ats-lang-anairiats-0.0.1/prelude/CATS/integer.cats:951: error: expected ‘=’, ‘,’, ‘;’, ‘asm’ or ‘__attribute__’ before ‘ats_ullint_type’
/usr/local/src/ats-lang-anairiats-0.0.1/prelude/CATS/integer.cats:955: error: expected ‘=’, ‘,’, ‘;’, ‘asm’ or ‘__attribute__’ before ‘ats_ullint_type’
/usr/local/src/ats-lang-anairiats-0.0.1/prelude/CATS/integer.cats:959: error: expected ‘=’, ‘,’, ‘;’, ‘asm’ or ‘__attribute__’ before ‘ats_ullint_type’
/usr/local/src/ats-lang-anairiats-0.0.1/prelude/CATS/integer.cats:965: error: expected ‘=’, ‘,’, ‘;’, ‘asm’ or ‘__attribute__’ before ‘ats_ullint_type’
/usr/local/src/ats-lang-anairiats-0.0.1/prelude/CATS/integer.cats:971: error: expected ‘=’, ‘,’, ‘;’, ‘asm’ or ‘__attribute__’ before ‘ats_ullint_type’
/usr/local/src/ats-lang-anairiats-0.0.1/prelude/CATS/integer.cats:977: error: expected ‘=’, ‘,’, ‘;’, ‘asm’ or ‘__attribute__’ before ‘ats_ullint_type’
/usr/local/src/ats-lang-anairiats-0.0.1/prelude/CATS/integer.cats:983: error: expected ‘=’, ‘,’, ‘;’, ‘asm’ or ‘__attribute__’ before ‘ats_ullint_type’
/usr/local/src/ats-lang-anairiats-0.0.1/prelude/CATS/integer.cats:989: error: expected ‘=’, ‘,’, ‘;’, ‘asm’ or ‘__attribute__’ before ‘ats_bool_type’
/usr/local/src/ats-lang-anairiats-0.0.1/prelude/CATS/integer.cats:995: error: expected ‘=’, ‘,’, ‘;’, ‘asm’ or ‘__attribute__’ before ‘ats_bool_type’
/usr/local/src/ats-lang-anairiats-0.0.1/prelude/CATS/integer.cats:1001: error: expected ‘=’, ‘,’, ‘;’, ‘asm’ or ‘__attribute__’ before ‘ats_bool_type’
/usr/local/src/ats-lang-anairiats-0.0.1/prelude/CATS/integer.cats:1007: error: expected ‘=’, ‘,’, ‘;’, ‘asm’ or ‘__attribute__’ before ‘ats_bool_type’
/usr/local/src/ats-lang-anairiats-0.0.1/prelude/CATS/integer.cats:1013: error: expected ‘=’, ‘,’, ‘;’, ‘asm’ or ‘__attribute__’ before ‘ats_bool_type’
/usr/local/src/ats-lang-anairiats-0.0.1/prelude/CATS/integer.cats:1019: error: expected ‘=’, ‘,’, ‘;’, ‘asm’ or ‘__attribute__’ before ‘ats_bool_type’
/usr/local/src/ats-lang-anairiats-0.0.1/prelude/CATS/integer.cats:1024: error: expected identifier or ‘(’ before ‘/’ token
/usr/local/src/ats-lang-anairiats-0.0.1/prelude/CATS/integer.cats:1037: error: expected ‘=’, ‘,’, ‘;’, ‘asm’ or ‘__attribute__’ before ‘ats_void_type’
/usr/local/src/ats-lang-anairiats-0.0.1/prelude/CATS/integer.cats:1046: error: expected ‘=’, ‘,’, ‘;’, ‘asm’ or ‘__attribute__’ before ‘ats_void_type’
/usr/local/src/ats-lang-anairiats-0.0.1/prelude/CATS/integer.cats:1061: error: expected ‘=’, ‘,’, ‘;’, ‘asm’ or ‘__attribute__’ before ‘ats_int8_type’
/usr/local/src/ats-lang-anairiats-0.0.1/prelude/CATS/integer.cats:1066: error: expected identifier or ‘(’ before ‘/’ token
/usr/local/src/ats-lang-anairiats-0.0.1/prelude/CATS/integer.cats:1075: error: expected ‘=’, ‘,’, ‘;’, ‘asm’ or ‘__attribute__’ before ‘ats_int8_type’
/usr/local/src/ats-lang-anairiats-0.0.1/prelude/CATS/integer.cats:1081: error: expected ‘=’, ‘,’, ‘;’, ‘asm’ or ‘__attribute__’ before ‘ats_int8_type’
/usr/local/src/ats-lang-anairiats-0.0.1/prelude/CATS/integer.cats:1087: error: expected ‘=’, ‘,’, ‘;’, ‘asm’ or ‘__attribute__’ before ‘ats_int8_type’
/usr/local/src/ats-lang-anairiats-0.0.1/prelude/CATS/integer.cats:1093: error: expected ‘=’, ‘,’, ‘;’, ‘asm’ or ‘__attribute__’ before ‘ats_int8_type’
/usr/local/src/ats-lang-anairiats-0.0.1/prelude/CATS/integer.cats:1099: error: expected ‘=’, ‘,’, ‘;’, ‘asm’ or ‘__attribute__’ before ‘ats_int8_type’
/usr/local/src/ats-lang-anairiats-0.0.1/prelude/CATS/integer.cats:1105: error: expected ‘=’, ‘,’, ‘;’, ‘asm’ or ‘__attribute__’ before ‘ats_int8_type’
/usr/local/src/ats-lang-anairiats-0.0.1/prelude/CATS/integer.cats:1111: error: expected ‘=’, ‘,’, ‘;’, ‘asm’ or ‘__attribute__’ before ‘ats_int8_type’
/usr/local/src/ats-lang-anairiats-0.0.1/prelude/CATS/integer.cats:1117: error: expected ‘=’, ‘,’, ‘;’, ‘asm’ or ‘__attribute__’ before ‘ats_int8_type’
/usr/local/src/ats-lang-anairiats-0.0.1/prelude/CATS/integer.cats:1123: error: expected ‘=’, ‘,’, ‘;’, ‘asm’ or ‘__attribute__’ before ‘ats_bool_type’
/usr/local/src/ats-lang-anairiats-0.0.1/prelude/CATS/integer.cats:1129: error: expected ‘=’, ‘,’, ‘;’, ‘asm’ or ‘__attribute__’ before ‘ats_bool_type’
/usr/local/src/ats-lang-anairiats-0.0.1/prelude/CATS/integer.cats:1135: error: expected ‘=’, ‘,’, ‘;’, ‘asm’ or ‘__attribute__’ before ‘ats_bool_type’
/usr/local/src/ats-lang-anairiats-0.0.1/prelude/CATS/integer.cats:1141: error: expected ‘=’, ‘,’, ‘;’, ‘asm’ or ‘__attribute__’ before ‘ats_bool_type’
/usr/local/src/ats-lang-anairiats-0.0.1/prelude/CATS/integer.cats:1147: error: expected ‘=’, ‘,’, ‘;’, ‘asm’ or ‘__attribute__’ before ‘ats_bool_type’
/usr/local/src/ats-lang-anairiats-0.0.1/prelude/CATS/integer.cats:1153: error: expected ‘=’, ‘,’, ‘;’, ‘asm’ or ‘__attribute__’ before ‘ats_bool_type’
/usr/local/src/ats-lang-anairiats-0.0.1/prelude/CATS/integer.cats:1158: error: expected identifier or ‘(’ before ‘/’ token
/usr/local/src/ats-lang-anairiats-0.0.1/prelude/CATS/integer.cats:1171: error: expected ‘=’, ‘,’, ‘;’, ‘asm’ or ‘__attribute__’ before ‘ats_void_type’
/usr/local/src/ats-lang-anairiats-0.0.1/prelude/CATS/integer.cats:1180: error: expected ‘=’, ‘,’, ‘;’, ‘asm’ or ‘__attribute__’ before ‘ats_void_type’
/usr/local/src/ats-lang-anairiats-0.0.1/prelude/CATS/integer.cats:1191: error: expected ‘=’, ‘,’, ‘;’, ‘asm’ or ‘__attribute__’ before ‘ats_int16_type’
/usr/local/src/ats-lang-anairiats-0.0.1/prelude/CATS/integer.cats:1196: error: expected identifier or ‘(’ before ‘/’ token
/usr/local/src/ats-lang-anairiats-0.0.1/prelude/CATS/integer.cats:1205: error: expected ‘=’, ‘,’, ‘;’, ‘asm’ or ‘__attribute__’ before ‘ats_int16_type’
/usr/local/src/ats-lang-anairiats-0.0.1/prelude/CATS/integer.cats:1211: error: expected ‘=’, ‘,’, ‘;’, ‘asm’ or ‘__attribute__’ before ‘ats_int16_type’
/usr/local/src/ats-lang-anairiats-0.0.1/prelude/CATS/integer.cats:1217: error: expected ‘=’, ‘,’, ‘;’, ‘asm’ or ‘__attribute__’ before ‘ats_int16_type’
/usr/local/src/ats-lang-anairiats-0.0.1/prelude/CATS/integer.cats:1223: error: expected ‘=’, ‘,’, ‘;’, ‘asm’ or ‘__attribute__’ before ‘ats_int16_type’
/usr/local/src/ats-lang-anairiats-0.0.1/prelude/CATS/integer.cats:1229: error: expected ‘=’, ‘,’, ‘;’, ‘asm’ or ‘__attribute__’ before ‘ats_int16_type’
/usr/local/src/ats-lang-anairiats-0.0.1/prelude/CATS/integer.cats:1235: error: expected ‘=’, ‘,’, ‘;’, ‘asm’ or ‘__attribute__’ before ‘ats_int16_type’
/usr/local/src/ats-lang-anairiats-0.0.1/prelude/CATS/integer.cats:1241: error: expected ‘=’, ‘,’, ‘;’, ‘asm’ or ‘__attribute__’ before ‘ats_int16_type’
/usr/local/src/ats-lang-anairiats-0.0.1/prelude/CATS/integer.cats:1247: error: expected ‘=’, ‘,’, ‘;’, ‘asm’ or ‘__attribute__’ before ‘ats_int16_type’
/usr/local/src/ats-lang-anairiats-0.0.1/prelude/CATS/integer.cats:1253: error: expected ‘=’, ‘,’, ‘;’, ‘asm’ or ‘__attribute__’ before ‘ats_bool_type’
/usr/local/src/ats-lang-anairiats-0.0.1/prelude/CATS/integer.cats:1259: error: expected ‘=’, ‘,’, ‘;’, ‘asm’ or ‘__attribute__’ before ‘ats_bool_type’
/usr/local/src/ats-lang-anairiats-0.0.1/prelude/CATS/integer.cats:1265: error: expected ‘=’, ‘,’, ‘;’, ‘asm’ or ‘__attribute__’ before ‘ats_bool_type’
/usr/local/src/ats-lang-anairiats-0.0.1/prelude/CATS/integer.cats:1271: error: expected ‘=’, ‘,’, ‘;’, ‘asm’ or ‘__attribute__’ before ‘ats_bool_type’
/usr/local/src/ats-lang-anairiats-0.0.1/prelude/CATS/integer.cats:1277: error: expected ‘=’, ‘,’, ‘;’, ‘asm’ or ‘__attribute__’ before ‘ats_bool_type’
/usr/local/src/ats-lang-anairiats-0.0.1/prelude/CATS/integer.cats:1283: error: expected ‘=’, ‘,’, ‘;’, ‘asm’ or ‘__attribute__’ before ‘ats_bool_type’
/usr/local/src/ats-lang-anairiats-0.0.1/prelude/CATS/integer.cats:1288: error: expected identifier or ‘(’ before ‘/’ token
/usr/local/src/ats-lang-anairiats-0.0.1/prelude/CATS/integer.cats:1301: error: expected ‘=’, ‘,’, ‘;’, ‘asm’ or ‘__attribute__’ before ‘ats_void_type’
/usr/local/src/ats-lang-anairiats-0.0.1/prelude/CATS/integer.cats:1310: error: expected ‘=’, ‘,’, ‘;’, ‘asm’ or ‘__attribute__’ before ‘ats_void_type’
/usr/local/src/ats-lang-anairiats-0.0.1/prelude/CATS/integer.cats:1321: error: expected ‘=’, ‘,’, ‘;’, ‘asm’ or ‘__attribute__’ before ‘ats_int32_type’
/usr/local/src/ats-lang-anairiats-0.0.1/prelude/CATS/integer.cats:1326: error: expected identifier or ‘(’ before ‘/’ token
/usr/local/src/ats-lang-anairiats-0.0.1/prelude/CATS/integer.cats:1335: error: expected ‘=’, ‘,’, ‘;’, ‘asm’ or ‘__attribute__’ before ‘ats_int32_type’
/usr/local/src/ats-lang-anairiats-0.0.1/prelude/CATS/integer.cats:1341: error: expected ‘=’, ‘,’, ‘;’, ‘asm’ or ‘__attribute__’ before ‘ats_int32_type’
/usr/local/src/ats-lang-anairiats-0.0.1/prelude/CATS/integer.cats:1347: error: expected ‘=’, ‘,’, ‘;’, ‘asm’ or ‘__attribute__’ before ‘ats_int32_type’
/usr/local/src/ats-lang-anairiats-0.0.1/prelude/CATS/integer.cats:1353: error: expected ‘=’, ‘,’, ‘;’, ‘asm’ or ‘__attribute__’ before ‘ats_int32_type’
/usr/local/src/ats-lang-anairiats-0.0.1/prelude/CATS/integer.cats:1359: error: expected ‘=’, ‘,’, ‘;’, ‘asm’ or ‘__attribute__’ before ‘ats_int32_type’
/usr/local/src/ats-lang-anairiats-0.0.1/prelude/CATS/integer.cats:1365: error: expected ‘=’, ‘,’, ‘;’, ‘asm’ or ‘__attribute__’ before ‘ats_int32_type’
/usr/local/src/ats-lang-anairiats-0.0.1/prelude/CATS/integer.cats:1371: error: expected ‘=’, ‘,’, ‘;’, ‘asm’ or ‘__attribute__’ before ‘ats_int32_type’
/usr/local/src/ats-lang-anairiats-0.0.1/prelude/CATS/integer.cats:1377: error: expected ‘=’, ‘,’, ‘;’, ‘asm’ or ‘__attribute__’ before ‘ats_int32_type’
/usr/local/src/ats-lang-anairiats-0.0.1/prelude/CATS/integer.cats:1383: error: expected ‘=’, ‘,’, ‘;’, ‘asm’ or ‘__attribute__’ before ‘ats_bool_type’
/usr/local/src/ats-lang-anairiats-0.0.1/prelude/CATS/integer.cats:1389: error: expected ‘=’, ‘,’, ‘;’, ‘asm’ or ‘__attribute__’ before ‘ats_bool_type’
/usr/local/src/ats-lang-anairiats-0.0.1/prelude/CATS/integer.cats:1395: error: expected ‘=’, ‘,’, ‘;’, ‘asm’ or ‘__attribute__’ before ‘ats_bool_type’
/usr/local/src/ats-lang-anairiats-0.0.1/prelude/CATS/integer.cats:1401: error: expected ‘=’, ‘,’, ‘;’, ‘asm’ or ‘__attribute__’ before ‘ats_bool_type’
/usr/local/src/ats-lang-anairiats-0.0.1/prelude/CATS/integer.cats:1407: error: expected ‘=’, ‘,’, ‘;’, ‘asm’ or ‘__attribute__’ before ‘ats_bool_type’
/usr/local/src/ats-lang-anairiats-0.0.1/prelude/CATS/integer.cats:1413: error: expected ‘=’, ‘,’, ‘;’, ‘asm’ or ‘__attribute__’ before ‘ats_bool_type’
/usr/local/src/ats-lang-anairiats-0.0.1/prelude/CATS/integer.cats:1418: error: expected identifier or ‘(’ before ‘/’ token
/usr/local/src/ats-lang-anairiats-0.0.1/prelude/CATS/integer.cats:1432: error: expected ‘=’, ‘,’, ‘;’, ‘asm’ or ‘__attribute__’ before ‘ats_void_type’
/usr/local/src/ats-lang-anairiats-0.0.1/prelude/CATS/integer.cats:1441: error: expected ‘=’, ‘,’, ‘;’, ‘asm’ or ‘__attribute__’ before ‘ats_void_type’
/usr/local/src/ats-lang-anairiats-0.0.1/prelude/CATS/integer.cats:1452: error: expected ‘=’, ‘,’, ‘;’, ‘asm’ or ‘__attribute__’ before ‘ats_int64_type’
/usr/local/src/ats-lang-anairiats-0.0.1/prelude/CATS/integer.cats:1457: error: expected identifier or ‘(’ before ‘/’ token
/usr/local/src/ats-lang-anairiats-0.0.1/prelude/CATS/integer.cats:1466: error: expected ‘=’, ‘,’, ‘;’, ‘asm’ or ‘__attribute__’ before ‘ats_int64_type’
/usr/local/src/ats-lang-anairiats-0.0.1/prelude/CATS/integer.cats:1472: error: expected ‘=’, ‘,’, ‘;’, ‘asm’ or ‘__attribute__’ before ‘ats_int64_type’
/usr/local/src/ats-lang-anairiats-0.0.1/prelude/CATS/integer.cats:1476: error: expected ‘=’, ‘,’, ‘;’, ‘asm’ or ‘__attribute__’ before ‘ats_int64_type’
/usr/local/src/ats-lang-anairiats-0.0.1/prelude/CATS/integer.cats:1480: error: expected ‘=’, ‘,’, ‘;’, ‘asm’ or ‘__attribute__’ before ‘ats_int64_type’
/usr/local/src/ats-lang-anairiats-0.0.1/prelude/CATS/integer.cats:1486: error: expected ‘=’, ‘,’, ‘;’, ‘asm’ or ‘__attribute__’ before ‘ats_int64_type’
/usr/local/src/ats-lang-anairiats-0.0.1/prelude/CATS/integer.cats:1492: error: expected ‘=’, ‘,’, ‘;’, ‘asm’ or ‘__attribute__’ before ‘ats_int64_type’
/usr/local/src/ats-lang-anairiats-0.0.1/prelude/CATS/integer.cats:1498: error: expected ‘=’, ‘,’, ‘;’, ‘asm’ or ‘__attribute__’ before ‘ats_int64_type’
/usr/local/src/ats-lang-anairiats-0.0.1/prelude/CATS/integer.cats:1504: error: expected ‘=’, ‘,’, ‘;’, ‘asm’ or ‘__attribute__’ before ‘ats_int64_type’
/usr/local/src/ats-lang-anairiats-0.0.1/prelude/CATS/integer.cats:1510: error: expected ‘=’, ‘,’, ‘;’, ‘asm’ or ‘__attribute__’ before ‘ats_bool_type’
/usr/local/src/ats-lang-anairiats-0.0.1/prelude/CATS/integer.cats:1516: error: expected ‘=’, ‘,’, ‘;’, ‘asm’ or ‘__attribute__’ before ‘ats_bool_type’
/usr/local/src/ats-lang-anairiats-0.0.1/prelude/CATS/integer.cats:1522: error: expected ‘=’, ‘,’, ‘;’, ‘asm’ or ‘__attribute__’ before ‘ats_bool_type’
/usr/local/src/ats-lang-anairiats-0.0.1/prelude/CATS/integer.cats:1528: error: expected ‘=’, ‘,’, ‘;’, ‘asm’ or ‘__attribute__’ before ‘ats_bool_type’
/usr/local/src/ats-lang-anairiats-0.0.1/prelude/CATS/integer.cats:1534: error: expected ‘=’, ‘,’, ‘;’, ‘asm’ or ‘__attribute__’ before ‘ats_bool_type’
/usr/local/src/ats-lang-anairiats-0.0.1/prelude/CATS/integer.cats:1540: error: expected ‘=’, ‘,’, ‘;’, ‘asm’ or ‘__attribute__’ before ‘ats_bool_type’
/usr/local/src/ats-lang-anairiats-0.0.1/prelude/CATS/integer.cats:1545: error: expected identifier or ‘(’ before ‘/’ token
/usr/local/src/ats-lang-anairiats-0.0.1/prelude/CATS/integer.cats:1559: error: expected ‘=’, ‘,’, ‘;’, ‘asm’ or ‘__attribute__’ before ‘ats_void_type’
/usr/local/src/ats-lang-anairiats-0.0.1/prelude/CATS/integer.cats:1568: error: expected ‘=’, ‘,’, ‘;’, ‘asm’ or ‘__attribute__’ before ‘ats_void_type’
/usr/local/src/ats-lang-anairiats-0.0.1/prelude/CATS/integer.cats:1578: error: expected identifier or ‘(’ before ‘/’ token
/usr/local/src/ats-lang-anairiats-0.0.1/prelude/CATS/integer.cats:1585: error: expected identifier or ‘(’ before ‘/’ token
/usr/local/src/ats-lang-anairiats-0.0.1/prelude/CATS/integer.cats:1593: error: expected identifier or ‘(’ before ‘/’ token
/usr/local/src/ats-lang-anairiats-0.0.1/prelude/CATS/integer.cats:1602: error: expected ‘=’, ‘,’, ‘;’, ‘asm’ or ‘__attribute__’ before ‘ats_intptr_type’
/usr/local/src/ats-lang-anairiats-0.0.1/prelude/CATS/integer.cats:1608: error: expected ‘=’, ‘,’, ‘;’, ‘asm’ or ‘__attribute__’ before ‘ats_intptr_type’
/usr/local/src/ats-lang-anairiats-0.0.1/prelude/CATS/integer.cats:1614: error: expected ‘=’, ‘,’, ‘;’, ‘asm’ or ‘__attribute__’ before ‘ats_intptr_type’
/usr/local/src/ats-lang-anairiats-0.0.1/prelude/CATS/integer.cats:1620: error: expected ‘=’, ‘,’, ‘;’, ‘asm’ or ‘__attribute__’ before ‘ats_intptr_type’
/usr/local/src/ats-lang-anairiats-0.0.1/prelude/CATS/integer.cats:1626: error: expected ‘=’, ‘,’, ‘;’, ‘asm’ or ‘__attribute__’ before ‘ats_intptr_type’
/usr/local/src/ats-lang-anairiats-0.0.1/prelude/CATS/integer.cats:1632: error: expected ‘=’, ‘,’, ‘;’, ‘asm’ or ‘__attribute__’ before ‘ats_intptr_type’
/usr/local/src/ats-lang-anairiats-0.0.1/prelude/CATS/integer.cats:1638: error: expected ‘=’, ‘,’, ‘;’, ‘asm’ or ‘__attribute__’ before ‘ats_intptr_type’
/usr/local/src/ats-lang-anairiats-0.0.1/prelude/CATS/integer.cats:1644: error: expected ‘=’, ‘,’, ‘;’, ‘asm’ or ‘__attribute__’ before ‘ats_intptr_type’
/usr/local/src/ats-lang-anairiats-0.0.1/prelude/CATS/integer.cats:1650: error: expected ‘=’, ‘,’, ‘;’, ‘asm’ or ‘__attribute__’ before ‘ats_bool_type’
/usr/local/src/ats-lang-anairiats-0.0.1/prelude/CATS/integer.cats:1656: error: expected ‘=’, ‘,’, ‘;’, ‘asm’ or ‘__attribute__’ before ‘ats_bool_type’
/usr/local/src/ats-lang-anairiats-0.0.1/prelude/CATS/integer.cats:1662: error: expected ‘=’, ‘,’, ‘;’, ‘asm’ or ‘__attribute__’ before ‘ats_bool_type’
/usr/local/src/ats-lang-anairiats-0.0.1/prelude/CATS/integer.cats:1668: error: expected ‘=’, ‘,’, ‘;’, ‘asm’ or ‘__attribute__’ before ‘ats_bool_type’
/usr/local/src/ats-lang-anairiats-0.0.1/prelude/CATS/integer.cats:1674: error: expected ‘=’, ‘,’, ‘;’, ‘asm’ or ‘__attribute__’ before ‘ats_bool_type’
/usr/local/src/ats-lang-anairiats-0.0.1/prelude/CATS/integer.cats:1680: error: expected ‘=’, ‘,’, ‘;’, ‘asm’ or ‘__attribute__’ before ‘ats_bool_type’
/usr/local/src/ats-lang-anairiats-0.0.1/prelude/CATS/integer.cats:1685: error: expected identifier or ‘(’ before ‘/’ token
/usr/local/src/ats-lang-anairiats-0.0.1/prelude/CATS/integer.cats:1699: error: expected ‘=’, ‘,’, ‘;’, ‘asm’ or ‘__attribute__’ before ‘ats_void_type’
/usr/local/src/ats-lang-anairiats-0.0.1/prelude/CATS/integer.cats:1708: error: expected ‘=’, ‘,’, ‘;’, ‘asm’ or ‘__attribute__’ before ‘ats_void_type’
/usr/local/src/ats-lang-anairiats-0.0.1/prelude/CATS/integer.cats:1718: error: expected identifier or ‘(’ before ‘/’ token
/usr/local/src/ats-lang-anairiats-0.0.1/prelude/CATS/integer.cats:1726: error: expected identifier or ‘(’ before ‘/’ token
/usr/local/src/ats-lang-anairiats-0.0.1/prelude/CATS/integer.cats:1735: error: expected ‘=’, ‘,’, ‘;’, ‘asm’ or ‘__attribute__’ before ‘ats_uintptr_type’
/usr/local/src/ats-lang-anairiats-0.0.1/prelude/CATS/integer.cats:1741: error: expected ‘=’, ‘,’, ‘;’, ‘asm’ or ‘__attribute__’ before ‘ats_uintptr_type’
/usr/local/src/ats-lang-anairiats-0.0.1/prelude/CATS/integer.cats:1747: error: expected ‘=’, ‘,’, ‘;’, ‘asm’ or ‘__attribute__’ before ‘ats_uintptr_type’
/usr/local/src/ats-lang-anairiats-0.0.1/prelude/CATS/integer.cats:1753: error: expected ‘=’, ‘,’, ‘;’, ‘asm’ or ‘__attribute__’ before ‘ats_uintptr_type’
/usr/local/src/ats-lang-anairiats-0.0.1/prelude/CATS/integer.cats:1759: error: expected ‘=’, ‘,’, ‘;’, ‘asm’ or ‘__attribute__’ before ‘ats_uintptr_type’
/usr/local/src/ats-lang-anairiats-0.0.1/prelude/CATS/integer.cats:1765: error: expected ‘=’, ‘,’, ‘;’, ‘asm’ or ‘__attribute__’ before ‘ats_uintptr_type’
/usr/local/src/ats-lang-anairiats-0.0.1/prelude/CATS/integer.cats:1771: error: expected ‘=’, ‘,’, ‘;’, ‘asm’ or ‘__attribute__’ before ‘ats_bool_type’
/usr/local/src/ats-lang-anairiats-0.0.1/prelude/CATS/integer.cats:1777: error: expected ‘=’, ‘,’, ‘;’, ‘asm’ or ‘__attribute__’ before ‘ats_bool_type’
/usr/local/src/ats-lang-anairiats-0.0.1/prelude/CATS/integer.cats:1783: error: expected ‘=’, ‘,’, ‘;’, ‘asm’ or ‘__attribute__’ before ‘ats_bool_type’
/usr/local/src/ats-lang-anairiats-0.0.1/prelude/CATS/integer.cats:1789: error: expected ‘=’, ‘,’, ‘;’, ‘asm’ or ‘__attribute__’ before ‘ats_bool_type’
/usr/local/src/ats-lang-anairiats-0.0.1/prelude/CATS/integer.cats:1795: error: expected ‘=’, ‘,’, ‘;’, ‘asm’ or ‘__attribute__’ before ‘ats_bool_type’
/usr/local/src/ats-lang-anairiats-0.0.1/prelude/CATS/integer.cats:1801: error: expected ‘=’, ‘,’, ‘;’, ‘asm’ or ‘__attribute__’ before ‘ats_bool_type’
/usr/local/src/ats-lang-anairiats-0.0.1/prelude/CATS/integer.cats:1806: error: expected identifier or ‘(’ before ‘/’ token
/usr/local/src/ats-lang-anairiats-0.0.1/prelude/CATS/integer.cats:1820: error: expected ‘=’, ‘,’, ‘;’, ‘asm’ or ‘__attribute__’ before ‘ats_void_type’
/usr/local/src/ats-lang-anairiats-0.0.1/prelude/CATS/integer.cats:1829: error: expected ‘=’, ‘,’, ‘;’, ‘asm’ or ‘__attribute__’ before ‘ats_void_type’
In file included from nbody_dats.c:22:
/usr/local/src/ats-lang-anairiats-0.0.1/prelude/CATS/pointer.cats:42:20: warning: extra tokens at end of #include directive
/usr/local/src/ats-lang-anairiats-0.0.1/prelude/CATS/pointer.cats:43:21: warning: extra tokens at end of #include directive
In file included from nbody_dats.c:22:
/usr/local/src/ats-lang-anairiats-0.0.1/prelude/CATS/pointer.cats:56: error: expected ‘=’, ‘,’, ‘;’, ‘asm’ or ‘__attribute__’ before ‘ats_bool_type’
/usr/local/src/ats-lang-anairiats-0.0.1/prelude/CATS/pointer.cats:62: error: expected ‘=’, ‘,’, ‘;’, ‘asm’ or ‘__attribute__’ before ‘ats_bool_type’
/usr/local/src/ats-lang-anairiats-0.0.1/prelude/CATS/pointer.cats:70: error: expected ‘=’, ‘,’, ‘;’, ‘asm’ or ‘__attribute__’ before ‘ats_ptr_type’
/usr/local/src/ats-lang-anairiats-0.0.1/prelude/CATS/pointer.cats:74: error: expected ‘=’, ‘,’, ‘;’, ‘asm’ or ‘__attribute__’ before ‘ats_ptr_type’
/usr/local/src/ats-lang-anairiats-0.0.1/prelude/CATS/pointer.cats:78: error: expected ‘=’, ‘,’, ‘;’, ‘asm’ or ‘__attribute__’ before ‘ats_ptr_type’
/usr/local/src/ats-lang-anairiats-0.0.1/prelude/CATS/pointer.cats:84: error: expected ‘=’, ‘,’, ‘;’, ‘asm’ or ‘__attribute__’ before ‘ats_ptr_type’
/usr/local/src/ats-lang-anairiats-0.0.1/prelude/CATS/pointer.cats:90: error: expected ‘=’, ‘,’, ‘;’, ‘asm’ or ‘__attribute__’ before ‘ats_bool_type’
/usr/local/src/ats-lang-anairiats-0.0.1/prelude/CATS/pointer.cats:96: error: expected ‘=’, ‘,’, ‘;’, ‘asm’ or ‘__attribute__’ before ‘ats_bool_type’
/usr/local/src/ats-lang-anairiats-0.0.1/prelude/CATS/pointer.cats:102: error: expected ‘=’, ‘,’, ‘;’, ‘asm’ or ‘__attribute__’ before ‘ats_bool_type’
/usr/local/src/ats-lang-anairiats-0.0.1/prelude/CATS/pointer.cats:108: error: expected ‘=’, ‘,’, ‘;’, ‘asm’ or ‘__attribute__’ before ‘ats_bool_type’
/usr/local/src/ats-lang-anairiats-0.0.1/prelude/CATS/pointer.cats:114: error: expected ‘=’, ‘,’, ‘;’, ‘asm’ or ‘__attribute__’ before ‘ats_bool_type’
/usr/local/src/ats-lang-anairiats-0.0.1/prelude/CATS/pointer.cats:120: error: expected ‘=’, ‘,’, ‘;’, ‘asm’ or ‘__attribute__’ before ‘ats_bool_type’
/usr/local/src/ats-lang-anairiats-0.0.1/prelude/CATS/pointer.cats:125: error: expected identifier or ‘(’ before ‘/’ token
/usr/local/src/ats-lang-anairiats-0.0.1/prelude/CATS/pointer.cats:138: error: expected ‘=’, ‘,’, ‘;’, ‘asm’ or ‘__attribute__’ before ‘ats_void_type’
/usr/local/src/ats-lang-anairiats-0.0.1/prelude/CATS/pointer.cats:147: error: expected ‘=’, ‘,’, ‘;’, ‘asm’ or ‘__attribute__’ before ‘ats_void_type’
/usr/local/src/ats-lang-anairiats-0.0.1/prelude/CATS/pointer.cats:158: error: expected ‘=’, ‘,’, ‘;’, ‘asm’ or ‘__attribute__’ before ‘ats_ptr_type’
/usr/local/src/ats-lang-anairiats-0.0.1/prelude/CATS/pointer.cats:165: error: expected ‘=’, ‘,’, ‘;’, ‘asm’ or ‘__attribute__’ before ‘ats_void_type’
/usr/local/src/ats-lang-anairiats-0.0.1/prelude/CATS/pointer.cats:172: error: expected identifier or ‘(’ before ‘/’ token
In file included from nbody_dats.c:23:
/usr/local/src/ats-lang-anairiats-0.0.1/prelude/CATS/printf.cats: In function ‘atspre_printf_exn’:
/usr/local/src/ats-lang-anairiats-0.0.1/prelude/CATS/printf.cats:87: warning: implicit declaration of function ‘atspre_stdout_view_get’
/usr/local/src/ats-lang-anairiats-0.0.1/prelude/CATS/printf.cats:91: warning: implicit declaration of function ‘atspre_stdout_view_set’
/usr/local/src/ats-lang-anairiats-0.0.1/prelude/CATS/printf.cats: In function ‘atspre_prerrf_exn’:
/usr/local/src/ats-lang-anairiats-0.0.1/prelude/CATS/printf.cats:101: warning: implicit declaration of function ‘atspre_stderr_view_get’
/usr/local/src/ats-lang-anairiats-0.0.1/prelude/CATS/printf.cats:105: warning: implicit declaration of function ‘atspre_stderr_view_set’
In file included from nbody_dats.c:24:
/usr/local/src/ats-lang-anairiats-0.0.1/prelude/CATS/reference.cats:42:21: warning: extra tokens at end of #include directive
In file included from nbody_dats.c:24:
/usr/local/src/ats-lang-anairiats-0.0.1/prelude/CATS/reference.cats: At top level:
/usr/local/src/ats-lang-anairiats-0.0.1/prelude/CATS/reference.cats:52: error: expected ‘=’, ‘,’, ‘;’, ‘asm’ or ‘__attribute__’ before ‘ats_ptr_type’
/usr/local/src/ats-lang-anairiats-0.0.1/prelude/CATS/reference.cats:61: error: expected ‘=’, ‘,’, ‘;’, ‘asm’ or ‘__attribute__’ before ‘ats_ptr_type’
/usr/local/src/ats-lang-anairiats-0.0.1/prelude/CATS/reference.cats:65: error: expected ‘=’, ‘,’, ‘;’, ‘asm’ or ‘__attribute__’ before ‘ats_ptr_type’
/usr/local/src/ats-lang-anairiats-0.0.1/prelude/CATS/reference.cats:69: error: expected ‘=’, ‘,’, ‘;’, ‘asm’ or ‘__attribute__’ before ‘ats_ptr_type’
In file included from nbody_dats.c:25:
/usr/local/src/ats-lang-anairiats-0.0.1/prelude/CATS/string.cats:53: error: expected ‘=’, ‘,’, ‘;’, ‘asm’ or ‘__attribute__’ before ‘ats_ptr_type’
/usr/local/src/ats-lang-anairiats-0.0.1/prelude/CATS/string.cats:57: error: expected ‘=’, ‘,’, ‘;’, ‘asm’ or ‘__attribute__’ before ‘ats_ptr_type’
/usr/local/src/ats-lang-anairiats-0.0.1/prelude/CATS/string.cats:61: error: expected ‘=’, ‘,’, ‘;’, ‘asm’ or ‘__attribute__’ before ‘ats_ptr_type’
/usr/local/src/ats-lang-anairiats-0.0.1/prelude/CATS/string.cats:67: error: expected ‘=’, ‘,’, ‘;’, ‘asm’ or ‘__attribute__’ before ‘ats_bool_type’
/usr/local/src/ats-lang-anairiats-0.0.1/prelude/CATS/string.cats:75: error: expected ‘=’, ‘,’, ‘;’, ‘asm’ or ‘__attribute__’ before ‘ats_bool_type’
/usr/local/src/ats-lang-anairiats-0.0.1/prelude/CATS/string.cats:83: error: expected ‘=’, ‘,’, ‘;’, ‘asm’ or ‘__attribute__’ before ‘ats_bool_type’
/usr/local/src/ats-lang-anairiats-0.0.1/prelude/CATS/string.cats:91: error: expected ‘=’, ‘,’, ‘;’, ‘asm’ or ‘__attribute__’ before ‘ats_bool_type’
/usr/local/src/ats-lang-anairiats-0.0.1/prelude/CATS/string.cats:99: error: expected ‘=’, ‘,’, ‘;’, ‘asm’ or ‘__attribute__’ before ‘ats_bool_type’
/usr/local/src/ats-lang-anairiats-0.0.1/prelude/CATS/string.cats:111: error: expected ‘=’, ‘,’, ‘;’, ‘asm’ or ‘__attribute__’ before ‘ats_bool_type’
/usr/local/src/ats-lang-anairiats-0.0.1/prelude/CATS/string.cats:119: error: expected ‘=’, ‘,’, ‘;’, ‘asm’ or ‘__attribute__’ before ‘ats_int_type’
/usr/local/src/ats-lang-anairiats-0.0.1/prelude/CATS/string.cats:129: error: expected identifier or ‘(’ before ‘/’ token
/usr/local/src/ats-lang-anairiats-0.0.1/prelude/CATS/string.cats:142: error: expected ‘=’, ‘,’, ‘;’, ‘asm’ or ‘__attribute__’ before ‘ats_void_type’
/usr/local/src/ats-lang-anairiats-0.0.1/prelude/CATS/string.cats:151: error: expected ‘=’, ‘,’, ‘;’, ‘asm’ or ‘__attribute__’ before ‘ats_void_type’
/usr/local/src/ats-lang-anairiats-0.0.1/prelude/CATS/string.cats:162: error: expected ‘=’, ‘,’, ‘;’, ‘asm’ or ‘__attribute__’ before ‘ats_ptr_type’
/usr/local/src/ats-lang-anairiats-0.0.1/prelude/CATS/string.cats:171: error: expected ‘=’, ‘,’, ‘;’, ‘asm’ or ‘__attribute__’ before ‘ats_ptr_type’
/usr/local/src/ats-lang-anairiats-0.0.1/prelude/CATS/string.cats:187: error: expected ‘=’, ‘,’, ‘;’, ‘asm’ or ‘__attribute__’ before ‘ats_void_type’
/usr/local/src/ats-lang-anairiats-0.0.1/prelude/CATS/string.cats:193: error: expected ‘=’, ‘,’, ‘;’, ‘asm’ or ‘__attribute__’ before ‘ats_ptr_type’
/usr/local/src/ats-lang-anairiats-0.0.1/prelude/CATS/string.cats:209: error: expected ‘=’, ‘,’, ‘;’, ‘asm’ or ‘__attribute__’ before ‘ats_bool_type’
/usr/local/src/ats-lang-anairiats-0.0.1/prelude/CATS/string.cats:219: error: expected ‘=’, ‘,’, ‘;’, ‘asm’ or ‘__attribute__’ before ‘ats_int_type’
/usr/local/src/ats-lang-anairiats-0.0.1/prelude/CATS/string.cats:227: error: expected ‘=’, ‘,’, ‘;’, ‘asm’ or ‘__attribute__’ before ‘ats_bool_type’
/usr/local/src/ats-lang-anairiats-0.0.1/prelude/CATS/string.cats:233: error: expected ‘=’, ‘,’, ‘;’, ‘asm’ or ‘__attribute__’ before ‘ats_bool_type’
/usr/local/src/ats-lang-anairiats-0.0.1/prelude/CATS/string.cats:241: error: expected ‘=’, ‘,’, ‘;’, ‘asm’ or ‘__attribute__’ before ‘ats_bool_type’
/usr/local/src/ats-lang-anairiats-0.0.1/prelude/CATS/string.cats:249: error: expected ‘=’, ‘,’, ‘;’, ‘asm’ or ‘__attribute__’ before ‘ats_char_type’
/usr/local/src/ats-lang-anairiats-0.0.1/prelude/CATS/string.cats:256: error: expected ‘=’, ‘,’, ‘;’, ‘asm’ or ‘__attribute__’ before ‘ats_void_type’
/usr/local/src/ats-lang-anairiats-0.0.1/prelude/CATS/string.cats:265: error: expected ‘=’, ‘,’, ‘;’, ‘asm’ or ‘__attribute__’ before ‘ats_int_type’
/usr/local/src/ats-lang-anairiats-0.0.1/prelude/CATS/string.cats:275: error: expected ‘=’, ‘,’, ‘;’, ‘asm’ or ‘__attribute__’ before ‘ats_int_type’
/usr/local/src/ats-lang-anairiats-0.0.1/prelude/CATS/string.cats:287: error: expected ‘=’, ‘,’, ‘;’, ‘asm’ or ‘__attribute__’ before ‘ats_int_type’
/usr/local/src/ats-lang-anairiats-0.0.1/prelude/CATS/string.cats:299: error: expected ‘=’, ‘,’, ‘;’, ‘asm’ or ‘__attribute__’ before ‘ats_ptr_type’
/usr/local/src/ats-lang-anairiats-0.0.1/prelude/CATS/string.cats:334: error: expected identifier or ‘(’ before ‘/’ token
/usr/local/src/ats-lang-anairiats-0.0.1/prelude/CATS/string.cats:340: error: expected ‘=’, ‘,’, ‘;’, ‘asm’ or ‘__attribute__’ before ‘ats_ptr_type’
/usr/local/src/ats-lang-anairiats-0.0.1/prelude/CATS/string.cats:344: error: expected ‘=’, ‘,’, ‘;’, ‘asm’ or ‘__attribute__’ before ‘ats_ptr_type’
/usr/local/src/ats-lang-anairiats-0.0.1/prelude/CATS/string.cats:348: error: expected ‘=’, ‘,’, ‘;’, ‘asm’ or ‘__attribute__’ before ‘ats_bool_type’
/usr/local/src/ats-lang-anairiats-0.0.1/prelude/CATS/string.cats:354: error: expected ‘=’, ‘,’, ‘;’, ‘asm’ or ‘__attribute__’ before ‘ats_bool_type’
In file included from nbody_dats.c:27:
/usr/local/src/ats-lang-anairiats-0.0.1/prelude/CATS/list.cats:48: error: expected ‘=’, ‘,’, ‘;’, ‘asm’ or ‘__attribute__’ before ‘ats_ptr_type’
/usr/local/src/ats-lang-anairiats-0.0.1/prelude/CATS/list.cats:52: error: expected ‘=’, ‘,’, ‘;’, ‘asm’ or ‘__attribute__’ before ‘ats_ptr_type’
/usr/local/src/ats-lang-anairiats-0.0.1/prelude/CATS/list.cats:56: error: expected ‘=’, ‘,’, ‘;’, ‘asm’ or ‘__attribute__’ before ‘ats_ptr_type’
In file included from nbody_dats.c:32:
/usr/local/src/ats-lang-anairiats-0.0.1/libc/CATS/math.cats:50: error: expected identifier or ‘(’ before ‘/’ token
/usr/local/src/ats-lang-anairiats-0.0.1/libc/CATS/math.cats:123: error: expected ‘=’, ‘,’, ‘;’, ‘asm’ or ‘__attribute__’ before ‘ats_double_type’
/usr/local/src/ats-lang-anairiats-0.0.1/libc/CATS/math.cats:127: error: expected ‘=’, ‘,’, ‘;’, ‘asm’ or ‘__attribute__’ before ‘ats_float_type’
/usr/local/src/ats-lang-anairiats-0.0.1/libc/CATS/math.cats:131: error: expected ‘=’, ‘,’, ‘;’, ‘asm’ or ‘__attribute__’ before ‘ats_ldouble_type’
/usr/local/src/ats-lang-anairiats-0.0.1/libc/CATS/math.cats:137: error: expected ‘=’, ‘,’, ‘;’, ‘asm’ or ‘__attribute__’ before ‘ats_double_type’
/usr/local/src/ats-lang-anairiats-0.0.1/libc/CATS/math.cats:141: error: expected ‘=’, ‘,’, ‘;’, ‘asm’ or ‘__attribute__’ before ‘ats_float_type’
/usr/local/src/ats-lang-anairiats-0.0.1/libc/CATS/math.cats:145: error: expected ‘=’, ‘,’, ‘;’, ‘asm’ or ‘__attribute__’ before ‘ats_ldouble_type’
/usr/local/src/ats-lang-anairiats-0.0.1/libc/CATS/math.cats:148: error: expected identifier or ‘(’ before ‘/’ token
/usr/local/src/ats-lang-anairiats-0.0.1/libc/CATS/math.cats:157: error: expected ‘=’, ‘,’, ‘;’, ‘asm’ or ‘__attribute__’ before ‘ats_float_type’
/usr/local/src/ats-lang-anairiats-0.0.1/libc/CATS/math.cats:163: error: expected ‘=’, ‘,’, ‘;’, ‘asm’ or ‘__attribute__’ before ‘ats_ldouble_type’
/usr/local/src/ats-lang-anairiats-0.0.1/libc/CATS/math.cats:171: error: expected ‘=’, ‘,’, ‘;’, ‘asm’ or ‘__attribute__’ before ‘ats_double_type’
/usr/local/src/ats-lang-anairiats-0.0.1/libc/CATS/math.cats:177: error: expected ‘=’, ‘,’, ‘;’, ‘asm’ or ‘__attribute__’ before ‘ats_float_type’
/usr/local/src/ats-lang-anairiats-0.0.1/libc/CATS/math.cats:183: error: expected ‘=’, ‘,’, ‘;’, ‘asm’ or ‘__attribute__’ before ‘ats_ldouble_type’
/usr/local/src/ats-lang-anairiats-0.0.1/libc/CATS/math.cats:188: error: expected identifier or ‘(’ before ‘/’ token
/usr/local/src/ats-lang-anairiats-0.0.1/libc/CATS/math.cats:197: error: expected ‘=’, ‘,’, ‘;’, ‘asm’ or ‘__attribute__’ before ‘ats_float_type’
/usr/local/src/ats-lang-anairiats-0.0.1/libc/CATS/math.cats:203: error: expected ‘=’, ‘,’, ‘;’, ‘asm’ or ‘__attribute__’ before ‘ats_ldouble_type’
/usr/local/src/ats-lang-anairiats-0.0.1/libc/CATS/math.cats:208: error: expected identifier or ‘(’ before ‘/’ token
/usr/local/src/ats-lang-anairiats-0.0.1/libc/CATS/math.cats:217: error: expected ‘=’, ‘,’, ‘;’, ‘asm’ or ‘__attribute__’ before ‘ats_float_type’
/usr/local/src/ats-lang-anairiats-0.0.1/libc/CATS/math.cats:223: error: expected ‘=’, ‘,’, ‘;’, ‘asm’ or ‘__attribute__’ before ‘ats_ldouble_type’
/usr/local/src/ats-lang-anairiats-0.0.1/libc/CATS/math.cats:231: error: expected ‘=’, ‘,’, ‘;’, ‘asm’ or ‘__attribute__’ before ‘ats_double_type’
/usr/local/src/ats-lang-anairiats-0.0.1/libc/CATS/math.cats:235: error: expected ‘=’, ‘,’, ‘;’, ‘asm’ or ‘__attribute__’ before ‘ats_float_type’
/usr/local/src/ats-lang-anairiats-0.0.1/libc/CATS/math.cats:239: error: expected ‘=’, ‘,’, ‘;’, ‘asm’ or ‘__attribute__’ before ‘ats_ldouble_type’
/usr/local/src/ats-lang-anairiats-0.0.1/libc/CATS/math.cats:245: error: expected ‘=’, ‘,’, ‘;’, ‘asm’ or ‘__attribute__’ before ‘ats_double_type’
/usr/local/src/ats-lang-anairiats-0.0.1/libc/CATS/math.cats:249: error: expected ‘=’, ‘,’, ‘;’, ‘asm’ or ‘__attribute__’ before ‘ats_float_type’
/usr/local/src/ats-lang-anairiats-0.0.1/libc/CATS/math.cats:253: error: expected ‘=’, ‘,’, ‘;’, ‘asm’ or ‘__attribute__’ before ‘ats_ldouble_type’
/usr/local/src/ats-lang-anairiats-0.0.1/libc/CATS/math.cats:259: error: expected ‘=’, ‘,’, ‘;’, ‘asm’ or ‘__attribute__’ before ‘ats_double_type’
/usr/local/src/ats-lang-anairiats-0.0.1/libc/CATS/math.cats:263: error: expected ‘=’, ‘,’, ‘;’, ‘asm’ or ‘__attribute__’ before ‘ats_float_type’
/usr/local/src/ats-lang-anairiats-0.0.1/libc/CATS/math.cats:267: error: expected ‘=’, ‘,’, ‘;’, ‘asm’ or ‘__attribute__’ before ‘ats_ldouble_type’
/usr/local/src/ats-lang-anairiats-0.0.1/libc/CATS/math.cats:273: error: expected ‘=’, ‘,’, ‘;’, ‘asm’ or ‘__attribute__’ before ‘ats_double_type’
/usr/local/src/ats-lang-anairiats-0.0.1/libc/CATS/math.cats:277: error: expected ‘=’, ‘,’, ‘;’, ‘asm’ or ‘__attribute__’ before ‘ats_float_type’
/usr/local/src/ats-lang-anairiats-0.0.1/libc/CATS/math.cats:281: error: expected ‘=’, ‘,’, ‘;’, ‘asm’ or ‘__attribute__’ before ‘ats_ldouble_type’
/usr/local/src/ats-lang-anairiats-0.0.1/libc/CATS/math.cats:287: error: expected ‘=’, ‘,’, ‘;’, ‘asm’ or ‘__attribute__’ before ‘ats_double_type’
/usr/local/src/ats-lang-anairiats-0.0.1/libc/CATS/math.cats:291: error: expected ‘=’, ‘,’, ‘;’, ‘asm’ or ‘__attribute__’ before ‘ats_float_type’
/usr/local/src/ats-lang-anairiats-0.0.1/libc/CATS/math.cats:295: error: expected ‘=’, ‘,’, ‘;’, ‘asm’ or ‘__attribute__’ before ‘ats_ldouble_type’
/usr/local/src/ats-lang-anairiats-0.0.1/libc/CATS/math.cats:299: error: expected ‘=’, ‘,’, ‘;’, ‘asm’ or ‘__attribute__’ before ‘ats_double_type’
/usr/local/src/ats-lang-anairiats-0.0.1/libc/CATS/math.cats:305: error: expected ‘=’, ‘,’, ‘;’, ‘asm’ or ‘__attribute__’ before ‘ats_float_type’
/usr/local/src/ats-lang-anairiats-0.0.1/libc/CATS/math.cats:311: error: expected ‘=’, ‘,’, ‘;’, ‘asm’ or ‘__attribute__’ before ‘ats_ldouble_type’
/usr/local/src/ats-lang-anairiats-0.0.1/libc/CATS/math.cats:316: error: expected identifier or ‘(’ before ‘/’ token
/usr/local/src/ats-lang-anairiats-0.0.1/libc/CATS/math.cats:323: error: expected ‘=’, ‘,’, ‘;’, ‘asm’ or ‘__attribute__’ before ‘ats_float_type’
/usr/local/src/ats-lang-anairiats-0.0.1/libc/CATS/math.cats:327: error: expected ‘=’, ‘,’, ‘;’, ‘asm’ or ‘__attribute__’ before ‘ats_ldouble_type’
/usr/local/src/ats-lang-anairiats-0.0.1/libc/CATS/math.cats:333: error: expected ‘=’, ‘,’, ‘;’, ‘asm’ or ‘__attribute__’ before ‘ats_double_type’
/usr/local/src/ats-lang-anairiats-0.0.1/libc/CATS/math.cats:337: error: expected ‘=’, ‘,’, ‘;’, ‘asm’ or ‘__attribute__’ before ‘ats_float_type’
/usr/local/src/ats-lang-anairiats-0.0.1/libc/CATS/math.cats:341: error: expected ‘=’, ‘,’, ‘;’, ‘asm’ or ‘__attribute__’ before ‘ats_ldouble_type’
/usr/local/src/ats-lang-anairiats-0.0.1/libc/CATS/math.cats:346: error: expected identifier or ‘(’ before ‘/’ token
/usr/local/src/ats-lang-anairiats-0.0.1/libc/CATS/math.cats:353: error: expected ‘=’, ‘,’, ‘;’, ‘asm’ or ‘__attribute__’ before ‘ats_float_type’
/usr/local/src/ats-lang-anairiats-0.0.1/libc/CATS/math.cats:357: error: expected ‘=’, ‘,’, ‘;’, ‘asm’ or ‘__attribute__’ before ‘ats_ldouble_type’
/usr/local/src/ats-lang-anairiats-0.0.1/libc/CATS/math.cats:360: error: expected identifier or ‘(’ before ‘/’ token
/usr/local/src/ats-lang-anairiats-0.0.1/libc/CATS/math.cats:367: error: expected ‘=’, ‘,’, ‘;’, ‘asm’ or ‘__attribute__’ before ‘ats_float_type’
/usr/local/src/ats-lang-anairiats-0.0.1/libc/CATS/math.cats:371: error: expected ‘=’, ‘,’, ‘;’, ‘asm’ or ‘__attribute__’ before ‘ats_ldouble_type’
/usr/local/src/ats-lang-anairiats-0.0.1/libc/CATS/math.cats:374: error: expected identifier or ‘(’ before ‘/’ token
/usr/local/src/ats-lang-anairiats-0.0.1/libc/CATS/math.cats:381: error: expected ‘=’, ‘,’, ‘;’, ‘asm’ or ‘__attribute__’ before ‘ats_float_type’
/usr/local/src/ats-lang-anairiats-0.0.1/libc/CATS/math.cats:385: error: expected ‘=’, ‘,’, ‘;’, ‘asm’ or ‘__attribute__’ before ‘ats_ldouble_type’
nbody_dats.c:86:22: warning: '$' in identifier or number
nbody_dats.c:127: warning: ISO C does not allow extra ‘;’ outside of a function
nbody_dats.c: In function ‘aux_3’:
nbody_dats.c:137: warning: ISO C90 forbids mixed declarations and code
nbody_dats.c:150: error: expected expression before ‘/’ token
nbody_dats.c: In function ‘array_ptr_initialize_elt$747__ats_double_type’:
nbody_dats.c:162: warning: label ‘__ats_lab_array_ptr_initialize_elt$747__ats_double_type’ defined but not used
nbody_dats.c: In function ‘array_ptr_make_elt$752__ats_double_type’:
nbody_dats.c:175: warning: label ‘__ats_lab_array_ptr_make_elt$752__ats_double_type’ defined but not used
nbody_dats.c: In function ‘array_make_elt$778__ats_double_type’:
nbody_dats.c:192: warning: label ‘__ats_lab_array_make_elt$778__ats_double_type’ defined but not used
nbody_dats.c: In function ‘array_set_elt_at$783__ats_double_type’:
nbody_dats.c:205: warning: ISO C90 forbids mixed declarations and code
nbody_dats.c:207: warning: label ‘__ats_lab_array_set_elt_at$783__ats_double_type’ defined but not used
nbody_dats.c: In function ‘loop_4’:
nbody_dats.c:217: warning: ISO C90 forbids mixed declarations and code
nbody_dats.c:221: warning: ISO C90 forbids mixed declarations and code
nbody_dats.c:223: warning: ISO C90 forbids mixed declarations and code
nbody_dats.c:225: warning: ISO C90 forbids mixed declarations and code
nbody_dats.c:227: warning: ISO C90 forbids mixed declarations and code
nbody_dats.c:230: warning: ISO C90 forbids mixed declarations and code
nbody_dats.c:233: warning: ISO C90 forbids mixed declarations and code
nbody_dats.c:236: warning: ISO C90 forbids mixed declarations and code
nbody_dats.c:245: error: expected expression before ‘/’ token
nbody_dats.c:271: error: expected expression before ‘/’ token
nbody_dats.c: In function ‘array_get_elt_at$782__ats_double_type’:
nbody_dats.c:284: warning: label ‘__ats_lab_array_get_elt_at$782__ats_double_type’ defined but not used
nbody_dats.c: In function ‘pl_7’:
nbody_dats.c:294: warning: ISO C90 forbids mixed declarations and code
nbody_dats.c:296: warning: ISO C90 forbids mixed declarations and code
nbody_dats.c:301: warning: ISO C90 forbids mixed declarations and code
nbody_dats.c:306: warning: ISO C90 forbids mixed declarations and code
nbody_dats.c:333: error: expected expression before ‘/’ token
nbody_dats.c: In function ‘vl_9’:
nbody_dats.c:344: warning: ISO C90 forbids mixed declarations and code
nbody_dats.c:369: warning: ISO C90 forbids mixed declarations and code
nbody_dats.c:373: warning: ISO C90 forbids mixed declarations and code
nbody_dats.c:377: warning: ISO C90 forbids mixed declarations and code
nbody_dats.c:381: warning: ISO C90 forbids mixed declarations and code
nbody_dats.c:385: warning: ISO C90 forbids mixed declarations and code
nbody_dats.c:389: warning: ISO C90 forbids mixed declarations and code
nbody_dats.c:455: error: expected expression before ‘/’ token
nbody_dats.c:462: error: expected expression before ‘/’ token
nbody_dats.c:467: warning: label ‘__ats_lab_1_0’ defined but not used
nbody_dats.c:400: warning: label ‘__ats_lab_0_1’ defined but not used
nbody_dats.c:399: warning: label ‘__ats_lab_0_0’ defined but not used
nbody_dats.c: In function ‘advance_6’:
nbody_dats.c:480: warning: label ‘__ats_lab_advance_6’ defined but not used
nbody_dats.c: In function ‘loop_11’:
nbody_dats.c:489: warning: ISO C90 forbids mixed declarations and code
nbody_dats.c:502: warning: ISO C90 forbids mixed declarations and code
nbody_dats.c:507: warning: ISO C90 forbids mixed declarations and code
nbody_dats.c:534: error: expected expression before ‘/’ token
nbody_dats.c: In function ‘offmoment_10’:
nbody_dats.c:560: warning: label ‘__ats_lab_offmoment_10’ defined but not used
nbody_dats.c: In function ‘l_13$l0_14’:
nbody_dats.c:680: error: expected expression before ‘/’ token
nbody_dats.c:685: error: expected expression before ‘/’ token
nbody_dats.c:708: error: expected expression before ‘/’ token
nbody_dats.c: In function ‘energy_12’:
nbody_dats.c:722: warning: label ‘__ats_lab_energy_12’ defined but not used
nbody_dats.c: In function ‘advances_16’:
nbody_dats.c:731: warning: ISO C90 forbids mixed declarations and code
nbody_dats.c:733: warning: ISO C90 forbids mixed declarations and code
nbody_dats.c:741: error: expected expression before ‘/’ token
nbody_dats.c: In function ‘mainats’:
nbody_dats.c:753: warning: ISO C90 forbids mixed declarations and code
nbody_dats.c:757: warning: ISO C90 forbids mixed declarations and code
nbody_dats.c:760: warning: ISO C90 forbids mixed declarations and code
nbody_dats.c:762: warning: ISO C90 forbids mixed declarations and code
nbody_dats.c:764: warning: label ‘__ats_lab_mainats’ defined but not used
nbody_dats.c: In function ‘_2fhome_2fdunham_2fDocuments_2fbenchmarksgame_2fnbody_2ftmp_2fnbody_2edats__staload’:
nbody_dats.c:787: warning: ISO C90 forbids mixed declarations and code
nbody_dats.c: At top level:
nbody_dats.c:798: error: expected identifier or ‘(’ before ‘/’ token
nbody_dats.c: In function ‘_2fhome_2fdunham_2fDocuments_2fbenchmarksgame_2fnbody_2ftmp_2fnbody_2edats__dynload’:
nbody_dats.c:801: error: expected expression before ‘/’ token
nbody_dats.c: In function ‘main’:
nbody_dats.c:919: warning: implicit declaration of function ‘ats_gc_init’
nbody_dats.c:920: warning: implicit declaration of function ‘mainats_prelude’
Exit: [gcc] failed.
gcc -I/usr/local/src/ats-lang-anairiats-0.0.1/ -I/usr/local/src/ats-lang-anairiats-0.0.1/ccomp/runtime/ -L/usr/local/src/ats-lang-anairiats-0.0.1/ccomp/lib/ /usr/local/src/ats-lang-anairiats-0.0.1/ccomp/runtime/ats_prelude.c -pipe -Wall -O3 -fomit-frame-pointer -ansi -pedantic -mfpmath=sse -msse3 nbody_dats.c -o nbody.ats-2.ats_run -lats 
0.27s to complete and log all make actions

COMMAND LINE:
./nbody.ats-2.ats_run 500000

MAKE ERROR 

