
Wed, 06 Aug 2008 07:51:12 GMT

MAKE:
/usr/bin/g++ -c -pipe -O3 -fomit-frame-pointer -O3 -fomit-frame-pointer  -pipe -O3 -fomit-frame-pointer   regexdna.gpp-2.c++ -o regexdna.gpp-2.c++.o &&  \
        /usr/bin/g++ regexdna.gpp-2.c++.o -o regexdna.gpp-2.gpp_run -L/usr/local/lib -lboost_regex 
regexdna.gpp-2.c++:23:27: error: boost/regex.hpp: No such file or directory
regexdna.gpp-2.c++: In function ‘int main()’:
regexdna.gpp-2.c++:54: error: ‘boost’ has not been declared
regexdna.gpp-2.c++:54: error: expected initializer before ‘lose’
regexdna.gpp-2.c++:55: error: ‘boost’ has not been declared
regexdna.gpp-2.c++:55: error: ‘lose’ was not declared in this scope
regexdna.gpp-2.c++:60: error: ‘boost’ has not been declared
regexdna.gpp-2.c++:60: error: expected initializer before ‘e’
regexdna.gpp-2.c++:61: error: ‘boost’ has not been declared
regexdna.gpp-2.c++:61: error: expected `;' before ‘m’
regexdna.gpp-2.c++:62: error: ‘boost’ has not been declared
regexdna.gpp-2.c++:62: error: expected initializer before ‘end’
regexdna.gpp-2.c++:65: error: ‘m’ was not declared in this scope
regexdna.gpp-2.c++:65: error: ‘end’ was not declared in this scope
regexdna.gpp-2.c++:76: error: ‘boost’ has not been declared
regexdna.gpp-2.c++:76: error: expected initializer before ‘e’
regexdna.gpp-2.c++:77: error: ‘boost’ has not been declared
regexdna.gpp-2.c++:77: error: ‘e’ was not declared in this scope
make[2]: [regexdna.gpp-2.gpp_run] Error 1 (ignored)
rm regexdna.gpp-2.c++

COMMAND LINE:
./regexdna.gpp-2.gpp_run  < regexdna-input50000.txt

MISSING FILE 

