BUILD COMMANDS FOR: ackermann.mercury

Tue Nov  8 23:15:20 PST 2005

mmc --generate-dependencies --grade asm_fast.gc          mytest
/usr/lib/mercury/bin/i686-pc-linux-gnu/mercury_compile: relocation error: /usr/lib/mercury/bin/i686-pc-linux-gnu/mercury_compile: symbol __libc_stack_end, version GLIBC_PRIVATE not defined in file ld-linux.so.2 with link time reference
make[2]: *** [mytest.depend] Error 127
cat: mytest.err: No such file or directory
make[1]: [ackermann.mercury_run] Error 1 (ignored)

=================================================================
COMMAND LINE (%A is single numeric argument):

ackermann.mercury_run %A
Error, could not exec ackermann.mercury_run 7 (No such file or directory)
PATH=/opt/shootout/shootout/bench/ackermann:/opt/shootout/shootout/bench/ackermann/tmp:/usr/local/Acrobat5/bin:/usr/lib/postgresql/bin:/home/brent/GNUstep/Tools:/usr/local/lib/GNUstep/Local/Tools:/usr/local/lib/GNUstep/Network/Tools:/usr/lib/GNUstep/System/Tools:/usr/local/bin:/usr/bin:/bin:/usr/bin/X11:/usr/games
TEST FAILED - Child processed exited with error code (1)


PROGRAM OUTPUT
==============
