BUILD COMMANDS FOR: ackermann.felix

Sat Sep 17 09:30:19 PDT 2005

cp /opt/shootout/shootout/bench/ackermann/ackermann.felix ackermann.flx
/usr/bin/flx -c --optimize --static ./ackermann
/opt/shootout/shootout/bench/ackermann/tmp/./ackermann.hpp:93: error: expected initializer before '_i2111_f1791_ack'
/opt/shootout/shootout/bench/ackermann/tmp/./ackermann.cpp:58: error: expected initializer before '_i2111_f1791_ack'
/opt/shootout/shootout/bench/ackermann/tmp/./ackermann.cpp: In member function 'virtual flx::rtl::con_t* _i2081_p1796__init_::resume()':
/opt/shootout/shootout/bench/ackermann/tmp/./ackermann.cpp:169: error: '_i2111_f1791_ack' was not declared in this scope
make[3]: [ackermann.felix_run] Error 1 (ignored)
mv: cannot stat `ackermann': No such file or directory
make[3]: [ackermann.felix_run] Error 1 (ignored)
rm ackermann.flx

=================================================================
COMMAND LINE (%A is single numeric argument):

ackermann.felix_run %A
Error, could not exec ackermann.felix_run 7 (No such file or directory)
PATH=/opt/shootout/shootout/bench/ackermann:/opt/shootout/shootout/bench/ackermann/tmp:/opt/xds_c/bin:/opt/intel_fc_80/bin:/opt/intel_cc_80/bin:/usr/lib/poplog/current-poplog/pop/pop:/usr/bin:/bin:/usr/lib/poplog/current-poplog/pop/com
TEST FAILED - Child processed exited with error code (1)


PROGRAM OUTPUT
==============
