BUILD COMMANDS FOR: ackermann.psyco

Sun Oct 30 18:17:01 PST 2005

rm -f ackermann.pyo ackermann.pyc
cp /opt/shootout/shootout/bench/ackermann/ackermann.psyco ackermann.py
/usr/bin/python2.4 -OO -c "from py_compile import compile; compile('/opt/shootout/shootout/bench/ackermann/tmp/ackermann.py')"
touch ackermann.psyco_run

=================================================================
COMMAND LINE (%A is single numeric argument):

 /usr/bin/python2.4 ackermann.py %A
Traceback (most recent call last):
  File "ackermann.py", line 6, in ?
    import sys, psyco
  File "/usr/lib/python2.4/site-packages/psyco/__init__.py", line 45, in ?
    raise ImportError, str(e) + extramsg
ImportError: /usr/lib/python2.4/site-packages/psyco/_psyco.so: undefined symbol: PyFPE_jbuf (check that the compiled extension '/usr/lib/python2.4/site-packages/psyco/_psyco.so' is for the correct Python version; this is Python 2.4.2)
TEST FAILED - Child processed exited with error code (1)


PROGRAM OUTPUT
==============
