Entering single file mode.
Compiling library ary
[Loading library Dylan...]
[Loading library common-dylan...
  [Loading library melange-support...]
  [Loading library threads...]
  [Loading library table-extensions...]
  [Loading library Random...
   [Loading library transcendental...]]]
[Loading library io...In Define Library ary.:
unknown source locationWarning: Can't tell if argument <unknown-type> is a subtype of type-union(<false>, <type>),
so can't tell if method:
  type-for-file-stream{<object>, <unknown-type>, <object>}
is congruent to GF
  type-for-file-stream
]
Parsing ary.dylan
Finalizing library.
Converting top level forms.
                    Optimizing top level forms.
                    Emitting C code.
                    Emitting Library Heap.
Emitting Global Heap.
Building inits.
ary.dylan: In function 'inits':
ary.dylan:58217: warning: implicit declaration of function 'dylan_Library_init'
ary.dylan:58218: warning: implicit declaration of function 'melange_support_Library_init'
ary.dylan:58219: warning: implicit declaration of function 'threads_Library_init'
ary.dylan:58220: warning: implicit declaration of function 'table_extensions_Library_init'
ary.dylan:58221: warning: implicit declaration of function 'transcendental_Library_init'
ary.dylan:58222: warning: implicit declaration of function 'random_Library_init'
ary.dylan:58223: warning: implicit declaration of function 'common_dylan_Library_init'
ary.dylan:58224: warning: implicit declaration of function 'io_Library_init'
mkdir .libs
gcc -o ary ary.o  /usr/lib/dylan/2.5.0/x86-linux-gcc/libio-dylan.a /usr/lib/dylan/2.5.0/x86-linux-gcc/libcommon-dylan-dylan.a /usr/lib/dylan/2.5.0/x86-linux-gcc/librandom-dylan.a /usr/lib/dylan/2.5.0/x86-linux-gcc/libtranscendental-dylan.a /usr/lib/dylan/2.5.0/x86-linux-gcc/libtable-extensions-dylan.a /usr/lib/dylan/2.5.0/x86-linux-gcc/libthreads-dylan.a /usr/lib/dylan/2.5.0/x86-linux-gcc/libmelange-support-dylan.a /usr/lib/dylan/2.5.0/x86-linux-gcc/libdylan-dylan.a /usr/lib/dylan/2.5.0/x86-linux-gcc/libruntime.a /usr/lib/libgc.so -ldl -lpthread -lm
gcc: ary.o: No such file or directory
gcc failed?
make[3]: *** [ary.gwydion_run] Aborted
(if [ "ary" = "random" ]; then	\
    mv randum ary.gwydion_run;		\
else				\
    mv ary ary.gwydion_run;			\
fi)
mv: cannot stat `ary': No such file or directory
make[3]: [ary.gwydion_run] Error 1 (ignored)
rm ary.[co]
rm: cannot remove `ary.[co]': No such file or directory
make[3]: [ary.gwydion_run] Error 1 (ignored)
rm -rf .libs

=================================================================
COMMAND LINE (%A is single numeric argument):

ary.gwydion_run %A
Error, could not exec ary.gwydion_run 3000 (No such file or directory)
PATH=/opt/shootout/shootout/bench/ary:/opt/shootout/shootout/bench/ary/tmp:/opt/xds_x86/bin:/opt/intel/fc/9.0/bin:/opt/intel_cc_80/bin:/usr/lib/poplog/current-poplog/pop/pop:/opt/xds_x86/bin:/opt/intel/fc/9.0/bin:/opt/intel_cc_80/bin:/usr/lib/poplog/current-poplog/pop/pop:/usr/local/Acrobat5/bin:/usr/lib/postgresql/bin:/home/brent/GNUstep/Tools:/usr/local/lib/GNUstep/Local/Tools:/usr/local/lib/GNUstep/Network/Tools:/usr/lib/GNUstep/System/Tools:/usr/local/bin:/usr/bin:/bin:/usr/bin/X11:/usr/games:/usr/lib/poplog/current-poplog/pop/com:/usr/lib/poplog/current-poplog/pop/com
TEST FAILED - Child processed exited with error code (1)


PROGRAM OUTPUT
==============


PROGRAM OUTPUT
==============
