BUILD COMMANDS FOR: binarytrees.cyc-2.cyc

Wed Jun 21 22:29:24 PDT 2006

/usr/local/bin/cyclone -lm -o binarytrees.cyc-2.cyc_run binarytrees.cyc-2.cyc

binarytrees.cyc-2.cyc:21: type mismatch: struct node ?`GE123 != struct node ?
  `H and `GE123 are not compatible. 
binarytrees.cyc-2.cyc:40: type mismatch: struct node ?`GE127 != struct node ?`GE125
  `GE125 and `GE127 are not compatible. (variable types are not the same)

COMPILATION FAILED!
make[3]: [binarytrees.cyc-2.cyc_run] Error 1 (ignored)

=================================================================
COMMAND LINE (%A is single numeric argument):

 binarytrees.cyc-2.cyc_run %A
Error, could not exec  binarytrees.cyc-2.cyc_run 12 (No such file or directory)
PATH=/opt/shootout/shootout/bench/binarytrees:/opt/shootout/shootout/bench/binarytrees/tmp:/opt/IronPython/bin:/opt/xds_x86/bin:/opt/intel/fc/9.0/bin:/opt/intel/cc/9.0/bin:/usr/lib/poplog/current-poplog/pop/pop:/usr/lib/smarteiffel/bin:/usr/local/Acrobat5/bin:/usr/lib/postgresql/bin:/home/brent/GNUstep/Tools:/usr/local/lib/GNUstep/Local/Tools:/usr/local/lib/GNUstep/Network/Tools:/usr/lib/GNUstep/System/Tools:/usr/local/bin:/usr/bin:/bin:/usr/bin/X11:/usr/games:/usr/lib/poplog/current-poplog/pop/com
TEST FAILED - Child processed exited with error code (1)


PROGRAM OUTPUT
==============
