BUILD COMMANDS FOR: binarytrees.objc

Wed Apr 18 20:54:03 PDT 2007

cp /opt/shootout/shootout/bench/binarytrees/binarytrees.objc binarytrees.m
/usr/bin/gcc -pipe -Wall -O3 -fomit-frame-pointer -march=athlon-tbird -lobjc  binarytrees.m -o binarytrees.objc_run
binarytrees.m:13: error: field ‘right’ has incomplete type
binarytrees.m:13: error: instance variable ‘right’ has unknown size
binarytrees.m:15: error: expected specifier-qualifier-list before ‘-’ token
binarytrees.m:16: error: expected specifier-qualifier-list before ‘-’ token
binarytrees.m:17: error: expected specifier-qualifier-list before ‘-’ token
binarytrees.m:18: error: expected specifier-qualifier-list before ‘-’ token
binarytrees.m:57: error: expected ‘:’, ‘,’, ‘;’, ‘}’ or ‘__attribute__’ before ‘{’ token
make[3]: [binarytrees.objc_run] Error 1 (ignored)
rm binarytrees.m

=================================================================
COMMAND LINE (%A is single numeric argument):

binarytrees.objc_run %A
Error, could not exec binarytrees.objc_run 12 (No such file or directory)
PATH=/opt/shootout/shootout/bench/binarytrees:/opt/shootout/shootout/bench/binarytrees/tmp:/opt/IronPython/bin:/opt/xds_x86/bin:/opt/intel/fc/9.0/bin:/opt/intel/cc/9.0/bin:/home/brent/bin:/usr/share/smlnj/bin:/usr/local/bin:/usr/bin:/bin:/usr/bin/X11:/usr/games
TEST FAILED - Child processed exited with error code (1)


PROGRAM OUTPUT
==============
