BUILD COMMANDS FOR: chameneosredux.iron

Wed Feb 20 20:02:03 PST 2008

rm -f chameneosredux.py chameneosredux.pyo chameneosredux.pyc
cp /opt/shootout/shootout/bench/chameneosredux/chameneosredux.iron chameneosredux.iron
#-/opt/IronPython/IronPython-1.1/ipy.exe -OO -c "from py_compile import compile; compile('/opt/shootout/shootout/bench/chameneosredux/tmp/chameneosredux.py')"
touch chameneosredux.iron_run

=================================================================
COMMAND LINE (%A is single numeric argument):

 /opt/IronPython/IronPython-1.1/ipy.exe $IRON_FLAGS chameneosredux.iron %A
TEST FAILED - Child processed exited with error code (1)


PROGRAM OUTPUT
==============
Traceback (most recent call last):
SyntaxError: future feature is not defined: with_statement (chameneosredux.iron, line 9)
