BUILD COMMANDS FOR: fannkuch.objc

Mon Jun 12 20:14:03 PDT 2006

cp /opt/shootout/shootout/bench/fannkuch/fannkuch.objc fannkuch.m
/usr/bin/gcc -pipe -Wall -O3 -fomit-frame-pointer -funroll-loops -lobjc  fannkuch.m -o fannkuch.objc_run
fannkuch.m: In function '-[Fannkuch calc]':
fannkuch.m:35: error: 'for' loop initial declaration used outside C99 mode
fannkuch.m:41: error: 'for' loop initial declaration used outside C99 mode
fannkuch.m:48: error: 'for' loop initial declaration used outside C99 mode
fannkuch.m:55: error: 'for' loop initial declaration used outside C99 mode
fannkuch.m:63: error: 'for' loop initial declaration used outside C99 mode
fannkuch.m: In function 'main':
fannkuch.m:90: warning: control reaches end of non-void function
make[2]: [fannkuch.objc_run] Error 1 (ignored)
rm fannkuch.m

=================================================================
COMMAND LINE (%A is single numeric argument):

fannkuch.objc_run %A
Error, could not exec fannkuch.objc_run 8 (No such file or directory)
PATH=/opt/shootout/shootout/bench/fannkuch:/opt/shootout/shootout/bench/fannkuch/tmp:/usr/lib/smarteiffel/bin:/usr/local/Acrobat5/bin:/usr/lib/postgresql/bin:/home/brent/GNUstep/Tools:/usr/local/lib/GNUstep/Local/Tools:/usr/local/lib/GNUstep/Network/Tools:/usr/lib/GNUstep/System/Tools:/usr/local/bin:/usr/bin:/bin:/usr/bin/X11:/usr/games
TEST FAILED - Child processed exited with error code (1)


PROGRAM OUTPUT
==============
