BUILD COMMANDS FOR: fannkuch.csharp

Sun May 15 00:33:50 PDT 2005

/usr/bin/mcs  fannkuch.cs -o fannkuch.csharp_run
make[3]: *** [fannkuch.csharp_run] Segmentation fault
rm fannkuch.cs

=================================================================
COMMAND LINE (%A is single numeric argument):

 /usr/bin/mono fannkuch.csharp_run %A
TEST FAILED - Child processed exited with error code (0), halted by signal 11


PROGRAM OUTPUT
==============
