BUILD COMMANDS FOR: fannkuch.psyco-3.psyco

Mon Oct 31 20:14:03 PST 2005

rm -f fannkuch.psyco-3.pyo fannkuch.psyco-3.pyc
cp /opt/shootout/shootout/bench/fannkuch/fannkuch.psyco-3.psyco fannkuch.psyco-3.py
/usr/bin/python2.4 -OO -c "from py_compile import compile; compile('/opt/shootout/shootout/bench/fannkuch/tmp/fannkuch.psyco-3.py')"
touch fannkuch.psyco-3.psyco_run

=================================================================
COMMAND LINE (%A is single numeric argument):

 /usr/bin/python2.4 fannkuch.psyco-3.py %A
Traceback (most recent call last):
  File "fannkuch.psyco-3.py", line 7, in ?
    import psyco
  File "/usr/lib/python2.4/site-packages/psyco/__init__.py", line 45, in ?
    raise ImportError, str(e) + extramsg
ImportError: /usr/lib/python2.4/site-packages/psyco/_psyco.so: undefined symbol: PyFPE_jbuf (check that the compiled extension '/usr/lib/python2.4/site-packages/psyco/_psyco.so' is for the correct Python version; this is Python 2.4.2)
TEST FAILED - Child processed exited with error code (1)


PROGRAM OUTPUT
==============
