RUNNING SCRIPT: fannkuch.javascript

Sun Apr  8 21:37:15 PDT 2007


=================================================================
COMMAND LINE (%A is single numeric argument):

 /usr/bin/js $JAVASCRIPTOPTS ../fannkuch.javascript %A
TEST FAILED - Child processed exited with error code (0), halted by signal 15
************************************************************
*   TEST (fannkuch.javascript) FAILED - ERROR:  fannkuch.javascript_out differs from Output.11
************************************************************
-rw-r--r-- 1 brent brent   0 2007-04-08 21:43 fannkuch.javascript_out
-rw-r--r-- 1 brent brent 441 2007-04-07 23:49 Output.11


PROGRAM OUTPUT
==============
