BUILD COMMANDS FOR: fasta.psyco

Sun Sep 18 00:17:56 PDT 2005

rm -f fasta.pyo fasta.pyc
cp /opt/shootout/shootout/bench/fasta/fasta.psyco fasta.py
/usr/bin/python2.4 -OO -c "from py_compile import compile; compile('/opt/shootout/shootout/bench/fasta/tmp/fasta.py')"
touch fasta.psyco_run

=================================================================
COMMAND LINE (%A is single numeric argument):

 /usr/bin/python2.4 fasta.py %A
Traceback (most recent call last):
  File "fasta.py", line 9, in ?
    import psyco
  File "/usr/lib/python2.4/site-packages/psyco/__init__.py", line 45, in ?
    raise ImportError, str(e) + extramsg
ImportError: /usr/lib/python2.4/site-packages/psyco/_psyco.so: undefined symbol: PyFPE_jbuf (check that the compiled extension '/usr/lib/python2.4/site-packages/psyco/_psyco.so' is for the correct Python version; this is Python 2.4.1+)
TEST FAILED - Child processed exited with error code (1)


PROGRAM OUTPUT
==============
