BUILD COMMANDS FOR: fasta.gpp

Sat Sep 17 22:51:54 PDT 2005

/usr/bin/g++-4.0 -c -pipe -Wall -O3 -fomit-frame-pointer -funroll-loops  fasta.c++ -o fasta.c++.o &&  \
        /usr/bin/g++-4.0 fasta.c++.o -o fasta.gpp_run -L/usr/local/lib  
fasta.c++:20: warning: 'class random' has virtual functions but non-virtual destructor
fasta.c++:43: error: ISO C++ forbids declaration of 'random' with no type
fasta.c++:43: error: expected ';' before '*' token
fasta.c++:53: error: 'random' is not a type
fasta.c++: In constructor 'aacids::aacids(char*, char*, int*, int, aminoacids*)':
fasta.c++:54: error: class 'aacids' does not have any field named 'R'
fasta.c++: In member function 'virtual char aacids::selectRandom()':
fasta.c++:99: error: 'R' was not declared in this scope
fasta.c++: In function 'int main(int, char**)':
fasta.c++:192: error: expected `;' before 'r'
fasta.c++:192: warning: statement is a reference, not call, to function 'random'
fasta.c++:192: warning: statement has no effect
fasta.c++:195: error: 'r' was not declared in this scope
make[3]: [fasta.gpp_run] Error 1 (ignored)

=================================================================
COMMAND LINE (%A is single numeric argument):

fasta.gpp_run %A
Error, could not exec fasta.gpp_run 25000 (No such file or directory)
PATH=/opt/shootout/shootout/bench/fasta:/opt/shootout/shootout/bench/fasta/tmp:/opt/xds_x86/bin:/opt/intel_fc_80/bin:/opt/intel_cc_80/bin:/usr/lib/poplog/current-poplog/pop/pop:/usr/bin:/bin:/usr/lib/poplog/current-poplog/pop/com
TEST FAILED - Child processed exited with error code (1)


PROGRAM OUTPUT
==============
