BUILD COMMANDS FOR: fasta.kaffe

Sat Sep 17 22:57:28 PDT 2005

make[3]: `fasta.kaffe_run' is up to date.

=================================================================
COMMAND LINE (%A is single numeric argument):

 /usr/bin/kaffe -classpath fasta.kaffe_run  fasta %A
java.lang.ClassNotFoundException: fasta not found in java.lang.ClassLoader$1{urls=[file:/opt/shootout/shootout/bench/fasta/tmp/fasta.kaffe_run/], parent=null}
caused by: java.lang.ClassNotFoundException: fasta not found in java.lang.ClassLoader$1{urls=[file:/opt/shootout/shootout/bench/fasta/tmp/fasta.kaffe_run/], parent=null}
caused by: TEST FAILED - Child processed exited with error code (1)
TEST FAILED - Child processed exited with error code (1)
java.lang.ClassNotFoundException: fasta not found in java.lang.ClassLoader$1{urls=[file:/opt/shootout/shootout/bench/fasta/tmp/fasta.kaffe_run/], parent=null}
caused by: TEST FAILED - Child processed exited with error code (1)
java.lang.ClassNotFoundException: fasta not found in java.lang.ClassLoader$1{urls=[file:/opt/shootout/shootout/bench/fasta/tmp/fasta.kaffe_run/], parent=null}
caused by: java.lang.ClassNotFoundException: fasta not found in java.lang.ClassLoader$1{urls=[file:/opt/shootout/shootout/bench/fasta/tmp/fasta.kaffe_run/], parent=null}
caused by: TEST FAILED - Child processed exited with error code (1)
TEST FAILED - Child processed exited with error code (1)


PROGRAM OUTPUT
==============
