BUILD COMMANDS FOR: fasta.cyc

Wed Jun 21 22:29:48 PDT 2006

/usr/local/bin/cyclone  -o fasta.cyc_run fasta.cyc

fasta.cyc:76: actual argument has type 
	char @{61U}@nozeroterm`GE133
 but formal has type 
	const char @`GE133

  char @{61U}@nozeroterm`GE133 and const char @`GE133 are not compatible. 
	(not both zero terminated)

COMPILATION FAILED!
make[3]: [fasta.cyc_run] Error 1 (ignored)

=================================================================
COMMAND LINE (%A is single numeric argument):

 fasta.cyc_run %A
Error, could not exec  fasta.cyc_run 25000 (No such file or directory)
PATH=/opt/shootout/shootout/bench/fasta:/opt/shootout/shootout/bench/fasta/tmp:/opt/IronPython/bin:/opt/xds_x86/bin:/opt/intel/fc/9.0/bin:/opt/intel/cc/9.0/bin:/usr/lib/poplog/current-poplog/pop/pop:/usr/lib/smarteiffel/bin:/usr/local/Acrobat5/bin:/usr/lib/postgresql/bin:/home/brent/GNUstep/Tools:/usr/local/lib/GNUstep/Local/Tools:/usr/local/lib/GNUstep/Network/Tools:/usr/lib/GNUstep/System/Tools:/usr/local/bin:/usr/bin:/bin:/usr/bin/X11:/usr/games:/usr/lib/poplog/current-poplog/pop/com
TEST FAILED - Child processed exited with error code (1)


PROGRAM OUTPUT
==============
