BUILD COMMANDS FOR: fasta.dlang

Sun May 15 00:34:39 PDT 2005

/usr/bin/dmd -O -inline -release  -offasta.dlang_run fasta.d
gcc fasta.o -o fasta.dlang_run -lphobos -lpthread -lm 
collect2: ld terminated with signal 11 [Segmentation fault]
--- errorlevel 1
make[2]: [fasta.dlang_run] Error 1 (ignored)

=================================================================
COMMAND LINE (%A is single numeric argument):

fasta.dlang_run %A
Error, could not exec fasta.dlang_run 25000 (No such file or directory)
PATH=/opt/shootout/shootout/bench/fasta:/opt/shootout/shootout/bench/fasta/tmp:/opt/intel_fc_80/bin:/opt/intel_cc_80/bin:/usr/lib/poplog/current-poplog/pop/pop:/usr/local/Acrobat5/bin:/usr/lib/postgresql/bin:/usr/local/Acrobat5/bin:/usr/lib/postgresql/bin:/home/brent/GNUstep/Tools:/usr/local/lib/GNUstep/Local/Tools:/usr/local/lib/GNUstep/Network/Tools:/usr/lib/GNUstep/System/Tools:/usr/local/bin:/usr/bin:/bin:/usr/bin/X11:/usr/games:/usr/lib/poplog/current-poplog/pop/com
************************************************************
*   TEST (fasta.dlang_run) FAILED - ERROR:  fasta.dlang_out differs from Output.25000
************************************************************
-rw-r--r--  1 brent brent 381371 May 15 00:34 Output.25000
-rw-r--r--  1 brent brent      0 May 15 00:34 fasta.dlang_out
TEST FAILED - Child processed exited with error code (1)


PROGRAM OUTPUT
==============
