BUILD COMMANDS FOR: fasta.psyco-2.psyco

Mon Oct 31 20:51:07 PST 2005

rm -f fasta.psyco-2.pyo fasta.psyco-2.pyc
cp /opt/shootout/shootout/bench/fasta/fasta.psyco-2.psyco fasta.psyco-2.py
/usr/bin/python2.4 -OO -c "from py_compile import compile; compile('/opt/shootout/shootout/bench/fasta/tmp/fasta.psyco-2.py')"
touch fasta.psyco-2.psyco_run

=================================================================
COMMAND LINE (%A is single numeric argument):

 /usr/bin/python2.4 fasta.psyco-2.py %A
Traceback (most recent call last):
  File "fasta.psyco-2.py", line 8, in ?
    import psyco
  File "/usr/lib/python2.4/site-packages/psyco/__init__.py", line 45, in ?
    raise ImportError, str(e) + extramsg
ImportError: /usr/lib/python2.4/site-packages/psyco/_psyco.so: undefined symbol: PyFPE_jbuf (check that the compiled extension '/usr/lib/python2.4/site-packages/psyco/_psyco.so' is for the correct Python version; this is Python 2.4.2)
TEST FAILED - Child processed exited with error code (1)


PROGRAM OUTPUT
==============
