BUILD COMMANDS FOR: fibo.gnat

Sat Sep 17 23:02:45 PDT 2005

/usr/bin/gnatchop -w fibo.ada
splitting fibo.ada into:
   fibo.adb
   pck_fibo.ads
   pck_fibo.adb
/usr/bin/gnatmake -gnatp -Wall -O3 -fomit-frame-pointer -funroll-loops  -f fibo.adb -o fibo.gnat_run
gcc-4.0 -c -gnatp -Wall -O3 -fomit-frame-pointer -funroll-loops fibo.adb
gcc-4.0 -c -gnatp -Wall -O3 -fomit-frame-pointer -funroll-loops pck_fibo.adb
gnatbind -x fibo.ali
gnatlink fibo.ali -fomit-frame-pointer -funroll-loops -ognatlink fibo.a/usr/bin/ld: BFD 2.16.91 20050902 Debian GNU/Linux internal error, aborting at ../../bfd/cache.c line 496 in bfd_cache_lookup_worker

/usr/bin/ld: Please report this bug.

collect2: ld returned 1 exit status
gnatlink: cannot call /usr/bin/gcc-4.0
gnatmake: *** link failed.
make[3]: [fibo.gnat_run] Error 4 (ignored)

=================================================================
COMMAND LINE (%A is single numeric argument):

fibo.gnat_run %A
Error, could not exec fibo.gnat_run 12 (No such file or directory)
PATH=/opt/shootout/shootout/bench/fibo:/opt/shootout/shootout/bench/fibo/tmp:/opt/xds_c/bin:/opt/intel_fc_80/bin:/opt/intel_cc_80/bin:/usr/lib/poplog/current-poplog/pop/pop:/usr/bin:/bin:/usr/lib/poplog/current-poplog/pop/com
TEST FAILED - Child processed exited with error code (1)
TEST FAILED - Child processed exited with error code (1)
TEST FAILED - Child processed exited with error code (1)
TEST FAILED - Child processed exited with error code (1)
TEST FAILED - Child processed exited with error code (1)


PROGRAM OUTPUT
==============
