BUILD COMMANDS FOR: harmonic.psyco-2.psyco

Sun Sep 18 00:49:28 PDT 2005

make[3]: `harmonic.psyco-2.psyco_run' is up to date.

=================================================================
COMMAND LINE (%A is single numeric argument):

 /usr/bin/python2.4 harmonic.psyco-2.py %A
Traceback (most recent call last):
  File "harmonic.psyco-2.py", line 6, in ?
    import sys, psyco
  File "/usr/lib/python2.4/site-packages/psyco/__init__.py", line 45, in ?
    raise ImportError, str(e) + extramsg
ImportError: /usr/lib/python2.4/site-packages/psyco/_psyco.so: undefined symbol: PyFPE_jbuf (check that the compiled extension '/usr/lib/python2.4/site-packages/psyco/_psyco.so' is for the correct Python version; this is Python 2.4.1+)
Traceback (most recent call last):
  File "harmonic.psyco-2.py", line 6, in ?
    import sys, psyco
  File "/usr/lib/python2.4/site-packages/psyco/__init__.py", line 45, in ?
    raise ImportError, str(e) + extramsg
ImportError: /usr/lib/python2.4/site-packages/psyco/_psyco.so: undefined symbol: PyFPE_jbuf (check that the compiled extension '/usr/lib/python2.4/site-packages/psyco/_psyco.so' is for the correct Python version; this is Python 2.4.1+)
TEST FAILED - Child processed exited with error code (1)
TEST FAILED - Child processed exited with error code (1)


PROGRAM OUTPUT
==============
