BUILD COMMANDS FOR: harmonic.psyco-3.psyco

Sun Sep 18 00:49:29 PDT 2005

rm -f harmonic.psyco-3.pyo harmonic.psyco-3.pyc
cp /opt/shootout/shootout/bench/harmonic/harmonic.psyco-3.psyco harmonic.psyco-3.py
/usr/bin/python2.4 -OO -c "from py_compile import compile; compile('/opt/shootout/shootout/bench/harmonic/tmp/harmonic.psyco-3.py')"
touch harmonic.psyco-3.psyco_run

=================================================================
COMMAND LINE (%A is single numeric argument):

 /usr/bin/python2.4 harmonic.psyco-3.py %A
Traceback (most recent call last):
  File "harmonic.psyco-3.py", line 7, in ?
    import psyco; psyco.full()
  File "/usr/lib/python2.4/site-packages/psyco/__init__.py", line 45, in ?
    raise ImportError, str(e) + extramsg
ImportError: /usr/lib/python2.4/site-packages/psyco/_psyco.so: undefined symbol: PyFPE_jbuf (check that the compiled extension '/usr/lib/python2.4/site-packages/psyco/_psyco.so' is for the correct Python version; this is Python 2.4.1+)
Traceback (most recent call last):
  File "harmonic.psyco-3.py", line 7, in ?
    import psyco; psyco.full()
  File "/usr/lib/python2.4/site-packages/psyco/__init__.py", line 45, in ?
    raise ImportError, str(e) + extramsg
ImportError: /usr/lib/python2.4/site-packages/psyco/_psyco.so: undefined symbol: PyFPE_jbuf (check that the compiled extension '/usr/lib/python2.4/site-packages/psyco/_psyco.so' is for the correct Python version; this is Python 2.4.1+)
TEST FAILED - Child processed exited with error code (1)
TEST FAILED - Child processed exited with error code (1)


PROGRAM OUTPUT
==============
