BUILD COMMANDS FOR: hash.gpp

Thu Dec  1 21:47:20 PST 2005

/usr/bin/g++ -c -pipe -Wall -O3 -fomit-frame-pointer -funroll-loops  hash.c++ -o hash.c++.o &&  \
        /usr/bin/g++ hash.c++.o -o hash.gpp_run -L/usr/local/lib  
hash.c++: In function 'int main(int, char**)':
hash.c++:48: error: '__single_client_alloc' was not declared in this scope
hash.c++:48: error: template argument 5 is invalid
hash.c++:48: error: invalid type in declaration before ';' token
hash.c++:60: error: request for member 'find' in 'X', which is of non-class type 'main::HM'
hash.c++:60: error: request for member 'end' in 'X', which is of non-class type 'main::HM'
make[3]: [hash.gpp_run] Error 1 (ignored)

=================================================================
COMMAND LINE (%A is single numeric argument):

hash.gpp_run %A
Error, could not exec hash.gpp_run 40000 (No such file or directory)
PATH=/opt/shootout/shootout/bench/hash:/opt/shootout/shootout/bench/hash/tmp:/opt/xds_x86/bin:/opt/intel/fc/9.0/bin:/opt/intel/cc/9.0/bin:/usr/lib/poplog/current-poplog/pop/pop:/usr/lib/smarteiffel/bin:/usr/local/Acrobat5/bin:/usr/lib/postgresql/bin:/home/brent/GNUstep/Tools:/usr/local/lib/GNUstep/Local/Tools:/usr/local/lib/GNUstep/Network/Tools:/usr/lib/GNUstep/System/Tools:/usr/local/bin:/usr/bin:/bin:/usr/bin/X11:/usr/games:/usr/lib/poplog/current-poplog/pop/com
TEST FAILED - Child processed exited with error code (1)


PROGRAM OUTPUT
==============
