BUILD COMMANDS FOR: implicitode.iron

Thu Apr 20 21:13:14 PDT 2006

rm -f implicitode.py implicitode.pyo implicitode.pyc
cp /opt/shootout/shootout/bench/implicitode/implicitode.iron implicitode.iron
#-/usr/local/bin/IronPythonConsole.exe -OO -c "from py_compile import compile; compile('/opt/shootout/shootout/bench/implicitode/tmp/implicitode.py')"
touch implicitode.iron_run

=================================================================
COMMAND LINE (%A is single numeric argument):

 /usr/local/bin/IronPythonConsole.exe $IRON_FLAGS implicitode.iron %A
TEST FAILED - Child processed exited with error code (1)


PROGRAM OUTPUT
==============
Traceback (most recent call last):
  File implicitode, line unknown, in Initialize
  File implicitode, line unknown, in rat
  File implicitode, line unknown, in __mul__
AttributeError: 'int' object has no attribute 'x'
