BUILD COMMANDS FOR: knucleotide.csharp

Mon May 16 00:51:23 PDT 2005

/usr/bin/mcs  knucleotide.cs -o knucleotide.csharp_run
make[3]: *** [knucleotide.csharp_run] Segmentation fault
rm knucleotide.cs

=================================================================
COMMAND LINE (%A is single numeric argument):

 /usr/bin/mono knucleotide.csharp_run %A
TEST FAILED - Child processed exited with error code (0), halted by signal 11
TEST FAILED - Child processed exited with error code (0), halted by signal 11


PROGRAM OUTPUT
==============
