BUILD COMMANDS FOR: knucleotide.psyco

Wed Sep 21 01:45:52 PDT 2005

rm -f knucleotide.pyo knucleotide.pyc
cp /opt/shootout/shootout/bench/knucleotide/knucleotide.psyco knucleotide.py
/usr/bin/python2.4 -OO -c "from py_compile import compile; compile('/opt/shootout/shootout/bench/knucleotide/tmp/knucleotide.py')"
touch knucleotide.psyco_run

=================================================================
COMMAND LINE (%A is single numeric argument):

 /usr/bin/python2.4 knucleotide.py %A
Traceback (most recent call last):
  File "knucleotide.py", line 8, in ?
    import psyco
  File "/usr/lib/python2.4/site-packages/psyco/__init__.py", line 45, in ?
    raise ImportError, str(e) + extramsg
ImportError: /usr/lib/python2.4/site-packages/psyco/_psyco.so: undefined symbol: PyFPE_jbuf (check that the compiled extension '/usr/lib/python2.4/site-packages/psyco/_psyco.so' is for the correct Python version; this is Python 2.4.1+)
TEST FAILED - Child processed exited with error code (1)


PROGRAM OUTPUT
==============
