BUILD COMMANDS FOR: knucleotide.gcj

Sat Sep 17 10:58:49 PDT 2005

/usr/bin/gcj-3.4 -O3 -fomit-frame-pointer -funroll-loops -o knucleotide.gcj_run --main=knucleotide knucleotide.java
gcj-3.4: installation problem, cannot exec `cc1': No such file or directory
make[3]: [knucleotide.gcj_run] Error 1 (ignored)
rm knucleotide.java

=================================================================
COMMAND LINE (%A is single numeric argument):

knucleotide.gcj_run %A
Error, could not exec knucleotide.gcj_run 1 (No such file or directory)
PATH=/opt/shootout/shootout/bench/knucleotide:/opt/shootout/shootout/bench/knucleotide/tmp:/opt/xds_c/bin:/opt/intel_fc_80/bin:/opt/intel_cc_80/bin:/usr/lib/poplog/current-poplog/pop/pop:/usr/bin:/bin:/usr/lib/poplog/current-poplog/pop/com
TEST FAILED - Child processed exited with error code (1)
Error, could not exec  (Inappropriate ioctl for device)
PATH=/opt/shootout/shootout/bench/knucleotide:/opt/shootout/shootout/bench/knucleotide/tmp:/usr/local/Acrobat5/bin:/usr/lib/postgresql/bin:/home/brent/GNUstep/Tools:/usr/local/lib/GNUstep/Local/Tools:/usr/local/lib/GNUstep/Network/Tools:/usr/lib/GNUstep/System/Tools:/usr/local/bin:/usr/bin:/bin:/usr/bin/X11:/usr/games
TEST FAILED - Child processed exited with error code (1)


PROGRAM OUTPUT
==============
