RUNNING SCRIPT: knucleotide.groovy

Wed Sep 21 01:32:52 PDT 2005


=================================================================
COMMAND LINE (%A is single numeric argument):

 /usr/bin/groovy knucleotide.groovy %A
Caught: java.io.FileNotFoundException: knucleotide.groovy (No such file or directory)
TEST FAILED - Child processed exited with error code (1)


PROGRAM OUTPUT
==============
