RUNNING SCRIPT: knucleotide.gforth

Sat Sep 17 10:59:37 PDT 2005


=================================================================
COMMAND LINE (%A is single numeric argument):

 /usr/bin/gforth-fast -m 8M ../knucleotide.gforth %A
************************************************************
*   TEST (knucleotide.gforth) FAILED - ERROR:  knucleotide.gforth_out differs from Output.25000
************************************************************
-rw-r--r--  1 brent brent 246 Sep 17 10:57 Output.25000
-rw-r--r--  1 brent brent   0 Sep 17 10:59 knucleotide.gforth_out

in file included from *the terminal*:0
../knucleotide.gforth:83: Invalid memory address
main bye \ done!
^^^^
Backtrace:TEST FAILED - Child processed exited with error code (1)


PROGRAM OUTPUT
==============

