BUILD COMMANDS FOR: mandelbrot.gcc-3.gcc

Wed Jun  7 21:28:17 PDT 2006

/usr/bin/gcc-4.1 -pipe -Wall -O3 -fomit-frame-pointer -funroll-loops -D_ISOC9X_SOURCE -mfpmath=sse -march=athlon-xp -lm mandelbrot.gcc-3.c -o mandelbrot.gcc-3.gcc_run
mandelbrot.gcc-3.c:25: warning: specifying vector types with __attribute__ ((mode)) is deprecated
mandelbrot.gcc-3.c:25: warning: use __attribute__ ((vector_size)) instead
mandelbrot.gcc-3.c: In function 'main':
mandelbrot.gcc-3.c:43: warning: implicit declaration of function 'atoi'
mandelbrot.gcc-3.c:35: warning: unused variable 'Zi'
mandelbrot.gcc-3.c:35: warning: unused variable 'Zr'
mandelbrot.gcc-3.c:90: warning: control reaches end of non-void function
mandelbrot.gcc-3.c:90: error: unrecognizable insn:
(insn 95 94 96 5 (set (reg:DF 67 [ D.3487 ])
        (vec_select:DF (reg:V2DF 92 [ two.155455 ])
            (parallel [
                    (const_int 0 [0x0])
                ]))) -1 (nil)
    (nil))
mandelbrot.gcc-3.c:90: internal compiler error: in extract_insn, at recog.c:2084
Please submit a full bug report,
with preprocessed source if appropriate.
See <URL:http://gcc.gnu.org/bugs.html> for instructions.
For Debian GNU/Linux specific bug reporting instructions,
see <URL:file:///usr/share/doc/gcc-4.1/README.Bugs>.
Preprocessed source stored into /tmp/ccNuWDvo.out file, please attach this to your bugreport.
make[3]: [mandelbrot.gcc-3.gcc_run] Error 1 (ignored)

=================================================================
COMMAND LINE (%A is single numeric argument):

mandelbrot.gcc-3.gcc_run %A
Error, could not exec mandelbrot.gcc-3.gcc_run 200 (No such file or directory)
PATH=/opt/shootout/shootout/bench/mandelbrot:/opt/shootout/shootout/bench/mandelbrot/tmp:/opt/IronPython/bin:/opt/xds_x86/bin:/opt/intel/fc/9.0/bin:/opt/intel/cc/9.0/bin:/usr/lib/poplog/current-poplog/pop/pop:/usr/lib/smarteiffel/bin:/usr/local/Acrobat5/bin:/usr/lib/postgresql/bin:/home/brent/GNUstep/Tools:/usr/local/lib/GNUstep/Local/Tools:/usr/local/lib/GNUstep/Network/Tools:/usr/lib/GNUstep/System/Tools:/usr/local/bin:/usr/bin:/bin:/usr/bin/X11:/usr/games:/usr/lib/poplog/current-poplog/pop/com
TEST FAILED - Child processed exited with error code (1)


PROGRAM OUTPUT
==============
