BUILD COMMANDS FOR: message.psyco-2.psyco

Sun Sep 18 08:24:08 PDT 2005

rm -f message.psyco-2.pyo message.psyco-2.pyc
cp /opt/shootout/shootout/bench/message/message.psyco-2.psyco message.psyco-2.py
/usr/bin/python2.4 -OO -c "from py_compile import compile; compile('/opt/shootout/shootout/bench/message/tmp/message.psyco-2.py')"
touch message.psyco-2.psyco_run

=================================================================
COMMAND LINE (%A is single numeric argument):

 /usr/bin/python2.4 message.psyco-2.py %A
Traceback (most recent call last):
  File "message.psyco-2.py", line 23, in ?
    import psyco
  File "/usr/lib/python2.4/site-packages/psyco/__init__.py", line 45, in ?
    raise ImportError, str(e) + extramsg
ImportError: /usr/lib/python2.4/site-packages/psyco/_psyco.so: undefined symbol: PyFPE_jbuf (check that the compiled extension '/usr/lib/python2.4/site-packages/psyco/_psyco.so' is for the correct Python version; this is Python 2.4.1+)
TEST FAILED - Child processed exited with error code (1)
Traceback (most recent call last):
  File "message.psyco-2.py", line 23, in ?
    import psyco
  File "/usr/lib/python2.4/site-packages/psyco/__init__.py", line 45, in ?
    raise ImportError, str(e) + extramsg
ImportError: /usr/lib/python2.4/site-packages/psyco/_psyco.so: undefined symbol: PyFPE_jbuf (check that the compiled extension '/usr/lib/python2.4/site-packages/psyco/_psyco.so' is for the correct Python version; this is Python 2.4.1+)
TEST FAILED - Child processed exited with error code (1)


PROGRAM OUTPUT
==============


PROGRAM OUTPUT
==============
