BUILD COMMANDS FOR: meteor.iron-2.iron

Sat Dec  1 16:54:12 PST 2007

rm -f meteor.iron-2.py meteor.iron-2.pyo meteor.iron-2.pyc
cp /opt/shootout/shootout/bench/meteor/meteor.iron-2.iron meteor.iron-2.iron
#-/opt/IronPython/IronPython-1.1/ipy.exe -OO -c "from py_compile import compile; compile('/opt/shootout/shootout/bench/meteor/tmp/meteor.iron-2.py')"
touch meteor.iron-2.iron_run

=================================================================
COMMAND LINE (%A is single numeric argument):

 /opt/IronPython/IronPython-1.1/ipy.exe $IRON_FLAGS meteor.iron-2.iron %A
TEST FAILED - Child processed exited with error code (1)


PROGRAM OUTPUT
==============
0 solutions found

Traceback (most recent call last):
  File meteor.iron-2, line unknown, in Initialize
ValueError: empty sequence
