BUILD COMMANDS FOR: meteor.psyco-2.psyco

Sat Dec  1 16:55:39 PST 2007

rm -f meteor.psyco-2.pyo meteor.psyco-2.pyc
cp /opt/shootout/shootout/bench/meteor/meteor.psyco-2.psyco meteor.psyco-2.py
/usr/bin/python2.5 -OO -c "from py_compile import compile; compile('/opt/shootout/shootout/bench/meteor/tmp/meteor.psyco-2.py')"
touch meteor.psyco-2.psyco_run

=================================================================
COMMAND LINE (%A is single numeric argument):

 /usr/bin/python2.5 meteor.psyco-2.py %A
Traceback (most recent call last):
  File "meteor.psyco-2.py", line 193, in <module>
    printSolution(min(solutions))
ValueError: min() arg is an empty sequence
TEST FAILED - Child processed exited with error code (1)


PROGRAM OUTPUT
==============
0 solutions found

