BUILD COMMANDS FOR: moments.gij

Thu Jan  5 21:21:09 PST 2006

if [ ! -d moments.gij_run ] ; then mkdir moments.gij_run ; fi
cp /opt/shootout/shootout/bench/moments/moments.gij moments.gij_run/moments.java
( cd moments.gij_run ; /usr/bin/gcj -C -classpath '.' moments.java )
/bin/sh: /usr/bin/gcj: No such file or directory
make[3]: [moments.gij_run] Error 127 (ignored)
touch moments.gij_run

=================================================================
COMMAND LINE (%A is single numeric argument):

 /usr/bin/gij --classpath moments.gij_run moments %A
Exception in thread "main" java.lang.NoClassDefFoundError: moments
   at gnu.java.lang.MainThread.run() (/usr/lib/libgcj.so.6.0.0)
Caused by: java.lang.ClassNotFoundException: moments not found in gnu.gcj.runtime.SystemClassLoader{urls=[file:moments.gij_run/], parent=gnu.gcj.runtime.ExtensionClassLoader{urls=[], parent=null}}
   at java.net.URLClassLoader.findClass(java.lang.String) (/usr/lib/libgcj.so.6.0.0)
   at java.lang.ClassLoader.loadClass(java.lang.String, boolean) (/usr/lib/libgcj.so.6.0.0)
   at java.lang.ClassLoader.loadClass(java.lang.String) (/usr/lib/libgcj.so.6.0.0)
   at java.lang.Class.forName(java.lang.String, boolean, java.lang.ClassLoader) (/usr/lib/libgcj.so.6.0.0)
   at gnu.java.lang.MainThread.run() (/usr/lib/libgcj.so.6.0.0)
TEST FAILED - Child processed exited with error code (1)


PROGRAM OUTPUT
==============
