BUILD COMMANDS FOR: moments.csharp

Sun May 15 02:23:55 PDT 2005

/usr/bin/mcs  moments.cs -o moments.csharp_run
make[3]: *** [moments.csharp_run] Segmentation fault
rm moments.cs

=================================================================
COMMAND LINE (%A is single numeric argument):

 /usr/bin/mono moments.csharp_run %A
TEST FAILED - Child processed exited with error code (0), halted by signal 11


PROGRAM OUTPUT
==============
