BUILD COMMANDS FOR: moments.psyco

Tue Nov  1 23:03:37 PST 2005

rm -f moments.pyo moments.pyc
cp /opt/shootout/shootout/bench/moments/moments.psyco moments.py
/usr/bin/python2.4 -OO -c "from py_compile import compile; compile('/opt/shootout/shootout/bench/moments/tmp/moments.py')"
touch moments.psyco_run

=================================================================
COMMAND LINE (%A is single numeric argument):

 /usr/bin/python2.4 moments.py %A
Traceback (most recent call last):
  File "moments.py", line 11, in ?
    import sys, string, math, operator, psyco
  File "/usr/lib/python2.4/site-packages/psyco/__init__.py", line 45, in ?
    raise ImportError, str(e) + extramsg
ImportError: /usr/lib/python2.4/site-packages/psyco/_psyco.so: undefined symbol: PyFPE_jbuf (check that the compiled extension '/usr/lib/python2.4/site-packages/psyco/_psyco.so' is for the correct Python version; this is Python 2.4.2)
TEST FAILED - Child processed exited with error code (1)


PROGRAM OUTPUT
==============
