BUILD COMMANDS FOR: moments.mercury

Wed Apr 13 01:08:57 PDT 2005

mmc --generate-dependencies --grade asm_fast.gc          mytest
mmc --compile-to-c --grade asm_fast.gc          mytest > mytest.err 2>&1
make[4]: *** [mytest.c_date] Error 1
mytest.m:017: In clause for predicate `mytest.main/2':
mytest.m:017:   in unification of variable `Lines'
mytest.m:017:   and term `string.words(V_15, Contents)':
mytest.m:017:   type error in argument(s) of functor `string.words/2'.
mytest.m:017:   Argument 2 (Contents) has type `(io.maybe_partial_res(string))',
mytest.m:017:   expected type was `string'.
For more information, try recompiling with `-E'.
mv: cannot stat `mytest': No such file or directory
make[3]: [moments.mercury_run] Error 1 (ignored)

=================================================================
COMMAND LINE (%A is single numeric argument):

moments.mercury_run %A
Error, could not exec moments.mercury_run 25 (No such file or directory)
PATH=/opt/shootout/shootout/bench/moments:/opt/shootout/shootout/bench/moments/tmp:/opt/intel_fc_80/bin:/opt/intel_cc_80/bin:/usr/lib/poplog/current-poplog/pop/pop:/usr/bin:/bin:/usr/lib/poplog/current-poplog/pop/com
************************************************************
*   TEST (moments.mercury_run) FAILED:  moments.mercury_out differs from Output.25
************************************************************
-rw-r--r--  1 brent brent 242 Apr  1 12:36 Output.25
-rw-r--r--  1 brent brent   0 Apr 13 01:08 moments.mercury_out


PROGRAM OUTPUT
==============


PROGRAM OUTPUT
==============
