BUILD COMMANDS FOR: moments.xds

Tue Nov  8 23:48:25 PST 2005

cp /opt/shootout/shootout/bench/moments/moments.xds moments.ob2
/opt/xds_x86/bin/xc =m =a  ../../Include/xds/Shootout moments.ob2
O2/M2 development system v2.51 (c) 1999-2003 Excelsior, LLC. (build 10.05.2005)

* [moments.ob2 9.14 E008]
* expected symbol  ";"
IMPORT IO, IO$:StdChannels, S:=SYSTEM, RealConv, Out, LRealMath;
#file "moments.ob2": error in module header or import section
-------------------------------------------------------------------
files: 0  errors: 1(0)  lines 0  time: 0:00  speed 10000 l/m
make[3]: [moments.xds_run] Error 1 (ignored)
mv moments moments.xds_run
mv: cannot stat `moments': No such file or directory
make[3]: [moments.xds_run] Error 1 (ignored)

=================================================================
COMMAND LINE (%A is single numeric argument):

moments.xds_run %A
Error, could not exec moments.xds_run 25 (No such file or directory)
PATH=/opt/shootout/shootout/bench/moments:/opt/shootout/shootout/bench/moments/tmp:/opt/xds_x86/bin:/opt/intel/fc/9.0/bin:/opt/intel/cc/9.0/bin:/usr/lib/poplog/current-poplog/pop/pop:/usr/local/Acrobat5/bin:/usr/lib/postgresql/bin:/home/brent/GNUstep/Tools:/usr/local/lib/GNUstep/Local/Tools:/usr/local/lib/GNUstep/Network/Tools:/usr/lib/GNUstep/System/Tools:/usr/local/bin:/usr/bin:/bin:/usr/bin/X11:/usr/games:/usr/lib/poplog/current-poplog/pop/com
TEST FAILED - Child processed exited with error code (1)


PROGRAM OUTPUT
==============
