BUILD COMMANDS FOR: nbody.chicken-2.chicken

Sat Sep 17 11:41:09 PDT 2005

rm -f nbody.chicken-2.chicken_run
/usr/bin/csc nbody.chicken-2.chicken -O3 -d0 -lambda-lift -b  -o nbody.chicken-2.chicken_run
Warning: global variable `planet-pos-set!' is never used
Warning: global variable `planet-mass-set!' is never used
Warning: global variable `planet-vel-set!' is never used
Warning: global variable `planet?' is never used
Error: (delete-file) can not delete file: "nbody.chicken-2.c"

make[3]: [nbody.chicken/usr/bin/ld: nbody.chicken-2.o: No such file: No such file or directory
collect2: ld returned 1 exit status
*** Shell command terminated with exit status 1: gcc -o nbody.chicken-2.chicken_run nbody.chicken-2.o -lchicken -lsrfi-chicken -lstuffed-chicken -L/usr/lib -Wl,-R/usr/lib -ldl -lpcre -lm  -ldl -lpcre
make[3]: [nbody.chicken-2.chicken_run] Error 1 (ignored)
rm nbody.chicken-2.chicken

=================================================================
COMMAND LINE (%A is single numeric argument):

nbody.chicken-2.chicken_run %A
Error, could not exec nbody.chicken-2.chicken_run 10000 (No such file or directory)
PATH=/opt/shootout/shootout/bench/nbody:/opt/shootout/shootout/bench/nbody/tmp:/opt/xds_c/bin:/opt/intel_fc_80/bin:/opt/intel_cc_80/bin:/usr/lib/poplog/current-poplog/pop/pop:/usr/bin:/bin:/usr/lib/poplog/current-poplog/pop/com
TEST FAILED - Child processed exited with error code (1)
TEST FAILED - Child processed exited with error code (1)


PROGRAM OUTPUT
==============
