BUILD COMMANDS FOR: nbody.gcc-2.gcc

Fri Oct 12 23:21:16 PDT 2007

/usr/bin/gcc-4.1 -pipe -Wall -O3 -fomit-frame-pointer -march=athlon-tbird -lm nbody.c -o nbody.gcc-2.gcc_run
nbody.c:10:18: error: math.h: No such file or directory
nbody.c:11:19: error: stdio.h: No such file or directory
nbody.c:12:20: error: stdlib.h: No such file or directory
nbody.c: In function ‘advance’:
nbody.c:36: warning: implicit declaration of function ‘sqrt’
nbody.c:36: warning: incompatible implicit declaration of built-in function ‘sqrt’
nbody.c: In function ‘energy’:
nbody.c:68: warning: incompatible implicit declaration of built-in function ‘sqrt’
nbody.c: In function ‘main’:
nbody.c:134: warning: implicit declaration of function ‘atoi’
nbody.c:138: warning: implicit declaration of function ‘printf’
nbody.c:138: warning: incompatible implicit declaration of built-in function ‘printf’
make[3]: [nbody.gcc-2.gcc_run] Error 1 (ignored)

=================================================================
COMMAND LINE (%A is single numeric argument):

nbody.gcc-2.gcc_run %A
Error, could not exec nbody.gcc-2.gcc_run 200000 (No such file or directory)
PATH=/opt/shootout/shootout/bench/nbody:/opt/shootout/shootout/bench/nbody/tmp:/opt/IronPython/bin:/opt/xds_x86/bin:/opt/intel/fc/9.0/bin:/opt/intel/cc/9.0/bin:/home/brent/bin:/usr/share/smlnj/bin:/usr/local/bin:/usr/bin:/bin:/usr/bin/X11:/usr/games
TEST FAILED - Child processed exited with error code (1)


PROGRAM OUTPUT
==============
