Entering single file mode.
Compiling library nestedloop
[Loading library Dylan...]
[Loading library common-dylan...
  [Loading library melange-support...]
  [Loading library threads...]
  [Loading library table-extensions...]
  [Loading library Random...
   [Loading library transcendental...]]]
[Loading library io...In Define Library nestedloop.:
unknown source locationWarning: Can't tell if argument <unknown-type> is a subtype of type-union(<false>, <type>),
so can't tell if method:
  type-for-file-stream{<object>, <unknown-type>, <object>}
is congruent to GF
  type-for-file-stream
]
Parsing nestedloop.dylan
Finalizing library.
Converting top level forms.
                    Optimizing top level forms.
                    Emitting C code.
                    Emitting Library Heap.
Emitting Global Heap.
Building inits.
nestedloop.dylan: In function 'inits':
nestedloop.dylan:58159: warning: implicit declaration of function 'dylan_Library_ingcc failed?
make[3]: *** [nestedloop.gwydion_run] Aborted
(if [ "nestedloop" = "random" ]; then	\
    mv randum nestedloop.gwydion_run;		\
else				\
    mv nestedloop nestedloop.gwydion_run;			\
fi)
mv: cannot stat `nestedloop': No such file or directory
make[3]: [nestedloop.gwydion_run] Error 1 (ignored)
rm nestedloop.[co]
rm -rf .libs
rm nestedloop.dylan
scendental_Library_init'
nestedloop.dylan:58164: warning: implicit declaration of function 'random_Library_init'
nestedloop.dylan:58165: warning: implicit declaration of function 'common_dylan_Library_init'
nestedloop.dylan:58166: warning: implicit declaration of function 'io_Library_init'
mkdir .libs
gcc -o nestedloop nestedloop.o  /usr/lib/dylan/2.5.0/x86-linux-gcc/libio-dylan.a /usr/lib/dylan/2.5.0/x86-linux-gcc/libcommon-dylan-dylan.a /usr/lib/dylan/2.5.0/x86-linux-gcc/librandom-dylan.a /usr/lib/dylan/2.5.0/x86-linux-gcc/libtranscendental-dylan.a /usr/lib/dylan/2.5.0/x86-linux-gcc/libtable-extensions-dylan.a /usr/lib/dylan/2.5.0/x86-linux-gcc/libthreads-dylan.a /usr/lib/dylan/2.5.0/x86-linux-gcc/libmelange-support-dylan.a /usr/lib/dylan/2.5.0/x86-linux-gcc/libdylan-dylan.a /usr/lib/dylan/2.5.0/x86-linux-gcc/libruntime.a /usr/lib/libgc.so -ldl -lpthread -lm
gcc: nestedloop.o: No such file or directory
gcc failed?
make[3]: *** [nestedloop.gwydion_run] Aborted
(if [ "nestedloop" = "random" ]; then	\
    mv randum nestedloop.gwydion_run;		\
else				\
    mv nestedloop nestedloop.gwydion_run;			\
fi)
mv: cannot stat `nestedloop': No such file or directory
make[3]: [nestedloop.gwydion_run] Error 1 (ignored)
rm nestedloop.[co]
rm: cannot remove `nestedloop.[co]': No such file or directory
make[3]: [nestedloop.gwydion_run] Error 1 (ignored)
rm -rf .libs

=================================================================
COMMAND LINE (%A is single numeric argument):

nestedloop.gwydion_run %A
Error, could not exec nestedloop.gwydion_run 8 (No such file or directory)
PATH=/opt/shootout/shootout/bench/nestedloop:/opt/shootout/shootout/bench/nestedloop/tmp:/opt/xds_x86/bin:/opt/intel/fc/9.0/bin:/opt/intel_cc_80/bin:/usr/lib/poplog/current-poplog/pop/pop:/opt/xds_x86/bin:/opt/intel/fc/9.0/bin:/opt/intel_cc_80/bin:/usr/lib/poplog/current-poplog/pop/pop:/usr/local/Acrobat5/bin:/usr/lib/postgresql/bin:/home/brent/GNUstep/Tools:/usr/local/lib/GNUstep/Local/Tools:/usr/local/lib/GNUstep/Network/Tools:/usr/lib/GNUstep/System/Tools:/usr/local/bin:/usr/bin:/bin:/usr/bin/X11:/usr/games:/usr/lib/poplog/current-poplog/pop/com:/usr/lib/poplog/current-poplog/pop/com
TEST FAILED - Child processed exited with error code (1)


PROGRAM OUTPUT
==============


PROGRAM OUTPUT
==============
