BUILD COMMANDS FOR: nsievebits.cyc

Wed Jun 21 22:42:35 PDT 2006

/usr/local/bin/cyclone  -o nsievebits.cyc_run nsievebits.cyc

nsievebits.cyc:22: type bits [(unsigned int)(m / (unsigned long long)(8U * sizeof(bits)))] has kind 
A but as used here needs kind M
nsievebits.cyc:24: type bits [(unsigned int)(m / (unsigned long long)(8U * sizeof(bits)))] has kind 
A but as used here needs kind M
nsievebits.cyc:41: length modifier 'j' is not supported
nsievebits.cyc:41: too many arguments
nsievebits.cyc:52: actual argument has type 
	char *@zeroterm`GE431 *`main
 but formal has type 
	char @@zeroterm`GE431 *`main

  @true and @false are not compatible. (different type constructors)

COMPILATION FAILED!
make[3]: [nsievebits.cyc_run] Error 1 (ignored)

=================================================================
COMMAND LINE (%A is single numeric argument):

 nsievebits.cyc_run %A
Error, could not exec  nsievebits.cyc_run 7 (No such file or directory)
PATH=/opt/shootout/shootout/bench/nsievebits:/opt/shootout/shootout/bench/nsievebits/tmp:/opt/IronPython/bin:/opt/xds_x86/bin:/opt/intel/fc/9.0/bin:/opt/intel/cc/9.0/bin:/usr/lib/poplog/current-poplog/pop/pop:/usr/lib/smarteiffel/bin:/usr/local/Acrobat5/bin:/usr/lib/postgresql/bin:/home/brent/GNUstep/Tools:/usr/local/lib/GNUstep/Local/Tools:/usr/local/lib/GNUstep/Network/Tools:/usr/lib/GNUstep/System/Tools:/usr/local/bin:/usr/bin:/bin:/usr/bin/X11:/usr/games:/usr/lib/poplog/current-poplog/pop/com
TEST FAILED - Child processed exited with error code (1)


PROGRAM OUTPUT
==============
