BUILD COMMANDS FOR: nsievebits.psyco

Wed Nov  2 03:37:59 PST 2005

rm -f nsievebits.pyo nsievebits.pyc
cp /opt/shootout/shootout/bench/nsievebits/nsievebits.psyco nsievebits.py
/usr/bin/python2.4 -OO -c "from py_compile import compile; compile('/opt/shootout/shootout/bench/nsievebits/tmp/nsievebits.py')"
touch nsievebits.psyco_run

=================================================================
COMMAND LINE (%A is single numeric argument):

 /usr/bin/python2.4 nsievebits.py %A
Traceback (most recent call last):
  File "nsievebits.py", line 8, in ?
    import psyco
  File "/usr/lib/python2.4/site-packages/psyco/__init__.py", line 45, in ?
    raise ImportError, str(e) + extramsg
ImportError: /usr/lib/python2.4/site-packages/psyco/_psyco.so: undefined symbol: PyFPE_jbuf (check that the compiled extension '/usr/lib/python2.4/site-packages/psyco/_psyco.so' is for the correct Python version; this is Python 2.4.2)
TEST FAILED - Child processed exited with error code (1)


PROGRAM OUTPUT
==============
