BUILD COMMANDS FOR: nsieve.gcc

Tue Apr 11 23:24:25 PDT 2006

/usr/bin/gcc-4.1 -pipe -Wall -O3 -fomit-frame-pointer -funroll-loops  nsieve.c -o nsieve.gcc_run
nsieve.c: In function 'main':
nsieve.c:31: error: 'for' loop initial declaration used outside C99 mode
make[3]: [nsieve.gcc_run] Error 1 (ignored)

=================================================================
COMMAND LINE (%A is single numeric argument):

nsieve.gcc_run %A
Error, could not exec nsieve.gcc_run 7 (No such file or directory)
PATH=/opt/shootout/shootout/bench/nsieve:/opt/shootout/shootout/bench/nsieve/tmp:/opt/xds_x86/bin:/opt/intel/fc/9.0/bin:/opt/intel/cc/9.0/bin:/usr/lib/poplog/current-poplog/pop/pop:/usr/lib/smarteiffel/bin:/usr/local/Acrobat5/bin:/usr/lib/postgresql/bin:/home/brent/GNUstep/Tools:/usr/local/lib/GNUstep/Local/Tools:/usr/local/lib/GNUstep/Network/Tools:/usr/lib/GNUstep/System/Tools:/usr/local/bin:/usr/bin:/bin:/usr/bin/X11:/usr/games:/usr/lib/poplog/current-poplog/pop/com
TEST FAILED - Child processed exited with error code (1)


PROGRAM OUTPUT
==============
