BUILD COMMANDS FOR: partialsums.sablevm

Sat Mar 11 00:12:56 PST 2006

( if [ ! -d partialsums.sablevm_run ] ; then mkdir partialsums.sablevm_run ; fi )
cp /opt/shootout/shootout/bench/partialsums/partialsums.sablevm partialsums.sablevm_run/partialsums.java
( cd partialsums.sablevm_run ; /usr/lib/j2sdk1.4.2_05/bin/javac  -classpath '.' partialsums.java )
partialsums.java:41: cannot resolve symbol
symbol  : method printf (java.lang.String,double,java.lang.String)
location: class java.io.PrintStream
            System.out.printf("%.9f\t%s\n", sum[i],  names[i] ); // JRE 1.5 only
                      ^
1 error
make[3]: [partialsums.sablevm_run] Error 1 (ignored)
touch partialsums.sablevm_run

=================================================================
COMMAND LINE (%A is single numeric argument):

 /usr/bin/sablevm -Y --classpath="partialsums.sablevm_run" partialsums %A
java.lang.ClassNotFoundException: partialsums not found in java.lang.ClassLoader$1{urls=[file:/opt/shootout/shootout/bench/partialsums/tmp/partialsums.sablevm_run/], parent=null}
   at java.net.URLClassLoader.findClass (URLClassLoader.java:870)
   at java.lang.ClassLoader.loadClass (ClassLoader.java:359)
   at java.lang.ClassLoader$1.loadClass (ClassLoader.java:1333)
   at java.lang.ClassLoader.loadClass (ClassLoader.java:310)
   at java.lang.VirtualMachine.main (VirtualMachine.java:99)
TEST FAILED - Child processed exited with error code (1)


PROGRAM OUTPUT
==============
