BUILD COMMANDS FOR: raytracer.g95

Sun Sep 18 20:08:06 PDT 2005

/usr/bin/gfortran-4.0 -pipe -Wall -O3 -fomit-frame-pointer -funroll-loops  raytracer.f90 -o raytracer.g95_run
raytracer.f90: In function 'create':
raytracer.f90:122: warning: unused variable 'tn'
raytracer.f90:192: internal compiler error: Segmentation fault
Please submit a full bug report,
with preprocessed source if appropriate.
See <URL:http://gcc.gnu.org/bugs.html> for instructions.
For Debian GNU/Linux specific bug reporting instructions,
see <URL:file:///usr/share/doc/gcc-4.0/README.Bugs>.
make[3]: [raytracer.g95_run] Error 1 (ignored)
rm raytracer.f90
rm: cannot remove `raytracer.f90': No such file or directory
make[3]: [raytracer.g95_run] Error 1 (ignored)

=================================================================
COMMAND LINE (%A is single numeric argument):

raytracer.g95_run %A
Error, could not exec raytracer.g95_run 20 (No such file or directory)
PATH=/opt/shootout/shootout/bench/raytracer:/opt/shootout/shootout/bench/raytracer/tmp:/opt/xds_x86/bin:/opt/intel_fc_80/bin:/opt/intel_cc_80/bin:/usr/lib/poplog/current-poplog/pop/pop:/usr/bin:/bin:/usr/lib/poplog/current-poplog/pop/com
Error, could not exec raytracer.g95_run 20 (No such file or directory)
PATH=/opt/shootout/shootout/bench/raytracer:/opt/shootout/shootout/bench/raytracer/tmp:/opt/xds_x86/bin:/opt/intel_fc_80/bin:/opt/intel_cc_80/bin:/usr/lib/poplog/current-poplog/pop/pop:/usr/local/Acrobat5/bin:/usr/lib/postgresql/bin:/home/brent/GNUstep/Tools:/usr/local/lib/GNUstep/Local/Tools:/usr/local/lib/GNUstep/Network/Tools:/usr/lib/GNUstep/System/Tools:/usr/local/bin:/usr/bin:/bin:/usr/bin/X11:/usr/games:/usr/lib/poplog/current-poplog/pop/com
TEST FAILED - Child processed exited with error code (1)
TEST FAILED - Child processed exited with error code (1)


PROGRAM OUTPUT
==============
