BUILD COMMANDS FOR: raytracer.gcc

Thu May 19 21:17:49 PDT 2005

/usr/bin/gcc-3.4 -pipe -Wall -O3 -fomit-frame-pointer -funroll-loops -lm raytracer.c -o raytracer.gcc_run
raytracer.c: In function `ray_sphere':
raytracer.c:38: error: `INFINITY' undeclared (first use in this function)
raytracer.c:38: error: (Each undeclared identifier is reported only once
raytracer.c:38: error: for each function it appears in.)
raytracer.c: In function `intersect':
raytracer.c:58: error: 'for' loop initial declaration used outside C99 mode
raytracer.c: In function `ray_trace':
raytracer.c:66: error: `INFINITY' undeclared (first use in this function)
raytracer.c: In function `create':
raytracer.c:91: error: 'for' loop initial declaration used outside C99 mode
raytracer.c: In function `destroy':
raytracer.c:101: error: 'for' loop initial declaration used outside C99 mode
raytracer.c: In function `main':
raytracer.c:113: error: 'for' loop initial declaration used outside C99 mode
raytracer.c:114: error: 'for' loop initial declaration used outside C99 mode
raytracer.c:116: error: 'for' loop initial declaration used outside C99 mode
raytracer.c:117: error: 'for' loop initial declaration used outside C99 mode
make[3]: [raytracer.gcc_run] Error 1 (ignored)

=================================================================
COMMAND LINE (%A is single numeric argument):

raytracer.gcc_run %A
Error, could not exec raytracer.gcc_run 64 (No such file or directory)
PATH=/opt/shootout/shootout/bench/raytracer:/opt/shootout/shootout/bench/raytracer/tmp:/opt/xds_c/bin:/opt/intel_fc_80/bin:/opt/intel_cc_80/bin:/usr/lib/poplog/current-poplog/pop/pop:/usr/bin:/bin:/usr/lib/poplog/current-poplog/pop/com
TEST FAILED - Child processed exited with error code (1)


PROGRAM OUTPUT
==============
