BUILD COMMANDS FOR: recursive.sablevm

Sat Mar 11 01:50:27 PST 2006

( if [ ! -d recursive.sablevm_run ] ; then mkdir recursive.sablevm_run ; fi )
cp /opt/shootout/shootout/bench/recursive/recursive.sablevm recursive.sablevm_run/recursive.java
( cd recursive.sablevm_run ; /usr/lib/j2sdk1.4.2_05/bin/javac  -classpath '.' recursive.java )
recursive.java:16: cannot resolve symbol
symbol  : method printf (java.lang.String,int,int)
location: class java.io.PrintStream
    System.out.printf("Ack(3,%d): %d\n", n, ack(3, n));
              ^
recursive.java:17: cannot resolve symbol
symbol  : method printf (java.lang.String,double,double)
location: class java.io.PrintStream
    System.out.printf("Fib(%.1f): %.1f\n", 27.0 + n, fib(27.0 + n));
              ^
recursive.java:20: cannot resolve symbol
symbol  : method printf (java.lang.String,int,int,int,int)
location: class java.io.PrintStream
    System.out.printf("Tak(%d,%d,%d): %d\n", n * 3, n * 2, n, tak(n * 3, n * 2, n));
              ^
recursive.java:22: cannot resolve symbol
symbol  : method printf (java.lang.String,int)
location: class java.io.PrintStream
    System.out.printf("Fib(3): %d\n", fib(3));
              ^
recursive.java:23: cannot resolve symbol
symbol  : method printf (java.lang.String,double)
location: class java.io.PrintStream
    System.out.printf("Tak(3.0,2.0,1.0): %.1f\n", tak(3.0, 2.0, 1.0));
              ^
5 errors
make[3]: [recursive.sablevm_run] Error 1 (ignored)
touch recursive.sablevm_run

=================================================================
COMMAND LINE (%A is single numeric argument):

 /usr/bin/sablevm -Y --classpath="recursive.sablevm_run" recursive %A
java.lang.ClassNotFoundException: recursive not found in java.lang.ClassLoader$1{urls=[file:/opt/shootout/shootout/bench/recursive/tmp/recursive.sablevm_run/], parent=null}
   at java.net.URLClassLoader.findClass (URLClassLoader.java:870)
   at java.lang.ClassLoader.loadClass (ClassLoader.java:359)
   at java.lang.ClassLoader$1.loadClass (ClassLoader.java:1333)
   at java.lang.ClassLoader.loadClass (ClassLoader.java:310)
   at java.lang.VirtualMachine.main (VirtualMachine.java:99)
TEST FAILED - Child processed exited with error code (1)


PROGRAM OUTPUT
==============
