BUILD COMMANDS FOR: regexmatch.gpp

Sat Apr  1 02:03:35 PST 2006

/usr/bin/g++ -c -pipe -Wall -O3 -static -fomit-frame-pointer -funroll-loops  -I/usr/local/include regexmatch.c++ -o regexmatch.c++.o &&  \
        /usr/bin/g++ regexmatch.c++.o -o regexmatch.gpp_run -L/usr/local/lib  -lregexx -lpcre 
regexmatch.c++:8:23: error: zopyra/regx: No such file or directory
regexmatch.c++: In function 'int main(int, char**)':
regexmatch.c++:15: error: 'zopyra' has not been declared
regexmatch.c++:15: error: 'regx' was not declared in this scope
regexmatch.c++:15: error: expected `;' before 're'
regexmatch.c++:29: error: 'vector' was not declared in this scope
regexmatch.c++:29: error: expected primary-expression before '>' token
regexmatch.c++:29: error: 'lines' was not declared in this scope
regexmatch.c++:45: error: expected primary-expression before '>' token
regexmatch.c++:45: error: missing template arguments before 'end'
regexmatch.c++:45: error: expected `;' before 'end'
regexmatch.c++:46: error: expected primary-expression before '>' token
regexmatch.c++:46: error: missing template arguments before 'i'
regexmatch.c++:46: error: expected `;' before 'i'
regexmatch.c++:46: error: 'i' was not declared in this scope
regexmatch.c++:46: error: 'end' was not declared in this scope
regexmatch.c++:47: error: 'zopyra' has not been declared
regexmatch.c++:47: error: missing template arguments before 'p'
regexmatch.c++:47: error: expected `;' before 'p'
regexmatch.c++:48: error: 'p' was not declared in this scope
regexmatch.c++:48: error: 're' was not declared in this scope
regexmatch.c++:63: error: 'ostream_iterator' was not declared in this scope
regexmatch.c++:63: error: expected primary-expression before 'char'
make[3]: [regexmatch.gpp_run] Error 1 (ignored)

=================================================================
COMMAND LINE (%A is single numeric argument):

regexmatch.gpp_run %A
Error, could not exec regexmatch.gpp_run 100 (No such file or directory)
PATH=/opt/shootout/shootout/bench/regexmatch:/opt/shootout/shootout/bench/regexmatch/tmp:/opt/xds_x86/bin:/opt/intel/fc/9.0/bin:/opt/intel/cc/9.0/bin:/usr/lib/poplog/current-poplog/pop/pop:/usr/lib/smarteiffel/bin:/usr/local/Acrobat5/bin:/usr/lib/postgresql/bin:/home/brent/GNUstep/Tools:/usr/local/lib/GNUstep/Local/Tools:/usr/local/lib/GNUstep/Network/Tools:/usr/lib/GNUstep/System/Tools:/usr/local/bin:/usr/bin:/bin:/usr/bin/X11:/usr/games:/usr/lib/poplog/current-poplog/pop/com
TEST FAILED - Child processed exited with error code (1)


PROGRAM OUTPUT
==============
