BUILD COMMANDS FOR: regexmatch.cyc

Wed Jun 21 22:43:27 PDT 2006

/usr/local/bin/cyclone -lpcre -o regexmatch.cyc_run regexmatch.cyc

/usr/local/lib/cyclone/cyc-lib/i686-pc-linux-gnu/include/stdlib.h:1: declarator is not a function prototype

COMPILATION FAILED!
make[3]: [regexmatch.cyc_run] Error 1 (ignored)

=================================================================
COMMAND LINE (%A is single numeric argument):

 regexmatch.cyc_run %A
Error, could not exec  regexmatch.cyc_run 100 (No such file or directory)
PATH=/opt/shootout/shootout/bench/regexmatch:/opt/shootout/shootout/bench/regexmatch/tmp:/opt/IronPython/bin:/opt/xds_x86/bin:/opt/intel/fc/9.0/bin:/opt/intel/cc/9.0/bin:/usr/lib/poplog/current-poplog/pop/pop:/usr/lib/smarteiffel/bin:/usr/local/Acrobat5/bin:/usr/lib/postgresql/bin:/home/brent/GNUstep/Tools:/usr/local/lib/GNUstep/Local/Tools:/usr/local/lib/GNUstep/Network/Tools:/usr/lib/GNUstep/System/Tools:/usr/local/bin:/usr/bin:/bin:/usr/bin/X11:/usr/games:/usr/lib/poplog/current-poplog/pop/com
TEST FAILED - Child processed exited with error code (1)


PROGRAM OUTPUT
==============
