BUILD COMMANDS FOR: regexdna.gpp-2.gpp

Mon Jan 15 00:34:15 PST 2007

/usr/bin/g++ -c -pipe -Wall -O3 -fomit-frame-pointer -march=athlon-tbird  regexdna.gpp-2.c++ -o regexdna.gpp-2.c++.o &&  \
        /usr/bin/g++ regexdna.gpp-2.c++.o -o regexdna.gpp-2.gpp_run -L/usr/local/lib -lboost_regex 
regexdna.gpp-2.c++:23:27: error: boost/regex.hpp: No such file or directory
regexdna.gpp-2.c++: In function ‘int main()’:
regexdna.gpp-2.c++:54: error: ‘boost’ has not been declared
regexdna.gpp-2.c++:54: error: expected initializer before ‘lose’
regexdna.gpp-2.c++:55: error: ‘boost’ has not been declared
regexdna.gpp-2.c++:55: error: ‘lose’ was not declared in this scope
regexdna.gpp-2.c++:60: error: ‘boost’ has not been declared
regexdna.gpp-2.c++:60: error: expected initializer before ‘e’
regexdna.gpp-2.c++:61: error: ‘boost’ has not been declared
regexdna.gpp-2.c++:61: error: expected `;' before ‘m’
regexdna.gpp-2.c++:62: error: ‘boost’ has not been declared
regexdna.gpp-2.c++:62: error: expected initializer before ‘end’
regexdna.gpp-2.c++:65: error: ‘m’ was not declared in this scope
regexdna.gpp-2.c++:65: error: ‘end’ was not declared in this scope
regexdna.gpp-2.c++:76: error: ‘boost’ has not been declared
regexdna.gpp-2.c++:76: error: expected initializer before ‘e’
regexdna.gpp-2.c++:77: error: ‘boost’ has not been declared
regexdna.gpp-2.c++:77: error: ‘e’ was not declared in this scope
make[2]: [regexdna.gpp-2.gpp_run] Error 1 (ignored)

=================================================================
COMMAND LINE (%A is single numeric argument):

regexdna.gpp-2.gpp_run %A
Error, could not exec regexdna.gpp-2.gpp_run 1 (No such file or directory)
PATH=/opt/shootout/shootout/bench/regexdna:/opt/shootout/shootout/bench/regexdna/tmp:/home/brent/bin:/usr/local/bin:/usr/bin:/bin:/usr/bin/X11:/usr/games
TEST FAILED - Child processed exited with error code (1)


PROGRAM OUTPUT
==============
