BUILD COMMANDS FOR: revcomp.ghc

Sun May 15 10:57:30 PDT 2005

/usr/bin/ghc -O3  revcomp.hs -o revcomp.ghc_run
collect2: ld terminated with signal 11 [Segmentation fault]
make[3]: [revcomp.ghc_run] Error 1 (ignored)
uch file or directory
collect2: ld returned 1 exit status
make[3]: [revcomp.ghc_run] Error 1 (ignored)

=================================================================
COMMAND LINE (%A is single numeric argument):

 revcomp.ghc_run %A $MB_GHCRTS
sh: revcomp.ghc_run: command not found
TEST FAILED - Child processed exited with error code (127)
TEST FAILED - Child processed exited with error code (127)


PROGRAM OUTPUT
==============
