BUILD COMMANDS FOR: revcomp.csharp-2.csharp

Wed Aug  2 08:09:04 PDT 2006

cp /opt/shootout/shootout/bench/revcomp/revcomp.csharp-2.csharp revcomp.csharp-2.cs
rm -f revcomp.csharp-2.csharp_run
/usr/bin/mcs  -out:revcomp.csharp-2.csharp_run revcomp.csharp-2.cs
revcomp.csharp-2.cs(40,16): error CS1002: Expecting `;'
Compilation failed: 1 error(s), 0 warnings
make[3]: [revcomp.csharp-2.csharp_run] Error 1 (ignored)
rm revcomp.csharp-2.cs

=================================================================
COMMAND LINE (%A is single numeric argument):

 /usr/bin/mono revcomp.csharp-2.csharp_run %A
cannot open assembly revcomp.csharp-2.csharp_run
TEST FAILED - Child processed exited with error code (2)


PROGRAM OUTPUT
==============
