RUNNING SCRIPT: revcomp.ruby

Sun May 15 10:59:46 PDT 2005


=================================================================
COMMAND LINE (%A is single numeric argument):

revcomp.ruby %A
/opt/shootout/shootout/bench/revcomp/revcomp.ruby:18: warning: regex literal in condition
/opt/shootout/shootout/bench/revcomp/revcomp.ruby:17:in `gets': No such file or directory - 1 (Errno::ENOENT)
	from /opt/shootout/shootout/bench/revcomp/revcomp.ruby:17
TEST FAILED - Child processed exited with error code (1)
TEST FAILED - Child processed exited with error code (1)


PROGRAM OUTPUT
==============
