BUILD COMMANDS FOR: spectralnorm.psyco

Thu Nov  3 07:21:09 PST 2005

rm -f spectralnorm.pyo spectralnorm.pyc
cp /opt/shootout/shootout/bench/spectralnorm/spectralnorm.psyco spectralnorm.py
/usr/bin/python2.4 -OO -c "from py_compile import compile; compile('/opt/shootout/shootout/bench/spectralnorm/tmp/spectralnorm.py')"
touch spectralnorm.psyco_run

=================================================================
COMMAND LINE (%A is single numeric argument):

 /usr/bin/python2.4 spectralnorm.py %A
Traceback (most recent call last):
  File "spectralnorm.py", line 10, in ?
    import sys, psyco
  File "/usr/lib/python2.4/site-packages/psyco/__init__.py", line 45, in ?
    raise ImportError, str(e) + extramsg
ImportError: /usr/lib/python2.4/site-packages/psyco/_psyco.so: undefined symbol: PyFPE_jbuf (check that the compiled extension '/usr/lib/python2.4/site-packages/psyco/_psyco.so' is for the correct Python version; this is Python 2.4.2)
TEST FAILED - Child processed exited with error code (1)


PROGRAM OUTPUT
==============
