BUILD COMMANDS FOR: spellcheck.gwydion

Sun May 15 12:08:08 PDT 2005

/usr/bin/d2c -s  spellcheck.dylan
Entering single file mode.
Compiling library spellcheck
[Loading library Dylan...]
Using custom library import list...
[Loading library common-dylan...
  [Loading library melange-support...]
  [Loading library streams...]
  [Loading library Threads...]
  [Loading library table-extensions...]
  [Loading library Random...
   [Loading library transcendental...]]]
[Loading library io...
  [Loading library print...]
  [Loading library format...]
  [Loading library standard-io...]
  [Loading library format-out...]]
Parsing spellcheck.dylan
seeding representations
Finalizing definitions
inheriting slots
inheriting overrides
laying out instances
Processing spellcheck.dylan
....
Emitting Library Heap.
Emitting Global Heap.
Building inits.
gcc: spellcheck.c: No such file or directory
gcc: no input files
gcc failed?
make[3]: *** [spellcheck.gwydion_run] Aborted
(if [ "spellcheck" = "random" ]; then	\
    mv randum spellcheck.gwydion_run;		\
else				\
    mv spellcheck spellcheck.gwydion_run;			\
fi)
mv: cannot stat `spellcheck': No such file or directory
make[3]: [spellcheck.gwydion_run] Error 1 (ignored)
rm spellcheck.[co]
rm: cannot remove `spellcheck.[co]': No such file or directory
make[3]: [spellcheck.gwydion_run] Error 1 (ignored)
rm -rf .libs

=================================================================
COMMAND LINE (%A is single numeric argument):

spellcheck.gwydion_run %A
************************************************************
*   TEST (spellcheck.gwydion_run) FAILED - ERROR:  spellcheck.gwydion_out differs from Output.4
************************************************************
-rw-r--r--  1 brent brent 20 Apr  2 00:42 Output.4
-rw-r--r--  1 brent brent  0 May 15 12:16 spellcheck.gwydion_out
************************************************************
*   TEST (spellcheck.gwydion_run) FAILED - ERROR:  spellcheck.gwydion_out differs from Output.7
************************************************************
-rw-r--r--  1 brent brent 35 Apr  2 00:42 Output.7
-rw-r--r--  1 brent brent  0 May 15 12:23 spellcheck.gwydion_out
************************************************************
*   TEST (spellcheck.gwydion_run) FAILED - ERROR:  spellcheck.gwydion_out differs from Output.7
************************************************************
-rw-r--r--  1 brent brent 35 Apr  2 00:42 Output.7
-rw-r--r--  1 brent brent  0 May 15 12:30 spellcheck.gwydion_out
************************************************************
*   TEST HALTED - TIMEOUT AFTER --maxtime 600 SECS
************************************************************
************************************************************
*   TEST HALTED - TIMEOUT AFTER --maxtime 600 SECS
************************************************************
************************************************************
*   TEST HALTED - TIMEOUT AFTER --maxtime 600 SECS
************************************************************
************************************************************
*   TEST HALTED - TIMEOUT AFTER --maxtime 600 SECS
************************************************************
************************************************************
*   TEST HALTED - TIMEOUT AFTER --maxtime 600 SECS
************************************************************
************************************************************
*   TEST HALTED - TIMEOUT AFTER --maxtime 600 SECS
************************************************************
************************************************************
*   TEST HALTED - TIMEOUT AFTER --maxtime 600 SECS
************************************************************


PROGRAM OUTPUT
==============
zuul
zuul
zuul
zuul
zuul
zuul
zuul
zuul
zuul
zuul
zuul
zuul
zuul
zuul
zuul
