BUILD COMMANDS FOR: spellcheck.psyco

Thu Nov  3 19:37:58 PST 2005

rm -f spellcheck.pyo spellcheck.pyc
cp /opt/shootout/shootout/bench/spellcheck/spellcheck.psyco spellcheck.py
/usr/bin/python2.4 -OO -c "from py_compile import compile; compile('/opt/shootout/shootout/bench/spellcheck/tmp/spellcheck.py')"
touch spellcheck.psyco_run

=================================================================
COMMAND LINE (%A is single numeric argument):

 /usr/bin/python2.4 spellcheck.py %A
Traceback (most recent call last):
  File "spellcheck.py", line 7, in ?
    import sys, psyco
  File "/usr/lib/python2.4/site-packages/psyco/__init__.py", line 45, in ?
    raise ImportError, str(e) + extramsg
ImportError: /usr/lib/python2.4/site-packages/psyco/_psyco.so: undefined symbol: PyFPE_jbuf (check that the compiled extension '/usr/lib/python2.4/site-packages/psyco/_psyco.so' is for the correct Python version; this is Python 2.4.2)
TEST FAILED - Child processed exited with error code (1)


PROGRAM OUTPUT
==============
