BUILD COMMANDS FOR: spellcheck.xds

Tue Nov  8 23:49:54 PST 2005

cp /opt/shootout/shootout/bench/spellcheck/spellcheck.xds spellcheck.ob2
/opt/xds_x86/bin/xc =m =a  ../../Include/xds/Shootout spellcheck.ob2
O2/M2 development system v2.51 (c) 1999-2003 Excelsior, LLC. (build 10.05.2005)

* [spellcheck.ob2 8.14 E008]
* expected symbol  ";"
IMPORT IO, IO$:StdChannels, S:=SYSTEM, SimpleHash, In, Out, Files, TextR...
#file "spellcheck.ob2": error in module header or import section
-------------------------------------------------------------------
files: 0  errors: 1(0)  lines 0  time: 0:00  speed 10000 l/m
make[3]: [spellcheck.xds_run] Error 1 (ignored)
mv spellcheck spellcheck.xds_run
mv: cannot stat `spellcheck': No such file or directory
make[3]: [spellcheck.xds_run] Error 1 (ignored)

=================================================================
COMMAND LINE (%A is single numeric argument):

spellcheck.xds_run %A
Error, could not exec spellcheck.xds_run 4 (No such file or directory)
PATH=/opt/shootout/shootout/bench/spellcheck:/opt/shootout/shootout/bench/spellcheck/tmp:/opt/xds_x86/bin:/opt/intel/fc/9.0/bin:/opt/intel/cc/9.0/bin:/usr/lib/poplog/current-poplog/pop/pop:/usr/local/Acrobat5/bin:/usr/lib/postgresql/bin:/home/brent/GNUstep/Tools:/usr/local/lib/GNUstep/Local/Tools:/usr/local/lib/GNUstep/Network/Tools:/usr/lib/GNUstep/System/Tools:/usr/local/bin:/usr/bin:/bin:/usr/bin/X11:/usr/games:/usr/lib/poplog/current-poplog/pop/com
TEST FAILED - Child processed exited with error code (1)


PROGRAM OUTPUT
==============
