BUILD COMMANDS FOR: strcat.mercury

Wed Apr 13 05:39:10 PDT 2005

mmc --generate-dependencies --grade asm_fast.gc          mytest
mgnuc --grade asm_fast.gc        --      -c mytest.c -o mytest.o
mytest.c: In function `mytest_module0':
mytest.c:94: warning: use of cast expressions as lvalues is deprecated
mytest.c:96: warning: use of cast expressions as lvalues is deprecated
mytest.c:105: warning: use of cast expressions as lvalues is deprecated
mytest.c:114: warning: use of cast expressions as lvalues is deprecated
mytest.c:118: warning: use of cast expressions as lvalues is deprecated
mytest.c:122: warning: use of cast expressions as lvalues is deprecated
mytest.c:125: warning: use of cast expressions as lvalues is deprecated
mytest.c:128: warning: use of cast expressions as lvalues is deprecated
mytest.c:132: warning: use of cast expressions as lvalues is deprecated
mytest.c:135: warning: use of cast expressions as lvalues is deprecated
mytest.c:136: warning: use of cast expressions as lvalues is deprecated
mytest.c: In function `mytest_module1':
mytest.c:148: warning: use of cast expressions as lvalues is deprecated
mytest.c:156: warning: use of cast expressions as lvalues is deprecated
mytest.c:161: warning: use of cast expressions as lvalues is deprecated
mytest.c:168: warning: use of cast expressions as lvalues is deprecated
mytest.c:172: warning: use of cast expressions as lvalues is deprecated
mytest.c:173: warning: use of cast expressions as lvalues is deprecated
ml --grade asm_fast.gc              --    -o mytest mytest_init.o \
	mytest.o \
	      
collect2: ld terminated with signal 11 [Segmentation fault]
make[4]: *** [mytest] Error 1
mv: cannot stat `mytest': No such file or directory
make[3]: [strcat.mercury_run] Error 1 (ignored)
directory
make[3]: [strcat.mercury_run] Error 1 (ignored)

=================================================================
COMMAND LINE (%A is single numeric argument):

strcat.mercury_run %A
************************************************************
*   TEST (strcat.mercury_run) FAILED:  strcat.mercury_out differs from Output.10000
************************************************************
-rw-r--r--  1 brent brent 6 Apr  2 03:13 Output.10000
-rw-r--r--  1 brent brent 0 Apr 13 05:41 strcat.mercury_out


PROGRAM OUTPUT
==============
