
=================================================================
COMMAND LINE (%A is single numeric argument):

sumcol.gcc_run %A
TEST FAILED - Child processed exited with error code (1)
************************************************************
*   TEST (sumcol.gcc_run) FAILED - ERROR:  sumcol.gcc_out differs from Output.400
************************************************************
-rw-r--r--  1 brent brent 0 Sep 17 13:52 Output.400
-rw-r--r--  1 brent brent 7 Sep 17 14:07 sumcol.gcc_out


PROGRAM OUTPUT
==============
200000
