Entering single file mode.
Compiling library sumcol
[Loading library Dylan...]
Using custom library import list...
[Loading library common-dylan...
  [Loading library melange-support...]
  [Loading library threads...]
  [Loading library table-extensions...]
  [Loading library Random...
   [Loading library transcendental...]]]
[Loading library io...In Define Library sumcol.:
unknown source locationWarning: Can't tell if argument <unknown-type> is a subtype of type-union(<false>, <type>),
so can't tell if method:
  type-for-file-stream{<object>, <unknown-type>, <object>}
is congruent to GF
  type-for-file-stream
]
Parsing sumcol.dylan
Finalizing library.
Converting top level forms.
                    Optimizing top level forms.
                    Emitting C code.
                    Emitting Library Heap.
Emitting Global Heap.
Building inits.
gcc: sumcol.c: No such file or directory
gcc: no input files
gcc failed?
make[3]: *** [sumcol.gwydion_run] Aborted
(if [ "sumcol" = "random" ]; then	\
    mv randum sumcol.gwydion_run;		\
else				\
    mv sumcol sumcol.gwydion_run;			\
fi)
mv: cannot stat `sumcol': No such file or directory
make[3]: [sumcol.gwydion_run] Error 1 (ignored)
rm sumcol.[co]
rm: cannot remove `sumcol.[co]': No such file or directory
make[3]: [sumcol.gwydion_run] Error 1 (ignored)
rm -rf .libs

=================================================================
COMMAND LINE (%A is single numeric argument):

sumcol.gwydion_run %A
Error, could not exec sumcol.gwydion_run 400 (No such file or directory)
PATH=/opt/shootout/shootout/bench/sumcol:/opt/shootout/shootout/bench/sumcol/tmp:/opt/xds_x86/bin:/opt/intel/fc/9.0/bin:/opt/intel_cc_80/bin:/usr/lib/poplog/current-poplog/pop/pop:/opt/xds_x86/bin:/opt/intel/fc/9.0/bin:/opt/intel_cc_80/bin:/usr/lib/poplog/current-poplog/pop/pop:/usr/local/Acrobat5/bin:/usr/lib/postgresql/bin:/home/brent/GNUstep/Tools:/usr/local/lib/GNUstep/Local/Tools:/usr/local/lib/GNUstep/Network/Tools:/usr/lib/GNUstep/System/Tools:/usr/local/bin:/usr/bin:/bin:/usr/bin/X11:/usr/games:/usr/lib/poplog/current-poplog/pop/com:/usr/lib/poplog/current-poplog/pop/com
TEST FAILED - Child processed exited with error code (1)


PROGRAM OUTPUT
==============


PROGRAM OUTPUT
==============
