BUILD COMMANDS FOR: sumcol.gpp-2.gpp

Fri Sep 16 21:18:46 PDT 2005

/usr/bin/g++-4.0 -c -pipe -Wall -O3 -fomit-frame-pointer -funroll-loops  sumcol.gpp-2.c++ -o sumcol.gpp-2.c++.o &&  \
        /usr/bin/g++-4.0 sumcol.gpp-2.c++.o -o sumcol.gpp-2.gpp_run -L/usr/local/lib  
In file included from /usr/lib/gcc/i486-linux/4.0.1/../../../../include/c++/4.0.1/cstring:49,
                 from /usr/lib/gcc/i486-linux/4.0.1/../../../../include/c++/4.0.1/i486-linux/bits/c++locale.h:41,
                 from /usr/lib/gcc/i486-linux/4.0.1/../../../../include/c++/4.0.1/iosfwd:45,
                 from /usr/lib/gcc/i486-linux/4.0.1/../../../../include/c++/4.0.1/ios:43,
                 from /usr/lib/gcc/i486-linux/4.0.1/../../../../include/c++/4.0.1/ostream:44,
                 from /usr/lib/gcc/i486-linux/4.0.1/../../../../include/c++/4.0.1/iostream:44,
                 from sumcol.gpp-2.c++:6:
/usr/lib/gcc/i486-linux/4.0.1/../../../../include/c++/4.0.1/cstddef:48:20: error: stddef.h: No such file or directory
In file included from /usr/include/stdio.h:72,
                 from /usr/lib/gcc/i486-linux/4.0.1/../../../../include/c++/4.0.1/cstdio:52,
                 from /usr/lib/gcc/i486-linux/4.0.1/../../../../include/c++/4.0.1/i486-linux/bits/c++locale.h:42,
                 from /usr/lib/gcc/i486-linux/4.0.1/../../../../include/c++/4.0.1/iosfwd:45,
                 from /usr/lib/gcc/i486-linux/4.0.1/../../../../include/c++/4.0.1/ios:43,
                 from /usr/lib/gcc/i486-linux/4.0.1/../../../../include/c++/4.0.1/ostream:44,
                 from /usr/lib/gcc/i486-linux/4.0.1/../../../../include/c++/4.0.1/iostream:44,
                 from sumcol.gpp-2.c++:6:
/usr/include/libio.h:53:21: error: stdarg.h: No such file or directory
In file included from /usr/lib/gcc/i486-linux/4.0.1/../../../../include/c++/4.0.1/climits:49,
                 from /usr/lib/gcc/i486-linux/4.0.1/../../../../include/c++/4.0.1/bits/stl_algobase.h:66,
                 from /usr/lib/gcc/i486-linux/4.0.1/../../../../include/c++/4.0.1/bits/char_traits.h:46,
                 from /usr/lib/gcc/i486-linux/4.0.1/../../../../include/c++/4.0.1/ios:45,
                 from /usr/lib/gcc/i486-linux/4.0.1/../../../../include/c++/4.0.1/ostream:44,
                 from /usr/lib/gcc/i486-linux/4.0.1/../../../../include/c++/4.0.1/iostream:44,
                 from sumcol.gpp-2.c++:6:
/usr/include/limits.h:124:26: error: no include path in which to search for limits.h
/usr/lib/gcc/i486-linux/4.0.1/../../../../include/c++/4.0.1/cstddef:52: error: '::ptrdiff_t' has not been declared
/usr/lib/gcc/i486-linux/4.0.1/../../../../include/c++/4.0.1/cstddef:53: error: '::size_t' has not been declared
/usr/include/string.h:39: error: 'size_t' has not been declared
/usr/include/string.h:43: error: 'size_t' has not been declared
/usr/include/string.h:52: error: 'size_t' has not been declared
/usr/include/string.h:59: error: 'size_t' has not been declared
/usr/include/string.h:62: error: 'size_t' has not been declared
/usr/include/string.h:66: error: 'size_t' has not been declared
/usr/include/string.h:77: error: 'size_t' has not been declared
/usr/include/string.h:88: error: 'size_t' has not been declared
/usr/include/string.h:96: error: 'size_t' has not been declared
/usr/include/string.h:102: error: 'size_t' has not been declared
/usr/include/string.h:109: error: 'size_t' does not name a type
/usr/include/string.h:124: error: 'size_t' does not name a type
/usr/include/string.h:138: error: 'size_t' has not been declared
/usr/include/string.h:184: error: 'size_t' does not name a type
/usr/include/string.h:188: error: 'size_t' does not name a type
/usr/include/string.h:225: error: 'size_t' has not been declared
/usr/include/string.h:226: error: 'size_t' has not been declared
/usr/include/string.h:232: error: 'size_t' has not been declared
/usr/include/string.h:235: error: 'size_t' has not been declared
/usr/include/string.h:242: error: 'size_t' does not name a type
/usr/include/string.h:249: error: 'size_t' does not name a type
/usr/include/string.h:281: error: 'size_t' has not been declared
/usr/include/string.h:288: error: 'size_t' has not been declared
/usr/include/string.h:292: error: 'size_t' has not been declared
/usr/include/string.h:296: error: 'size_t' has not been declared
/usr/include/string.h:299: error: 'size_t' has not been declared
/usr/include/string.h:329: error: 'size_t' has not been declared
/usr/include/string.h:341: error: 'size_t' has not been declared
/usr/include/string.h:370: error: 'size_t' has not been declared
/usr/include/string.h:373: error: 'size_t' has not been declared
/usr/include/string.h:380: error: 'size_t' has not been declared
/usr/lib/gcc/i486-linux/4.0.1/../../../../include/c++/4.0.1/cstring:89: error: '::strxfrm' has not been declared
/usr/lib/gcc/i486-linux/4.0.1/../../../../include/c++/4.0.1/cstring:90: error: '::strcspn' has not been declared
/usr/lib/gcc/i486-linux/4.0.1/../../../../include/c++/4.0.1/cstring:91: error: '::strspn' has not been declared
/usr/lib/gcc/i486-linux/4.0.1/../../../../include/c++/4.0.1/cstring:95: error: '::strlen' has not been declared
/usr/lib/gcc/i486-linux/4.0.1/../../../../include/c++/4.0.1/cstring:100: error: 'size_t' has not been declared
/usr/include/gconv.h:72: error: 'size_t' has not been declared
/usr/include/gconv.h:88: error: 'size_t' has not been declared
/usr/include/gconv.h:97: error: 'size_t' has not been declared
/usr/include/gconv.h:174: error: 'size_t' does not name a type
/usr/include/libio.h:354: error: 'size_t' has not been declared
/usr/include/libio.h:363: error: 'size_t' has not been declared
/usr/include/libio.h:475: error: '__gnuc_va_list' has not been declared
/usr/include/libio.h:477: error: '__gnuc_va_list' has not been declared
/usr/include/libio.h:479: error: 'size_t' does not name a type
/usr/include/stdio.h:77: error: '__gnuc_va_list' does not name a type
/usr/include/stdio.h:284: error: 'size_t' has not been declared
/usr/include/stdio.h:290: error: 'size_t' has not been declared
/usr/include/stdio.h:302: error: 'size_t' has not been declared
/usr/include/stdio.h:309: error: 'size_t' has not been declared
/usr/include/stdio.h:337: error: '__gnuc_va_list' has not been declared
/usr/include/stdio.h:342: error: '__gnuc_va_list' has not been declared
/usr/include/stdio.h:345: error: '__gnuc_va_list' has not been declared
/usr/include/stdio.h:351: error: 'size_t' has not been declared
/usr/include/stdio.h:355: error: 'size_t' has not been declared
/usr/include/stdio.h:356: error: '__gnuc_va_list' has not been declared
/usr/include/stdio.h:365: error: '__gnuc_va_list' has not been declared
/usr/include/stdio.h:381: error: '__gnuc_va_list' has not been declared
/usr/include/stdio.h:412: error: '__gnuc_va_list' has not been declared
/usr/include/stdio.h:419: error: '__gnuc_va_list' has not been declared
/usr/include/stdio.h:424: error: '__gnuc_va_list' has not been declared
/usr/include/stdio.h:560: error: 'size_t' has not been declared
/usr/include/stdio.h:563: error: 'size_t' has not been declared
/usr/include/stdio.h:573: error: 'size_t' has not been declared
/usr/include/stdio.h:603: error: 'size_t' does not name a type
/usr/include/stdio.h:609: error: 'size_t' does not name a type
/usr/include/stdio.h:631: error: 'size_t' does not name a type
/usr/include/stdio.h:633: error: 'size_t' does not name a type
/usr/include/stdio.h:798: error: '__gnuc_va_list' has not been declared
/usr/include/bits/stdio.h:34: error: '__gnuc_va_list' has not been declared
/usr/include/bits/stdio.h:102: error: 'size_t' has not been declared
/usr/lib/gcc/i486-linux/4.0.1/../../../../include/c++/4.0.1/cstdio:114: error: '::fread' has not been declared
/usr/lib/gcc/i486-linux/4.0.1/../../../../include/c++/4.0.1/cstdio:120: error: '::fwrite' has not been declared
/usr/include/iconv.h:43: error: 'size_t' does not name a type
/usr/include/sched.h:76: error: 'size_t' has not been declared
/usr/include/sched.h:80: error: 'size_t' has not been declared
/usr/include/time.h:197: error: 'size_t' does not name a type
/usr/include/time.h:215: error: 'size_t' does not name a type
/usr/include/bits/pthreadtypes.h:50: error: 'size_t' does not name a type
/usr/include/bits/pthreadtypes.h:53: error: 'size_t' does not name a type
/usr/include/pthread.h:247: error: 'size_t' has not been declared
/usr/include/pthread.h:251: error: 'size_t' has not been declared
/usr/include/pthread.h:272: error: 'size_t' has not been declared
/usr/include/pthread.h:277: error: 'size_t' has not been declared
/usr/include/pthread.h:284: error: 'size_t' has not been declared
/usr/include/pthread.h:288: error: 'size_t' has not been declared
/usr/include/unistd.h:312: error: 'size_t' has not been declared
/usr/include/unistd.h:318: error: 'size_t' has not been declared
/usr/include/unistd.h:328: error: 'size_t' has not been declared
/usr/include/unistd.h:336: error: 'size_t' has not been declared
/usr/include/unistd.h:356: error: 'size_t' has not been declared
/usr/include/unistd.h:360: error: 'size_t' has not been declared
/usr/include/unistd.h:448: error: 'size_t' has not been declared
/usr/include/unistd.h:544: error: 'size_t' does not name a type
/usr/include/unistd.h:712: error: 'size_t' has not been declared
/usr/include/unistd.h:740: error: 'size_t' has not been declared
/usr/include/unistd.h:769: error: 'size_t' has not been declared
/usr/include/unistd.h:791: error: 'size_t' has not been declared
/usr/include/unistd.h:798: error: 'size_t' has not been declared
/usr/include/unistd.h:809: error: 'size_t' has not been declared
/usr/include/unistd.h:811: error: 'size_t' has not been declared
/usr/include/unistd.h:829: error: 'size_t' has not been declared
/usr/include/unistd.h:830: error: 'size_t' has not been declared
/usr/lib/gcc/i486-linux/4.0.1/../../../../include/c++/4.0.1/ctime:78: error: '::strftime' has not been declared
/usr/include/wchar.h:137: error: 'size_t' has not been declared
/usr/include/wchar.h:145: error: 'size_t' has not been declared
/usr/include/wchar.h:152: error: 'size_t' has not been declared
/usr/include/wchar.h:162: error: 'size_t' has not been declared
/usr/include/wchar.h:172: error: 'size_t' has not been declared
/usr/include/wchar.h:182: error: 'size_t' does not name a type
/usr/include/wchar.h:198: error: 'size_t' does not name a type
/usr/include/wchar.h:224: error: 'size_t' does not name a type
/usr/include/wchar.h:228: error: 'size_t' does not name a type
/usr/include/wchar.h:243: error: 'size_t' does not name a type
/usr/include/wchar.h:254: error: 'size_t' does not name a type
/usr/include/wchar.h:261: error: 'size_t' has not been declared
/usr/include/wchar.h:266: error: 'size_t' has not been declared
/usr/include/wchar.h:271: error: 'size_t' has not been declared
/usr/include/wchar.h:275: error: 'size_t' has not been declared
/usr/include/wchar.h:279: error: 'size_t' has not been declared
/usr/include/wchar.h:286: error: 'size_t' has not been declared
/usr/include/wchar.h:306: error: 'size_t' does not name a type
/usr/include/wchar.h:311: error: 'size_t' does not name a type
/usr/include/wchar.h:315: error: 'size_t' does not name a type
/usr/include/wchar.h:317: error: 'size_t' does not name a type
/usr/include/wchar.h:323: error: 'size_t' does not name a type
/usr/include/wchar.h:333: error: 'size_t' does not name a type
/usr/include/wchar.h:339: error: 'size_t' does not name a type
/usr/include/wchar.h:348: error: 'size_t' does not name a type
/usr/include/wchar.h:354: error: 'size_t' does not name a type
/usr/include/wchar.h:368: error: 'size_t' has not been declared
/usr/include/wchar.h:575: error: 'size_t' has not been declared
/usr/include/wchar.h:602: error: 'size_t' has not been declared
/usr/include/wchar.h:612: error: '__gnuc_va_list' has not been declared
/usr/include/wchar.h:619: error: '__gnuc_va_list' has not been declared
/usr/include/wchar.h:623: error: 'size_t' has not been declared
/usr/include/wchar.h:625: error: '__gnuc_va_list' has not been declared
/usr/include/wchar.h:659: error: '__gnuc_va_list' has not been declared
/usr/include/wchar.h:666: error: '__gnuc_va_list' has not been declared
/usr/include/wchar.h:671: error: '__gnuc_va_list' has not been declared
/usr/include/wchar.h:793: error: 'size_t' does not name a type
/usr/include/wchar.h:803: error: 'size_t' does not name a type
/usr/lib/gcc/i486-linux/4.0.1/../../../../include/c++/4.0.1/cwchar:155: error: '::mbrlen' has not been declared
/usr/lib/gcc/i486-linux/4.0.1/../../../../include/c++/4.0.1/cwchar:156: error: '::mbrtowc' has not been declared
/usr/lib/gcc/i486-linux/4.0.1/../../../../include/c++/4.0.1/cwchar:158: error: '::mbsrtowcs' has not been declared
/usr/lib/gcc/i486-linux/4.0.1/../../../../include/c++/4.0.1/cwchar:176: error: '::wcrtomb' has not been declared
/usr/lib/gcc/i486-linux/4.0.1/../../../../include/c++/4.0.1/cwchar:181: error: '::wcscspn' has not been declared
/usr/lib/gcc/i486-linux/4.0.1/../../../../include/c++/4.0.1/cwchar:182: error: '::wcsftime' has not been declared
/usr/lib/gcc/i486-linux/4.0.1/../../../../include/c++/4.0.1/cwchar:183: error: '::wcslen' has not been declared
/usr/lib/gcc/i486-linux/4.0.1/../../../../include/c++/4.0.1/cwchar:187: error: '::wcsrtombs' has not been declared
/usr/lib/gcc/i486-linux/4.0.1/../../../../include/c++/4.0.1/cwchar:188: error: '::wcsspn' has not been declared
/usr/lib/gcc/i486-linux/4.0.1/../../../../include/c++/4.0.1/cwchar:196: error: '::wcsxfrm' has not been declared
/usr/lib/gcc/i486-linux/4.0.1/../../../../include/c++/4.0.1/cwchar:232: error: 'size_t' has not been declared
/usr/lib/gcc/i486-linux/4.0.1/../../../../include/c++/4.0.1/bits/postypes.h:78: error: 'ptrdiff_t' does not name a type
/usr/include/stdlib.h:140: error: 'size_t' does not name a type
/usr/include/stdlib.h:450: error: 'size_t' has not been declared
/usr/include/stdlib.h:480: error: 'size_t' has not been declared
/usr/include/stdlib.h:584: error: 'size_t' was not declared in this scope
/usr/include/stdlib.h:584: error: expected ',' or ';' before 'throw'
/usr/include/stdlib.h:586: error: 'size_t' was not declared in this scope
/usr/include/stdlib.h:586: error: 'size_t' was not declared in this scope
/usr/include/stdlib.h:586: error: initializer expression list treated as compound expression
/usr/include/stdlib.h:587: error: expected ',' or ';' before 'throw'
/usr/include/stdlib.h:595: error: 'size_t' has not been declared
/usr/include/alloca.h:33: error: 'size_t' was not declared in this scope
/usr/include/alloca.h:33: error: expected ',' or ';' before 'throw'
/usr/include/stdlib.h:611: error: 'size_t' was not declared in this scope
/usr/include/stdlib.h:611: error: expected ',' or ';' before 'throw'
/usr/include/stdlib.h:616: error: 'size_t' has not been declared
/usr/include/stdlib.h:616: error: 'size_t' has not been declared
/usr/include/stdlib.h:768: error: 'size_t' has not been declared
/usr/include/stdlib.h:768: error: 'size_t' has not been declared
/usr/include/stdlib.h:773: error: 'size_t' has not been declared
/usr/include/stdlib.h:773: error: 'size_t' has not been declared
/usr/include/stdlib.h:846: error: 'size_t' has not been declared
/usr/include/stdlib.h:849: error: 'size_t' has not been declared
/usr/include/stdlib.h:853: error: 'size_t' has not been declared
/usr/include/stdlib.h:857: error: 'size_t' has not been declared
/usr/include/stdlib.h:866: error: 'size_t' has not been declared
/usr/include/stdlib.h:870: error: 'size_t' has not been declared
/usr/include/stdlib.h:877: error: 'size_t' does not name a type
/usr/include/stdlib.h:880: error: 'size_t' does not name a type
/usr/include/stdlib.h:943: error: 'size_t' has not been declared
/usr/lib/gcc/i486-linux/4.0.1/../../../../include/c++/4.0.1/cstdlib:103: error: 'calloc' is already declared in this scope
/usr/lib/gcc/i486-linux/4.0.1/../../../../include/c++/4.0.1/cstdlib:110: error: 'malloc' is already declared in this scope
/usr/lib/gcc/i486-linux/4.0.1/../../../../include/c++/4.0.1/cstdlib:113: error: '::mbstowcs' has not been declared
/usr/lib/gcc/i486-linux/4.0.1/../../../../include/c++/4.0.1/cstdlib:125: error: '::wcstombs' has not been declared
/usr/lib/gcc/i486-linux/4.0.1/../../../../include/c++/4.0.1/bits/stl_iterator_base_types.h:104: error: expected type-specifier before 'ptrdiff_t'
/usr/lib/gcc/i486-linux/4.0.1/../../../../include/c++/4.0.1/bits/stl_iterator_base_types.h:104: error: expected `>' before 'ptrdiff_t'
/usr/lib/gcc/i486-linux/4.0.1/../../../../include/c++/4.0.1/bits/stl_iterator_base_types.h:115: error: '_Pointer' does not name a type
/usr/lib/gcc/i486-linux/4.0.1/../../../../include/c++/4.0.1/bits/stl_iterator_base_types.h:117: error: '_Reference' does not name a type
/usr/lib/gcc/i486-linux/4.0.1/../../../../include/c++/4.0.1/bits/stl_iterator_base_types.h:141: error: 'ptrdiff_t' does not name a type
/usr/lib/gcc/i486-linux/4.0.1/../../../../include/c++/4.0.1/bits/stl_iterator_base_types.h:151: error: 'ptrdiff_t' does not name a type
/usr/lib/gcc/i486-linux/4.0.1/../../../../include/c++/4.0.1/bits/stl_iterator.h:95: error: wrong number of template arguments (5, should be 3)
/usr/lib/gcc/i486-linux/4.0.1/../../../../include/c++/4.0.1/bits/stl_iterator_base_types.h:106: error: provided for 'template<class _Category, class _Tp, class _Distance> struct std::iterator'
/usr/lib/gcc/i486-linux/4.0.1/../../../../include/c++/4.0.1/bits/stl_iterator.h:337: error: wrong number of template arguments (5, should be 3)
/usr/lib/gcc/i486-linux/4.0.1/../../../../include/c++/4.0.1/bits/stl_iterator_base_types.h:106: error: provided for 'template<class _Category, class _Tp, class _Distance> struct std::iterator'
/usr/lib/gcc/i486-linux/4.0.1/../../../../include/c++/4.0.1/bits/stl_iterator.h:412: error: wrong number of template arguments (5, should be 3)
/usr/lib/gcc/i486-linux/4.0.1/../../../../include/c++/4.0.1/bits/stl_iterator_base_types.h:106: error: provided for 'template<class _Category, class _Tp, class _Distance> struct std::iterator'
/usr/lib/gcc/i486-linux/4.0.1/../../../../include/c++/4.0.1/bits/stl_iterator.h:490: error: wrong number of template arguments (5, should be 3)
/usr/lib/gcc/i486-linux/4.0.1/../../../../include/c++/4.0.1/bits/stl_iterator_base_types.h:106: error: provided for 'template<class _Category, class _Tp, class _Distance> struct std::iterator'
/usr/lib/gcc/i486-linux/4.0.1/../../../../include/c++/4.0.1/bits/stl_algobase.h: In static member function 'static _Tp* std::__copy_backward<true, std::random_access_iterator_tag>::copy_b(const _Tp*, const _Tp*, _Tp*)':
/usr/lib/gcc/i486-linux/4.0.1/../../../../include/c++/4.0.1/bits/stl_algobase.h:424: error: 'ptrdiff_t' does not name a type
/usr/lib/gcc/i486-linux/4.0.1/../../../../include/c++/4.0.1/bits/stl_algobase.h:425: error: '_Num' was not declared in this scope
/usr/lib/gcc/i486-linux/4.0.1/../../../../include/c++/4.0.1/bits/stl_algobase.h: In function 'bool std::lexicographical_compare(const unsigned char*, const unsigned char*, const unsigned char*, const unsigned char*)':
/usr/lib/gcc/i486-linux/4.0.1/../../../../include/c++/4.0.1/bits/stl_algobase.h:883: error: 'size_t' does not name a type
/usr/lib/gcc/i486-linux/4.0.1/../../../../include/c++/4.0.1/bits/stl_algobase.h:884: error: 'size_t' does not name a type
/usr/lib/gcc/i486-linux/4.0.1/../../../../include/c++/4.0.1/bits/stl_algobase.h:886: error: '__len1' was not declared in this scope
/usr/lib/gcc/i486-linux/4.0.1/../../../../include/c++/4.0.1/bits/stl_algobase.h:886: error: '__len2' was not declared in this scope
/usr/lib/gcc/i486-linux/4.0.1/../../../../include/c++/4.0.1/bits/char_traits.h: At global scope:
/usr/lib/gcc/i486-linux/4.0.1/../../../../include/c++/4.0.1/bits/char_traits.h:108: error: 'std::size_t' has not been declared
/usr/lib/gcc/i486-linux/4.0.1/../../../../include/c++/4.0.1/bits/char_traits.h:110: error: 'size_t' in namespace 'std' does not name a type
/usr/lib/gcc/i486-linux/4.0.1/../../../../include/c++/4.0.1/bits/char_traits.h:114: error: 'std::size_t' has not been declared
/usr/lib/gcc/i486-linux/4.0.1/../../../../include/c++/4.0.1/bits/char_traits.h:117: error: 'std::size_t' has not been declared
/usr/lib/gcc/i486-linux/4.0.1/../../../../include/c++/4.0.1/bits/char_traits.h:120: error: 'std::size_t' has not been declared
/usr/lib/gcc/i486-linux/4.0.1/../../../../include/c++/4.0.1/bits/char_traits.h:123: error: 'std::size_t' has not been declared
/usr/lib/gcc/i486-linux/4.0.1/../../../../include/c++/4.0.1/bits/char_traits.h:149: error: 'std::size_t' has not been declared
/usr/lib/gcc/i486-linux/4.0.1/../../../../include/c++/4.0.1/bits/char_traits.h: In static member function 'static int __gnu_cxx::char_traits<_CharT>::compare(const _CharT*, const _CharT*, int)':
/usr/lib/gcc/i486-linux/4.0.1/../../../../include/c++/4.0.1/bits/char_traits.h:151: error: 'size_t' was not declared in this scope
/usr/lib/gcc/i486-linux/4.0.1/../../../../include/c++/4.0.1/bits/char_traits.h:151: error: expected `;' before '__i'
/usr/lib/gcc/i486-linux/4.0.1/../../../../include/c++/4.0.1/bits/char_traits.h:151: error: '__i' was not declared in this scope
/usr/lib/gcc/i486-linux/4.0.1/../../../../include/c++/4.0.1/bits/char_traits.h: At global scope:
/usr/lib/gcc/i486-linux/4.0.1/../../../../include/c++/4.0.1/bits/char_traits.h:161: error: expected constructor, destructor, or type conversion before 'char_traits'
/usr/lib/gcc/i486-linux/4.0.1/../../../../include/c++/4.0.1/bits/char_traits.h:173: error: 'std::size_t' has not been declared
/usr/lib/gcc/i486-linux/4.0.1/../../../../include/c++/4.0.1/bits/char_traits.h: In static member function 'static const typename __gnu_cxx::char_traits<_CharT>::char_type* __gnu_cxx::char_traits<_CharT>::find(const _CharT*, int, const _CharT&)':
/usr/lib/gcc/i486-linux/4.0.1/../../../../include/c++/4.0.1/bits/char_traits.h:175: error: 'size_t' is not a member of 'std'
/usr/lib/gcc/i486-linux/4.0.1/../../../../include/c++/4.0.1/bits/char_traits.h:175: error: expected `;' before '__i'
/usr/lib/gcc/i486-linux/4.0.1/../../../../include/c++/4.0.1/bits/char_traits.h:175: error: '__i' was not declared in this scope
/usr/lib/gcc/i486-linux/4.0.1/../../../../include/c++/4.0.1/bits/char_traits.h: At global scope:
/usr/lib/gcc/i486-linux/4.0.1/../../../../include/c++/4.0.1/bits/char_traits.h:184: error: 'std::size_t' has not been declared
/usr/lib/gcc/i486-linux/4.0.1/../../../../include/c++/4.0.1/bits/char_traits.h:193: error: 'std::size_t' has not been declared
/usr/lib/gcc/i486-linux/4.0.1/../../../../include/c++/4.0.1/bits/char_traits.h:202: error: 'std::size_t' has not been declared
/usr/lib/gcc/i486-linux/4.0.1/../../../../include/c++/4.0.1/bits/char_traits.h:252: error: 'size_t' has not been declared
/usr/lib/gcc/i486-linux/4.0.1/../../../../include/c++/4.0.1/bits/char_traits.h:255: error: 'size_t' does not name a type
/usr/lib/gcc/i486-linux/4.0.1/../../../../include/c++/4.0.1/bits/char_traits.h:260: error: 'size_t' has not been declared
/usr/lib/gcc/i486-linux/4.0.1/../../../../include/c++/4.0.1/bits/char_traits.h:264: error: 'size_t' has not been declared
/usr/lib/gcc/i486-linux/4.0.1/../../../../include/c++/4.0.1/bits/char_traits.h:268: error: 'size_t' has not been declared
/usr/lib/gcc/i486-linux/4.0.1/../../../../include/c++/4.0.1/bits/char_traits.h:272: error: 'size_t' has not been declared
/usr/lib/gcc/i486-linux/4.0.1/../../../../include/c++/4.0.1/bits/char_traits.h:322: error: 'size_t' has not been declared
/usr/lib/gcc/i486-linux/4.0.1/../../../../include/c++/4.0.1/bits/char_traits.h:325: error: 'size_t' does not name a type
/usr/lib/gcc/i486-linux/4.0.1/../../../../include/c++/4.0.1/bits/char_traits.h:330: error: 'size_t' has not been declared
/usr/lib/gcc/i486-linux/4.0.1/../../../../include/c++/4.0.1/bits/char_traits.h:334: error: 'size_t' has not been declared
/usr/lib/gcc/i486-linux/4.0.1/../../../../include/c++/4.0.1/bits/char_traits.h:338: error: 'size_t' has not been declared
/usr/lib/gcc/i486-linux/4.0.1/../../../../include/c++/4.0.1/bits/char_traits.h:342: error: 'size_t' has not been declared
/usr/lib/gcc/i486-linux/4.0.1/../../../../include/c++/4.0.1/new:84: error: declaration of 'operator new' as non-function
/usr/lib/gcc/i486-linux/4.0.1/../../../../include/c++/4.0.1/new:84: error: 'size_t' is not a member of 'std'
/usr/lib/gcc/i486-linux/4.0.1/../../../../include/c++/4.0.1/new:85: error: declaration of 'operator new []' as non-function
/usr/lib/gcc/i486-linux/4.0.1/../../../../include/c++/4.0.1/new:85: error: 'size_t' is not a member of 'std'
/usr/lib/gcc/i486-linux/4.0.1/../../../../include/c++/4.0.1/new:88: error: declaration of 'operator new' as non-function
/usr/lib/gcc/i486-linux/4.0.1/../../../../include/c++/4.0.1/new:88: error: 'size_t' is not a member of 'std'
/usr/lib/gcc/i486-linux/4.0.1/../../../../include/c++/4.0.1/new:88: error: expected primary-expression before 'const'
/usr/lib/gcc/i486-linux/4.0.1/../../../../include/c++/4.0.1/new:89: error: declaration of 'operator new []' as non-function
/usr/lib/gcc/i486-linux/4.0.1/../../../../include/c++/4.0.1/new:89: error: 'size_t' is not a member of 'std'
/usr/lib/gcc/i486-linux/4.0.1/../../../../include/c++/4.0.1/new:89: error: expected primary-expression before 'const'
/usr/lib/gcc/i486-linux/4.0.1/../../../../include/c++/4.0.1/new:94: error: declaration of 'operator new' as non-function
/usr/lib/gcc/i486-linux/4.0.1/../../../../include/c++/4.0.1/new:94: error: 'size_t' is not a member of 'std'
/usr/lib/gcc/i486-linux/4.0.1/../../../../include/c++/4.0.1/new:94: error: expected primary-expression before 'void'
/usr/lib/gcc/i486-linux/4.0.1/../../../../include/c++/4.0.1/new:95: error: declaration of 'operator new []' as non-function
/usr/lib/gcc/i486-linux/4.0.1/../../../../include/c++/4.0.1/new:95: error: 'size_t' is not a member of 'std'
/usr/lib/gcc/i486-linux/4.0.1/../../../../include/c++/4.0.1/new:95: error: expected primary-expression before 'void'
/usr/lib/gcc/i486-linux/4.0.1/../../../../include/c++/4.0.1/ext/mt_allocator.h:70: error: 'size_t' does not name a type
/usr/lib/gcc/i486-linux/4.0.1/../../../../include/c++/4.0.1/ext/mt_allocator.h:75: error: 'size_t' does not name a type
/usr/lib/gcc/i486-linux/4.0.1/../../../../include/c++/4.0.1/ext/mt_allocator.h:79: error: 'size_t' does not name a type
/usr/lib/gcc/i486-linux/4.0.1/../../../../include/c++/4.0.1/ext/mt_allocator.h:86: error: 'size_t' does not name a type
/usr/lib/gcc/i486-linux/4.0.1/../../../../include/c++/4.0.1/ext/mt_allocator.h:94: error: 'size_t' does not name a type
/usr/lib/gcc/i486-linux/4.0.1/../../../../include/c++/4.0.1/ext/mt_allocator.h:102: error: 'size_t' does not name a type
/usr/lib/gcc/i486-linux/4.0.1/../../../../include/c++/4.0.1/ext/mt_allocator.h:116: error: expected `)' before '__align'
/usr/lib/gcc/i486-linux/4.0.1/../../../../include/c++/4.0.1/ext/mt_allocator.h:142: error: 'size_t' has not been declared
/usr/lib/gcc/i486-linux/4.0.1/../../../../include/c++/4.0.1/ext/mt_allocator.h:145: error: 'size_t' does not name a type
/usr/lib/gcc/i486-linux/4.0.1/../../../../include/c++/4.0.1/ext/mt_allocator.h:149: error: 'size_t' does not name a type
/usr/lib/gcc/i486-linux/4.0.1/../../../../include/c++/4.0.1/ext/mt_allocator.h: In constructor '__gnu_cxx::__pool_base::_Tune::_Tune()':
/usr/lib/gcc/i486-linux/4.0.1/../../../../include/c++/4.0.1/ext/mt_allocator.h:109: error: class '__gnu_cxx::__pool_base::_Tune' does not have any field named '_M_align'
/usr/lib/gcc/i486-linux/4.0.1/../../../../include/c++/4.0.1/ext/mt_allocator.h:109: error: class '__gnu_cxx::__pool_base::_Tune' does not have any field named '_M_max_bytes'
/usr/lib/gcc/i486-linux/4.0.1/../../../../include/c++/4.0.1/ext/mt_allocator.h:109: error: class '__gnu_cxx::__pool_base::_Tune' does not have any field named '_M_min_bin'
/usr/lib/gcc/i486-linux/4.0.1/../../../../include/c++/4.0.1/ext/mt_allocator.h:110: error: class '__gnu_cxx::__pool_base::_Tune' does not have any field named '_M_chunk_size'
/usr/lib/gcc/i486-linux/4.0.1/../../../../include/c++/4.0.1/ext/mt_allocator.h:110: error: class '__gnu_cxx::__pool_base::_Tune' does not have any field named '_M_max_threads'
/usr/lib/gcc/i486-linux/4.0.1/../../../../include/c++/4.0.1/ext/mt_allocator.h:111: error: class '__gnu_cxx::__pool_base::_Tune' does not have any field named '_M_freelist_headroom'
/usr/lib/gcc/i486-linux/4.0.1/../../../../include/c++/4.0.1/ext/mt_allocator.h: In member function 'bool __gnu_cxx::__pool_base::_M_check_threshold(int)':
/usr/lib/gcc/i486-linux/4.0.1/../../../../include/c++/4.0.1/ext/mt_allocator.h:143: error: 'struct __gnu_cxx::__pool_base::_Tune' has no member named '_M_max_bytes'
/usr/lib/gcc/i486-linux/4.0.1/../../../../include/c++/4.0.1/ext/mt_allocator.h: At global scope:
/usr/lib/gcc/i486-linux/4.0.1/../../../../include/c++/4.0.1/ext/mt_allocator.h:225: error: expected ';' before '(' token
/usr/lib/gcc/i486-linux/4.0.1/../../../../include/c++/4.0.1/ext/mt_allocator.h:228: error: 'size_t' has not been declared
/usr/lib/gcc/i486-linux/4.0.1/../../../../include/c++/4.0.1/ext/mt_allocator.h:230: error: 'size_t' does not name a type
/usr/lib/gcc/i486-linux/4.0.1/../../../../include/c++/4.0.1/ext/mt_allocator.h:234: error: expected ';' before '(' token
/usr/lib/gcc/i486-linux/4.0.1/../../../../include/c++/4.0.1/ext/mt_allocator.h:237: error: expected `;' before 'void'
/usr/lib/gcc/i486-linux/4.0.1/../../../../include/c++/4.0.1/ext/mt_allocator.h:238: error: 'size_t' has not been declared
/usr/lib/gcc/i486-linux/4.0.1/../../../../include/c++/4.0.1/ext/mt_allocator.h:254: error: 'size_t' does not name a type
/usr/lib/gcc/i486-linux/4.0.1/../../../../include/c++/4.0.1/ext/mt_allocator.h: In constructor '__gnu_cxx::__pool<false>::__pool()':
/usr/lib/gcc/i486-linux/4.0.1/../../../../include/c++/4.0.1/ext/mt_allocator.h:242: error: class '__gnu_cxx::__pool<false>' does not have any field named '_M_bin_size'
/usr/lib/gcc/i486-linux/4.0.1/../../../../include/c++/4.0.1/ext/mt_allocator.h: In constructor '__gnu_cxx::__pool<false>::__pool(const __gnu_cxx::__pool_base::_Tune&)':
/usr/lib/gcc/i486-linux/4.0.1/../../../../include/c++/4.0.1/ext/mt_allocator.h:245: error: class '__gnu_cxx::__pool<false>' does not have any field named '_M_bin_size'
/usr/lib/gcc/i486-linux/4.0.1/../../../../include/c++/4.0.1/ext/mt_allocator.h: At global scope:
/usr/lib/gcc/i486-linux/4.0.1/../../../../include/c++/4.0.1/ext/mt_allocator.h:281: error: 'size_t' does not name a type
/usr/lib/gcc/i486-linux/4.0.1/../../../../include/c++/4.0.1/ext/mt_allocator.h:290: error: 'size_t' does not name a type
/usr/lib/gcc/i486-linux/4.0.1/../../../../include/c++/4.0.1/ext/mt_allocator.h:307: error: expected ';' before '*' token
/usr/lib/gcc/i486-linux/4.0.1/../../../../include/c++/4.0.1/ext/mt_allocator.h:308: error: expected ';' before '*' token
/usr/lib/gcc/i486-linux/4.0.1/../../../../include/c++/4.0.1/ext/mt_allocator.h:340: error: expected ';' before '(' token
/usr/lib/gcc/i486-linux/4.0.1/../../../../include/c++/4.0.1/ext/mt_allocator.h:343: error: 'size_t' has not been declared
/usr/lib/gcc/i486-linux/4.0.1/../../../../include/c++/4.0.1/ext/mt_allocator.h:346: error: expected ';' before '(' token
/usr/lib/gcc/i486-linux/4.0.1/../../../../include/c++/4.0.1/ext/mt_allocator.h:349: error: expected `;' before 'void'
/usr/lib/gcc/i486-linux/4.0.1/../../../../include/c++/4.0.1/ext/mt_allocator.h:351: error: 'size_t' has not been declared
/usr/lib/gcc/i486-linux/4.0.1/../../../../include/c++/4.0.1/ext/mt_allocator.h:364: error: 'size_t' does not name a type
/usr/lib/gcc/i486-linux/4.0.1/../../../../include/c++/4.0.1/ext/mt_allocator.h:391: error: 'size_t' does not name a type
/usr/lib/gcc/i486-linux/4.0.1/../../../../include/c++/4.0.1/ext/mt_allocator.h: In member function 'void __gnu_cxx::__pool<true>::_M_adjust_freelist(const __gnu_cxx::__pool<true>::_Bin_record&, __gnu_cxx::__pool<true>::_Block_record*, int)':
/usr/lib/gcc/i486-linux/4.0.1/../../../../include/c++/4.0.1/ext/mt_allocator.h:355: error: 'union __gnu_cxx::__pool<true>::_Block_record' has no member named '_M_thread_id'
/usr/lib/gcc/i486-linux/4.0.1/../../../../include/c++/4.0.1/ext/mt_allocator.h:356: error: 'const struct __gnu_cxx::__pool<true>::_Bin_record' has no member named '_M_free'
/usr/lib/gcc/i486-linux/4.0.1/../../../../include/c++/4.0.1/ext/mt_allocator.h:357: error: 'const struct __gnu_cxx::__pool<true>::_Bin_record' has no member named '_M_used'
/usr/lib/gcc/i486-linux/4.0.1/../../../../include/c++/4.0.1/ext/mt_allocator.h: In constructor '__gnu_cxx::__pool<true>::__pool()':
/usr/lib/gcc/i486-linux/4.0.1/../../../../include/c++/4.0.1/ext/mt_allocator.h:368: error: class '__gnu_cxx::__pool<true>' does not have any field named '_M_bin_size'
/usr/lib/gcc/i486-linux/4.0.1/../../../../include/c++/4.0.1/ext/mt_allocator.h: In constructor '__gnu_cxx::__pool<true>::__pool(const __gnu_cxx::__pool_base::_Tune&)':
/usr/lib/gcc/i486-linux/4.0.1/../../../../include/c++/4.0.1/ext/mt_allocator.h:376: error: class '__gnu_cxx::__pool<true>' does not have any field named '_M_bin_size'
/usr/lib/gcc/i486-linux/4.0.1/../../../../include/c++/4.0.1/ext/mt_allocator.h: In static member function 'static _PoolTp<false>& __gnu_cxx::__per_type_pool_policy<_Tp, _PoolTp, false>::_S_get_pool()':
/usr/lib/gcc/i486-linux/4.0.1/../../../../include/c++/4.0.1/ext/mt_allocator.h:498: error: 'size_t' does not name a type
/usr/lib/gcc/i486-linux/4.0.1/../../../../include/c++/4.0.1/ext/mt_allocator.h:503: error: '__align' was not declared in this scope
/usr/lib/gcc/i486-linux/4.0.1/../../../../include/c++/4.0.1/ext/mt_allocator.h:506: error: there are no arguments to 'size_t' that depend on a template parameter, so a declaration of 'size_t' must be available
/usr/lib/gcc/i486-linux/4.0.1/../../../../include/c++/4.0.1/ext/mt_allocator.h:506: error: (if you use '-fpermissive', G++ will accept your code, but allowing the use of an undeclared name is deprecated)
/usr/lib/gcc/i486-linux/4.0.1/../../../../include/c++/4.0.1/ext/mt_allocator.h: In static member function 'static _PoolTp<true>& __gnu_cxx::__per_type_pool_policy<_Tp, _PoolTp, true>::_S_get_pool()':
/usr/lib/gcc/i486-linux/4.0.1/../../../../include/c++/4.0.1/ext/mt_allocator.h:544: error: 'size_t' does not name a type
/usr/lib/gcc/i486-linux/4.0.1/../../../../include/c++/4.0.1/ext/mt_allocator.h:549: error: '__align' was not declared in this scope
/usr/lib/gcc/i486-linux/4.0.1/../../../../include/c++/4.0.1/ext/mt_allocator.h:552: error: there are no arguments to 'size_t' that depend on a template parameter, so a declaration of 'size_t' must be available
/usr/lib/gcc/i486-linux/4.0.1/../../../../include/c++/4.0.1/ext/mt_allocator.h: At global scope:
/usr/lib/gcc/i486-linux/4.0.1/../../../../include/c++/4.0.1/ext/mt_allocator.h:587: error: 'size_t' does not name a type
/usr/lib/gcc/i486-linux/4.0.1/../../../../include/c++/4.0.1/ext/mt_allocator.h:588: error: 'ptrdiff_t' does not name a type
/usr/lib/gcc/i486-linux/4.0.1/../../../../include/c++/4.0.1/ext/mt_allocator.h:603: error: 'size_type' does not name a type
/usr/lib/gcc/i486-linux/4.0.1/../../../../include/c++/4.0.1/ext/mt_allocator.h:638: error: 'size_t' does not name a type
/usr/lib/gcc/i486-linux/4.0.1/../../../../include/c++/4.0.1/ext/mt_allocator.h:639: error: 'ptrdiff_t' does not name a type
/usr/lib/gcc/i486-linux/4.0.1/../../../../include/c++/4.0.1/ext/mt_allocator.h:668: error: 'size_type' has not been declared
/usr/lib/gcc/i486-linux/4.0.1/../../../../include/c++/4.0.1/ext/mt_allocator.h:671: error: 'size_type' has not been declared
/usr/lib/gcc/i486-linux/4.0.1/../../../../include/c++/4.0.1/ext/mt_allocator.h:688: error: 'typename __gnu_cxx::__mt_alloc<_Tp, _Poolp>::pointer __gnu_cxx::__mt_alloc<_Tp, _Poolp>::allocate' is not a static member of 'class __gnu_cxx::__mt_alloc<_Tp, _Poolp>'
/usr/lib/gcc/i486-linux/4.0.1/../../../../include/c++/4.0.1/ext/mt_allocator.h:688: error: template definition of non-template 'typename __gnu_cxx::__mt_alloc<_Tp, _Poolp>::pointer __gnu_cxx::__mt_alloc<_Tp, _Poolp>::allocate'
/usr/lib/gcc/i486-linux/4.0.1/../../../../include/c++/4.0.1/ext/mt_allocator.h:688: error: 'size_type' was not declared in this scope
/usr/lib/gcc/i486-linux/4.0.1/../../../../include/c++/4.0.1/ext/mt_allocator.h:688: error: expected primary-expression before 'const'
/usr/lib/gcc/i486-linux/4.0.1/../../../../include/c++/4.0.1/ext/mt_allocator.h:689: error: expected `;' before '{' token
/usr/lib/gcc/i486-linux/4.0.1/../../../../include/c++/4.0.1/ext/mt_allocator.h:735: error: 'size_type' has not been declared
/usr/lib/gcc/i486-linux/4.0.1/../../../../include/c++/4.0.1/ext/mt_allocator.h: In member function 'void __gnu_cxx::__mt_alloc<_Tp, _Poolp>::deallocate(_Tp*, int)':
/usr/lib/gcc/i486-linux/4.0.1/../../../../include/c++/4.0.1/ext/mt_allocator.h:742: error: 'size_t' does not name a type
/usr/lib/gcc/i486-linux/4.0.1/../../../../include/c++/4.0.1/ext/mt_allocator.h:743: error: '__bytes' was not declared in this scope
/usr/lib/gcc/i486-linux/4.0.1/../../../../include/c++/4.0.1/bits/allocator.h: At global scope:
/usr/lib/gcc/i486-linux/4.0.1/../../../../include/c++/4.0.1/bits/allocator.h:64: error: 'size_t' does not name a type
/usr/lib/gcc/i486-linux/4.0.1/../../../../include/c++/4.0.1/bits/allocator.h:65: error: 'ptrdiff_t' does not name a type
/usr/lib/gcc/i486-linux/4.0.1/../../../../include/c++/4.0.1/bits/allocator.h:85: error: 'size_t' does not name a type
/usr/lib/gcc/i486-linux/4.0.1/../../../../include/c++/4.0.1/bits/allocator.h:86: error: 'ptrdiff_t' does not name a type
/usr/lib/gcc/i486-linux/4.0.1/../../../../include/c++/4.0.1/bits/stl_raw_storage_iter.h:72: error: wrong number of template arguments (5, should be 3)
/usr/lib/gcc/i486-linux/4.0.1/../../../../include/c++/4.0.1/bits/stl_iterator_base_types.h:106: error: provided for 'template<class _Category, class _Tp, class _Distance> struct std::iterator'
/usr/lib/gcc/i486-linux/4.0.1/../../../../include/c++/4.0.1/memory:73: error: 'ptrdiff_t' was not declared in this scope
/usr/lib/gcc/i486-linux/4.0.1/../../../../include/c++/4.0.1/memory:73: error: template argument 2 is invalid
/usr/lib/gcc/i486-linux/4.0.1/../../../../include/c++/4.0.1/memory:74: error: invalid type in declaration before '(' token
/usr/lib/gcc/i486-linux/4.0.1/../../../../include/c++/4.0.1/memory:74: error: template declaration of 'int std::__get_temporary_buffer'
/usr/lib/gcc/i486-linux/4.0.1/../../../../include/c++/4.0.1/memory:74: error: 'ptrdiff_t' was not declared in this scope
/usr/lib/gcc/i486-linux/4.0.1/../../../../include/c++/4.0.1/memory:74: error: expected primary-expression before '*' token
/usr/lib/gcc/i486-linux/4.0.1/../../../../include/c++/4.0.1/memory:74: error: expected primary-expression before ')' token
/usr/lib/gcc/i486-linux/4.0.1/../../../../include/c++/4.0.1/memory:109: error: 'ptrdiff_t' was not declared in this scope
/usr/lib/gcc/i486-linux/4.0.1/../../../../include/c++/4.0.1/memory:109: error: template argument 2 is invalid
/usr/lib/gcc/i486-linux/4.0.1/../../../../include/c++/4.0.1/memory:110: error: invalid type in declaration before '(' token
/usr/lib/gcc/i486-linux/4.0.1/../../../../include/c++/4.0.1/memory:110: error: 'std::get_temporary_buffer' declared as an 'inline' variable
/usr/lib/gcc/i486-linux/4.0.1/../../../../include/c++/4.0.1/memory:110: error: template declaration of 'int std::get_temporary_buffer'
/usr/lib/gcc/i486-linux/4.0.1/../../../../include/c++/4.0.1/memory:110: error: 'ptrdiff_t' was not declared in this scope
/usr/lib/gcc/i486-linux/4.0.1/../../../../include/c++/4.0.1/bits/stl_tempbuf.h:85: error: 'ptrdiff_t' does not name a type
/usr/lib/gcc/i486-linux/4.0.1/../../../../include/c++/4.0.1/bits/stl_tempbuf.h:88: error: 'size_type' does not name a type
/usr/lib/gcc/i486-linux/4.0.1/../../../../include/c++/4.0.1/bits/stl_tempbuf.h:89: error: 'size_type' does not name a type
/usr/lib/gcc/i486-linux/4.0.1/../../../../include/c++/4.0.1/bits/stl_tempbuf.h:101: error: 'size_type' does not name a type
/usr/lib/gcc/i486-linux/4.0.1/../../../../include/c++/4.0.1/bits/stl_tempbuf.h:106: error: 'size_type' does not name a type
/usr/lib/gcc/i486-linux/4.0.1/../../../../include/c++/4.0.1/bits/stl_tempbuf.h: In member function 'void std::_Temporary_buffer<_ForwardIterator, _Tp>::_M_initialize_buffer(const _Tp&, __false_type)':
/usr/lib/gcc/i486-linux/4.0.1/../../../../include/c++/4.0.1/bits/stl_tempbuf.h:97: error: '_M_len' was not declared in this scope
/usr/lib/gcc/i486-linux/4.0.1/../../../../include/c++/4.0.1/bits/stl_tempbuf.h: In member function '_Tp* std::_Temporary_buffer<_ForwardIterator, _Tp>::end()':
/usr/lib/gcc/i486-linux/4.0.1/../../../../include/c++/4.0.1/bits/stl_tempbuf.h:118: error: '_M_len' was not declared in this scope
/usr/lib/gcc/i486-linux/4.0.1/../../../../include/c++/4.0.1/bits/stl_tempbuf.h: In destructor 'std::_Temporary_buffer<_ForwardIterator, _Tp>::~_Temporary_buffer()':
/usr/lib/gcc/i486-linux/4.0.1/../../../../include/c++/4.0.1/bits/stl_tempbuf.h:128: error: '_M_len' was not declared in this scope
/usr/lib/gcc/i486-linux/4.0.1/../../../../include/c++/4.0.1/bits/stl_tempbuf.h: In constructor 'std::_Temporary_buffer<_ForwardIterator, _Tp>::_Temporary_buffer(_ForwardIterator, _ForwardIterator)':
/usr/lib/gcc/i486-linux/4.0.1/../../../../include/c++/4.0.1/bits/stl_tempbuf.h:144: error: class 'std::_Temporary_buffer<_ForwardIterator, _Tp>' does not have any field named '_M_original_len'
/usr/lib/gcc/i486-linux/4.0.1/../../../../include/c++/4.0.1/bits/stl_tempbuf.h:145: error: class 'std::_Temporary_buffer<_ForwardIterator, _Tp>' does not have any field named '_M_len'
/usr/lib/gcc/i486-linux/4.0.1/../../../../include/c++/4.0.1/bits/stl_tempbuf.h:152: error: 'size_type' was not declared in this scope
/usr/lib/gcc/i486-linux/4.0.1/../../../../include/c++/4.0.1/bits/stl_tempbuf.h:152: error: template argument 2 is invalid
/usr/lib/gcc/i486-linux/4.0.1/../../../../include/c++/4.0.1/bits/stl_tempbuf.h:152: error: invalid type in declaration before '(' token
/usr/lib/gcc/i486-linux/4.0.1/../../../../include/c++/4.0.1/bits/stl_tempbuf.h:152: error: 'get_temporary_buffer' was not declared in this scope
/usr/lib/gcc/i486-linux/4.0.1/../../../../include/c++/4.0.1/bits/stl_tempbuf.h:153: error: expected primary-expression before '>' token
/usr/lib/gcc/i486-linux/4.0.1/../../../../include/c++/4.0.1/bits/stl_tempbuf.h:153: error: '_M_original_len' was not declared in this scope
/usr/lib/gcc/i486-linux/4.0.1/../../../../include/c++/4.0.1/bits/stl_tempbuf.h:154: error: request for member 'first' in '__p', which is of non-class type 'int'
/usr/lib/gcc/i486-linux/4.0.1/../../../../include/c++/4.0.1/bits/stl_tempbuf.h:155: error: '_M_len' was not declared in this scope
/usr/lib/gcc/i486-linux/4.0.1/../../../../include/c++/4.0.1/bits/stl_tempbuf.h:155: error: request for member 'second' in '__p', which is of non-class type 'int'
/usr/lib/gcc/i486-linux/4.0.1/../../../../include/c++/4.0.1/bits/stl_tempbuf.h:163: error: '_M_len' was not declared in this scope
/usr/lib/gcc/i486-linux/4.0.1/../../../../include/c++/4.0.1/bits/basic_string.h: At global scope:
/usr/lib/gcc/i486-linux/4.0.1/../../../../include/c++/4.0.1/bits/basic_string.h: In instantiation of 'std::basic_string<char, std::char_traits<char>, std::allocator<char> >':
/usr/lib/gcc/i486-linux/4.0.1/../../../../include/c++/4.0.1/bits/basic_string.tcc:966:   instantiated from here
/usr/lib/gcc/i486-linux/4.0.1/../../../../include/c++/4.0.1/bits/basic_string.h:117: error: no type named 'size_type' in 'struct std::allocator<char>'
/usr/lib/gcc/i486-linux/4.0.1/../../../../include/c++/4.0.1/bits/basic_string.h:118: error: no type named 'difference_type' in 'struct std::allocator<char>'
/usr/lib/gcc/i486-linux/4.0.1/../../../../include/c++/4.0.1/bits/basic_string.h: In instantiation of 'std::basic_string<char, std::char_traits<char>, std::allocator<char> >':
/usr/lib/gcc/i486-linux/4.0.1/../../../../include/c++/4.0.1/bits/basic_string.tcc:966:   instantiated from here
/usr/lib/gcc/i486-linux/4.0.1/../../../../include/c++/4.0.1/bits/basic_string.h:297: error: no type named 'size_type' in 'struct std::allocator<char>'
/usr/lib/gcc/i486-linux/4.0.1/../../../../include/c++/4.0.1/bits/basic_string.h:305: error: no type named 'size_type' in 'struct std::allocator<char>'
/usr/lib/gcc/i486-linux/4.0.1/../../../../include/c++/4.0.1/bits/basic_string.h:313: error: no type named 'size_type' in 'struct std::allocator<char>'
/usr/lib/gcc/i486-linux/4.0.1/../../../../include/c++/4.0.1/bits/basic_string.h:330: error: no type named 'size_type' in 'struct std::allocator<char>'
/usr/lib/gcc/i486-linux/4.0.1/../../../../include/c++/4.0.1/bits/basic_string.h:339: error: no type named 'size_type' in 'struct std::allocator<char>'
/usr/lib/gcc/i486-linux/4.0.1/../../../../include/c++/4.0.1/bits/basic_string.h:348: error: no type named 'size_type' in 'struct std::allocator<char>'
/usr/lib/gcc/i486-linux/4.0.1/../../../../include/c++/4.0.1/bits/basic_string.tcc:450: error: no type named 'size_type' in 'struct std::allocator<char>'
/usr/lib/gcc/i486-linux/4.0.1/../../../../include/c++/4.0.1/bits/basic_string.tcc:196: error: no type named 'size_type' in 'struct std::allocator<char>'
/usr/lib/gcc/i486-linux/4.0.1/../../../../include/c++/4.0.1/bits/basic_string.tcc:207: error: no type named 'size_type' in 'struct std::allocator<char>'
/usr/lib/gcc/i486-linux/4.0.1/../../../../include/c++/4.0.1/bits/basic_string.tcc:218: error: no type named 'size_type' in 'struct std::allocator<char>'
/usr/lib/gcc/i486-linux/4.0.1/../../../../include/c++/4.0.1/bits/basic_string.tcc:232: error: no type named 'size_type' in 'struct std::allocator<char>'
/usr/lib/gcc/i486-linux/4.0.1/../../../../include/c++/4.0.1/bits/basic_string.h:584: error: no type named 'size_type' in 'struct std::allocator<char>'
/usr/lib/gcc/i486-linux/4.0.1/../../../../include/c++/4.0.1/bits/basic_string.h:590: error: no type named 'size_type' in 'struct std::allocator<char>'
/usr/lib/gcc/i486-linux/4.0.1/../../../../include/c++/4.0.1/bits/basic_string.h:595: error: no type named 'size_type' in 'struct std::allocator<char>'
/usr/lib/gcc/i486-linux/4.0.1/../../../../include/c++/4.0.1/bits/basic_string.tcc:613: error: no type named 'size_type' in 'struct std::allocator<char>'
/usr/lib/gcc/i486-linux/4.0.1/../../../../include/c++/4.0.1/bits/basic_string.h:622: error: no type named 'size_type' in 'struct std::allocator<char>'
/usr/lib/gcc/i486-linux/4.0.1/../../../../include/c++/4.0.1/bits/basic_string.h:630: error: no type named 'size_type' in 'struct std::allocator<char>'
/usr/lib/gcc/i486-linux/4.0.1/../../../../include/c++/4.0.1/bits/basic_string.tcc:483: error: no type named 'size_type' in 'struct std::allocator<char>'
/usr/lib/gcc/i486-linux/4.0.1/../../../../include/c++/4.0.1/bits/basic_string.h:679: error: no type named 'size_type' in 'struct std::allocator<char>'
/usr/lib/gcc/i486-linux/4.0.1/../../../../include/c++/4.0.1/bits/basic_string.h:696: error: no type named 'size_type' in 'struct std::allocator<char>'
/usr/lib/gcc/i486-linux/4.0.1/../../../../include/c++/4.0.1/bits/basic_string.h:717: error: no type named 'size_type' in 'struct std::allocator<char>'
/usr/lib/gcc/i486-linux/4.0.1/../../../../include/c++/4.0.1/bits/basic_string.h:736: error: no type named 'size_type' in 'struct std::allocator<char>'
/usr/lib/gcc/i486-linux/4.0.1/../../../../include/c++/4.0.1/bits/basic_string.tcc:346: error: no type named 'size_type' in 'struct std::allocator<char>'
/usr/lib/gcc/i486-linux/4.0.1/../../../../include/c++/4.0.1/bits/basic_string.tcc:302: error: no type named 'size_type' in 'struct std::allocator<char>'
/usr/lib/gcc/i486-linux/4.0.1/../../../../include/c++/4.0.1/bits/basic_string.tcc:285: error: no type named 'size_type' in 'struct std::allocator<char>'
/usr/lib/gcc/i486-linux/4.0.1/../../../../include/c++/4.0.1/bits/basic_string.h:878: error: no type named 'size_type' in 'struct std::allocator<char>'
/usr/lib/gcc/i486-linux/4.0.1/../../../../include/c++/4.0.1/bits/basic_string.tcc:263: error: no type named 'size_type' in 'struct std::allocator<char>'
/usr/lib/gcc/i486-linux/4.0.1/../../../../include/c++/4.0.1/bits/basic_string.h:922: error: no type named 'size_type' in 'struct std::allocator<char>'
/usr/lib/gcc/i486-linux/4.0.1/../../../../include/c++/4.0.1/bits/basic_string.h:951: error: no type named 'size_type' in 'struct std::allocator<char>'
/usr/lib/gcc/i486-linux/4.0.1/../../../../include/c++/4.0.1/bits/basic_string.h:982: error: no type named 'size_type' in 'struct std::allocator<char>'
/usr/lib/gcc/i486-linux/4.0.1/../../../../include/c++/4.0.1/bits/basic_string.h:1005: error: no type named 'size_type' in 'struct std::allocator<char>'
/usr/lib/gcc/i486-linux/4.0.1/../../../../include/c++/4.0.1/bits/basic_string.tcc:364: error: no type named 'size_type' in 'struct std::allocator<char>'
/usr/lib/gcc/i486-linux/4.0.1/../../../../include/c++/4.0.1/bits/basic_string.h:1045: error: no type named 'size_type' in 'struct std::allocator<char>'
/usr/lib/gcc/i486-linux/4.0.1/../../../../include/c++/4.0.1/bits/basic_string.h:1068: error: no type named 'size_type' in 'struct std::allocator<char>'
/usr/lib/gcc/i486-linux/4.0.1/../../../../include/c++/4.0.1/bits/basic_string.h:1109: error: no type named 'size_type' in 'struct std::allocator<char>'
/usr/lib/gcc/i486-linux/4.0.1/../../../../include/c++/4.0.1/bits/basic_string.h:1172: error: no type named 'size_type' in 'struct std::allocator<char>'
/usr/lib/gcc/i486-linux/4.0.1/../../../../include/c++/4.0.1/bits/basic_string.h:1195: error: no type named 'size_type' in 'struct std::allocator<char>'
/usr/lib/gcc/i486-linux/4.0.1/../../../../include/c++/4.0.1/bits/basic_string.tcc:396: error: no type named 'size_type' in 'struct std::allocator<char>'
/usr/lib/gcc/i486-linux/4.0.1/../../../../include/c++/4.0.1/bits/basic_string.h:1237: error: no type named 'size_type' in 'struct std::allocator<char>'
/usr/lib/gcc/i486-linux/4.0.1/../../../../include/c++/4.0.1/bits/basic_string.h:1260: error: no type named 'size_type' in 'struct std::allocator<char>'
/usr/lib/gcc/i486-linux/4.0.1/../../../../include/c++/4.0.1/bits/basic_string.h:1296: error: no type named 'size_type' in 'struct std::allocator<char>'
/usr/lib/gcc/i486-linux/4.0.1/../../../../include/c++/4.0.1/bits/basic_string.h:1338: error: no type named 'size_type' in 'struct std::allocator<char>'
/usr/lib/gcc/i486-linux/4.0.1/../../../../include/c++/4.0.1/bits/basic_string.tcc:642: error: no type named 'size_type' in 'struct std::allocator<char>'
/usr/lib/gcc/i486-linux/4.0.1/../../../../include/c++/4.0.1/bits/basic_string.tcc:655: error: no type named 'size_type' in 'struct std::allocator<char>'
/usr/lib/gcc/i486-linux/4.0.1/../../../../include/c++/4.0.1/bits/basic_string.tcc:165: error: no type named 'size_type' in 'struct std::allocator<char>'
/usr/lib/gcc/i486-linux/4.0.1/../../../../include/c++/4.0.1/bits/basic_string.h:1556: error: no type named 'size_type' in 'struct std::allocator<char>'
/usr/lib/gcc/i486-linux/4.0.1/../../../../include/c++/4.0.1/bits/basic_string.h:1570: error: no type named 'size_type' in 'struct std::allocator<char>'
/usr/lib/gcc/i486-linux/4.0.1/../../../../include/c++/4.0.1/bits/basic_string.h:1600: error: no type named 'size_type' in 'struct std::allocator<char>'
/usr/lib/gcc/i486-linux/4.0.1/../../../../include/c++/4.0.1/bits/basic_string.h:1628: error: no type named 'size_type' in 'struct std::allocator<char>'
/usr/lib/gcc/i486-linux/4.0.1/../../../../include/c++/4.0.1/bits/basic_string.h:1658: error: no type named 'size_type' in 'struct std::allocator<char>'
/usr/lib/gcc/i486-linux/4.0.1/../../../../include/c++/4.0.1/bits/basic_string.h:1686: error: no type named 'size_type' in 'struct std::allocator<char>'
/usr/lib/gcc/i486-linux/4.0.1/../../../../include/c++/4.0.1/bits/basic_string.h:1705: error: no type named 'size_type' in 'struct std::allocator<char>'
/usr/lib/gcc/i486-linux/4.0.1/../../../../include/c++/4.0.1/bits/basic_string.h:1719: error: no type named 'size_type' in 'struct std::allocator<char>'
/usr/lib/gcc/i486-linux/4.0.1/../../../../include/c++/4.0.1/bits/basic_string.h:1747: error: no type named 'size_type' in 'struct std::allocator<char>'
/usr/lib/gcc/i486-linux/4.0.1/../../../../include/c++/4.0.1/bits/basic_string.h:1766: error: no type named 'size_type' in 'struct std::allocator<char>'
/usr/lib/gcc/i486-linux/4.0.1/../../../../include/c++/4.0.1/bits/basic_string.h:1780: error: no type named 'size_type' in 'struct std::allocator<char>'
/usr/lib/gcc/i486-linux/4.0.1/../../../../include/c++/4.0.1/bits/basic_string.h:1809: error: no type named 'size_type' in 'struct std::allocator<char>'
/usr/lib/gcc/i486-linux/4.0.1/../../../../include/c++/4.0.1/bits/basic_string.h:1839: error: no type named 'size_type' in 'struct std::allocator<char>'
/usr/lib/gcc/i486-linux/4.0.1/../../../../include/c++/4.0.1/bits/basic_string.h:1868: error: no type named 'size_type' in 'struct std::allocator<char>'
/usr/lib/gcc/i486-linux/4.0.1/../../../../include/c++/4.0.1/bits/basic_string.h:1900: error: no type named 'size_type' in 'struct std::allocator<char>'
/usr/lib/gcc/i486-linux/4.0.1/../../../../include/c++/4.0.1/bits/basic_string.tcc:885: error: no type named 'size_type' in 'struct std::allocator<char>'
/usr/lib/gcc/i486-linux/4.0.1/../../../../include/c++/4.0.1/bits/basic_string.tcc:901: error: no type named 'size_type' in 'struct std::allocator<char>'
/usr/lib/gcc/i486-linux/4.0.1/../../../../include/c++/4.0.1/bits/basic_string.tcc:933: error: no type named 'size_type' in 'struct std::allocator<char>'
/usr/lib/gcc/i486-linux/4.0.1/../../../../include/c++/4.0.1/bits/basic_string.tcc:950: error: no type named 'size_type' in 'struct std::allocator<char>'
/usr/lib/gcc/i486-linux/4.0.1/../../../../include/c++/4.0.1/bits/basic_string.h: In instantiation of 'std::basic_string<char, std::char_traits<char>, std::allocator<char> >::_Rep_base':
/usr/lib/gcc/i486-linux/4.0.1/../../../../include/c++/4.0.1/bits/basic_string.h:152:   instantiated from 'std::basic_string<char, std::char_traits<char>, std::allocator<char> >::_Rep'
/usr/lib/gcc/i486-linux/4.0.1/../../../../include/c++/4.0.1/bits/basic_string.tcc:966:   instantiated from here
/usr/lib/gcc/i486-linux/4.0.1/../../../../include/c++/4.0.1/bits/basic_string.h:146: error: no type named 'size_type' in 'struct std::allocator<char>'
/usr/lib/gcc/i486-linux/4.0.1/../../../../include/c++/4.0.1/bits/basic_string.h:147: error: no type named 'size_type' in 'struct std::allocator<char>'
/usr/lib/gcc/i486-linux/4.0.1/../../../../include/c++/4.0.1/bits/basic_string.h: In instantiation of 'std::basic_string<char, std::char_traits<char>, std::allocator<char> >::_Rep':
/usr/lib/gcc/i486-linux/4.0.1/../../../../include/c++/4.0.1/bits/basic_string.tcc:966:   instantiated from here
/usr/lib/gcc/i486-linux/4.0.1/../../../../include/c++/4.0.1/bits/basic_string.h:197: error: no type named 'size_type' in 'struct std::allocator<char>'
/usr/lib/gcc/i486-linux/4.0.1/../../../../include/c++/4.0.1/bits/basic_string.tcc:528: error: no type named 'size_type' in 'struct std::allocator<char>'
/usr/lib/gcc/i486-linux/4.0.1/../../../../include/c++/4.0.1/bits/basic_string.tcc:597: error: no type named 'size_type' in 'struct std::allocator<char>'
/usr/lib/gcc/i486-linux/4.0.1/../../../../include/c++/4.0.1/bits/basic_string.h: In instantiation of 'std::basic_string<wchar_t, std::char_traits<wchar_t>, std::allocator<wchar_t> >':
/usr/lib/gcc/i486-linux/4.0.1/../../../../include/c++/4.0.1/bits/basic_string.tcc:981:   instantiated from here
/usr/lib/gcc/i486-linux/4.0.1/../../../../include/c++/4.0.1/bits/basic_string.h:117: error: no type named 'size_type' in 'struct std::allocator<wchar_t>'
/usr/lib/gcc/i486-linux/4.0.1/../../../../include/c++/4.0.1/bits/basic_string.h:118: error: no type named 'difference_type' in 'struct std::allocator<wchar_t>'
/usr/lib/gcc/i486-linux/4.0.1/../../../../include/c++/4.0.1/bits/basic_string.h: In instantiation of 'std::basic_string<wchar_t, std::char_traits<wchar_t>, std::allocator<wchar_t> >':
/usr/lib/gcc/i486-linux/4.0.1/../../../../include/c++/4.0.1/bits/basic_string.tcc:981:   instantiated from here
/usr/lib/gcc/i486-linux/4.0.1/../../../../include/c++/4.0.1/bits/basic_string.h:297: error: no type named 'size_type' in 'struct std::allocator<wchar_t>'
/usr/lib/gcc/i486-linux/4.0.1/../../../../include/c++/4.0.1/bits/basic_string.h:305: error: no type named 'size_type' in 'struct std::allocator<wchar_t>'
/usr/lib/gcc/i486-linux/4.0.1/../../../../include/c++/4.0.1/bits/basic_string.h:313: error: no type named 'size_type' in 'struct std::allocator<wchar_t>'
/usr/lib/gcc/i486-linux/4.0.1/../../../../include/c++/4.0.1/bits/basic_string.h:330: error: no type named 'size_type' in 'struct std::allocator<wchar_t>'
/usr/lib/gcc/i486-linux/4.0.1/../../../../include/c++/4.0.1/bits/basic_string.h:339: error: no type named 'size_type' in 'struct std::allocator<wchar_t>'
/usr/lib/gcc/i486-linux/4.0.1/../../../../include/c++/4.0.1/bits/basic_string.h:348: error: no type named 'size_type' in 'struct std::allocator<wchar_t>'
/usr/lib/gcc/i486-linux/4.0.1/../../../../include/c++/4.0.1/bits/basic_string.tcc:450: error: no type named 'size_type' in 'struct std::allocator<wchar_t>'
/usr/lib/gcc/i486-linux/4.0.1/../../../../include/c++/4.0.1/bits/basic_string.tcc:196: error: no type named 'size_type' in 'struct std::allocator<wchar_t>'
/usr/lib/gcc/i486-linux/4.0.1/../../../../include/c++/4.0.1/bits/basic_string.tcc:207: error: no type named 'size_type' in 'struct std::allocator<wchar_t>'
/usr/lib/gcc/i486-linux/4.0.1/../../../../include/c++/4.0.1/bits/basic_string.tcc:218: error: no type named 'size_type' in 'struct std::allocator<wchar_t>'
/usr/lib/gcc/i486-linux/4.0.1/../../../../include/c++/4.0.1/bits/basic_string.tcc:232: error: no type named 'size_type' in 'struct std::allocator<wchar_t>'
/usr/lib/gcc/i486-linux/4.0.1/../../../../include/c++/4.0.1/bits/basic_string.h:584: error: no type named 'size_type' in 'struct std::allocator<wchar_t>'
/usr/lib/gcc/i486-linux/4.0.1/../../../../include/c++/4.0.1/bits/basic_string.h:590: error: no type named 'size_type' in 'struct std::allocator<wchar_t>'
/usr/lib/gcc/i486-linux/4.0.1/../../../../include/c++/4.0.1/bits/basic_string.h:595: error: no type named 'size_type' in 'struct std::allocator<wchar_t>'
/usr/lib/gcc/i486-linux/4.0.1/../../../../include/c++/4.0.1/bits/basic_string.tcc:613: error: no type named 'size_type' in 'struct std::allocator<wchar_t>'
/usr/lib/gcc/i486-linux/4.0.1/../../../../include/c++/4.0.1/bits/basic_string.h:622: error: no type named 'size_type' in 'struct std::allocator<wchar_t>'
/usr/lib/gcc/i486-linux/4.0.1/../../../../include/c++/4.0.1/bits/basic_string.h:630: error: no type named 'size_type' in 'struct std::allocator<wchar_t>'
/usr/lib/gcc/i486-linux/4.0.1/../../../../include/c++/4.0.1/bits/basic_string.tcc:483: error: no type named 'size_type' in 'struct std::allocator<wchar_t>'
/usr/lib/gcc/i486-linux/4.0.1/../../../../include/c++/4.0.1/bits/basic_string.h:679: error: no type named 'size_type' in 'struct std::allocator<wchar_t>'
/usr/lib/gcc/i486-linux/4.0.1/../../../../include/c++/4.0.1/bits/basic_string.h:696: error: no type named 'size_type' in 'struct std::allocator<wchar_t>'
/usr/lib/gcc/i486-linux/4.0.1/../../../../include/c++/4.0.1/bits/basic_string.h:717: error: no type named 'size_type' in 'struct std::allocator<wchar_t>'
/usr/lib/gcc/i486-linux/4.0.1/../../../../include/c++/4.0.1/bits/basic_string.h:736: error: no type named 'size_type' in 'struct std::allocator<wchar_t>'
/usr/lib/gcc/i486-linux/4.0.1/../../../../include/c++/4.0.1/bits/basic_string.tcc:346: error: no type named 'size_type' in 'struct std::allocator<wchar_t>'
/usr/lib/gcc/i486-linux/4.0.1/../../../../include/c++/4.0.1/bits/basic_string.tcc:302: error: no type named 'size_type' in 'struct std::allocator<wchar_t>'
/usr/lib/gcc/i486-linux/4.0.1/../../../../include/c++/4.0.1/bits/basic_string.tcc:285: error: no type named 'size_type' in 'struct std::allocator<wchar_t>'
/usr/lib/gcc/i486-linux/4.0.1/../../../../include/c++/4.0.1/bits/basic_string.h:878: error: no type named 'size_type' in 'struct std::allocator<wchar_t>'
/usr/lib/gcc/i486-linux/4.0.1/../../../../include/c++/4.0.1/bits/basic_string.tcc:263: error: no type named 'size_type' in 'struct std::allocator<wchar_t>'
/usr/lib/gcc/i486-linux/4.0.1/../../../../include/c++/4.0.1/bits/basic_string.h:922: error: no type named 'size_type' in 'struct std::allocator<wchar_t>'
/usr/lib/gcc/i486-linux/4.0.1/../../../../include/c++/4.0.1/bits/basic_string.h:951: error: no type named 'size_type' in 'struct std::allocator<wchar_t>'
/usr/lib/gcc/i486-linux/4.0.1/../../../../include/c++/4.0.1/bits/basic_string.h:982: error: no type named 'size_type' in 'struct std::allocator<wchar_t>'
/usr/lib/gcc/i486-linux/4.0.1/../../../../include/c++/4.0.1/bits/basic_string.h:1005: error: no type named 'size_type' in 'struct std::allocator<wchar_t>'
/usr/lib/gcc/i486-linux/4.0.1/../../../../include/c++/4.0.1/bits/basic_string.tcc:364: error: no type named 'size_type' in 'struct std::allocator<wchar_t>'
/usr/lib/gcc/i486-linux/4.0.1/../../../../include/c++/4.0.1/bits/basic_string.h:1045: error: no type named 'size_type' in 'struct std::allocator<wchar_t>'
/usr/lib/gcc/i486-linux/4.0.1/../../../../include/c++/4.0.1/bits/basic_string.h:1068: error: no type named 'size_type' in 'struct std::allocator<wchar_t>'
/usr/lib/gcc/i486-linux/4.0.1/../../../../include/c++/4.0.1/bits/basic_string.h:1109: error: no type named 'size_type' in 'struct std::allocator<wchar_t>'
/usr/lib/gcc/i486-linux/4.0.1/../../../../include/c++/4.0.1/bits/basic_string.h:1172: error: no type named 'size_type' in 'struct std::allocator<wchar_t>'
/usr/lib/gcc/i486-linux/4.0.1/../../../../include/c++/4.0.1/bits/basic_string.h:1195: error: no type named 'size_type' in 'struct std::allocator<wchar_t>'
/usr/lib/gcc/i486-linux/4.0.1/../../../../include/c++/4.0.1/bits/basic_string.tcc:396: error: no type named 'size_type' in 'struct std::allocator<wchar_t>'
/usr/lib/gcc/i486-linux/4.0.1/../../../../include/c++/4.0.1/bits/basic_string.h:1237: error: no type named 'size_type' in 'struct std::allocator<wchar_t>'
/usr/lib/gcc/i486-linux/4.0.1/../../../../include/c++/4.0.1/bits/basic_string.h:1260: error: no type named 'size_type' in 'struct std::allocator<wchar_t>'
/usr/lib/gcc/i486-linux/4.0.1/../../../../include/c++/4.0.1/bits/basic_string.h:1296: error: no type named 'size_type' in 'struct std::allocator<wchar_t>'
/usr/lib/gcc/i486-linux/4.0.1/../../../../include/c++/4.0.1/bits/basic_string.h:1338: error: no type named 'size_type' in 'struct std::allocator<wchar_t>'
/usr/lib/gcc/i486-linux/4.0.1/../../../../include/c++/4.0.1/bits/basic_string.tcc:642: error: no type named 'size_type' in 'struct std::allocator<wchar_t>'
/usr/lib/gcc/i486-linux/4.0.1/../../../../include/c++/4.0.1/bits/basic_string.tcc:655: error: no type named 'size_type' in 'struct std::allocator<wchar_t>'
/usr/lib/gcc/i486-linux/4.0.1/../../../../include/c++/4.0.1/bits/basic_string.tcc:165: error: no type named 'size_type' in 'struct std::allocator<wchar_t>'
/usr/lib/gcc/i486-linux/4.0.1/../../../../include/c++/4.0.1/bits/basic_string.h:1556: error: no type named 'size_type' in 'struct std::allocator<wchar_t>'
/usr/lib/gcc/i486-linux/4.0.1/../../../../include/c++/4.0.1/bits/basic_string.h:1570: error: no type named 'size_type' in 'struct std::allocator<wchar_t>'
/usr/lib/gcc/i486-linux/4.0.1/../../../../include/c++/4.0.1/bits/basic_string.h:1600: error: no type named 'size_type' in 'struct std::allocator<wchar_t>'
/usr/lib/gcc/i486-linux/4.0.1/../../../../include/c++/4.0.1/bits/basic_string.h:1628: error: no type named 'size_type' in 'struct std::allocator<wchar_t>'
/usr/lib/gcc/i486-linux/4.0.1/../../../../include/c++/4.0.1/bits/basic_string.h:1658: error: no type named 'size_type' in 'struct std::allocator<wchar_t>'
/usr/lib/gcc/i486-linux/4.0.1/../../../../include/c++/4.0.1/bits/basic_string.h:1686: error: no type named 'size_type' in 'struct std::allocator<wchar_t>'
/usr/lib/gcc/i486-linux/4.0.1/../../../../include/c++/4.0.1/bits/basic_string.h:1705: error: no type named 'size_type' in 'struct std::allocator<wchar_t>'
/usr/lib/gcc/i486-linux/4.0.1/../../../../include/c++/4.0.1/bits/basic_string.h:1719: error: no type named 'size_type' in 'struct std::allocator<wchar_t>'
/usr/lib/gcc/i486-linux/4.0.1/../../../../include/c++/4.0.1/bits/basic_string.h:1747: error: no type named 'size_type' in 'struct std::allocator<wchar_t>'
/usr/lib/gcc/i486-linux/4.0.1/../../../../include/c++/4.0.1/bits/basic_string.h:1766: error: no type named 'size_type' in 'struct std::allocator<wchar_t>'
/usr/lib/gcc/i486-linux/4.0.1/../../../../include/c++/4.0.1/bits/basic_string.h:1780: error: no type named 'size_type' in 'struct std::allocator<wchar_t>'
/usr/lib/gcc/i486-linux/4.0.1/../../../../include/c++/4.0.1/bits/basic_string.h:1809: error: no type named 'size_type' in 'struct std::allocator<wchar_t>'
/usr/lib/gcc/i486-linux/4.0.1/../../../../include/c++/4.0.1/bits/basic_string.h:1839: error: no type named 'size_type' in 'struct std::allocator<wchar_t>'
/usr/lib/gcc/i486-linux/4.0.1/../../../../include/c++/4.0.1/bits/basic_string.h:1868: error: no type named 'size_type' in 'struct std::allocator<wchar_t>'
/usr/lib/gcc/i486-linux/4.0.1/../../../../include/c++/4.0.1/bits/basic_string.h:1900: error: no type named 'size_type' in 'struct std::allocator<wchar_t>'
/usr/lib/gcc/i486-linux/4.0.1/../../../../include/c++/4.0.1/bits/basic_string.tcc:885: error: no type named 'size_type' in 'struct std::allocator<wchar_t>'
/usr/lib/gcc/i486-linux/4.0.1/../../../../include/c++/4.0.1/bits/basic_string.tcc:901: error: no type named 'size_type' in 'struct std::allocator<wchar_t>'
/usr/lib/gcc/i486-linux/4.0.1/../../../../include/c++/4.0.1/bits/basic_string.tcc:933: error: no type named 'size_type' in 'struct std::allocator<wchar_t>'
/usr/lib/gcc/i486-linux/4.0.1/../../../../include/c++/4.0.1/bits/basic_string.tcc:950: error: no type named 'size_type' in 'struct std::allocator<wchar_t>'
/usr/lib/gcc/i486-linux/4.0.1/../../../../include/c++/4.0.1/bits/basic_string.h: In instantiation of 'std::basic_string<wchar_t, std::char_traits<wchar_t>, std::allocator<wchar_t> >::_Rep_base':
/usr/lib/gcc/i486-linux/4.0.1/../../../../include/c++/4.0.1/bits/basic_string.h:152:   instantiated from 'std::basic_string<wchar_t, std::char_traits<wchar_t>, std::allocator<wchar_t> >::_Rep'
/usr/lib/gcc/i486-linux/4.0.1/../../../../include/c++/4.0.1/bits/basic_string.tcc:981:   instantiated from here
/usr/lib/gcc/i486-linux/4.0.1/../../../../include/c++/4.0.1/bits/basic_string.h:146: error: no type named 'size_type' in 'struct std::allocator<wchar_t>'
/usr/lib/gcc/i486-linux/4.0.1/../../../../include/c++/4.0.1/bits/basic_string.h:147: error: no type named 'size_type' in 'struct std::allocator<wchar_t>'
/usr/lib/gcc/i486-linux/4.0.1/../../../../include/c++/4.0.1/bits/basic_string.h: In instantiation of 'std::basic_string<wchar_t, std::char_traits<wchar_t>, std::allocator<wchar_t> >::_Rep':
/usr/lib/gcc/i486-linux/4.0.1/../../../../include/c++/4.0.1/bits/basic_string.tcc:981:   instantiated from here
/usr/lib/gcc/i486-linux/4.0.1/../../../../include/c++/4.0.1/bits/basic_string.h:197: error: no type named 'size_type' in 'struct std::allocator<wchar_t>'
/usr/lib/gcc/i486-linux/4.0.1/../../../../include/c++/4.0.1/bits/basic_string.tcc:528: error: no type named 'size_type' in 'struct std::allocator<wchar_t>'
/usr/lib/gcc/i486-linux/4.0.1/../../../../include/c++/4.0.1/bits/basic_string.tcc:597: error: no type named 'size_type' in 'struct std::allocator<wchar_t>'
/usr/lib/gcc/i486-linux/4.0.1/../../../../include/c++/4.0.1/bits/locale_classes.h:310: error: 'size_t' does not name a type
/usr/lib/gcc/i486-linux/4.0.1/../../../../include/c++/4.0.1/bits/locale_classes.h:375: error: expected `)' before '__refs'
/usr/lib/gcc/i486-linux/4.0.1/../../../../include/c++/4.0.1/bits/locale_classes.h:451: error: 'size_t' does not name a type
/usr/lib/gcc/i486-linux/4.0.1/../../../../include/c++/4.0.1/bits/locale_classes.h:467: error: 'size_t' does not name a type
/usr/lib/gcc/i486-linux/4.0.1/../../../../include/c++/4.0.1/bits/locale_classes.h:495: error: 'size_t' does not name a type
/usr/lib/gcc/i486-linux/4.0.1/../../../../include/c++/4.0.1/bits/locale_classes.h:522: error: 'size_t' has not been declared
/usr/lib/gcc/i486-linux/4.0.1/../../../../include/c++/4.0.1/bits/locale_classes.h:523: error: 'size_t' has not been declared
/usr/lib/gcc/i486-linux/4.0.1/../../../../include/c++/4.0.1/bits/locale_classes.h:524: error: field 'size_t' has incomplete type
/usr/lib/gcc/i486-linux/4.0.1/../../../../include/c++/4.0.1/bits/locale_classes.h:524: error: expected ';' before 'throw'
/usr/lib/gcc/i486-linux/4.0.1/../../../../include/c++/4.0.1/bits/locale_classes.h:562: error: 'size_t' has not been declared
/usr/lib/gcc/i486-linux/4.0.1/../../../../include/c++/4.0.1/bits/locale_classes.h: In member function 'bool std::locale::_Impl::_M_check_same_name()':
/usr/lib/gcc/i486-linux/4.0.1/../../../../include/c++/4.0.1/bits/locale_classes.h:539: error: 'size_t' was not declared in this scope
/usr/lib/gcc/i486-linux/4.0.1/../../../../include/c++/4.0.1/bits/locale_classes.h:539: error: expected `;' before '__i'
/usr/lib/gcc/i486-linux/4.0.1/../../../../include/c++/4.0.1/bits/locale_classes.h:539: error: '__i' was not declared in this scope
/usr/lib/gcc/i486-linux/4.0.1/../../../../include/c++/4.0.1/bits/locale_classes.h:539: error: '_S_categories_size' was not declared in this scope
/usr/lib/gcc/i486-linux/4.0.1/../../../../include/c++/4.0.1/bits/ios_base.h: At global scope:
/usr/lib/gcc/i486-linux/4.0.1/../../../../include/c++/4.0.1/bits/ios_base.h:457: error: 'streamsize' does not name a type
/usr/lib/gcc/i486-linux/4.0.1/../../../../include/c++/4.0.1/bits/ios_base.h:458: error: 'streamsize' does not name a type
/usr/lib/gcc/i486-linux/4.0.1/../../../../include/c++/4.0.1/bits/ios_base.h:617: error: 'streamsize' does not name a type
/usr/lib/gcc/i486-linux/4.0.1/../../../../include/c++/4.0.1/bits/ios_base.h:625: error: 'streamsize' does not name a type
/usr/lib/gcc/i486-linux/4.0.1/../../../../include/c++/4.0.1/bits/ios_base.h:639: error: 'streamsize' does not name a type
/usr/lib/gcc/i486-linux/4.0.1/../../../../include/c++/4.0.1/bits/ios_base.h:647: error: 'streamsize' does not name a type
/usr/lib/gcc/i486-linux/4.0.1/../../../../include/c++/4.0.1/streambuf:58: error: expected constructor, destructor, or type conversion before '__copy_streambufs'
/usr/lib/gcc/i486-linux/4.0.1/../../../../include/c++/4.0.1/streambuf:153: error: 'streamsize' does not name a type
/usr/lib/gcc/i486-linux/4.0.1/../../../../include/c++/4.0.1/streambuf:232: error: 'streamsize' has not been declared
/usr/lib/gcc/i486-linux/4.0.1/../../../../include/c++/4.0.1/streambuf:258: error: 'streamsize' does not name a type
/usr/lib/gcc/i486-linux/4.0.1/../../../../include/c++/4.0.1/streambuf:331: error: 'streamsize' does not name a type
/usr/lib/gcc/i486-linux/4.0.1/../../../../include/c++/4.0.1/streambuf:423: error: 'streamsize' does not name a type
/usr/lib/gcc/i486-linux/4.0.1/../../../../include/c++/4.0.1/streambuf:565: error: 'streamsize' has not been declared
/usr/lib/gcc/i486-linux/4.0.1/../../../../include/c++/4.0.1/streambuf:622: error: 'streamsize' does not name a type
/usr/lib/gcc/i486-linux/4.0.1/../../../../include/c++/4.0.1/streambuf:638: error: 'streamsize' does not name a type
/usr/lib/gcc/i486-linux/4.0.1/../../../../include/c++/4.0.1/streambuf:715: error: 'streamsize' does not name a type
/usr/lib/gcc/i486-linux/4.0.1/../../../../include/c++/4.0.1/streambuf:786: error: expected constructor, destructor, or type conversion before '__copy_streambufs'
/usr/lib/gcc/i486-linux/4.0.1/../../../../include/c++/4.0.1/streambuf:791: error: expected constructor, destructor, or type conversion before '__copy_streambufs'
/usr/lib/gcc/i486-linux/4.0.1/../../../../include/c++/4.0.1/bits/streambuf.tcc:49: error: expected constructor, destructor, or type conversion before 'basic_streambuf'
/usr/lib/gcc/i486-linux/4.0.1/../../../../include/c++/4.0.1/bits/streambuf.tcc:83: error: expected constructor, destructor, or type conversion before 'basic_streambuf'
/usr/lib/gcc/i486-linux/4.0.1/../../../../include/c++/4.0.1/bits/streambuf.tcc:120: error: expected constructor, destructor, or type conversion before '__copy_streambufs'
/usr/lib/gcc/i486-linux/4.0.1/../../../../include/c++/4.0.1/bits/streambuf.tcc:142: error: explicit instantiation of non-template 'int std::streamsize'
/usr/lib/gcc/i486-linux/4.0.1/../../../../include/c++/4.0.1/bits/streambuf.tcc:143: error: expected `;' before '__copy_streambufs'
/usr/lib/gcc/i486-linux/4.0.1/../../../../include/c++/4.0.1/bits/streambuf.tcc:148: error: explicit instantiation of non-template 'int std::streamsize'
/usr/lib/gcc/i486-linux/4.0.1/../../../../include/c++/4.0.1/bits/streambuf.tcc:149: error: expected `;' before '__copy_streambufs'
/usr/lib/gcc/i486-linux/4.0.1/../../../../include/c++/4.0.1/bits/streambuf_iterator.h:53: error: wrong number of template arguments (5, should be 3)
/usr/lib/gcc/i486-linux/4.0.1/../../../../include/c++/4.0.1/bits/stl_iterator_base_types.h:106: error: provided for 'template<class _Category, class _Tp, class _Distance> struct std::iterator'
/usr/lib/gcc/i486-linux/4.0.1/../../../../include/c++/4.0.1/bits/streambuf_iterator.h:192: error: wrong number of template arguments (5, should be 3)
/usr/lib/gcc/i486-linux/4.0.1/../../../../include/c++/4.0.1/bits/stl_iterator_base_types.h:106: error: provided for 'template<class _Category, class _Tp, class _Distance> struct std::iterator'
/usr/lib/gcc/i486-linux/4.0.1/../../../../include/c++/4.0.1/bits/streambuf_iterator.h:248: error: 'streamsize' has not been declared
/usr/lib/gcc/i486-linux/4.0.1/../../../../include/c++/4.0.1/bits/locale_facets.h:91: error: expected ',' or '...' before '__newlen'
/usr/lib/gcc/i486-linux/4.0.1/../../../../include/c++/4.0.1/bits/locale_facets.h:103: error: 'size_t' has not been declared
/usr/lib/gcc/i486-linux/4.0.1/../../../../include/c++/4.0.1/bits/locale_facets.h:353: error: expected `)' before '__refs'
/usr/lib/gcc/i486-linux/4.0.1/../../../../include/c++/4.0.1/bits/locale_facets.h:617: error: expected `)' before '__refs'
/usr/lib/gcc/i486-linux/4.0.1/../../../../include/c++/4.0.1/bits/locale_facets.h:699: error: 'size_t' does not name a type
/usr/lib/gcc/i486-linux/4.0.1/../../../../include/c++/4.0.1/bits/locale_facets.h:712: error: 'size_t' has not been declared
/usr/lib/gcc/i486-linux/4.0.1/../../../../include/c++/4.0.1/bits/locale_facets.h:726: error: 'size_t' has not been declared
/usr/lib/gcc/i486-linux/4.0.1/../../../../include/c++/4.0.1/bits/locale_facets.h: In member function 'void std::ctype<char>::_M_widen_init() const':
/usr/lib/gcc/i486-linux/4.0.1/../../../../include/c++/4.0.1/bits/locale_facets.h:1161: error: 'size_t' was not declared in this scope
/usr/lib/gcc/i486-linux/4.0.1/../../../../include/c++/4.0.1/bits/locale_facets.h:1161: error: expected `;' before '__i'
/usr/lib/gcc/i486-linux/4.0.1/../../../../include/c++/4.0.1/bits/locale_facets.h:1161: error: '__i' was not declared in this scope
/usr/lib/gcc/i486-linux/4.0.1/../../../../include/c++/4.0.1/bits/locale_facets.h: In member function 'void std::ctype<char>::_M_narrow_init() const':
/usr/lib/gcc/i486-linux/4.0.1/../../../../include/c++/4.0.1/bits/locale_facets.h:1177: error: 'size_t' was not declared in this scope
/usr/lib/gcc/i486-linux/4.0.1/../../../../include/c++/4.0.1/bits/locale_facets.h:1177: error: expected `;' before '__i'
/usr/lib/gcc/i486-linux/4.0.1/../../../../include/c++/4.0.1/bits/locale_facets.h:1177: error: '__i' was not declared in this scope
/usr/lib/gcc/i486-linux/4.0.1/../../../../include/c++/4.0.1/bits/locale_facets.h: At global scope:
/usr/lib/gcc/i486-linux/4.0.1/../../../../include/c++/4.0.1/bits/locale_facets.h:1246: error: expected `)' before '__refs'
/usr/lib/gcc/i486-linux/4.0.1/../../../../include/c++/4.0.1/bits/locale_facets.h:1257: error: 'size_t' has not been declared
/usr/lib/gcc/i486-linux/4.0.1/../../../../include/c++/4.0.1/bits/locale_facets.h:1518: error: 'size_t' has not been declared
/usr/lib/gcc/i486-linux/4.0.1/../../../../include/c++/4.0.1/bits/locale_facets.h:1527: error: 'size_t' has not been declared
/usr/lib/gcc/i486-linux/4.0.1/../../../../include/c++/4.0.1/bits/locale_facets.h:1530: error: 'size_t' has not been declared
/usr/lib/gcc/i486-linux/4.0.1/../../../../include/c++/4.0.1/bits/codecvt.h:217: error: 'size_t' has not been declared
/usr/lib/gcc/i486-linux/4.0.1/../../../../include/c++/4.0.1/bits/codecvt.h:226: error: expected `)' before '__refs'
/usr/lib/gcc/i486-linux/4.0.1/../../../../include/c++/4.0.1/bits/codecvt.h:262: error: 'size_t' has not been declared
/usr/lib/gcc/i486-linux/4.0.1/../../../../include/c++/4.0.1/bits/codecvt.h:288: error: expected `)' before '__refs'
/usr/lib/gcc/i486-linux/4.0.1/../../../../include/c++/4.0.1/bits/codecvt.h:292: error: 'size_t' has not been declared
/usr/lib/gcc/i486-linux/4.0.1/../../../../include/c++/4.0.1/bits/codecvt.h:322: error: 'size_t' has not been declared
/usr/lib/gcc/i486-linux/4.0.1/../../../../include/c++/4.0.1/bits/codecvt.h:349: error: expected `)' before '__refs'
/usr/lib/gcc/i486-linux/4.0.1/../../../../include/c++/4.0.1/bits/codecvt.h:352: error: 'size_t' has not been declared
/usr/lib/gcc/i486-linux/4.0.1/../../../../include/c++/4.0.1/bits/codecvt.h:382: error: 'size_t' has not been declared
/usr/lib/gcc/i486-linux/4.0.1/../../../../include/c++/4.0.1/bits/codecvt.h:407: error: expected `)' before '__refs'
/usr/lib/gcc/i486-linux/4.0.1/../../../../include/c++/4.0.1/bits/codecvt.h:410: error: 'size_t' has not been declared
/usr/lib/gcc/i486-linux/4.0.1/../../../../include/c++/4.0.1/bits/codecvt.h:442: error: 'size_t' has not been declared
/usr/lib/gcc/i486-linux/4.0.1/../../../../include/c++/4.0.1/bits/codecvt.h:455: error: 'size_t' has not been declared
/usr/lib/gcc/i486-linux/4.0.1/../../../../include/c++/4.0.1/bits/locale_facets.h:1589: error: 'size_t' does not name a type
/usr/lib/gcc/i486-linux/4.0.1/../../../../include/c++/4.0.1/bits/locale_facets.h:1592: error: 'size_t' does not name a type
/usr/lib/gcc/i486-linux/4.0.1/../../../../include/c++/4.0.1/bits/locale_facets.h:1594: error: 'size_t' does not name a type
/usr/lib/gcc/i486-linux/4.0.1/../../../../include/c++/4.0.1/bits/locale_facets.h:1612: error: expected `)' before '__refs'
/usr/lib/gcc/i486-linux/4.0.1/../../../../include/c++/4.0.1/bits/locale_facets.h:1681: error: expected `)' before '__refs'
/usr/lib/gcc/i486-linux/4.0.1/../../../../include/c++/4.0.1/bits/locale_facets.h:1694: error: 'size_t' has not been declared
/usr/lib/gcc/i486-linux/4.0.1/../../../../include/c++/4.0.1/bits/locale_facets.h:1708: error: 'size_t' has not been declared
/usr/lib/gcc/i486-linux/4.0.1/../../../../include/c++/4.0.1/bits/locale_facets.h:1896: error: 'size_t' has not been declared
/usr/lib/gcc/i486-linux/4.0.1/../../../../include/c++/4.0.1/bits/locale_facets.h:1947: error: expected `)' before '__refs'
/usr/lib/gcc/i486-linux/4.0.1/../../../../include/c++/4.0.1/bits/locale_facets.h:2226: error: expected `)' before '__refs'
/usr/lib/gcc/i486-linux/4.0.1/../../../../include/c++/4.0.1/bits/locale_facets.h:2385: error: 'size_t' has not been declared
/usr/lib/gcc/i486-linux/4.0.1/../../../../include/c++/4.0.1/bits/locale_facets.h:2395: error: 'size_t' has not been declared
/usr/lib/gcc/i486-linux/4.0.1/../../../../include/c++/4.0.1/bits/locale_facets.h:2400: error: 'streamsize' has not been declared
/usr/lib/gcc/i486-linux/4.0.1/../../../../include/c++/4.0.1/bits/locale_facets.h:2493: error: expected `)' before '__refs'
/usr/lib/gcc/i486-linux/4.0.1/../../../../include/c++/4.0.1/bits/locale_facets.h:2507: error: 'size_t' has not been declared
/usr/lib/gcc/i486-linux/4.0.1/../../../../include/c++/4.0.1/bits/locale_facets.h:2564: error: 'size_t' does not name a type
/usr/lib/gcc/i486-linux/4.0.1/../../../../include/c++/4.0.1/bits/locale_facets.h:2628: error: expected constructor, destructor, or type conversion before 'collate'
/usr/lib/gcc/i486-linux/4.0.1/../../../../include/c++/4.0.1/bits/locale_facets.h:2637: error: expected constructor, destructor, or type conversion before 'collate'
/usr/lib/gcc/i486-linux/4.0.1/../../../../include/c++/4.0.1/bits/locale_facets.h:2652: error: 'size_t' has not been declared
/usr/lib/gcc/i486-linux/4.0.1/../../../../include/c++/4.0.1/bits/locale_facets.h:2744: error: expected `)' before '__refs'
/usr/lib/gcc/i486-linux/4.0.1/../../../../include/c++/4.0.1/bits/locale_facets.h:2817: error: expected `)' before '__refs'
/usr/lib/gcc/i486-linux/4.0.1/../../../../include/c++/4.0.1/bits/locale_facets.h:2820: error: 'size_t' has not been declared
/usr/lib/gcc/i486-linux/4.0.1/../../../../include/c++/4.0.1/bits/locale_facets.h:2833: error: 'size_t' has not been declared
/usr/lib/gcc/i486-linux/4.0.1/../../../../include/c++/4.0.1/bits/locale_facets.h:2838: error: 'size_t' has not been declared
/usr/lib/gcc/i486-linux/4.0.1/../../../../include/c++/4.0.1/bits/locale_facets.h:2953: error: 'size_t' has not been declared
/usr/lib/gcc/i486-linux/4.0.1/../../../../include/c++/4.0.1/bits/locale_facets.h:2962: error: 'size_t' has not been declared
/usr/lib/gcc/i486-linux/4.0.1/../../../../include/c++/4.0.1/i486-linux/bits/time_members.h:38: error: expected constructor, destructor, or type conversion before '(' token
/usr/lib/gcc/i486-linux/4.0.1/../../../../include/c++/4.0.1/i486-linux/bits/time_members.h:44: error: 'size_t' has not been declared
/usr/lib/gcc/i486-linux/4.0.1/../../../../include/c++/4.0.1/i486-linux/bits/time_members.h:51: error: 'size_t' has not been declared
/usr/lib/gcc/i486-linux/4.0.1/../../../../include/c++/4.0.1/i486-linux/bits/time_members.h: In constructor 'std::__timepunct<_CharT>::__timepunct(__locale_struct*, const char*, int)':
/usr/lib/gcc/i486-linux/4.0.1/../../../../include/c++/4.0.1/i486-linux/bits/time_members.h:55: error: 'strlen' is not a member of 'std'
/usr/lib/gcc/i486-linux/4.0.1/../../../../include/c++/4.0.1/bits/locale_facets.h: At global scope:
/usr/lib/gcc/i486-linux/4.0.1/../../../../include/c++/4.0.1/bits/locale_facets.h:3004: error: expected `)' before '__refs'
/usr/lib/gcc/i486-linux/4.0.1/../../../../include/c++/4.0.1/bits/locale_facets.h:3273: error: 'size_t' has not been declared
/usr/lib/gcc/i486-linux/4.0.1/../../../../include/c++/4.0.1/bits/locale_facets.h:3280: error: 'size_t' has not been declared
/usr/lib/gcc/i486-linux/4.0.1/../../../../include/c++/4.0.1/bits/locale_facets.h:3303: error: 'size_t' has not been declared
/usr/lib/gcc/i486-linux/4.0.1/../../../../include/c++/4.0.1/bits/locale_facets.h:3344: error: expected `)' before '__refs'
/usr/lib/gcc/i486-linux/4.0.1/../../../../include/c++/4.0.1/bits/locale_facets.h:3427: error: 'size_t' has not been declared
/usr/lib/gcc/i486-linux/4.0.1/../../../../include/c++/4.0.1/bits/locale_facets.h:3476: error: 'size_t' does not name a type
/usr/lib/gcc/i486-linux/4.0.1/../../../../include/c++/4.0.1/bits/locale_facets.h:3481: error: 'size_t' does not name a type
/usr/lib/gcc/i486-linux/4.0.1/../../../../include/c++/4.0.1/bits/locale_facets.h:3483: error: 'size_t' does not name a type
/usr/lib/gcc/i486-linux/4.0.1/../../../../include/c++/4.0.1/bits/locale_facets.h:3485: error: 'size_t' does not name a type
/usr/lib/gcc/i486-linux/4.0.1/../../../../include/c++/4.0.1/bits/locale_facets.h:3497: error: expected `)' before '__refs'
/usr/lib/gcc/i486-linux/4.0.1/../../../../include/c++/4.0.1/bits/locale_facets.h:3569: error: expected `)' before '__refs'
/usr/lib/gcc/i486-linux/4.0.1/../../../../include/c++/4.0.1/bits/locale_facets.h:3581: error: 'size_t' has not been declared
/usr/lib/gcc/i486-linux/4.0.1/../../../../include/c++/4.0.1/bits/locale_facets.h:3596: error: 'size_t' has not been declared
/usr/lib/gcc/i486-linux/4.0.1/../../../../include/c++/4.0.1/bits/locale_facets.h:3936: error: 'size_t' has not been declared
/usr/lib/gcc/i486-linux/4.0.1/../../../../include/c++/4.0.1/bits/locale_facets.h:3991: error: expected `)' before '__refs'
/usr/lib/gcc/i486-linux/4.0.1/../../../../include/c++/4.0.1/bits/locale_facets.h:4125: error: expected `)' before '__refs'
/usr/lib/gcc/i486-linux/4.0.1/../../../../include/c++/4.0.1/bits/locale_facets.h:4286: error: expected `)' before '__refs'
/usr/lib/gcc/i486-linux/4.0.1/../../../../include/c++/4.0.1/bits/locale_facets.h:4300: error: 'size_t' has not been declared
/usr/lib/gcc/i486-linux/4.0.1/../../../../include/c++/4.0.1/bits/locale_facets.h:4482: error: 'size_t' has not been declared
/usr/lib/gcc/i486-linux/4.0.1/../../../../include/c++/4.0.1/i486-linux/bits/messages_members.h:38: error: expected constructor, destructor, or type conversion before '(' token
/usr/lib/gcc/i486-linux/4.0.1/../../../../include/c++/4.0.1/i486-linux/bits/messages_members.h:45: error: 'size_t' has not been declared
/usr/lib/gcc/i486-linux/4.0.1/../../../../include/c++/4.0.1/i486-linux/bits/messages_members.h: In constructor 'std::messages<_CharT>::messages(__locale_struct*, const char*, int)':
/usr/lib/gcc/i486-linux/4.0.1/../../../../include/c++/4.0.1/i486-linux/bits/messages_members.h:49: error: 'strlen' is not a member of 'std'
/usr/lib/gcc/i486-linux/4.0.1/../../../../include/c++/4.0.1/i486-linux/bits/messages_members.h: At global scope:
/usr/lib/gcc/i486-linux/4.0.1/../../../../include/c++/4.0.1/i486-linux/bits/messages_members.h:90: error: 'size_t' has not been declared
/usr/lib/gcc/i486-linux/4.0.1/../../../../include/c++/4.0.1/i486-linux/bits/messages_members.h: In constructor 'std::messages_byname<_CharT>::messages_byname(const char*, int)':
/usr/lib/gcc/i486-linux/4.0.1/../../../../include/c++/4.0.1/i486-linux/bits/messages_members.h:95: error: 'strlen' is not a member of 'std'
/usr/lib/gcc/i486-linux/4.0.1/../../../../include/c++/4.0.1/ostream: At global scope:
/usr/lib/gcc/i486-linux/4.0.1/../../../../include/c++/4.0.1/ostream:285: error: 'streamsize' has not been declared
/usr/lib/gcc/i486-linux/4.0.1/../../../../include/c++/4.0.1/ostream:309: error: 'streamsize' has not been declared
/usr/lib/gcc/i486-linux/4.0.1/../../../../include/c++/4.0.1/ostream: In member function 'void std::basic_ostream<_CharT, _Traits>::_M_write(const _CharT*, int)':
/usr/lib/gcc/i486-linux/4.0.1/../../../../include/c++/4.0.1/ostream:287: error: 'streamsize' was not declared in this scope
/usr/lib/gcc/i486-linux/4.0.1/../../../../include/c++/4.0.1/ostream:287: error: expected `;' before '__put'
/usr/lib/gcc/i486-linux/4.0.1/../../../../include/c++/4.0.1/ostream:288: error: '__put' was not declared in this scope
/usr/lib/gcc/i486-linux/4.0.1/../../../../include/c++/4.0.1/bits/locale_facets.tcc: In function 'bool std::has_facet(const std::locale&)':
/usr/lib/gcc/i486-linux/4.0.1/../../../../include/c++/4.0.1/bits/locale_facets.tcc:90: error: 'size_t' does not name a type
/usr/lib/gcc/i486-linux/4.0.1/../../../../include/c++/4.0.1/bits/locale_facets.tcc:92: error: '__i' was not declared in this scope
/usr/lib/gcc/i486-linux/4.0.1/../../../../include/c++/4.0.1/bits/locale_facets.tcc:92: error: 'class std::locale::_Impl' has no member named '_M_facets_size'
/usr/lib/gcc/i486-linux/4.0.1/../../../../include/c++/4.0.1/bits/locale_facets.tcc: In function 'const _Facet& std::use_facet(const std::locale&)':
/usr/lib/gcc/i486-linux/4.0.1/../../../../include/c++/4.0.1/bits/locale_facets.tcc:112: error: 'size_t' does not name a type
/usr/lib/gcc/i486-linux/4.0.1/../../../../include/c++/4.0.1/bits/locale_facets.tcc:114: error: '__i' was not declared in this scope
/usr/lib/gcc/i486-linux/4.0.1/../../../../include/c++/4.0.1/bits/locale_facets.tcc:114: error: 'class std::locale::_Impl' has no member named '_M_facets_size'
/usr/lib/gcc/i486-linux/4.0.1/../../../../include/c++/4.0.1/bits/locale_facets.tcc:116: error: '__i' was not declared in this scope
/usr/lib/gcc/i486-linux/4.0.1/../../../../include/c++/4.0.1/bits/locale_facets.tcc: In member function 'const std::__numpunct_cache<_CharT>* std::__use_cache<std::__numpunct_cache<_CharT> >::operator()(const std::locale&) const':
/usr/lib/gcc/i486-linux/4.0.1/../../../../include/c++/4.0.1/bits/locale_facets.tcc:135: error: 'size_t' does not name a type
/usr/lib/gcc/i486-linux/4.0.1/../../../../include/c++/4.0.1/bits/locale_facets.tcc:137: error: '__i' was not declared in this scope
/usr/lib/gcc/i486-linux/4.0.1/../../../../include/c++/4.0.1/bits/locale_facets.tcc:152: error: '__i' was not declared in this scope
/usr/lib/gcc/i486-linux/4.0.1/../../../../include/c++/4.0.1/bits/locale_facets.tcc: In member function 'const std::__moneypunct_cache<_CharT, _Intl>* std::__use_cache<std::__moneypunct_cache<_CharT, _Intl> >::operator()(const std::locale&) const':
/usr/lib/gcc/i486-linux/4.0.1/../../../../include/c++/4.0.1/bits/locale_facets.tcc:162: error: 'size_t' does not name a type
/usr/lib/gcc/i486-linux/4.0.1/../../../../include/c++/4.0.1/bits/locale_facets.tcc:164: error: '__i' was not declared in this scope
/usr/lib/gcc/i486-linux/4.0.1/../../../../include/c++/4.0.1/bits/locale_facets.tcc:180: error: '__i' was not declared in this scope
/usr/lib/gcc/i486-linux/4.0.1/../../../../include/c++/4.0.1/bits/locale_facets.tcc: In member function 'void std::__numpunct_cache<_CharT>::_M_cache(const std::locale&)':
/usr/lib/gcc/i486-linux/4.0.1/../../../../include/c++/4.0.1/bits/locale_facets.tcc:192: error: '_M_grouping_size' was not declared in this scope
/usr/lib/gcc/i486-linux/4.0.1/../../../../include/c++/4.0.1/bits/locale_facets.tcc:198: error: '_M_truename_size' was not declared in this scope
/usr/lib/gcc/i486-linux/4.0.1/../../../../include/c++/4.0.1/bits/locale_facets.tcc:203: error: '_M_falsename_size' was not declared in this scope
/usr/lib/gcc/i486-linux/4.0.1/../../../../include/c++/4.0.1/bits/locale_facets.tcc: In member function 'void std::__moneypunct_cache<_CharT, _Intl>::_M_cache(const std::locale&)':
/usr/lib/gcc/i486-linux/4.0.1/../../../../include/c++/4.0.1/bits/locale_facets.tcc:227: error: '_M_grouping_size' was not declared in this scope
/usr/lib/gcc/i486-linux/4.0.1/../../../../include/c++/4.0.1/bits/locale_facets.tcc:237: error: '_M_curr_symbol_size' was not declared in this scope
/usr/lib/gcc/i486-linux/4.0.1/../../../../include/c++/4.0.1/bits/locale_facets.tcc:242: error: '_M_positive_sign_size' was not declared in this scope
/usr/lib/gcc/i486-linux/4.0.1/../../../../include/c++/4.0.1/bits/locale_facets.tcc:247: error: '_M_negative_sign_size' was not declared in this scope
/usr/lib/gcc/i486-linux/4.0.1/../../../../include/c++/4.0.1/bits/locale_facets.tcc: At global scope:
/usr/lib/gcc/i486-linux/4.0.1/../../../../include/c++/4.0.1/bits/locale_facets.tcc:270: error: 'size_t' has not been declared
/usr/lib/gcc/i486-linux/4.0.1/../../../../include/c++/4.0.1/bits/locale_facets.tcc: In member function '_InIter std::num_get<_CharT, _InIter>::_M_extract_float(_InIter, _InIter, std::ios_base&, std::_Ios_Iostate&, std::string&) const':
/usr/lib/gcc/i486-linux/4.0.1/../../../../include/c++/4.0.1/bits/locale_facets.tcc:335: error: 'struct std::string' has no member named 'reserve'
/usr/lib/gcc/i486-linux/4.0.1/../../../../include/c++/4.0.1/bits/locale_facets.tcc:370: error: 'struct std::string' has no member named 'size'
/usr/lib/gcc/i486-linux/4.0.1/../../../../include/c++/4.0.1/bits/locale_facets.tcc:389: error: 'struct std::string' has no member named 'size'
/usr/lib/gcc/i486-linux/4.0.1/../../../../include/c++/4.0.1/bits/locale_facets.tcc:425: error: 'struct std::string' has no member named 'size'
/usr/lib/gcc/i486-linux/4.0.1/../../../../include/c++/4.0.1/bits/locale_facets.tcc: In member function '_InIter std::num_get<_CharT, _InIter>::_M_extract_int(_InIter, _InIter, std::ios_base&, std::_Ios_Iostate&, _ValueT&) const':
/usr/lib/gcc/i486-linux/4.0.1/../../../../include/c++/4.0.1/bits/locale_facets.tcc:545: error: 'size_t' does not name a type
/usr/lib/gcc/i486-linux/4.0.1/../../../../include/c++/4.0.1/bits/locale_facets.tcc:551: error: 'struct std::string' has no member named 'reserve'
/usr/lib/gcc/i486-linux/4.0.1/../../../../include/c++/4.0.1/bits/locale_facets.tcc:581: error: '__len' was not declared in this scope
/usr/lib/gcc/i486-linux/4.0.1/../../../../include/c++/4.0.1/bits/locale_facets.tcc:608: error: 'struct std::string' has no member named 'size'
/usr/lib/gcc/i486-linux/4.0.1/../../../../include/c++/4.0.1/bits/locale_facets.tcc:620: error: 'struct std::string' has no member named 'size'
/usr/lib/gcc/i486-linux/4.0.1/../../../../include/c++/4.0.1/bits/locale_facets.tcc: In member function 'virtual _InIter std::num_get<_CharT, _InIter>::do_get(_InIter, _InIter, std::ios_base&, std::_Ios_Iostate&, bool&) const':
/usr/lib/gcc/i486-linux/4.0.1/../../../../include/c++/4.0.1/bits/locale_facets.tcc:660: error: 'size_t' was not declared in this scope
/usr/lib/gcc/i486-linux/4.0.1/../../../../include/c++/4.0.1/bits/locale_facets.tcc:660: error: expected `;' before '__n'
/usr/lib/gcc/i486-linux/4.0.1/../../../../include/c++/4.0.1/bits/locale_facets.tcc:662: error: '__n' was not declared in this scope
/usr/lib/gcc/i486-linux/4.0.1/../../../../include/c++/4.0.1/bits/locale_facets.tcc: In member function 'virtual _InIter std::num_get<_CharT, _InIter>::do_get(_InIter, _InIter, std::ios_base&, std::_Ios_Iostate&, float&) const':
/usr/lib/gcc/i486-linux/4.0.1/../../../../include/c++/4.0.1/bits/locale_facets.tcc:748: error: 'struct std::string' has no member named 'reserve'
/usr/lib/gcc/i486-linux/4.0.1/../../../../include/c++/4.0.1/bits/locale_facets.tcc: In member function 'virtual _InIter std::num_get<_CharT, _InIter>::do_get(_InIter, _InIter, std::ios_base&, std::_Ios_Iostate&, double&) const':
/usr/lib/gcc/i486-linux/4.0.1/../../../../include/c++/4.0.1/bits/locale_facets.tcc:761: error: 'struct std::string' has no member named 'reserve'
/usr/lib/gcc/i486-linux/4.0.1/../../../../include/c++/4.0.1/bits/locale_facets.tcc: In member function 'virtual _InIter std::num_get<_CharT, _InIter>::do_get(_InIter, _InIter, std::ios_base&, std::_Ios_Iostate&, long double&) const':
/usr/lib/gcc/i486-linux/4.0.1/../../../../include/c++/4.0.1/bits/locale_facets.tcc:774: error: 'struct std::string' has no member named 'reserve'
/usr/lib/gcc/i486-linux/4.0.1/../../../../include/c++/4.0.1/bits/locale_facets.tcc: At global scope:
/usr/lib/gcc/i486-linux/4.0.1/../../../../include/c++/4.0.1/bits/locale_facets.tcc:807: error: 'streamsize' has not been declared
/usr/lib/gcc/i486-linux/4.0.1/../../../../include/c++/4.0.1/bits/locale_facets.tcc:903: error: 'size_t' has not been declared
/usr/lib/gcc/i486-linux/4.0.1/../../../../include/c++/4.0.1/bits/locale_facets.tcc: In member function '_OutIter std::num_put<_CharT, _OutIter>::_M_insert_int(_OutIter, std::ios_base&, _CharT, _ValueT) const':
/usr/lib/gcc/i486-linux/4.0.1/../../../../include/c++/4.0.1/bits/locale_facets.tcc:984: error: 'streamsize' does not name a type
/usr/lib/gcc/i486-linux/4.0.1/../../../../include/c++/4.0.1/bits/locale_facets.tcc:985: error: '__w' was not declared in this scope
/usr/lib/gcc/i486-linux/4.0.1/../../../../include/c++/4.0.1/bits/locale_facets.tcc:985: error: expected type-specifier before 'streamsize'
/usr/lib/gcc/i486-linux/4.0.1/../../../../include/c++/4.0.1/bits/locale_facets.tcc:985: error: expected `>' before 'streamsize'
/usr/lib/gcc/i486-linux/4.0.1/../../../../include/c++/4.0.1/bits/locale_facets.tcc:985: error: expected `(' before 'streamsize'
/usr/lib/gcc/i486-linux/4.0.1/../../../../include/c++/4.0.1/bits/locale_facets.tcc:985: error: 'streamsize' was not declared in this scope
/usr/lib/gcc/i486-linux/4.0.1/../../../../include/c++/4.0.1/bits/locale_facets.tcc:986: error: expected `)' before '{' token
/usr/lib/gcc/i486-linux/4.0.1/../../../../include/c++/4.0.1/bits/locale_facets.tcc: At global scope:
/usr/lib/gcc/i486-linux/4.0.1/../../../../include/c++/4.0.1/bits/locale_facets.tcc:1002: error: 'size_t' has not been declared
/usr/lib/gcc/i486-linux/4.0.1/../../../../include/c++/4.0.1/bits/locale_facets.tcc: In member function '_OutIter std::num_put<_CharT, _OutIter>::_M_insert_float(_OutIter, std::ios_base&, _CharT, char, _ValueT) const':
/usr/lib/gcc/i486-linux/4.0.1/../../../../include/c++/4.0.1/bits/locale_facets.tcc:1047: error: 'streamsize' was not declared in this scope
/usr/lib/gcc/i486-linux/4.0.1/../../../../include/c++/4.0.1/bits/locale_facets.tcc:1047: error: expected `;' before '__prec'
/usr/lib/gcc/i486-linux/4.0.1/../../../../include/c++/4.0.1/bits/locale_facets.tcc:1048: error: '__prec' was not declared in this scope
/usr/lib/gcc/i486-linux/4.0.1/../../../../include/c++/4.0.1/bits/locale_facets.tcc:1048: error: expected type-specifier before 'streamsize'
/usr/lib/gcc/i486-linux/4.0.1/../../../../include/c++/4.0.1/bits/locale_facets.tcc:1048: error: expected `>' before 'streamsize'
/usr/lib/gcc/i486-linux/4.0.1/../../../../include/c++/4.0.1/bits/locale_facets.tcc:1048: error: expected `(' before 'streamsize'
/usr/lib/gcc/i486-linux/4.0.1/../../../../include/c++/4.0.1/bits/locale_facets.tcc:1049: error: expected `)' before '__prec'
/usr/lib/gcc/i486-linux/4.0.1/../../../../include/c++/4.0.1/bits/locale_facets.tcc:1066: error: '__prec' was not declared in this scope
/usr/lib/gcc/i486-linux/4.0.1/../../../../include/c++/4.0.1/bits/locale_facets.tcc:1123: error: expected `;' before '__off'
/usr/lib/gcc/i486-linux/4.0.1/../../../../include/c++/4.0.1/bits/locale_facets.tcc:1126: error: '__off' was not declared in this scope
/usr/lib/gcc/i486-linux/4.0.1/../../../../include/c++/4.0.1/bits/locale_facets.tcc:1132: error: '__off' was not declared in this scope
/usr/lib/gcc/i486-linux/4.0.1/../../../../include/c++/4.0.1/bits/locale_facets.tcc:1140: error: 'streamsize' does not name a type
/usr/lib/gcc/i486-linux/4.0.1/../../../../include/c++/4.0.1/bits/locale_facets.tcc:1141: error: '__w' was not declared in this scope
/usr/lib/gcc/i486-linux/4.0.1/../../../../include/c++/4.0.1/bits/locale_facets.tcc:1141: error: expected type-specifier before 'streamsize'
/usr/lib/gcc/i486-linux/4.0.1/../../../../include/c++/4.0.1/bits/locale_facets.tcc:1141: error: expected `>' before 'streamsize'
/usr/lib/gcc/i486-linux/4.0.1/../../../../include/c++/4.0.1/bits/locale_facets.tcc:1141: error: expected `(' before 'streamsize'
/usr/lib/gcc/i486-linux/4.0.1/../../../../include/c++/4.0.1/bits/locale_facets.tcc:1142: error: expected `)' before '{' token
/usr/lib/gcc/i486-linux/4.0.1/../../../../include/c++/4.0.1/bits/locale_facets.tcc: In member function 'virtual _OutIter std::num_put<_CharT, _OutIter>::do_put(_OutIter, std::ios_base&, _CharT, bool) const':
/usr/lib/gcc/i486-linux/4.0.1/../../../../include/c++/4.0.1/bits/locale_facets.tcc:1178: error: 'streamsize' does not name a type
/usr/lib/gcc/i486-linux/4.0.1/../../../../include/c++/4.0.1/bits/locale_facets.tcc:1179: error: '__w' was not declared in this scope
/usr/lib/gcc/i486-linux/4.0.1/../../../../include/c++/4.0.1/bits/locale_facets.tcc:1179: error: expected type-specifier before 'streamsize'
/usr/lib/gcc/i486-linux/4.0.1/../../../../include/c++/4.0.1/bits/locale_facets.tcc:1179: error: expected `>' before 'streamsize'
/usr/lib/gcc/i486-linux/4.0.1/../../../../include/c++/4.0.1/bits/locale_facets.tcc:1179: error: expected `(' before 'streamsize'
/usr/lib/gcc/i486-linux/4.0.1/../../../../include/c++/4.0.1/bits/locale_facets.tcc:1179: error: 'streamsize' was not declared in this scope
/usr/lib/gcc/i486-linux/4.0.1/../../../../include/c++/4.0.1/bits/locale_facets.tcc:1180: error: expected `)' before '{' token
/usr/lib/gcc/i486-linux/4.0.1/../../../../include/c++/4.0.1/bits/locale_facets.tcc: In member function '_InIter std::money_get<_CharT, _InIter>::_M_extract(_InIter, _InIter, std::ios_base&, std::_Ios_Iostate&, std::string&) const':
/usr/lib/gcc/i486-linux/4.0.1/../../../../include/c++/4.0.1/bits/locale_facets.tcc:1281: error: 'struct std::string' has no member named 'reserve'
/usr/lib/gcc/i486-linux/4.0.1/../../../../include/c++/4.0.1/bits/locale_facets.tcc:1293: error: 'struct std::string' has no member named 'reserve'
/usr/lib/gcc/i486-linux/4.0.1/../../../../include/c++/4.0.1/bits/locale_facets.tcc:1426: error: 'struct std::string' has no member named 'size'
/usr/lib/gcc/i486-linux/4.0.1/../../../../include/c++/4.0.1/bits/locale_facets.tcc:1428: error: 'struct std::string' has no member named 'find_first_not_of'
/usr/lib/gcc/i486-linux/4.0.1/../../../../include/c++/4.0.1/bits/locale_facets.tcc:1429: error: 'npos' is not a member of 'std::string'
/usr/lib/gcc/i486-linux/4.0.1/../../../../include/c++/4.0.1/bits/locale_facets.tcc:1431: error: 'struct std::string' has no member named 'size'
/usr/lib/gcc/i486-linux/4.0.1/../../../../include/c++/4.0.1/bits/locale_facets.tcc:1435: error: no match for 'operator[]' in '__res[0]'
/usr/lib/gcc/i486-linux/4.0.1/../../../../include/c++/4.0.1/bits/locale_facets.tcc:1439: error: 'struct std::string' has no member named 'size'
/usr/lib/gcc/i486-linux/4.0.1/../../../../include/c++/4.0.1/bits/locale_facets.tcc: In member function 'virtual _InIter std::money_get<_CharT, _InIter>::do_get(_InIter, _InIter, bool, std::ios_base&, std::_Ios_Iostate&, std::basic_string<_CharT, std::char_traits<_CharT>, std::allocator<_CharT> >&) const':
/usr/lib/gcc/i486-linux/4.0.1/../../../../include/c++/4.0.1/bits/locale_facets.tcc:1489: error: 'size_type' in class 'std::string' does not name a type
/usr/lib/gcc/i486-linux/4.0.1/../../../../include/c++/4.0.1/bits/locale_facets.tcc:1489: error: invalid type in declaration before ';' token
/usr/lib/gcc/i486-linux/4.0.1/../../../../include/c++/4.0.1/bits/locale_facets.tcc:1499: error: 'struct std::string' has no member named 'size'
/usr/lib/gcc/i486-linux/4.0.1/../../../../include/c++/4.0.1/bits/locale_facets.tcc: In member function '_OutIter std::money_put<_CharT, _OutIter>::_M_insert(_OutIter, std::ios_base&, _CharT, const std::basic_string<_CharT, std::char_traits<_CharT>, std::allocator<_CharT> >&) const':
/usr/lib/gcc/i486-linux/4.0.1/../../../../include/c++/4.0.1/bits/locale_facets.tcc:1609: error: 'class std::ios_base' has no member named 'width'
/usr/lib/gcc/i486-linux/4.0.1/../../../../include/c++/4.0.1/bits/locale_facets.tcc:1669: error: 'class std::ios_base' has no member named 'width'
/usr/lib/gcc/i486-linux/4.0.1/../../../../include/c++/4.0.1/bits/locale_facets.tcc: In member function '_InIter std::time_get<_CharT, _InIter>::_M_extract_via_format(_InIter, _InIter, std::ios_base&, std::_Ios_Iostate&, tm*, const _CharT*) const':
/usr/lib/gcc/i486-linux/4.0.1/../../../../include/c++/4.0.1/bits/locale_facets.tcc:1741: error: 'size_t' does not name a type
/usr/lib/gcc/i486-linux/4.0.1/../../../../include/c++/4.0.1/bits/locale_facets.tcc:1743: error: 'size_t' was not declared in this scope
/usr/lib/gcc/i486-linux/4.0.1/../../../../include/c++/4.0.1/bits/locale_facets.tcc:1743: error: expected `;' before '__i'
/usr/lib/gcc/i486-linux/4.0.1/../../../../include/c++/4.0.1/bits/locale_facets.tcc:1743: error: '__i' was not declared in this scope
/usr/lib/gcc/i486-linux/4.0.1/../../../../include/c++/4.0.1/bits/locale_facets.tcc:1743: error: '__len' was not declared in this scope
/usr/lib/gcc/i486-linux/4.0.1/../../../../include/c++/4.0.1/bits/locale_facets.tcc: At global scope:
/usr/lib/gcc/i486-linux/4.0.1/../../../../include/c++/4.0.1/bits/locale_facets.tcc:1943: error: 'size_t' has not been declared
/usr/lib/gcc/i486-linux/4.0.1/../../../../include/c++/4.0.1/bits/locale_facets.tcc: In member function '_InIter std::time_get<_CharT, _InIter>::_M_extract_num(_InIter, _InIter, int&, int, int, int, std::ios_base&, std::_Ios_Iostate&) const':
/usr/lib/gcc/i486-linux/4.0.1/../../../../include/c++/4.0.1/bits/locale_facets.tcc:1953: error: 'size_t' was not declared in this scope
/usr/lib/gcc/i486-linux/4.0.1/../../../../include/c++/4.0.1/bits/locale_facets.tcc:1953: error: expected `;' before '__i'
/usr/lib/gcc/i486-linux/4.0.1/../../../../include/c++/4.0.1/bits/locale_facets.tcc:1955: error: '__i' was not declared in this scope
/usr/lib/gcc/i486-linux/4.0.1/../../../../include/c++/4.0.1/bits/locale_facets.tcc:1969: error: '__i' was not declared in this scope
/usr/lib/gcc/i486-linux/4.0.1/../../../../include/c++/4.0.1/bits/locale_facets.tcc: At global scope:
/usr/lib/gcc/i486-linux/4.0.1/../../../../include/c++/4.0.1/bits/locale_facets.tcc:1982: error: 'size_t' has not been declared
/usr/lib/gcc/i486-linux/4.0.1/../../../../include/c++/4.0.1/bits/locale_facets.tcc: In member function '_InIter std::time_get<_CharT, _InIter>::_M_extract_name(_InIter, _InIter, int&, const _CharT**, int, std::ios_base&, std::_Ios_Iostate&) const':
/usr/lib/gcc/i486-linux/4.0.1/../../../../include/c++/4.0.1/bits/locale_facets.tcc:1991: error: 'size_t' was not declared in this scope
/usr/lib/gcc/i486-linux/4.0.1/../../../../include/c++/4.0.1/bits/locale_facets.tcc:1991: error: expected `;' before '__nmatches'
/usr/lib/gcc/i486-linux/4.0.1/../../../../include/c++/4.0.1/bits/locale_facets.tcc:1992: error: expected `;' before '__pos'
/usr/lib/gcc/i486-linux/4.0.1/../../../../include/c++/4.0.1/bits/locale_facets.tcc:2003: error: expected `;' before '__i1'
/usr/lib/gcc/i486-linux/4.0.1/../../../../include/c++/4.0.1/bits/locale_facets.tcc:2003: error: '__i1' was not declared in this scope
/usr/lib/gcc/i486-linux/4.0.1/../../../../include/c++/4.0.1/bits/locale_facets.tcc:2006: error: '__nmatches' was not declared in this scope
/usr/lib/gcc/i486-linux/4.0.1/../../../../include/c++/4.0.1/bits/locale_facets.tcc:2009: error: '__nmatches' was not declared in this scope
/usr/lib/gcc/i486-linux/4.0.1/../../../../include/c++/4.0.1/bits/locale_facets.tcc:2012: error: expected `;' before '__minlen'
/usr/lib/gcc/i486-linux/4.0.1/../../../../include/c++/4.0.1/bits/locale_facets.tcc:2013: error: expected `;' before '__i2'
/usr/lib/gcc/i486-linux/4.0.1/../../../../include/c++/4.0.1/bits/locale_facets.tcc:2013: error: '__i2' was not declared in this scope
/usr/lib/gcc/i486-linux/4.0.1/../../../../include/c++/4.0.1/bits/locale_facets.tcc:2014: error: '__minlen' was not declared in this scope
/usr/lib/gcc/i486-linux/4.0.1/../../../../include/c++/4.0.1/bits/locale_facets.tcc:2016: error: '__pos' was not declared in this scope
/usr/lib/gcc/i486-linux/4.0.1/../../../../include/c++/4.0.1/bits/locale_facets.tcc:2017: error: '__minlen' was not declared in this scope
/usr/lib/gcc/i486-linux/4.0.1/../../../../include/c++/4.0.1/bits/locale_facets.tcc:2018: error: expected `;' before '__i3'
/usr/lib/gcc/i486-linux/4.0.1/../../../../include/c++/4.0.1/bits/locale_facets.tcc:2018: error: '__i3' was not declared in this scope
/usr/lib/gcc/i486-linux/4.0.1/../../../../include/c++/4.0.1/bits/locale_facets.tcc:2030: error: '__nmatches' was not declared in this scope
/usr/lib/gcc/i486-linux/4.0.1/../../../../include/c++/4.0.1/bits/locale_facets.tcc:2033: error: '__pos' was not declared in this scope
/usr/lib/gcc/i486-linux/4.0.1/../../../../include/c++/4.0.1/bits/locale_facets.tcc:2035: error: 'size_t' does not name a type
/usr/lib/gcc/i486-linux/4.0.1/../../../../include/c++/4.0.1/bits/locale_facets.tcc:2036: error: '__len' was not declared in this scope
/usr/lib/gcc/i486-linux/4.0.1/../../../../include/c++/4.0.1/bits/locale_facets.tcc:2039: error: '__len' was not declared in this scope
/usr/lib/gcc/i486-linux/4.0.1/../../../../include/c++/4.0.1/bits/locale_facets.tcc: In member function 'virtual _InIter std::time_get<_CharT, _InIter>::do_get_weekday(_InIter, _InIter, std::ios_base&, std::_Ios_Iostate&, tm*) const':
/usr/lib/gcc/i486-linux/4.0.1/../../../../include/c++/4.0.1/bits/locale_facets.tcc:2108: error: 'size_t' was not declared in this scope
/usr/lib/gcc/i486-linux/4.0.1/../../../../include/c++/4.0.1/bits/locale_facets.tcc:2108: error: expected `;' before '__pos'
/usr/lib/gcc/i486-linux/4.0.1/../../../../include/c++/4.0.1/bits/locale_facets.tcc:2111: error: '__pos' was not declared in this scope
/usr/lib/gcc/i486-linux/4.0.1/../../../../include/c++/4.0.1/bits/locale_facets.tcc:2114: error: 'size_t' does not name a type
/usr/lib/gcc/i486-linux/4.0.1/../../../../include/c++/4.0.1/bits/locale_facets.tcc:2115: error: '__len' was not declared in this scope
/usr/lib/gcc/i486-linux/4.0.1/../../../../include/c++/4.0.1/bits/locale_facets.tcc:2118: error: '__len' was not declared in this scope
/usr/lib/gcc/i486-linux/4.0.1/../../../../include/c++/4.0.1/bits/locale_facets.tcc: In member function 'virtual _InIter std::time_get<_CharT, _InIter>::do_get_monthname(_InIter, _InIter, std::ios_base&, std::_Ios_Iostate&, tm*) const':
/usr/lib/gcc/i486-linux/4.0.1/../../../../include/c++/4.0.1/bits/locale_facets.tcc:2154: error: 'size_t' was not declared in this scope
/usr/lib/gcc/i486-linux/4.0.1/../../../../include/c++/4.0.1/bits/locale_facets.tcc:2154: error: expected `;' before '__pos'
/usr/lib/gcc/i486-linux/4.0.1/../../../../include/c++/4.0.1/bits/locale_facets.tcc:2157: error: '__pos' was not declared in this scope
/usr/lib/gcc/i486-linux/4.0.1/../../../../include/c++/4.0.1/bits/locale_facets.tcc:2160: error: 'size_t' does not name a type
/usr/lib/gcc/i486-linux/4.0.1/../../../../include/c++/4.0.1/bits/locale_facets.tcc:2161: error: '__len' was not declared in this scope
/usr/lib/gcc/i486-linux/4.0.1/../../../../include/c++/4.0.1/bits/locale_facets.tcc:2164: error: '__len' was not declared in this scope
/usr/lib/gcc/i486-linux/4.0.1/../../../../include/c++/4.0.1/bits/locale_facets.tcc: In member function 'virtual _InIter std::time_get<_CharT, _InIter>::do_get_year(_InIter, _InIter, std::ios_base&, std::_Ios_Iostate&, tm*) const':
/usr/lib/gcc/i486-linux/4.0.1/../../../../include/c++/4.0.1/bits/locale_facets.tcc:2185: error: 'size_t' was not declared in this scope
/usr/lib/gcc/i486-linux/4.0.1/../../../../include/c++/4.0.1/bits/locale_facets.tcc:2185: error: expected `;' before '__i'
/usr/lib/gcc/i486-linux/4.0.1/../../../../include/c++/4.0.1/bits/locale_facets.tcc:2187: error: '__i' was not declared in this scope
/usr/lib/gcc/i486-linux/4.0.1/../../../../include/c++/4.0.1/bits/locale_facets.tcc:2195: error: '__i' was not declared in this scope
/usr/lib/gcc/i486-linux/4.0.1/../../../../include/c++/4.0.1/bits/locale_facets.tcc: In member function 'virtual _OutIter std::time_put<_CharT, _OutIter>::do_put(_OutIter, std::ios_base&, _CharT, const tm*, char, char) const':
/usr/lib/gcc/i486-linux/4.0.1/../../../../include/c++/4.0.1/bits/locale_facets.tcc:2251: error: 'size_t' does not name a type
/usr/lib/gcc/i486-linux/4.0.1/../../../../include/c++/4.0.1/bits/locale_facets.tcc:2253: error: '__maxlen' was not declared in this scope
/usr/lib/gcc/i486-linux/4.0.1/../../../../include/c++/4.0.1/bits/locale_facets.tcc: At global scope:
/usr/lib/gcc/i486-linux/4.0.1/../../../../include/c++/4.0.1/bits/locale_facets.tcc:2289: error: expected constructor, destructor, or type conversion before 'collate'
/usr/lib/gcc/i486-linux/4.0.1/../../../../include/c++/4.0.1/bits/locale_facets.tcc: In member function 'virtual typename std::collate<_CharT>::string_type std::collate<_CharT>::do_transform(const _CharT*, const _CharT*) const':
/usr/lib/gcc/i486-linux/4.0.1/../../../../include/c++/4.0.1/bits/locale_facets.tcc:2342: error: 'size_t' was not declared in this scope
/usr/lib/gcc/i486-linux/4.0.1/../../../../include/c++/4.0.1/bits/locale_facets.tcc:2342: error: expected `;' before '__len'
/usr/lib/gcc/i486-linux/4.0.1/../../../../include/c++/4.0.1/bits/locale_facets.tcc:2353: error: '__len' was not declared in this scope
/usr/lib/gcc/i486-linux/4.0.1/../../../../include/c++/4.0.1/bits/locale_facets.tcc:2354: error: expected `;' before '__res'
/usr/lib/gcc/i486-linux/4.0.1/../../../../include/c++/4.0.1/bits/locale_facets.tcc:2357: error: '__res' was not declared in this scope
/usr/lib/gcc/i486-linux/4.0.1/../../../../include/c++/4.0.1/bits/locale_facets.tcc:2365: error: '__res' was not declared in this scope
/usr/lib/gcc/i486-linux/4.0.1/../../../../include/c++/4.0.1/bits/locale_facets.tcc: At global scope:
/usr/lib/gcc/i486-linux/4.0.1/../../../../include/c++/4.0.1/bits/locale_facets.tcc:2402: error: expected ',' or '...' before '__newlen'
/usr/lib/gcc/i486-linux/4.0.1/../../../../include/c++/4.0.1/bits/locale_facets.tcc: In static member function 'static void std::__pad<_CharT, _Traits>::_S_pad(std::ios_base&, _CharT, _CharT*, const _CharT*, int)':
/usr/lib/gcc/i486-linux/4.0.1/../../../../include/c++/4.0.1/bits/locale_facets.tcc:2405: error: 'size_t' does not name a type
/usr/lib/gcc/i486-linux/4.0.1/../../../../include/c++/4.0.1/bits/locale_facets.tcc:2411: error: '__oldlen' was not declared in this scope
/usr/lib/gcc/i486-linux/4.0.1/../../../../include/c++/4.0.1/bits/locale_facets.tcc:2412: error: '__plen' was not declared in this scope
/usr/lib/gcc/i486-linux/4.0.1/../../../../include/c++/4.0.1/bits/locale_facets.tcc:2416: error: 'size_t' was not declared in this scope
/usr/lib/gcc/i486-linux/4.0.1/../../../../include/c++/4.0.1/bits/locale_facets.tcc:2416: error: expected `;' before '__mod'
/usr/lib/gcc/i486-linux/4.0.1/../../../../include/c++/4.0.1/bits/locale_facets.tcc:2417: error: '__num' was not declared in this scope
/usr/lib/gcc/i486-linux/4.0.1/../../../../include/c++/4.0.1/bits/locale_facets.tcc:2428: error: '__oldlen' was not declared in this scope
/usr/lib/gcc/i486-linux/4.0.1/../../../../include/c++/4.0.1/bits/locale_facets.tcc:2435: error: '__mod' was not declared in this scope
/usr/lib/gcc/i486-linux/4.0.1/../../../../include/c++/4.0.1/bits/locale_facets.tcc:2441: error: '__mod' was not declared in this scope
/usr/lib/gcc/i486-linux/4.0.1/../../../../include/c++/4.0.1/bits/locale_facets.tcc:2446: error: '__plen' was not declared in this scope
/usr/lib/gcc/i486-linux/4.0.1/../../../../include/c++/4.0.1/bits/locale_facets.tcc:2447: error: '__mod' was not declared in this scope
/usr/lib/gcc/i486-linux/4.0.1/../../../../include/c++/4.0.1/bits/locale_facets.tcc:2448: error: '__oldlen' was not declared in this scope
/usr/lib/gcc/i486-linux/4.0.1/../../../../include/c++/4.0.1/bits/locale_facets.tcc: At global scope:
/usr/lib/gcc/i486-linux/4.0.1/../../../../include/c++/4.0.1/bits/locale_facets.tcc:2452: error: 'size_t' has not been declared
/usr/lib/gcc/i486-linux/4.0.1/../../../../include/c++/4.0.1/bits/locale_facets.tcc: In function 'bool std::__verify_grouping(const char*, int, const std::string&)':
/usr/lib/gcc/i486-linux/4.0.1/../../../../include/c++/4.0.1/bits/locale_facets.tcc:2455: error: 'size_t' does not name a type
/usr/lib/gcc/i486-linux/4.0.1/../../../../include/c++/4.0.1/bits/locale_facets.tcc:2456: error: 'size_t' does not name a type
/usr/lib/gcc/i486-linux/4.0.1/../../../../include/c++/4.0.1/bits/locale_facets.tcc:2457: error: 'size_t' was not declared in this scope
/usr/lib/gcc/i486-linux/4.0.1/../../../../include/c++/4.0.1/bits/locale_facets.tcc:2457: error: expected `;' before '__i'
/usr/lib/gcc/i486-linux/4.0.1/../../../../include/c++/4.0.1/bits/locale_facets.tcc:2463: error: expected `;' before '__j'
/usr/lib/gcc/i486-linux/4.0.1/../../../../include/c++/4.0.1/bits/locale_facets.tcc:2463: error: '__j' was not declared in this scope
/usr/lib/gcc/i486-linux/4.0.1/../../../../include/c++/4.0.1/bits/locale_facets.tcc:2463: error: '__min' was not declared in this scope
/usr/lib/gcc/i486-linux/4.0.1/../../../../include/c++/4.0.1/bits/locale_facets.tcc:2463: error: '__i' was not declared in this scope
/usr/lib/gcc/i486-linux/4.0.1/../../../../include/c++/4.0.1/bits/locale_facets.tcc:2465: error: '__i' was not declared in this scope
/usr/lib/gcc/i486-linux/4.0.1/../../../../include/c++/4.0.1/bits/locale_facets.tcc:2466: error: '__min' was not declared in this scope
/usr/lib/gcc/i486-linux/4.0.1/../../../../include/c++/4.0.1/bits/locale_facets.tcc:2469: error: no match for 'operator[]' in '__grouping_tmp[0]'
/usr/lib/gcc/i486-linux/4.0.1/../../../../include/c++/4.0.1/bits/locale_facets.tcc:2469: error: '__min' was not declared in this scope
/usr/lib/gcc/i486-linux/4.0.1/../../../../include/c++/4.0.1/bits/locale_facets.tcc: At global scope:
/usr/lib/gcc/i486-linux/4.0.1/../../../../include/c++/4.0.1/bits/locale_facets.tcc:2476: error: 'size_t' has not been declared
/usr/lib/gcc/i486-linux/4.0.1/../../../../include/c++/4.0.1/bits/ostream.tcc:364: error: 'streamsize' has not been declared
/usr/lib/gcc/i486-linux/4.0.1/../../../../include/c++/4.0.1/bits/ostream.tcc: In function 'std::basic_ostream<_CharT, _Traits>& std::operator<<(std::basic_ostream<_CharT, _Traits>&, _CharT)':
/usr/lib/gcc/i486-linux/4.0.1/../../../../include/c++/4.0.1/bits/ostream.tcc:486: error: 'streamsize' does not name a type
/usr/lib/gcc/i486-linux/4.0.1/../../../../include/c++/4.0.1/bits/ostream.tcc:487: error: 'streamsize' was not declared in this scope
/usr/lib/gcc/i486-linux/4.0.1/../../../../include/c++/4.0.1/bits/ostream.tcc:487: error: expected `;' before '__len'
/usr/lib/gcc/i486-linux/4.0.1/../../../../include/c++/4.0.1/bits/ostream.tcc:489: error: '__w' was not declared in this scope
/usr/lib/gcc/i486-linux/4.0.1/../../../../include/c++/4.0.1/bits/ostream.tcc:489: error: '__len' was not declared in this scope
/usr/lib/gcc/i486-linux/4.0.1/../../../../include/c++/4.0.1/bits/ostream.tcc:497: error: '__len' was not declared in this scope
/usr/lib/gcc/i486-linux/4.0.1/../../../../include/c++/4.0.1/bits/ostream.tcc: In function 'std::basic_ostream<char, _Traits>& std::operator<<(std::basic_ostream<char, _Traits>&, char)':
/usr/lib/gcc/i486-linux/4.0.1/../../../../include/c++/4.0.1/bits/ostream.tcc:517: error: 'streamsize' does not name a type
/usr/lib/gcc/i486-linux/4.0.1/../../../../include/c++/4.0.1/bits/ostream.tcc:518: error: 'streamsize' was not declared in this scope
/usr/lib/gcc/i486-linux/4.0.1/../../../../include/c++/4.0.1/bits/ostream.tcc:518: error: expected `;' before '__len'
/usr/lib/gcc/i486-linux/4.0.1/../../../../include/c++/4.0.1/bits/ostream.tcc:520: error: '__w' was not declared in this scope
/usr/lib/gcc/i486-linux/4.0.1/../../../../include/c++/4.0.1/bits/ostream.tcc:520: error: '__len' was not declared in this scope
/usr/lib/gcc/i486-linux/4.0.1/../../../../include/c++/4.0.1/bits/ostream.tcc:527: error: '__len' was not declared in this scope
/usr/lib/gcc/i486-linux/4.0.1/../../../../include/c++/4.0.1/bits/ostream.tcc: In function 'std::basic_ostream<_CharT, _Traits>& std::operator<<(std::basic_ostream<_CharT, _Traits>&, const _CharT*)':
/usr/lib/gcc/i486-linux/4.0.1/../../../../include/c++/4.0.1/bits/ostream.tcc:546: error: 'streamsize' does not name a type
/usr/lib/gcc/i486-linux/4.0.1/../../../../include/c++/4.0.1/bits/ostream.tcc:547: error: 'streamsize' was not declared in this scope
/usr/lib/gcc/i486-linux/4.0.1/../../../../include/c++/4.0.1/bits/ostream.tcc:547: error: expected `;' before '__len'
/usr/lib/gcc/i486-linux/4.0.1/../../../../include/c++/4.0.1/bits/ostream.tcc:548: error: '__w' was not declared in this scope
/usr/lib/gcc/i486-linux/4.0.1/../../../../include/c++/4.0.1/bits/ostream.tcc:548: error: '__len' was not declared in this scope
/usr/lib/gcc/i486-linux/4.0.1/../../../../include/c++/4.0.1/bits/ostream.tcc:558: error: '__len' was not declared in this scope
/usr/lib/gcc/i486-linux/4.0.1/../../../../include/c++/4.0.1/bits/ostream.tcc: In function 'std::basic_ostream<_CharT, _Traits>& std::operator<<(std::basic_ostream<_CharT, _Traits>&, const char*)':
/usr/lib/gcc/i486-linux/4.0.1/../../../../include/c++/4.0.1/bits/ostream.tcc:581: error: 'size_t' was not declared in this scope
/usr/lib/gcc/i486-linux/4.0.1/../../../../include/c++/4.0.1/bits/ostream.tcc:581: error: expected `;' before '__clen'
/usr/lib/gcc/i486-linux/4.0.1/../../../../include/c++/4.0.1/bits/ostream.tcc:583: error: '__clen' was not declared in this scope
/usr/lib/gcc/i486-linux/4.0.1/../../../../include/c++/4.0.1/bits/ostream.tcc:584: error: expected `;' before '__i'
/usr/lib/gcc/i486-linux/4.0.1/../../../../include/c++/4.0.1/bits/ostream.tcc:584: error: '__i' was not declared in this scope
/usr/lib/gcc/i486-linux/4.0.1/../../../../include/c++/4.0.1/bits/ostream.tcc:590: error: 'streamsize' does not name a type
/usr/lib/gcc/i486-linux/4.0.1/../../../../include/c++/4.0.1/bits/ostream.tcc:591: error: 'streamsize' was not declared in this scope
/usr/lib/gcc/i486-linux/4.0.1/../../../../include/c++/4.0.1/bits/ostream.tcc:591: error: expected `;' before '__len'
/usr/lib/gcc/i486-linux/4.0.1/../../../../include/c++/4.0.1/bits/ostream.tcc:592: error: '__w' was not declared in this scope
/usr/lib/gcc/i486-linux/4.0.1/../../../../include/c++/4.0.1/bits/ostream.tcc:592: error: '__len' was not declared in this scope
/usr/lib/gcc/i486-linux/4.0.1/../../../../include/c++/4.0.1/bits/ostream.tcc:602: error: '__len' was not declared in this scope
/usr/lib/gcc/i486-linux/4.0.1/../../../../include/c++/4.0.1/bits/ostream.tcc: In function 'std::basic_ostream<char, _Traits>& std::operator<<(std::basic_ostream<char, _Traits>&, const char*)':
/usr/lib/gcc/i486-linux/4.0.1/../../../../include/c++/4.0.1/bits/ostream.tcc:624: error: 'streamsize' does not name a type
/usr/lib/gcc/i486-linux/4.0.1/../../../../include/c++/4.0.1/bits/ostream.tcc:625: error: 'streamsize' was not declared in this scope
/usr/lib/gcc/i486-linux/4.0.1/../../../../include/c++/4.0.1/bits/ostream.tcc:625: error: expected `;' before '__len'
/usr/lib/gcc/i486-linux/4.0.1/../../../../include/c++/4.0.1/bits/ostream.tcc:626: error: '__w' was not declared in this scope
/usr/lib/gcc/i486-linux/4.0.1/../../../../include/c++/4.0.1/bits/ostream.tcc:626: error: '__len' was not declared in this scope
/usr/lib/gcc/i486-linux/4.0.1/../../../../include/c++/4.0.1/bits/ostream.tcc:634: error: '__len' was not declared in this scope
/usr/lib/gcc/i486-linux/4.0.1/../../../../include/c++/4.0.1/bits/ostream.tcc: In function 'std::basic_ostream<_CharT, _Traits>& std::operator<<(std::basic_ostream<_CharT, _Traits>&, const std::basic_string<_CharT, _Traits, _Alloc>&)':
/usr/lib/gcc/i486-linux/4.0.1/../../../../include/c++/4.0.1/bits/ostream.tcc:655: error: 'streamsize' does not name a type
/usr/lib/gcc/i486-linux/4.0.1/../../../../include/c++/4.0.1/bits/ostream.tcc:656: error: 'streamsize' was not declared in this scope
/usr/lib/gcc/i486-linux/4.0.1/../../../../include/c++/4.0.1/bits/ostream.tcc:656: error: expected `;' before '__len'
/usr/lib/gcc/i486-linux/4.0.1/../../../../include/c++/4.0.1/bits/ostream.tcc:661: error: '__w' was not declared in this scope
/usr/lib/gcc/i486-linux/4.0.1/../../../../include/c++/4.0.1/bits/ostream.tcc:661: error: '__len' was not declared in this scope
/usr/lib/gcc/i486-linux/4.0.1/../../../../include/c++/4.0.1/bits/ostream.tcc:670: error: '__len' was not declared in this scope
/usr/lib/gcc/i486-linux/4.0.1/../../../../include/c++/4.0.1/istream: At global scope:
/usr/lib/gcc/i486-linux/4.0.1/../../../../include/c++/4.0.1/istream:92: error: 'streamsize' does not name a type
/usr/lib/gcc/i486-linux/4.0.1/../../../../include/c++/4.0.1/istream:239: error: 'streamsize' does not name a type
/usr/lib/gcc/i486-linux/4.0.1/../../../../include/c++/4.0.1/istream:313: error: 'streamsize' has not been declared
/usr/lib/gcc/i486-linux/4.0.1/../../../../include/c++/4.0.1/istream:324: error: 'streamsize' has not been declared
/usr/lib/gcc/i486-linux/4.0.1/../../../../include/c++/4.0.1/istream:386: error: 'streamsize' has not been declared
/usr/lib/gcc/i486-linux/4.0.1/../../../../include/c++/4.0.1/istream:397: error: 'streamsize' has not been declared
/usr/lib/gcc/i486-linux/4.0.1/../../../../include/c++/4.0.1/istream:424: error: expected ';' before '(' token
/usr/lib/gcc/i486-linux/4.0.1/../../../../include/c++/4.0.1/istream:427: error: expected ';' before '(' token
/usr/lib/gcc/i486-linux/4.0.1/../../../../include/c++/4.0.1/istream:456: error: 'streamsize' has not been declared
/usr/lib/gcc/i486-linux/4.0.1/../../../../include/c++/4.0.1/istream:474: error: 'streamsize' does not name a type
/usr/lib/gcc/i486-linux/4.0.1/../../../../include/c++/4.0.1/istream: In constructor 'std::basic_istream<_CharT, _Traits>::basic_istream(std::basic_streambuf<_CharT, _Traits>*)':
/usr/lib/gcc/i486-linux/4.0.1/../../../../include/c++/4.0.1/istream:104: error: class 'std::basic_istream<_CharT, _Traits>' does not have any field named '_M_gcount'
/usr/lib/gcc/i486-linux/4.0.1/../../../../include/c++/4.0.1/istream:104: error: there are no arguments to 'streamsize' that depend on a template parameter, so a declaration of 'streamsize' must be available
/usr/lib/gcc/i486-linux/4.0.1/../../../../include/c++/4.0.1/istream: In destructor 'virtual std::basic_istream<_CharT, _Traits>::~basic_istream()':
/usr/lib/gcc/i486-linux/4.0.1/../../../../include/c++/4.0.1/istream:114: error: '_M_gcount' was not declared in this scope
/usr/lib/gcc/i486-linux/4.0.1/../../../../include/c++/4.0.1/istream:114: error: there are no arguments to 'streamsize' that depend on a template parameter, so a declaration of 'streamsize' must be available
/usr/lib/gcc/i486-linux/4.0.1/../../../../include/c++/4.0.1/istream: In constructor 'std::basic_istream<_CharT, _Traits>::basic_istream()':
/usr/lib/gcc/i486-linux/4.0.1/../../../../include/c++/4.0.1/istream:574: error: class 'std::basic_istream<_CharT, _Traits>' does not have any field named '_M_gcount'
/usr/lib/gcc/i486-linux/4.0.1/../../../../include/c++/4.0.1/istream:574: error: there are no arguments to 'streamsize' that depend on a template parameter, so a declaration of 'streamsize' must be available
/usr/lib/gcc/i486-linux/4.0.1/../../../../include/c++/4.0.1/istream: At global scope:
/usr/lib/gcc/i486-linux/4.0.1/../../../../include/c++/4.0.1/istream:581: error: 'streamsize' has not been declared
/usr/lib/gcc/i486-linux/4.0.1/../../../../include/c++/4.0.1/istream:586: error: 'std::basic_istream<char, std::char_traits<char> >& std::basic_istream<char, std::char_traits<char> >::ignore' is not a static member of 'struct std::basic_istream<char, std::char_traits<char> >'
/usr/lib/gcc/i486-linux/4.0.1/../../../../include/c++/4.0.1/istream:586: error: 'streamsize' was not declared in this scope
/usr/lib/gcc/i486-linux/4.0.1/../../../../include/c++/4.0.1/istream:591: error: 'std::basic_istream<char, std::char_traits<char> >& std::basic_istream<char, std::char_traits<char> >::ignore' is not a static member of 'struct std::basic_istream<char, std::char_traits<char> >'
/usr/lib/gcc/i486-linux/4.0.1/../../../../include/c++/4.0.1/istream:591: error: 'streamsize' was not declared in this scope
/usr/lib/gcc/i486-linux/4.0.1/../../../../include/c++/4.0.1/istream:591: error: expected primary-expression before '__delim'
/usr/lib/gcc/i486-linux/4.0.1/../../../../include/c++/4.0.1/istream:591: error: initializer expression list treated as compound expression
/usr/lib/gcc/i486-linux/4.0.1/../../../../include/c++/4.0.1/istream:597: error: 'streamsize' has not been declared
/usr/lib/gcc/i486-linux/4.0.1/../../../../include/c++/4.0.1/istream:602: error: 'std::basic_istream<wchar_t, std::char_traits<wchar_t> >& std::basic_istream<wchar_t, std::char_traits<wchar_t> >::ignore' is not a static member of 'struct std::basic_istream<wchar_t, std::char_traits<wchar_t> >'
/usr/lib/gcc/i486-linux/4.0.1/../../../../include/c++/4.0.1/istream:602: error: 'streamsize' was not declared in this scope
/usr/lib/gcc/i486-linux/4.0.1/../../../../include/c++/4.0.1/istream:607: error: 'std::basic_istream<wchar_t, std::char_traits<wchar_t> >& std::basic_istream<wchar_t, std::char_traits<wchar_t> >::ignore' is not a static member of 'struct std::basic_istream<wchar_t, std::char_traits<wchar_t> >'
/usr/lib/gcc/i486-linux/4.0.1/../../../../include/c++/4.0.1/istream:607: error: 'streamsize' was not declared in this scope
/usr/lib/gcc/i486-linux/4.0.1/../../../../include/c++/4.0.1/istream:607: error: expected primary-expression before '__delim'
/usr/lib/gcc/i486-linux/4.0.1/../../../../include/c++/4.0.1/istream:607: error: initializer expression list treated as compound expression
/usr/lib/gcc/i486-linux/4.0.1/../../../../include/c++/4.0.1/bits/istream.tcc: In member function 'typename std::basic_istream<_CharT, _Traits>::int_type std::basic_istream<_CharT, _Traits>::get()':
/usr/lib/gcc/i486-linux/4.0.1/../../../../include/c++/4.0.1/bits/istream.tcc:449: error: '_M_gcount' was not declared in this scope
/usr/lib/gcc/i486-linux/4.0.1/../../../../include/c++/4.0.1/bits/istream.tcc: In member function 'std::basic_istream<_CharT, _Traits>& std::basic_istream<_CharT, _Traits>::get(_CharT&)':
/usr/lib/gcc/i486-linux/4.0.1/../../../../include/c++/4.0.1/bits/istream.tcc:478: error: '_M_gcount' was not declared in this scope
/usr/lib/gcc/i486-linux/4.0.1/../../../../include/c++/4.0.1/bits/istream.tcc: At global scope:
/usr/lib/gcc/i486-linux/4.0.1/../../../../include/c++/4.0.1/bits/istream.tcc:508: error: 'streamsize' has not been declared
/usr/lib/gcc/i486-linux/4.0.1/../../../../include/c++/4.0.1/bits/istream.tcc: In member function 'std::basic_istream<_CharT, _Traits>& std::basic_istream<_CharT, _Traits>::get(_CharT*, int, _CharT)':
/usr/lib/gcc/i486-linux/4.0.1/../../../../include/c++/4.0.1/bits/istream.tcc:510: error: '_M_gcount' was not declared in this scope
/usr/lib/gcc/i486-linux/4.0.1/../../../../include/c++/4.0.1/bits/istream.tcc: In member function 'std::basic_istream<_CharT, _Traits>& std::basic_istream<_CharT, _Traits>::get(std::basic_streambuf<_CharT, _Traits>&, _CharT)':
/usr/lib/gcc/i486-linux/4.0.1/../../../../include/c++/4.0.1/bits/istream.tcc:552: error: '_M_gcount' was not declared in this scope
/usr/lib/gcc/i486-linux/4.0.1/../../../../include/c++/4.0.1/bits/istream.tcc: At global scope:
/usr/lib/gcc/i486-linux/4.0.1/../../../../include/c++/4.0.1/bits/istream.tcc:589: error: 'streamsize' has not been declared
/usr/lib/gcc/i486-linux/4.0.1/../../../../include/c++/4.0.1/bits/istream.tcc: In member function 'std::basic_istream<_CharT, _Traits>& std::basic_istream<_CharT, _Traits>::getline(_CharT*, int, _CharT)':
/usr/lib/gcc/i486-linux/4.0.1/../../../../include/c++/4.0.1/bits/istream.tcc:591: error: '_M_gcount' was not declared in this scope
/usr/lib/gcc/i486-linux/4.0.1/../../../../include/c++/4.0.1/bits/istream.tcc: In member function 'std::basic_istream<_CharT, _Traits>& std::basic_istream<_CharT, _Traits>::ignore()':
/usr/lib/gcc/i486-linux/4.0.1/../../../../include/c++/4.0.1/bits/istream.tcc:646: error: '_M_gcount' was not declared in this scope
/usr/lib/gcc/i486-linux/4.0.1/../../../../include/c++/4.0.1/bits/istream.tcc: At global scope:
/usr/lib/gcc/i486-linux/4.0.1/../../../../include/c++/4.0.1/bits/istream.tcc:672: error: 'std::basic_istream<_CharT, _Traits>& std::basic_istream<_CharT, _Traits>::ignore' is not a static member of 'class std::basic_istream<_CharT, _Traits>'
/usr/lib/gcc/i486-linux/4.0.1/../../../../include/c++/4.0.1/bits/istream.tcc:672: error: template definition of non-template 'std::basic_istream<_CharT, _Traits>& std::basic_istream<_CharT, _Traits>::ignore'
/usr/lib/gcc/i486-linux/4.0.1/../../../../include/c++/4.0.1/bits/istream.tcc:672: error: 'streamsize' was not declared in this scope
/usr/lib/gcc/i486-linux/4.0.1/../../../../include/c++/4.0.1/bits/istream.tcc:673: error: expected `;' before '{' token
/usr/lib/gcc/i486-linux/4.0.1/../../../../include/c++/4.0.1/bits/istream.tcc:728: error: 'std::basic_istream<_CharT, _Traits>& std::basic_istream<_CharT, _Traits>::ignore' is not a static member of 'class std::basic_istream<_CharT, _Traits>'
/usr/lib/gcc/i486-linux/4.0.1/../../../../include/c++/4.0.1/bits/istream.tcc:728: error: template definition of non-template 'std::basic_istream<_CharT, _Traits>& std::basic_istream<_CharT, _Traits>::ignore'
/usr/lib/gcc/i486-linux/4.0.1/../../../../include/c++/4.0.1/bits/istream.tcc:728: error: 'streamsize' was not declared in this scope
/usr/lib/gcc/i486-linux/4.0.1/../../../../include/c++/4.0.1/bits/istream.tcc:728: error: expected primary-expression before '__delim'
/usr/lib/gcc/i486-linux/4.0.1/../../../../include/c++/4.0.1/bits/istream.tcc:729: error: expected `;' before '{' token
/usr/lib/gcc/i486-linux/4.0.1/../../../../include/c++/4.0.1/bits/istream.tcc: In member function 'typename std::basic_istream<_CharT, _Traits>::int_type std::basic_istream<_CharT, _Traits>::peek()':
/usr/lib/gcc/i486-linux/4.0.1/../../../../include/c++/4.0.1/bits/istream.tcc:789: error: '_M_gcount' was not declared in this scope
/usr/lib/gcc/i486-linux/4.0.1/../../../../include/c++/4.0.1/bits/istream.tcc: At global scope:
/usr/lib/gcc/i486-linux/4.0.1/../../../../include/c++/4.0.1/bits/istream.tcc:811: error: 'streamsize' has not been declared
/usr/lib/gcc/i486-linux/4.0.1/../../../../include/c++/4.0.1/bits/istream.tcc: In member function 'std::basic_istream<_CharT, _Traits>& std::basic_istream<_CharT, _Traits>::read(_CharT*, int)':
/usr/lib/gcc/i486-linux/4.0.1/../../../../include/c++/4.0.1/bits/istream.tcc:813: error: '_M_gcount' was not declared in this scope
/usr/lib/gcc/i486-linux/4.0.1/../../../../include/c++/4.0.1/bits/istream.tcc: At global scope:
/usr/lib/gcc/i486-linux/4.0.1/../../../../include/c++/4.0.1/bits/istream.tcc:834: error: expected constructor, destructor, or type conversion before 'basic_istream'
/usr/lib/gcc/i486-linux/4.0.1/../../../../include/c++/4.0.1/bits/istream.tcc: In member function 'std::basic_istream<_CharT, _Traits>& std::basic_istream<_CharT, _Traits>::putback(_CharT)':
/usr/lib/gcc/i486-linux/4.0.1/../../../../include/c++/4.0.1/bits/istream.tcc:866: error: '_M_gcount' was not declared in this scope
/usr/lib/gcc/i486-linux/4.0.1/../../../../include/c++/4.0.1/bits/istream.tcc: In member function 'std::basic_istream<_CharT, _Traits>& std::basic_istream<_CharT, _Traits>::unget()':
/usr/lib/gcc/i486-linux/4.0.1/../../../../include/c++/4.0.1/bits/istream.tcc:894: error: '_M_gcount' was not declared in this scope
/usr/lib/gcc/i486-linux/4.0.1/../../../../include/c++/4.0.1/bits/istream.tcc: In function 'std::basic_istream<_CharT, _Traits>& std::operator>>(std::basic_istream<_CharT, _Traits>&, _CharT2*)':
/usr/lib/gcc/i486-linux/4.0.1/../../../../include/c++/4.0.1/bits/istream.tcc:1058: error: 'streamsize' was not declared in this scope
/usr/lib/gcc/i486-linux/4.0.1/../../../../include/c++/4.0.1/bits/istream.tcc:1058: error: expected `;' before '__extracted'
/usr/lib/gcc/i486-linux/4.0.1/../../../../include/c++/4.0.1/bits/istream.tcc:1066: error: expected `;' before '__num'
/usr/lib/gcc/i486-linux/4.0.1/../../../../include/c++/4.0.1/bits/istream.tcc:1067: error: '__num' was not declared in this scope
/usr/lib/gcc/i486-linux/4.0.1/../../../../include/c++/4.0.1/bits/istream.tcc:1068: error: 'streamsize' cannot appear in a constant-expression
/usr/lib/gcc/i486-linux/4.0.1/../../../../include/c++/4.0.1/bits/istream.tcc:1068: error: template argument 1 is invalid
/usr/lib/gcc/i486-linux/4.0.1/../../../../include/c++/4.0.1/bits/istream.tcc:1068: error: 'max' is not a member of '<declaration error>'
/usr/lib/gcc/i486-linux/4.0.1/../../../../include/c++/4.0.1/bits/istream.tcc:1076: error: '__extracted' was not declared in this scope
/usr/lib/gcc/i486-linux/4.0.1/../../../../include/c++/4.0.1/bits/istream.tcc:1076: error: '__num' was not declared in this scope
/usr/lib/gcc/i486-linux/4.0.1/../../../../include/c++/4.0.1/bits/istream.tcc:1096: error: '__extracted' was not declared in this scope
/usr/lib/gcc/i486-linux/4.0.1/../../../../include/c++/4.0.1/bits/istream.tcc: In function 'std::basic_istream<_CharT, _Traits>& std::operator>>(std::basic_istream<_CharT, _Traits>&, std::basic_string<_CharT, _Traits, _Alloc>&)':
/usr/lib/gcc/i486-linux/4.0.1/../../../../include/c++/4.0.1/bits/istream.tcc:1151: error: 'streamsize' does not name a type
/usr/lib/gcc/i486-linux/4.0.1/../../../../include/c++/4.0.1/bits/istream.tcc:1152: error: '__w' was not declared in this scope
/usr/lib/gcc/i486-linux/4.0.1/../../../../include/c++/4.0.1/i486-linux/bits/basic_file.h: At global scope:
/usr/lib/gcc/i486-linux/4.0.1/../../../../include/c++/4.0.1/i486-linux/bits/basic_file.h:89: error: 'streamsize' does not name a type
/usr/lib/gcc/i486-linux/4.0.1/../../../../include/c++/4.0.1/i486-linux/bits/basic_file.h:92: error: 'streamsize' does not name a type
/usr/lib/gcc/i486-linux/4.0.1/../../../../include/c++/4.0.1/i486-linux/bits/basic_file.h:96: error: 'streamsize' does not name a type
/usr/lib/gcc/i486-linux/4.0.1/../../../../include/c++/4.0.1/i486-linux/bits/basic_file.h:105: error: 'streamsize' does not name a type
/usr/lib/gcc/i486-linux/4.0.1/../../../../include/c++/4.0.1/fstream:127: error: 'size_t' does not name a type
/usr/lib/gcc/i486-linux/4.0.1/../../../../include/c++/4.0.1/fstream:175: error: 'streamsize' does not name a type
/usr/lib/gcc/i486-linux/4.0.1/../../../../include/c++/4.0.1/fstream:288: error: 'streamsize' does not name a type
/usr/lib/gcc/i486-linux/4.0.1/../../../../include/c++/4.0.1/fstream:315: error: 'streamsize' has not been declared
/usr/lib/gcc/i486-linux/4.0.1/../../../../include/c++/4.0.1/fstream:330: error: 'streamsize' has not been declared
/usr/lib/gcc/i486-linux/4.0.1/../../../../include/c++/4.0.1/fstream:350: error: 'streamsize' does not name a type
/usr/lib/gcc/i486-linux/4.0.1/../../../../include/c++/4.0.1/fstream:353: error: 'streamsize' does not name a type
/usr/lib/gcc/i486-linux/4.0.1/../../../../include/c++/4.0.1/fstream:375: error: 'streamsize' has not been declared
/usr/lib/gcc/i486-linux/4.0.1/../../../../include/c++/4.0.1/fstream: In member function 'void std::basic_filebuf<_CharT, _Traits>::_M_set_buffer(int)':
/usr/lib/gcc/i486-linux/4.0.1/../../../../include/c++/4.0.1/fstream:385: error: '_M_buf_size' was not declared in this scope
/usr/lib/gcc/i486-linux/4.0.1/../../../../include/c++/4.0.1/bits/fstream.tcc: In member function 'void std::basic_filebuf<_CharT, _Traits>::_M_allocate_internal_buffer()':
/usr/lib/gcc/i486-linux/4.0.1/../../../../include/c++/4.0.1/bits/fstream.tcc:56: error: '_M_buf_size' was not declared in this scope
/usr/lib/gcc/i486-linux/4.0.1/../../../../include/c++/4.0.1/bits/fstream.tcc: In member function 'void std::basic_filebuf<_CharT, _Traits>::_M_destroy_internal_buffer()':
/usr/lib/gcc/i486-linux/4.0.1/../../../../include/c++/4.0.1/bits/fstream.tcc:74: error: '_M_ext_buf_size' was not declared in this scope
/usr/lib/gcc/i486-linux/4.0.1/../../../../include/c++/4.0.1/bits/fstream.tcc: In constructor 'std::basic_filebuf<_CharT, _Traits>::basic_filebuf()':
/usr/lib/gcc/i486-linux/4.0.1/../../../../include/c++/4.0.1/bits/fstream.tcc:83: error: class 'std::basic_filebuf<_CharT, _Traits>' does not have any field named '_M_buf_size'
/usr/lib/gcc/i486-linux/4.0.1/../../../../include/c++/4.0.1/bits/fstream.tcc:86: error: class 'std::basic_filebuf<_CharT, _Traits>' does not have any field named '_M_ext_buf_size'
/usr/lib/gcc/i486-linux/4.0.1/../../../../include/c++/4.0.1/bits/fstream.tcc: At global scope:
/usr/lib/gcc/i486-linux/4.0.1/../../../../include/c++/4.0.1/bits/fstream.tcc:164: error: expected constructor, destructor, or type conversion before 'basic_filebuf'
/usr/lib/gcc/i486-linux/4.0.1/../../../../include/c++/4.0.1/bits/fstream.tcc: In member function 'virtual typename std::basic_filebuf<_CharT, _Traits>::int_type std::basic_filebuf<_CharT, _Traits>::underflow()':
/usr/lib/gcc/i486-linux/4.0.1/../../../../include/c++/4.0.1/bits/fstream.tcc:206: error: 'size_t' does not name a type
/usr/lib/gcc/i486-linux/4.0.1/../../../../include/c++/4.0.1/bits/fstream.tcc:212: error: 'streamsize' was not declared in this scope
/usr/lib/gcc/i486-linux/4.0.1/../../../../include/c++/4.0.1/bits/fstream.tcc:212: error: expected `;' before '__ilen'
/usr/lib/gcc/i486-linux/4.0.1/../../../../include/c++/4.0.1/bits/fstream.tcc:216: error: '__ilen' was not declared in this scope
/usr/lib/gcc/i486-linux/4.0.1/../../../../include/c++/4.0.1/bits/fstream.tcc:216: error: 'class std::__basic_file<char>' has no member named 'xsgetn'
/usr/lib/gcc/i486-linux/4.0.1/../../../../include/c++/4.0.1/bits/fstream.tcc:217: error: '__buflen' was not declared in this scope
/usr/lib/gcc/i486-linux/4.0.1/../../../../include/c++/4.0.1/bits/fstream.tcc:226: error: expected `;' before '__blen'
/usr/lib/gcc/i486-linux/4.0.1/../../../../include/c++/4.0.1/bits/fstream.tcc:227: error: expected `;' before '__rlen'
/usr/lib/gcc/i486-linux/4.0.1/../../../../include/c++/4.0.1/bits/fstream.tcc:229: error: '__blen' was not declared in this scope
/usr/lib/gcc/i486-linux/4.0.1/../../../../include/c++/4.0.1/bits/fstream.tcc:229: error: '__rlen' was not declared in this scope
/usr/lib/gcc/i486-linux/4.0.1/../../../../include/c++/4.0.1/bits/fstream.tcc:229: error: '__buflen' was not declared in this scope
/usr/lib/gcc/i486-linux/4.0.1/../../../../include/c++/4.0.1/bits/fstream.tcc:232: error: '__blen' was not declared in this scope
/usr/lib/gcc/i486-linux/4.0.1/../../../../include/c++/4.0.1/bits/fstream.tcc:232: error: '__buflen' was not declared in this scope
/usr/lib/gcc/i486-linux/4.0.1/../../../../include/c++/4.0.1/bits/fstream.tcc:233: error: '__rlen' was not declared in this scope
/usr/lib/gcc/i486-linux/4.0.1/../../../../include/c++/4.0.1/bits/fstream.tcc:235: error: 'streamsize' does not name a type
/usr/lib/gcc/i486-linux/4.0.1/../../../../include/c++/4.0.1/bits/fstream.tcc:236: error: '__rlen' was not declared in this scope
/usr/lib/gcc/i486-linux/4.0.1/../../../../include/c++/4.0.1/bits/fstream.tcc:236: error: '__remainder' was not declared in this scope
/usr/lib/gcc/i486-linux/4.0.1/../../../../include/c++/4.0.1/bits/fstream.tcc:245: error: '_M_ext_buf_size' was not declared in this scope
/usr/lib/gcc/i486-linux/4.0.1/../../../../include/c++/4.0.1/bits/fstream.tcc:245: error: '__blen' was not declared in this scope
/usr/lib/gcc/i486-linux/4.0.1/../../../../include/c++/4.0.1/bits/fstream.tcc:269: error: '_M_ext_buf_size' was not declared in this scope
/usr/lib/gcc/i486-linux/4.0.1/../../../../include/c++/4.0.1/bits/fstream.tcc:275: error: expected `;' before '__elen'
/usr/lib/gcc/i486-linux/4.0.1/../../../../include/c++/4.0.1/bits/fstream.tcc:276: error: '__elen' was not declared in this scope
/usr/lib/gcc/i486-linux/4.0.1/../../../../include/c++/4.0.1/bits/fstream.tcc:280: error: '__elen' was not declared in this scope
/usr/lib/gcc/i486-linux/4.0.1/../../../../include/c++/4.0.1/bits/fstream.tcc:286: error: '__buflen' was not declared in this scope
/usr/lib/gcc/i486-linux/4.0.1/../../../../include/c++/4.0.1/bits/fstream.tcc:289: error: 'size_t' was not declared in this scope
/usr/lib/gcc/i486-linux/4.0.1/../../../../include/c++/4.0.1/bits/fstream.tcc:289: error: expected `;' before '__avail'
/usr/lib/gcc/i486-linux/4.0.1/../../../../include/c++/4.0.1/bits/fstream.tcc:290: error: '__ilen' was not declared in this scope
/usr/lib/gcc/i486-linux/4.0.1/../../../../include/c++/4.0.1/bits/fstream.tcc:290: error: '__avail' was not declared in this scope
/usr/lib/gcc/i486-linux/4.0.1/../../../../include/c++/4.0.1/bits/fstream.tcc:290: error: no matching function for call to 'min(<type error>, <type error>)'
/usr/lib/gcc/i486-linux/4.0.1/../../../../include/c++/4.0.1/bits/fstream.tcc:296: error: '__ilen' was not declared in this scope
/usr/lib/gcc/i486-linux/4.0.1/../../../../include/c++/4.0.1/bits/fstream.tcc:306: error: '__ilen' was not declared in this scope
/usr/lib/gcc/i486-linux/4.0.1/../../../../include/c++/4.0.1/bits/fstream.tcc:309: error: '__ilen' was not declared in this scope
/usr/lib/gcc/i486-linux/4.0.1/../../../../include/c++/4.0.1/bits/fstream.tcc: In member function 'virtual typename std::basic_filebuf<_CharT, _Traits>::int_type std::basic_filebuf<_CharT, _Traits>::overflow(typename _Traits::int_type)':
/usr/lib/gcc/i486-linux/4.0.1/../../../../include/c++/4.0.1/bits/fstream.tcc:418: error: '_M_buf_size' was not declared in this scope
/usr/lib/gcc/i486-linux/4.0.1/../../../../include/c++/4.0.1/bits/fstream.tcc: At global scope:
/usr/lib/gcc/i486-linux/4.0.1/../../../../include/c++/4.0.1/bits/fstream.tcc:449: error: 'streamsize' has not been declared
/usr/lib/gcc/i486-linux/4.0.1/../../../../include/c++/4.0.1/bits/fstream.tcc: In member function 'bool std::basic_filebuf<_CharT, _Traits>::_M_convert_to_external(_CharT*, int)':
/usr/lib/gcc/i486-linux/4.0.1/../../../../include/c++/4.0.1/bits/fstream.tcc:452: error: 'streamsize' was not declared in this scope
/usr/lib/gcc/i486-linux/4.0.1/../../../../include/c++/4.0.1/bits/fstream.tcc:452: error: expected `;' before '__elen'
/usr/lib/gcc/i486-linux/4.0.1/../../../../include/c++/4.0.1/bits/fstream.tcc:453: error: expected `;' before '__plen'
/usr/lib/gcc/i486-linux/4.0.1/../../../../include/c++/4.0.1/bits/fstream.tcc:456: error: '__elen' was not declared in this scope
/usr/lib/gcc/i486-linux/4.0.1/../../../../include/c++/4.0.1/bits/fstream.tcc:456: error: 'class std::__basic_file<char>' has no member named 'xsputn'
/usr/lib/gcc/i486-linux/4.0.1/../../../../include/c++/4.0.1/bits/fstream.tcc:457: error: '__plen' was not declared in this scope
/usr/lib/gcc/i486-linux/4.0.1/../../../../include/c++/4.0.1/bits/fstream.tcc:463: error: expected `;' before '__blen'
/usr/lib/gcc/i486-linux/4.0.1/../../../../include/c++/4.0.1/bits/fstream.tcc:464: error: '__blen' was not declared in this scope
/usr/lib/gcc/i486-linux/4.0.1/../../../../include/c++/4.0.1/bits/fstream.tcc:484: error: '__elen' was not declared in this scope
/usr/lib/gcc/i486-linux/4.0.1/../../../../include/c++/4.0.1/bits/fstream.tcc:484: error: 'class std::__basic_file<char>' has no member named 'xsputn'
/usr/lib/gcc/i486-linux/4.0.1/../../../../include/c++/4.0.1/bits/fstream.tcc:485: error: '__plen' was not declared in this scope
/usr/lib/gcc/i486-linux/4.0.1/../../../../include/c++/4.0.1/bits/fstream.tcc:491: error: expected `;' before '__rlen'
/usr/lib/gcc/i486-linux/4.0.1/../../../../include/c++/4.0.1/bits/fstream.tcc:493: error: '__rlen' was not declared in this scope
/usr/lib/gcc/i486-linux/4.0.1/../../../../include/c++/4.0.1/bits/fstream.tcc:498: error: 'class std::__basic_file<char>' has no member named 'xsputn'
/usr/lib/gcc/i486-linux/4.0.1/../../../../include/c++/4.0.1/bits/fstream.tcc:506: error: '__elen' was not declared in this scope
/usr/lib/gcc/i486-linux/4.0.1/../../../../include/c++/4.0.1/bits/fstream.tcc:506: error: '__plen' was not declared in this scope
/usr/lib/gcc/i486-linux/4.0.1/../../../../include/c++/4.0.1/bits/fstream.tcc: At global scope:
/usr/lib/gcc/i486-linux/4.0.1/../../../../include/c++/4.0.1/bits/fstream.tcc:511: error: expected constructor, destructor, or type conversion before 'basic_filebuf'
/usr/lib/gcc/i486-linux/4.0.1/../../../../include/c++/4.0.1/bits/fstream.tcc:594: error: expected constructor, destructor, or type conversion before 'basic_filebuf'
/usr/lib/gcc/i486-linux/4.0.1/../../../../include/c++/4.0.1/bits/fstream.tcc:642: error: 'streamsize' has not been declared
/usr/lib/gcc/i486-linux/4.0.1/../../../../include/c++/4.0.1/bits/fstream.tcc: In member function 'virtual typename std::basic_filebuf<_CharT, _Traits>::__streambuf_type* std::basic_filebuf<_CharT, _Traits>::setbuf(_CharT*, int)':
/usr/lib/gcc/i486-linux/4.0.1/../../../../include/c++/4.0.1/bits/fstream.tcc:646: error: '_M_buf_size' was not declared in this scope
/usr/lib/gcc/i486-linux/4.0.1/../../../../include/c++/4.0.1/bits/fstream.tcc:658: error: '_M_buf_size' was not declared in this scope
/usr/lib/gcc/i486-linux/4.0.1/../../../../include/c++/4.0.1/bits/fstream.tcc: In member function 'bool std::basic_filebuf<_CharT, _Traits>::_M_terminate_output()':
/usr/lib/gcc/i486-linux/4.0.1/../../../../include/c++/4.0.1/bits/fstream.tcc:775: error: 'size_t' does not name a type
/usr/lib/gcc/i486-linux/4.0.1/../../../../include/c++/4.0.1/bits/fstream.tcc:776: error: '__blen' was not declared in this scope
/usr/lib/gcc/i486-linux/4.0.1/../../../../include/c++/4.0.1/bits/fstream.tcc:778: error: 'streamsize' was not declared in this scope
/usr/lib/gcc/i486-linux/4.0.1/../../../../include/c++/4.0.1/bits/fstream.tcc:778: error: expected `;' before '__ilen'
/usr/lib/gcc/i486-linux/4.0.1/../../../../include/c++/4.0.1/bits/fstream.tcc:783: error: '__buf' was not declared in this scope
/usr/lib/gcc/i486-linux/4.0.1/../../../../include/c++/4.0.1/bits/fstream.tcc:790: error: '__ilen' was not declared in this scope
/usr/lib/gcc/i486-linux/4.0.1/../../../../include/c++/4.0.1/bits/fstream.tcc:793: error: 'streamsize' does not name a type
/usr/lib/gcc/i486-linux/4.0.1/../../../../include/c++/4.0.1/bits/fstream.tcc:794: error: '__elen' was not declared in this scope
/usr/lib/gcc/i486-linux/4.0.1/../../../../include/c++/4.0.1/bits/fstream.tcc:799: error: '__ilen' was not declared in this scope
/usr/lib/gcc/i486-linux/4.0.1/../../../../include/c++/4.0.1/bits/fstream.tcc: In member function 'virtual void std::basic_filebuf<_CharT, _Traits>::imbue(const std::locale&)':
/usr/lib/gcc/i486-linux/4.0.1/../../../../include/c++/4.0.1/bits/fstream.tcc:866: error: 'streamsize' does not name a type
/usr/lib/gcc/i486-linux/4.0.1/../../../../include/c++/4.0.1/bits/fstream.tcc:867: error: '__remainder' was not declared in this scope
/usr/lib/gcc/i486-linux/4.0.1/../../../../include/c++/4.0.1/bits/fstream.tcc:871: error: '__remainder' was not declared in this scope
/usr/lib/gcc/i486-linux/4.0.1/../../../../include/c++/4.0.1/bits/ostream.tcc: In function 'std::basic_ostream<char, _Traits>& std::operator<<(std::basic_ostream<char, _Traits>&, char) [with _Traits = std::char_traits<char>]':
sumcol.gpp-2.c++:25:   instantiated from here
/usr/lib/gcc/i486-linux/4.0.1/../../../../include/c++/4.0.1/bits/ostream.tcc:528: error: 'struct std::basic_ostream<char, std::char_traits<char> >' has no member named 'width'
/usr/lib/gcc/i486-linux/4.0.1/../../../../include/c++/4.0.1/bits/locale_facets.tcc: In member function '_OutIter std::num_put<_CharT, _OutIter>::_M_insert_int(_OutIter, std::ios_base&, _CharT, _ValueT) const [with _ValueT = long unsigned int, _CharT = char, _OutIter = std::ostreambuf_iterator<char, std::char_traits<char> >]':
/usr/lib/gcc/i486-linux/4.0.1/../../../../include/c++/4.0.1/bits/locale_facets.tcc:1204:   instantiated from '_OutIter std::num_put<_CharT, _OutIter>::do_put(_OutIter, std::ios_base&, _CharT, long unsigned int) const [with _CharT = char, _OutIter = std::ostreambuf_iterator<char, std::char_traits<char> >]'
/usr/lib/gcc/i486-linux/4.0.1/../../../../include/c++/4.0.1/bits/locale_facets.h:2292:   instantiated from '_OutIter std::num_put<_CharT, _OutIter>::put(_OutIter, std::ios_base&, _CharT, long unsigned int) const [with _CharT = char, _OutIter = std::ostreambuf_iterator<char, std::char_traits<char> >]'
/usr/lib/gcc/i486-linux/4.0.1/../../../../include/c++/4.0.1/bits/ostream.tcc:168:   instantiated from 'std::basic_ostream<_CharT, _Traits>& std::basic_ostream<_CharT, _Traits>::operator<<(long unsigned int) [with _CharT = char, _Traits = std::char_traits<char>]'
/usr/lib/gcc/i486-linux/4.0.1/../../../../include/c++/4.0.1/ostream:196:   instantiated from 'std::basic_ostream<_CharT, _Traits>& std::basic_ostream<_CharT, _Traits>::operator<<(int) [with _CharT = char, _Traits = std::char_traits<char>]'
sumcol.gpp-2.c++:25:   instantiated from here
/usr/lib/gcc/i486-linux/4.0.1/../../../../include/c++/4.0.1/bits/locale_facets.tcc:943: error: 'const struct std::__numpunct_cache<char>' has no member named '_M_grouping_size'
/usr/lib/gcc/i486-linux/4.0.1/../../../../include/c++/4.0.1/bits/locale_facets.tcc: In member function '_OutIter std::num_put<_CharT, _OutIter>::_M_insert_int(_OutIter, std::ios_base&, _CharT, _ValueT) const [with _ValueT = long int, _CharT = char, _OutIter = std::ostreambuf_iterator<char, std::char_traits<char> >]':
/usr/lib/gcc/i486-linux/4.0.1/../../../../include/c++/4.0.1/bits/locale_facets.tcc:1197:   instantiated from '_OutIter std::num_put<_CharT, _OutIter>::do_put(_OutIter, std::ios_base&, _CharT, long int) const [with _CharT = char, _OutIter = std::ostreambuf_iterator<char, std::char_traits<char> >]'
/usr/lib/gcc/i486-linux/4.0.1/../../../../include/c++/4.0.1/bits/locale_facets.h:2287:   instantiated from '_OutIter std::num_put<_CharT, _OutIter>::put(_OutIter, std::ios_base&, _CharT, long int) const [with _CharT = char, _OutIter = std::ostreambuf_iterator<char, std::char_traits<char> >]'
/usr/lib/gcc/i486-linux/4.0.1/../../../../include/c++/4.0.1/bits/ostream.tcc:144:   instantiated from 'std::basic_ostream<_CharT, _Traits>& std::basic_ostream<_CharT, _Traits>::operator<<(long int) [with _CharT = char, _Traits = std::char_traits<char>]'
/usr/lib/gcc/i486-linux/4.0.1/../../../../include/c++/4.0.1/ostream:198:   instantiated from 'std::basic_ostream<_CharT, _Traits>& std::basic_ostream<_CharT, _Traits>::operator<<(int) [with _CharT = char, _Traits = std::char_traits<char>]'
sumcol.gpp-2.c++:25:   instantiated from here
/usr/lib/gcc/i486-linux/4.0.1/../../../../include/c++/4.0.1/bits/locale_facets.tcc:943: error: 'const struct std::__numpunct_cache<char>' has no member named '_M_grouping_size'
/usr/lib/gcc/i486-linux/4.0.1/../../../../include/c++/4.0.1/bits/locale_facets.tcc: In member function 'const std::__numpunct_cache<_CharT>* std::__use_cache<std::__numpunct_cache<_CharT> >::operator()(const std::locale&) const [with _CharT = char]':
/usr/lib/gcc/i486-linux/4.0.1/../../../../include/c++/4.0.1/bits/locale_facets.tcc:921:   instantiated from '_OutIter std::num_put<_CharT, _OutIter>::_M_insert_int(_OutIter, std::ios_base&, _CharT, _ValueT) const [with _ValueT = long unsigned int, _CharT = char, _OutIter = std::ostreambuf_iterator<char, std::char_traits<char> >]'
/usr/lib/gcc/i486-linux/4.0.1/../../../../include/c++/4.0.1/bits/locale_facets.tcc:1204:   instantiated from '_OutIter std::num_put<_CharT, _OutIter>::do_put(_OutIter, std::ios_base&, _CharT, long unsigned int) const [with _CharT = char, _OutIter = std::ostreambuf_iterator<char, std::char_traits<char> >]'
/usr/lib/gcc/i486-linux/4.0.1/../../../../include/c++/4.0.1/bits/locale_facets.h:2292:   instantiated from '_OutIter std::num_put<_CharT, _OutIter>::put(_OutIter, std::ios_base&, _CharT, long unsigned int) const [with _CharT = char, _OutIter = std::ostreambuf_iterator<char, std::char_traits<char> >]'
/usr/lib/gcc/i486-linux/4.0.1/../../../../include/c++/4.0.1/bits/ostream.tcc:168:   instantiated from 'std::basic_ostream<_CharT, _Traits>& std::basic_ostream<_CharT, _Traits>::operator<<(long unsigned int) [with _CharT = char, _Traits = std::char_traits<char>]'
/usr/lib/gcc/i486-linux/4.0.1/../../../../include/c++/4.0.1/ostream:196:   instantiated from 'std::basic_ostream<_CharT, _Traits>& std::basic_ostream<_CharT, _Traits>::operator<<(int) [with _CharT = char, _Traits = std::char_traits<char>]'
sumcol.gpp-2.c++:25:   instantiated from here
/usr/lib/gcc/i486-linux/4.0.1/../../../../include/c++/4.0.1/bits/locale_facets.tcc:142: error: no matching function for call to 'std::__numpunct_cache<char>::__numpunct_cache()'
/usr/lib/gcc/i486-linux/4.0.1/../../../../include/c++/4.0.1/bits/locale_facets.h:1629: note: candidates are: std::__numpunct_cache<_CharT>::__numpunct_cache(const std::__numpunct_cache<_CharT>&) [with _CharT = char]
/usr/lib/gcc/i486-linux/4.0.1/../../../../include/c++/4.0.1/bits/locale_facets.tcc: In member function 'void std::__numpunct_cache<_CharT>::_M_cache(const std::locale&) [with _CharT = char]':
/usr/lib/gcc/i486-linux/4.0.1/../../../../include/c++/4.0.1/bits/locale_facets.tcc:143:   instantiated from 'const std::__numpunct_cache<_CharT>* std::__use_cache<std::__numpunct_cache<_CharT> >::operator()(const std::locale&) const [with _CharT = char]'
/usr/lib/gcc/i486-linux/4.0.1/../../../../include/c++/4.0.1/bits/locale_facets.tcc:921:   instantiated from '_OutIter std::num_put<_CharT, _OutIter>::_M_insert_int(_OutIter, std::ios_base&, _CharT, _ValueT) const [with _ValueT = long unsigned int, _CharT = char, _OutIter = std::ostreambuf_iterator<char, std::char_traits<char> >]'
/usr/lib/gcc/i486-linux/4.0.1/../../../../include/c++/4.0.1/bits/locale_facets.tcc:1204:   instantiated from '_OutIter std::num_put<_CharT, _OutIter>::do_put(_OutIter, std::ios_base&, _CharT, long unsigned int) const [with _CharT = char, _OutIter = std::ostreambuf_iterator<char, std::char_traits<char> >]'
/usr/lib/gcc/i486-linux/4.0.1/../../../../include/c++/4.0.1/bits/locale_facets.h:2292:   instantiated from '_OutIter std::num_put<_CharT, _OutIter>::put(_OutIter, std::ios_base&, _CharT, long unsigned int) const [with _CharT = char, _OutIter = std::ostreambuf_iterator<char, std::char_traits<char> >]'
/usr/lib/gcc/i486-linux/4.0.1/../../../../include/c++/4.0.1/bits/ostream.tcc:168:   instantiated from 'std::basic_ostream<_CharT, _Traits>& std::basic_ostream<_CharT, _Traits>::operator<<(long unsigned int) [with _CharT = char, _Traits = std::char_traits<char>]'
/usr/lib/gcc/i486-linux/4.0.1/../../../../include/c++/4.0.1/ostream:196:   instantiated from 'std::basic_ostream<_CharT, _Traits>& std::basic_ostream<_CharT, _Traits>::operator<<(int) [with _CharT = char, _Traits = std::char_traits<char>]'
sumcol.gpp-2.c++:25:   instantiated from here
/usr/lib/gcc/i486-linux/4.0.1/../../../../include/c++/4.0.1/bits/locale_facets.tcc:192: error: 'struct std::basic_string<char, std::char_traits<char>, std::allocator<char> >' has no member named 'size'
/usr/lib/gcc/i486-linux/4.0.1/../../../../include/c++/4.0.1/bits/locale_facets.tcc:192: confused by earlier errors, bailing out
make[3]: [sumcol.gpp-2.gpp_run] Error 1 (ignored)

=================================================================
COMMAND LINE (%A is single numeric argument):

sumcol.gpp-2.gpp_run %A
Error, could not exec sumcol.gpp-2.gpp_run 400 (No such file or directory)
PATH=/opt/shootout/shootout/bench/sumcol:/opt/shootout/shootout/bench/sumcol/tmp:/opt/xds_c/bin:/opt/intel_fc_80/bin:/opt/intel_cc_80/bin:/usr/lib/poplog/current-poplog/pop/pop:/usr/bin:/bin:/usr/lib/poplog/current-poplog/pop/com
TEST FAILED - Child processed exited with error code (1)


PROGRAM OUTPUT
==============
