BUILD COMMANDS FOR: sumcol.psyco

Mon Sep 19 01:43:30 PDT 2005

rm -f sumcol.pyo sumcol.pyc
cp /opt/shootout/shootout/bench/sumcol/sumcol.psyco sumcol.py
/usr/bin/python2.4 -OO -c "from py_compile import compile; compile('/opt/shootout/shootout/bench/sumcol/tmp/sumcol.py')"
touch sumcol.psyco_run

=================================================================
COMMAND LINE (%A is single numeric argument):

 /usr/bin/python2.4 sumcol.py %A
Traceback (most recent call last):
  File "sumcol.py", line 6, in ?
    import sys, psyco
  File "/usr/lib/python2.4/site-packages/psyco/__init__.py", line 45, in ?
Traceback (most recent call last):
  File "sumcol.py", line 6, in ?
    import sys, psyco
  File "/usr/lib/python2.4/site-packages/psyco/__init__.py", line 45, in ?
    raise ImportError, str(e) + extramsg
ImportError: /usr/lib/python2.4/site-packages/psyco/_psyco.so: undefined symbol: PyFPE_jbuf (check that the compiled extension '/usr/lib/python2.4/site-packages/psyco/_psyco.so' is for the correct Python version; this is Python 2.4.1+)
    raise ImportError, str(e) + extramsg
ImportError: /usr/lib/python2.4/site-packages/psyco/_psyco.so: undefined symbol: PyFPE_jbuf (check that the compiled extension '/usr/lib/python2.4/site-packages/psyco/_psyco.so' is for the correct Python version; this is Python 2.4.1+)
TEST FAILED - Child processed exited with error code (1)
TEST FAILED - Child processed exited with error code (1)


PROGRAM OUTPUT
==============
