BUILD COMMANDS FOR: takfp.felix

Tue Nov  1 23:59:41 PST 2005

cp /opt/shootout/shootout/bench/takfp/takfp.felix takfp.flx
/usr/bin/flx -c --optimize --static ./takfp
/opt/shootout/shootout/bench/takfp/tmp/./takfp.hpp:131: error: expected initializer before '_i2124_f1782_Tak'
/opt/shootout/shootout/bench/takfp/tmp/./takfp.cpp:58: error: expected initializer before '_i2124_f1782_Tak'
/opt/shootout/shootout/bench/takfp/tmp/./takfp.cpp: In member function 'virtual flx::rtl::con_t* _i2091_p1788__init_::resume()':
/opt/shootout/shootout/bench/takfp/tmp/./takfp.cpp:154: error: '_i2124_f1782_Tak' was not declared in this scope
/opt/shootout/shootout/bench/takfp/tmp/./takfp.cpp:190: error: '_i2124_f1782_Tak' was not declared in this scope
/opt/shootout/shootout/bench/takfp/tmp/./takfp.cpp:225: error: '_i2124_f1782_Tak' was not declared in this scope
make[1]: [takfp.felix_run] Error 1 (ignored)
mv: cannot stat `takfp': No such file or directory
make[1]: [takfp.felix_run] Error 1 (ignored)
rm takfp.flx

=================================================================
COMMAND LINE (%A is single numeric argument):

takfp.felix_run %A
Error, could not exec takfp.felix_run 8 (No such file or directory)
PATH=/opt/shootout/shootout/bench/takfp:/opt/shootout/shootout/bench/takfp/tmp:/opt/xds_x86/bin:/opt/intel/fc/9.0/bin:/opt/intel/cc/9.0/bin:/usr/lib/poplog/current-poplog/pop/pop:/usr/local/Acrobat5/bin:/usr/lib/postgresql/bin:/home/brent/GNUstep/Tools:/usr/local/lib/GNUstep/Local/Tools:/usr/local/lib/GNUstep/Network/Tools:/usr/lib/GNUstep/System/Tools:/usr/local/bin:/usr/bin:/bin:/usr/bin/X11:/usr/games:/usr/lib/poplog/current-poplog/pop/com
TEST FAILED - Child processed exited with error code (1)


PROGRAM OUTPUT
==============
