BUILD COMMANDS FOR: tcpecho.psyco-2.psyco

Thu Nov  3 21:09:52 PST 2005

rm -f tcpecho.psyco-2.pyo tcpecho.psyco-2.pyc
cp /opt/shootout/shootout/bench/tcpecho/tcpecho.psyco-2.psyco tcpecho.psyco-2.py
/usr/bin/python2.4 -OO -c "from py_compile import compile; compile('/opt/shootout/shootout/bench/tcpecho/tmp/tcpecho.psyco-2.py')"
touch tcpecho.psyco-2.psyco_run

=================================================================
COMMAND LINE (%A is single numeric argument):

 /usr/bin/python2.4 tcpecho.psyco-2.py %A
Traceback (most recent call last):
  File "tcpecho.psyco-2.py", line 11, in ?
    import psyco
  File "/usr/lib/python2.4/site-packages/psyco/__init__.py", line 45, in ?
    raise ImportError, str(e) + extramsg
ImportError: /usr/lib/python2.4/site-packages/psyco/_psyco.so: undefined symbol: PyFPE_jbuf (check that the compiled extension '/usr/lib/python2.4/site-packages/psyco/_psyco.so' is for the correct Python version; this is Python 2.4.2)
TEST FAILED - Child processed exited with error code (1)


PROGRAM OUTPUT
==============
