BUILD COMMANDS FOR: tcprequest.psyco-2.psyco

Mon Sep 19 03:29:59 PDT 2005

rm -f tcprequest.psyco-2.pyo tcprequest.psyco-2.pyc
cp /opt/shootout/shootout/bench/tcprequest/tcprequest.psyco-2.psyco tcprequest.psyco-2.py
/usr/bin/python2.4 -OO -c "from py_compile import compile; compile('/opt/shootout/shootout/bench/tcprequest/tmp/tcprequest.psyco-2.py')"
touch tcprequest.psyco-2.psyco_run

=================================================================
COMMAND LINE (%A is single numeric argument):

 /usr/bin/python2.4 tcprequest.psyco-2.py %A
Traceback (most recent call last):
  File "tcprequest.psyco-2.py", line 11, in ?
    import psyco
  File "/usr/lib/python2.4/site-packages/psyco/__init__.py", line 45, in ?
    raise ImportError, str(e) + extramsg
ImportError: /usr/lib/python2.4/site-packages/psyco/_psyco.so: undefined symbol: PyFPE_jbuf (check that the compiled extension '/usr/lib/python2.4/site-packages/psyco/_psyco.so' is for the correct Python version; this is Python 2.4.1+)
TEST FAILED - Child processed exited with error code (1)


PROGRAM OUTPUT
==============
