BUILD COMMANDS FOR: wc.gcl

Sun May 15 16:06:15 PDT 2005

cp /opt/shootout/shootout/bench/wc/wc.gcl wc.gcl
(GCL_ANSI=1; export GCL_ANSI; \
  /usr/bin/gclcvs -compile wc.gcl)

Compiling wc.gcl.
End of Pass 1.  
End of Pass 2.  
wc.c:5276:16: wc.h: No such file or directory
wc.c: In function `init_code':
wc.c:5277: error: `VV' undeclared (first use in this function)
wc.c:5277: error: (Each undeclared identifier is reported only once
wc.c:5277: error: for each function it appears in.)
wc.c: In function `L1':
wc.c:5282: error: `VM1' undeclared (first use in this function)
wc.c:5283: error: `VC1' undeclared (first use in this function)
wc.c:5283: error: syntax error before "if"
wc.c:5288: error: `VV' undeclared (first use in this function)
wc.c:5305: warning: implicit declaration of function `L2'
wc.c:5316: error: `V5' undeclared (first use in this function)
wc.c:5317: error: `V6' undeclared (first use in this function)
wc.c:5337: error: `V8' undeclared (first use in this function)
wc.c:5338: error: `V9' undeclared (first use in this function)
wc.c: At top level:
wc.c:5361: warning: `L2' was declared implicitly `extern' and later `static'
wc.c:5305: warning: previous declaration of `L2'
wc.c:5361: warning: type mismatch with previous implicit declaration
wc.c:5305: warning: previous implicit declaration of `L2'
wc.c:5361: warning: `L2' was previously implicitly declared to return `int'
wc.c: In function `L2':
wc.c:5363: error: `VM2' undeclared (first use in this function)
wc.c:5364: error: `VC2' undeclared (first use in this function)
wc.c:5364: error: syntax error before "if"
wc.c:5372: error: `VV' undeclared (first use in this function)
wc.c:5374: error: `Lnk7' undeclared (first use in this function)
wc.c:5379: error: `V11' undeclared (first use in this function)
wc.c:5391: error: `V13' undeclared (first use in this function)
wc.c: In function `LnkT7':
wc.c:5397: error: `VV' undeclared (first use in this function)
wc.c:5397: error: `Lnk7' undeclared (first use in this function)
wc.c: At top level:
wc.c:5281: warning: `L1' defined but not used
wc.c:5397: warning: `LnkT7' defined but not used

(SYSTEM "gcc -c -Wall -DVOL=volatile -fsigned-char -pipe  -I/usr/lib/gcl-2.7.0/unixport/../h  -O3 -fomit-frame-pointer -c \"wc.c\" -o \"wc.o\" ") returned a non-zero value 0.
Backtrace: let > setq > conditions::clcs-error-set > progn > compile-file > block > tagbody > progn > setq > apply > apply > compiler::compile-file1 > let > unwind-protect > progn > let* > if > progn > cond > compiler::compiler-cc > compiler::safe-system > multiple-value-bind > UNLESS
touch wc.gcl_run

=================================================================
COMMAND LINE (%A is single numeric argument):

 /usr/bin/gclcvs -batch -load wc.o -eval '(main)' -f wc.gcl %A
TEST FAILED - Child processed exited with error code (0), halted by signal 11
************************************************************
*   TEST HALTED - TIMEOUT AFTER --maxtime 600 SECS
************************************************************


PROGRAM OUTPUT
==============

Error in SYSTEM::GCL-TOP-LEVEL [or a callee]: Cannot open the file wc.o.

Fast links are on: do (use-fast-links nil) for debugging
Broken at SYSTEM::SET-UP-TOP-LEVEL.  Type :H for Help.
 1 (Continue) Retry loading file "wc.o".
 2 Return to top level.
dbl:ASDF>>
Error in EVALHOOK [or a callee]: The variable |SUBJECT:RE:| is unbound.

Fast links are on: do (use-fast-links nil) for debugging
Broken at EVALHOOK.
 1 (Abort) Return to debug level 1.
 2 Retry loading file "wc.o".
 3 Return to top level.
dbl:ASDF>>>Universal error handler called recursively (:UNBOUND-VARIABLE
                                                       NIL EVALHOOK ""
                                                       "The variable ~S is unbound.")
#<OBJNULL>
dbl:ASDF>>>Universal error handler called recursively (:UNBOUND-VARIABLE
                                                       NIL EVALHOOK ""
                                                       "The variable ~S is unbound.")
#<OBJNULL>
dbl:ASDF>>>Universal error handler called recursively (:UNBOUND-VARIABLE
                                                       NIL EVALHOOK ""
                                                       "The variable ~S is unbound.")
#<OBJNULL>
dbl:ASDF>>>Universal error handler called recursively (:UNBOUND-VARIABLE
                                                       NIL EVALHOOK ""
                                                       "The variable ~S is unbound.")
#<OBJNULL>
dbl:ASDF>>>
Error in EVALHOOK [or a callee]: There is no package with the name FROM.

Fast links are on: do (use-fast-links nil) for debugging
Broken at CONDITIONS::CLCS-UNIVERSAL-ERROR-HANDLER.
 1 (Abort) Return to debug level 2.
 2 Return to debug level 1.
 3 Retry loading file "wc.o".
 4 Return to top level.
dbl:ASDF>>>>
"Jane D. Anonymous"
dbl:ASDF>>>>
Error in EVALHOOK [or a callee]: The variable <NOBODY@YALE.EDU> is unbound.

Fast links are on: do (use-fast-links nil) for debugging
Broken at EVALHOOK.
 1 (Abort) Return to debug level 3.
 2 Return to debug level 2.
 3 Return to debug level 1.
===================================
!!! Note: Truncated to 50 lines !!!
===================================
