BUILD COMMANDS FOR: wordfreq.gwydion

Mon Apr 10 05:03:47 PDT 2006

cp /opt/shootout/shootout/bench/wordfreq/wordfreq.gwydion wordfreq.dylan
(if [ "wordfreq" = "random" ]; then	\
	    cp random.dylan randum.dylan;	\
	fi)
/usr/bin/d2c -s  wordfreq.dylan
Entering single file mode.
Compiling library wordfreq
[Loading library Dylan...]
Using custom library import list...
[Loading library io...
  [Loading library common-dylan...
   [Loading library melange-support...]
   [Loading library threads...]
   [Loading library table-extensions...]
   [Loading library Random...
    [Loading library transcendental...]]]In Define Library wordfreq.:
unknown source locationWarning: Can't tell if argument <unknown-type> is a subtype of type-union(<false>, <type>),
so can't tell if method:
  type-for-file-stream{<object>, <unknown-type>, <object>}
is congruent to GF
  type-for-file-stream
]
[Loading library format...unknown source locationError: Puked loading library format:
  Can't open object dump file "format.lib.du"
]
Break.
make[2]: *** [wordfreq.gwydion_run] Aborted
(if [ "wordfreq" = "random" ]; then	\
	    mv randum wordfreq.gwydion_run;		\
	else				\
	    mv wordfreq wordfreq.gwydion_run;			\
	fi)
mv: cannot stat `wordfreq': No such file or directory
make[2]: [wordfreq.gwydion_run] Error 1 (ignored)
rm wordfreq.[co]
rm: cannot remove `wordfreq.[co]': No such file or directory
make[2]: [wordfreq.gwydion_run] Error 1 (ignored)
rm -rf .libs
rm wordfreq.dylan

=================================================================
COMMAND LINE (%A is single numeric argument):

wordfreq.gwydion_run %A
Error, could not exec wordfreq.gwydion_run 5 (No such file or directory)
PATH=/opt/shootout/shootout/bench/wordfreq:/opt/shootout/shootout/bench/wordfreq/tmp:/usr/lib/smarteiffel/bin:/usr/local/Acrobat5/bin:/usr/lib/postgresql/bin:/home/brent/GNUstep/Tools:/usr/local/lib/GNUstep/Local/Tools:/usr/local/lib/GNUstep/Network/Tools:/usr/lib/GNUstep/System/Tools:/usr/local/bin:/usr/bin:/bin:/usr/bin/X11:/usr/games
TEST FAILED - Child processed exited with error code (1)


PROGRAM OUTPUT
==============
