BUILD COMMANDS FOR: wordfreq.bigloo

Sat Sep 17 14:39:52 PDT 2005

cp /opt/shootout/shootout/bench/wordfreq/wordfreq.bigloo wordfreq.scm
rm -f wordfreq.bigloo_run
/usr/bin/bigloo -fsharing -Obench -unsafe  wordfreq.scm -o wordfreq.bigloo_run

*** WARNING:bigloo:(@ printf __r4_output_6_10_3)
Variable overridden by -- (@ printf foreign)

File "./wordfreq.scm", line 27, character 831:
#			          	(put-hash! (cons key 1) count))))
#			          	^
# *** ERROR:<anonymous:1098>
# Unbound variable -- put-hash!


File "./wordfreq.scm", line 23, character 653:
#				      (old-cell (get-hash key count)))
#				                ^
# *** ERROR:<anonymous:1098>
# Unbound variable -- get-hash


File "./wordfreq.scm", line 36, character 1027:
#      (for-each-hash (lambda (cell)
#      ^
# *** ERROR:main
# Unbound variable -- for-each-hash


File "./wordfreq.scm", line 13, character 342:
#	 (count (make-hash-table max
#	        ^
# *** ERROR:main
# Unbound variable -- make-hash-table


File "./wordfreq.scm", line 14, character 381:
#				  (lambda (o) (string->0..2^x-1 o 16))
#				              ^
# *** ERROR:<anonymous:1385>
# Unbound variable -- string->0..2^x-1

5 errors occured, ending ...
make[3]: [wordfreq.bigloo_run] Error 255 (ignored)

=================================================================
COMMAND LINE (%A is single numeric argument):

wordfreq.bigloo_run %A
Error, could not exec wordfreq.bigloo_run 5 (No such file or directory)
PATH=/opt/shootout/shootout/bench/wordfreq:/opt/shootout/shootout/bench/wordfreq/tmp:/opt/xds_c/bin:/opt/intel_fc_80/bin:/opt/intel_cc_80/bin:/usr/lib/poplog/current-poplog/pop/pop:/usr/bin:/bin:/usr/lib/poplog/current-poplog/pop/com
TEST FAILED - Child processed exited with error code (1)
Error, could not exec wordfreq.bigloo_run 5 (No such file or directory)
PATH=/opt/shootout/shootout/bench/wordfreq:/opt/shootout/shootout/bench/wordfreq/tmp:/opt/xds_c/bin:/opt/intel_fc_80/bin:/opt/intel_cc_80/bin:/usr/lib/poplog/current-poplog/pop/pop:/usr/bin:/bin:/usr/lib/poplog/current-poplog/pop/com
TEST FAILED - Child processed exited with error code (1)


PROGRAM OUTPUT
==============
