BUILD COMMANDS FOR: wordfreq.mlton

Sun May 15 16:21:32 PDT 2005

cp /opt/shootout/shootout/bench/wordfreq/wordfreq.mlton wordfreq.sml
echo '../../Include/mlton-src/lib.mlb wordfreq.sml' >wordfreq.mlb
/usr/bin/mlton  -output wordfreq.mlton_run wordfreq.mlb
Error: <string> 1.1.
  File wordfreq.mlb does not exist.
compilation aborted: parseAndElaborate reported errors
make[3]: [wordfreq.mlton_run] Error 1 (ignored)
rm -f wordfreq.mlb wordfreq.sml
on-src/lib.mlb 4.1.
  File /basis/unsafe.mlb does not exist.
Error: ../../Include/mlton-src/lib.mlb 5.1.
  File /cml/cml.mlb does not exist.
Error: ../../Include/mlton-src/int.sml 3.12.
  Undefined structure Int.
Error: ../../Include/mlton-src/int.sml 5.16.
  Undefined type int.
Error: ../../Include/mlton-src/int.sml 9.24.
  Undefined variable =.
Error: ../../Include/mlton-src/int.sml 9.58.
  Undefined variable +.
Error: ../../Include/mlton-src/int.sml 9.10.
  Function type disagrees with recursive use.
    function type: [??? -> (?.int32 -> ?.bool)] -> _
    recursive use: [?.bool] -> _
    in: loop i = if i = stop then () else (f i ; loop (i + 1))
Error: ../../Include/mlton-src/int.sml 18.15.
  Undefined variable -.
Error: ../../Include/mlton-src/int.sml 20.10.
  Undefined variable <.
Error: ../../Include/mlton-src/int.sml 16.10.
  Function type disagrees with recursive use.
    function type: (_ -> (_ -> [??? -> (?.int32 -> ?.bool)])) -> _
    recursive use: (_ -> (_ -> [?.bool])) -> _
    in: loop i = let val i = i - 1 in if i   ...  ) else (f i ; loop i) end
Error: ../../Include/mlton-src/int.sml 28.46.
  Undefined type bool.
Error: ../../Include/mlton-src/int.sml 30.21.
  Undefined variable <.
Error: ../../Include/mlton-src/int.sml 30.37.
  Function applied to incorrect argument.
    expects: [???]
    but got: [??? -> (??? -> ???)]
    in: f i
Error: ../../Include/mlton-src/int.sml 30.56.
  Undefined variable +.
Error: ../../Include/mlton-src/int.sml 30.10.
  Function type disagrees with recursive use.
    function type: [??? -> (?.int32 -> ?.bool)] -> _
    recursive use: [?.bool] -> _
    in: loop i = (i < stop) andalso (((f i) orelse (loop (i + 1))))
Error: ../../Include/mlton-src/int.sml 32.6.
  Function applied to incorrect argument.
    expects: [?.bool]
    but got: [?.int32]
    in: loop start
Error: ../../Include/mlton-src/int.sml 28.53.
  Undefined type bool.
Error: ../../Include/mlton-src/int.sml 35.37.
  Undefined variable not.
compilation aborted: too many errors
make[3]: [wordfreq.mlton_run] Error 1 (ignored)
rm -f wordfreq.mlb wordfreq.sml

=================================================================
COMMAND LINE (%A is single numeric argument):

wordfreq.mlton_run %A
************************************************************
*   TEST (wordfreq.mlton_run) FAILED - ERROR:  wordfreq.mlton_out differs from Output.5
************************************************************
-rw-r--r--  1 brent brent 54123 Apr  2 21:32 Output.5
-rw-r--r--  1 brent brent     0 May 15 16:21 wordfreq.mlton_out
************************************************************
*   TEST (wordfreq.mlton_run) FAILED - ERROR:  wordfreq.mlton_out differs from Output.5
************************************************************
-rw-r--r--  1 brent brent 54123 Apr  2 21:32 Output.5
-rw-r--r--  1 brent brent  3185 May 15 16:21 wordfreq.mlton_out
************************************************************
*   TEST (wordfreq.mlton_run) FAILED - ERROR:  wordfreq.mlton_out differs from Output.5
************************************************************
-rw-r--r--  1 brent brent 54123 Apr  2 21:32 Output.5
-rw-r--r--  1 brent brent   535 May 15 16:21 wordfreq.mlton_out


PROGRAM OUTPUT
==============
  42425 the
  33175 to
  29725 and
  22375 of
  13775 in
  13725 he
  11975 that
  11050 a
   9850 it
   9000 his
   8975 not
   8675 be
   8475 is
   8250 by
   7575 have
   7500 they
   7425 for
   6800 him
   6300 them
   6250 who
   5975 with
   5975 one
   5875 are
   5550 which
   5475 as
   4975 but
   4825 this
   4500 prince
   4200 will
   4075 their
   3900 had
   3875 or
   3775 so
   3725 was
   3725 from
   3625 those
   3350 because
   3325 if
   3300 you
   3300 has
   3225 i
   3125 all
   3075 been
   3025 when
   2850 more
   2675 would
   2675 on
   2550 himself
   2475 were
   2475 there
===================================
!!! Note: Truncated to 50 lines !!!
===================================
