
Sun, 27 Jun 2010 15:03:29 GMT

COMMAND LINE:
/usr/local/src/pypy-1.3/bin/pypy binarytrees.pypy-6.pypy 12

PROGRAM FAILED 


PROGRAM OUTPUT:

Traceback (most recent call last):
  File "app_main.py", line 33, in run_toplevel
  File "binarytrees.pypy-6.pypy", line 7
 SyntaxError: future feature print_function is not defined (binarytrees.pypy-6.pypy, line 7)
