
Fri, 29 Jan 2010 15:39:20 GMT

MAKE:
/usr/local/src/ats-lang-anairiats-0.1.7/bin/atscc -D_ATS_GCATS -pipe -Wall -O3 -fomit-frame-pointer -march=native  knucleotide.dats -o knucleotide.ats_run
/usr/local/src/ats-lang-anairiats-0.1.7/share/ats-anairiats-0.1.7/bin/atsopt --output knucleotide_dats.c --dynamic knucleotide.dats
In file included from /usr/local/src/ats-lang-anairiats-0.1.7/share/ats-anairiats-0.1.7/ccomp/runtime/ats_prelude.c:156:
/usr/local/src/ats-lang-anairiats-0.1.7/share/ats-anairiats-0.1.7/ccomp/runtime/ats_prelude_gcats.c: In function ‘ats_gc_init’:
/usr/local/src/ats-lang-anairiats-0.1.7/share/ats-anairiats-0.1.7/ccomp/runtime/ats_prelude_gcats.c:93: warning: implicit declaration of function ‘gc_init’
knucleotide_dats.c:285: error: conflicting types for ‘getline’
/usr/include/stdio.h:651: note: previous declaration of ‘getline’ was here
knucleotide_dats.c: In function ‘symtbl_dna_get’:
knucleotide_dats.c:358: warning: label ‘__ats_lab_symtbl_dna_get’ defined but not used
knucleotide_dats.c: In function ‘symtbl_symlen_get’:
knucleotide_dats.c:373: warning: label ‘__ats_lab_symtbl_symlen_get’ defined but not used
knucleotide_dats.c: In function ‘symtbl_symlen_set’:
knucleotide_dats.c:388: warning: label ‘__ats_lab_symtbl_symlen_set’ defined but not used
knucleotide_dats.c: In function ‘_2home_2dunham_2benchmarksgame_onecore_2knucleotide_2tmp_2knucleotide_2edats__symtbl_make’:
knucleotide_dats.c:409: warning: label ‘__ats_lab__2home_2dunham_2benchmarksgame_onecore_2knucleotide_2tmp_2knucleotide_2edats__symtbl_make’ defined but not used
knucleotide_dats.c: In function ‘symtbl_clear’:
knucleotide_dats.c:438: warning: label ‘__ats_lab_symtbl_clear’ defined but not used
knucleotide_dats.c: In function ‘symtbl_search’:
knucleotide_dats.c:463: warning: label ‘__ats_lab_symtbl_search’ defined but not used
knucleotide_dats.c: In function ‘symtbl_insert’:
knucleotide_dats.c:494: warning: label ‘__ats_lab_symtbl_insert’ defined but not used
knucleotide_dats.c: In function ‘_2home_2dunham_2benchmarksgame_onecore_2knucleotide_2tmp_2knucleotide_2edats__symtbl_fold’:
knucleotide_dats.c:524: warning: label ‘__ats_lab__2home_2dunham_2benchmarksgame_onecore_2knucleotide_2tmp_2knucleotide_2edats__symtbl_fold’ defined but not used
knucleotide_dats.c: In function ‘compare_symflt_symflt_8’:
knucleotide_dats.c:542: warning: label ‘__ats_lab_compare_symflt_symflt_8’ defined but not used
knucleotide_dats.c: In function ‘print_free_frqlst_9’:
knucleotide_dats.c:586: warning: label ‘__ats_lab_1_1’ defined but not used
knucleotide_dats.c:569: warning: label ‘__ats_lab_0_1’ defined but not used
knucleotide_dats.c:567: warning: label ‘__ats_lab_0_0’ defined but not used
knucleotide_dats.c: In function ‘__ats_fun_11’:
knucleotide_dats.c:601: warning: label ‘__ats_lab___ats_fun_11’ defined but not used
knucleotide_dats.c: In function ‘__ats_fun_12’:
knucleotide_dats.c:637: warning: label ‘__ats_lab___ats_fun_12’ defined but not used
knucleotide_dats.c: In function ‘loop_15’:
knucleotide_dats.c:698: warning: label ‘__ats_lab_3_1’ defined but not used
knucleotide_dats.c:686: warning: label ‘__ats_lab_2_1’ defined but not used
knucleotide_dats.c:684: warning: label ‘__ats_lab_2_0’ defined but not used
knucleotide_dats.c: In function ‘list_vt_length_01365__anairiats_rec_3’:
knucleotide_dats.c:713: warning: label ‘__ats_lab_list_vt_length_01365__anairiats_rec_3’ defined but not used
knucleotide_dats.c: In function ‘loop_17’:
knucleotide_dats.c:747: warning: label ‘__ats_lab_5_1’ defined but not used
knucleotide_dats.c:734: warning: label ‘__ats_lab_4_1’ defined but not used
knucleotide_dats.c:732: warning: label ‘__ats_lab_4_0’ defined but not used
knucleotide_dats.c: In function ‘array_ptr_initialize_lst_01129__anairiats_rec_3’:
knucleotide_dats.c:761: warning: label ‘__ats_lab_array_ptr_initialize_lst_01129__anairiats_rec_3’ defined but not used
knucleotide_dats.c: In function ‘loop_18’:
knucleotide_dats.c:799: warning: label ‘__ats_lab_7_1’ defined but not used
knucleotide_dats.c:784: warning: label ‘__ats_lab_6_1’ defined but not used
knucleotide_dats.c:782: warning: label ‘__ats_lab_6_0’ defined but not used
knucleotide_dats.c: In function ‘list_vt_quicksort_01378__anairiats_rec_3’:
knucleotide_dats.c:821: warning: label ‘__ats_lab_list_vt_quicksort_01378__anairiats_rec_3’ defined but not used
knucleotide_dats.c: In function ‘write_frequencies_10’:
knucleotide_dats.c:851: warning: label ‘__ats_lab_write_frequencies_10’ defined but not used
knucleotide_dats.c: In function ‘write_count_19’:
knucleotide_dats.c:885: warning: label ‘__ats_lab_write_count_19’ defined but not used
knucleotide_dats.c: In function ‘is_three_20’:
knucleotide_dats.c:905: warning: label ‘__ats_lab_is_three_20’ defined but not used
knucleotide_dats.c: In function ‘mainats’:
knucleotide_dats.c:959: warning: label ‘__ats_lab_mainats’ defined but not used
knucleotide_dats.c: In function ‘tblent_array_make’:
knucleotide_dats.c:1039: warning: unused variable ‘nsz’
knucleotide_dats.c: At top level:
knucleotide_dats.c:1104: error: conflicting types for ‘getline’
/usr/include/stdio.h:651: note: previous declaration of ‘getline’ was here
knucleotide_dats.c: In function ‘getline’:
knucleotide_dats.c:1105: warning: ignoring return value of ‘fgets’, declared with attribute warn_unused_result
Exit: [gcc] failed.
gcc -I/usr/local/src/ats-lang-anairiats-0.1.7/share/ats-anairiats-0.1.7/ -I/usr/local/src/ats-lang-anairiats-0.1.7/share/ats-anairiats-0.1.7/ccomp/runtime/ -L/usr/local/src/ats-lang-anairiats-0.1.7/share/ats-anairiats-0.1.7/ccomp/lib/ /usr/local/src/ats-lang-anairiats-0.1.7/share/ats-anairiats-0.1.7/ccomp/runtime/ats_prelude.c -D_ATS_GCATS -pipe -Wall -O3 -fomit-frame-pointer -march=native knucleotide_dats.c -o knucleotide.ats_run /usr/local/src/ats-lang-anairiats-0.1.7/share/ats-anairiats-0.1.7/ccomp/runtime/GCATS/gc.o -lats 
rm knucleotide.dats
0.36s to complete and log all make actions

COMMAND LINE:
./knucleotide.ats_run 0 < knucleotide-input250000.txt

MAKE ERROR 

