
Wed, 11 Nov 2009 18:41:45 GMT

MAKE:
cp nbody.lisaac nbody.li
split_file.bash nbody.li nbody.li
splitfile  nbody.li
splitfile  planet.li
/usr/local/src/lisaac-0.13.1/bin/lisaac -O -i20 nbody
Depending pass: .............. (14)
Executing pass: *.............. (15)
 => 0 second(s).
Run `gcc ./nbody.c -O3 -fomit-frame-pointer -lm -lX11 -o ./nbody -L/usr/lib ' 	Ok
/usr/bin/gcc -O3 -fomit-frame-pointer -march=native -lm -mfpmath=sse -msse3 -ansi -pedantic -mfpmath=sse -msse3 nbody.c -o nbody.lisaac_run
nbody.c:1: error: expected identifier or ‘(’ before ‘/’ token
nbody.c:5: error: expected identifier or ‘(’ before ‘/’ token
nbody.c:11: error: expected identifier or ‘(’ before ‘/’ token
nbody.c:17: error: expected identifier or ‘(’ before ‘/’ token
In file included from nbody.c:18:
/usr/include/time.h:199: error: expected ‘=’, ‘,’, ‘;’, ‘asm’ or ‘__attribute__’ before ‘strftime’
nbody.c:19: error: expected identifier or ‘(’ before ‘/’ token
In file included from /usr/include/stdio.h:75,
                 from nbody.c:21:
/usr/include/libio.h:332: error: expected specifier-qualifier-list before ‘size_t’
/usr/include/libio.h:364: error: expected declaration specifiers or ‘...’ before ‘size_t’
/usr/include/libio.h:373: error: expected declaration specifiers or ‘...’ before ‘size_t’
/usr/include/libio.h:493: error: expected ‘=’, ‘,’, ‘;’, ‘asm’ or ‘__attribute__’ before ‘_IO_sgetn’
In file included from nbody.c:21:
/usr/include/stdio.h:314: error: expected declaration specifiers or ‘...’ before ‘size_t’
/usr/include/stdio.h:682: error: expected ‘=’, ‘,’, ‘;’, ‘asm’ or ‘__attribute__’ before ‘fread’
/usr/include/stdio.h:688: error: expected ‘=’, ‘,’, ‘;’, ‘asm’ or ‘__attribute__’ before ‘fwrite’
In file included from /usr/include/stdio.h:910,
                 from nbody.c:21:
/usr/include/bits/stdio2.h:24: error: expected declaration specifiers or ‘...’ before ‘size_t’
/usr/include/bits/stdio2.h:26: error: expected declaration specifiers or ‘...’ before ‘size_t’
/usr/include/bits/stdio2.h:220: error: expected declaration specifiers or ‘...’ before ‘size_t’
/usr/include/bits/stdio2.h: In function ‘gets’:
/usr/include/bits/stdio2.h:228: error: ‘size_t’ undeclared (first use in this function)
/usr/include/bits/stdio2.h:228: error: (Each undeclared identifier is reported only once
/usr/include/bits/stdio2.h:228: error: for each function it appears in.)
/usr/include/bits/stdio2.h:229: error: too many arguments to function ‘__gets_chk’
/usr/include/bits/stdio2.h: At top level:
/usr/include/bits/stdio2.h:233: error: expected declaration specifiers or ‘...’ before ‘size_t’
/usr/include/bits/stdio2.h:238: error: expected declaration specifiers or ‘...’ before ‘size_t’
/usr/include/bits/stdio2.h: In function ‘fgets’:
/usr/include/bits/stdio2.h:247: error: ‘size_t’ undeclared (first use in this function)
/usr/include/bits/stdio2.h:250: error: too many arguments to function ‘__fgets_chk’
/usr/include/bits/stdio2.h:252: error: expected ‘)’ before ‘__n’
/usr/include/bits/stdio2.h:253: error: too many arguments to function ‘__fgets_chk_warn’
/usr/include/bits/stdio2.h: At top level:
/usr/include/bits/stdio2.h:258: error: expected ‘=’, ‘,’, ‘;’, ‘asm’ or ‘__attribute__’ before ‘__fread_chk’
/usr/include/bits/stdio2.h:261: error: expected ‘=’, ‘,’, ‘;’, ‘asm’ or ‘__attribute__’ before ‘__fread_alias’
/usr/include/bits/stdio2.h:265: error: expected ‘=’, ‘,’, ‘;’, ‘asm’ or ‘__attribute__’ before ‘__fread_chk_warn’
/usr/include/bits/stdio2.h:274: error: expected ‘=’, ‘,’, ‘;’, ‘asm’ or ‘__attribute__’ before ‘fread’
In file included from nbody.c:22:
/usr/include/stdlib.h:140: error: expected ‘=’, ‘,’, ‘;’, ‘asm’ or ‘__attribute__’ before ‘__ctype_get_mb_cur_max’
/usr/include/stdlib.h:471: error: expected ‘)’ before ‘__size’
/usr/include/stdlib.h:473: error: expected ‘)’ before ‘__nmemb’
/usr/include/stdlib.h:485: error: expected declaration specifiers or ‘...’ before ‘size_t’
/usr/include/stdlib.h:705: error: expected declaration specifiers or ‘...’ before ‘size_t’
/usr/include/stdlib.h:705: error: expected declaration specifiers or ‘...’ before ‘size_t’
/usr/include/stdlib.h:706: error: nonnull argument with out-of-range operand number (argument 1, operand 5)
/usr/include/stdlib.h:710: error: expected declaration specifiers or ‘...’ before ‘size_t’
/usr/include/stdlib.h:710: error: expected declaration specifiers or ‘...’ before ‘size_t’
/usr/include/stdlib.h:711: error: nonnull argument with out-of-range operand number (argument 1, operand 4)
/usr/include/stdlib.h:808: error: expected declaration specifiers or ‘...’ before ‘size_t’
/usr/include/stdlib.h:812: error: expected declaration specifiers or ‘...’ before ‘size_t’
/usr/include/stdlib.h:819: error: expected ‘=’, ‘,’, ‘;’, ‘asm’ or ‘__attribute__’ before ‘mbstowcs’
/usr/include/stdlib.h:822: error: expected ‘=’, ‘,’, ‘;’, ‘asm’ or ‘__attribute__’ before ‘wcstombs’
In file included from /usr/include/stdlib.h:903,
                 from nbody.c:22:
/usr/include/bits/stdlib.h:26: error: expected declaration specifiers or ‘...’ before ‘size_t’
/usr/include/bits/stdlib.h:30: error: expected declaration specifiers or ‘...’ before ‘size_t’
/usr/include/bits/stdlib.h: In function ‘realpath’:
/usr/include/bits/stdlib.h:40: error: ‘size_t’ undeclared (first use in this function)
/usr/include/bits/stdlib.h:46: error: too many arguments to function ‘__realpath_chk’
/usr/include/bits/stdlib.h: At top level:
/usr/include/bits/stdlib.h:53: error: expected declaration specifiers or ‘...’ before ‘size_t’
/usr/include/bits/stdlib.h:54: error: expected declaration specifiers or ‘...’ before ‘size_t’
/usr/include/bits/stdlib.h:55: error: expected declaration specifiers or ‘...’ before ‘size_t’
/usr/include/bits/stdlib.h:58: error: expected declaration specifiers or ‘...’ before ‘size_t’
/usr/include/bits/stdlib.h:58: error: expected declaration specifiers or ‘...’ before ‘size_t’
/usr/include/bits/stdlib.h:65: error: expected declaration specifiers or ‘...’ before ‘size_t’
/usr/include/bits/stdlib.h: In function ‘ptsname_r’:
/usr/include/bits/stdlib.h:67: error: ‘size_t’ undeclared (first use in this function)
/usr/include/bits/stdlib.h:69: error: ‘__buflen’ undeclared (first use in this function)
/usr/include/bits/stdlib.h:70: error: too many arguments to function ‘__ptsname_r_chk’
/usr/include/bits/stdlib.h:72: error: too many arguments to function ‘__ptsname_r_chk_warn’
/usr/include/bits/stdlib.h:74: error: too many arguments to function ‘__ptsname_r_alias’
/usr/include/bits/stdlib.h: At top level:
/usr/include/bits/stdlib.h:78: error: expected declaration specifiers or ‘...’ before ‘size_t’
/usr/include/bits/stdlib.h: In function ‘wctomb’:
/usr/include/bits/stdlib.h:93: error: ‘size_t’ undeclared (first use in this function)
/usr/include/bits/stdlib.h:94: error: too many arguments to function ‘__wctomb_chk’
/usr/include/bits/stdlib.h: At top level:
/usr/include/bits/stdlib.h:99: error: expected ‘=’, ‘,’, ‘;’, ‘asm’ or ‘__attribute__’ before ‘__mbstowcs_chk’
/usr/include/bits/stdlib.h:102: error: expected ‘=’, ‘,’, ‘;’, ‘asm’ or ‘__attribute__’ before ‘__mbstowcs_alias’
/usr/include/bits/stdlib.h:106: error: expected ‘=’, ‘,’, ‘;’, ‘asm’ or ‘__attribute__’ before ‘__mbstowcs_chk_warn’
/usr/include/bits/stdlib.h:114: error: expected ‘,’ or ‘;’ before ‘mbstowcs’
/usr/include/bits/stdlib.h:131: error: expected ‘=’, ‘,’, ‘;’, ‘asm’ or ‘__attribute__’ before ‘__wcstombs_chk’
/usr/include/bits/stdlib.h:134: error: expected ‘=’, ‘,’, ‘;’, ‘asm’ or ‘__attribute__’ before ‘__wcstombs_alias’
/usr/include/bits/stdlib.h:138: error: expected ‘=’, ‘,’, ‘;’, ‘asm’ or ‘__attribute__’ before ‘__wcstombs_chk_warn’
/usr/include/bits/stdlib.h:145: error: expected ‘,’ or ‘;’ before ‘wcstombs’
nbody.c:24: error: expected identifier or ‘(’ before ‘/’ token
nbody.c:24:13: warning: character constant too long for its type
nbody.c:30: error: expected identifier or ‘(’ before ‘/’ token
nbody.c:30:13: warning: multi-character character constant
nbody.c:38: error: expected identifier or ‘(’ before ‘/’ token
nbody.c:45: warning: ISO C does not allow extra ‘;’ outside of a function
nbody.c:47: error: expected identifier or ‘(’ before ‘/’ token
nbody.c:55: error: expected identifier or ‘(’ before ‘/’ token
nbody.c:58: error: expected identifier or ‘(’ before ‘/’ token
nbody.c:61: error: expected identifier or ‘(’ before ‘/’ token
nbody.c:64: error: expected identifier or ‘(’ before ‘/’ token
nbody.c:69: error: expected specifier-qualifier-list before ‘__INTEGER’
nbody.c:73: error: expected ‘=’, ‘,’, ‘;’, ‘asm’ or ‘__attribute__’ before ‘STRING_’
nbody.c:73: warning: ISO C does not allow extra ‘;’ outside of a function
nbody.c:76: error: expected identifier or ‘(’ before ‘/’ token
nbody.c:80: error: expected ‘:’, ‘,’, ‘;’, ‘}’ or ‘__attribute__’ before ‘previous_linear__ID’
nbody.c:84: warning: struct has no members
nbody.c:85: error: expected ‘=’, ‘,’, ‘;’, ‘asm’ or ‘__attribute__’ before ‘MEMORY_’
nbody.c:88: error: expected identifier or ‘(’ before ‘/’ token
nbody.c:91: error: expected identifier or ‘(’ before ‘/’ token
nbody.c:95: error: expected specifier-qualifier-list before ‘__INTEGER’
nbody.c:98: warning: struct has no members
nbody.c:99: error: expected ‘=’, ‘,’, ‘;’, ‘asm’ or ‘__attribute__’ before ‘ARRAYED_COLLECTIONoSTRINGo_’
nbody.c:102: error: expected identifier or ‘(’ before ‘/’ token
nbody.c:106: error: expected specifier-qualifier-list before ‘__ARRAYED_COLLECTIONoSTRINGo’
nbody.c:107: warning: struct has no members
nbody.c:108: error: expected ‘=’, ‘,’, ‘;’, ‘asm’ or ‘__attribute__’ before ‘FAST_ARRAYoSTRINGo_’
nbody.c:111: error: expected identifier or ‘(’ before ‘/’ token
nbody.c:117: error: expected ‘=’, ‘,’, ‘;’, ‘asm’ or ‘__attribute__’ before ‘NUMERIC_’
nbody.c:120: error: expected identifier or ‘(’ before ‘/’ token
nbody.c:126: error: expected ‘=’, ‘,’, ‘;’, ‘asm’ or ‘__attribute__’ before ‘OBJECT_’
nbody.c:129: error: expected identifier or ‘(’ before ‘/’ token
nbody.c:134: error: expected specifier-qualifier-list before ‘__INTEGER’
nbody.c:137: error: expected ‘=’, ‘,’, ‘;’, ‘asm’ or ‘__attribute__’ before ‘STRING_CONSTANT_’
nbody.c:137: warning: ISO C does not allow extra ‘;’ outside of a function
nbody.c:140: error: expected identifier or ‘(’ before ‘/’ token
nbody.c:152: error: expected ‘=’, ‘,’, ‘;’, ‘asm’ or ‘__attribute__’ before ‘NBODY_’
nbody.c:155: error: expected identifier or ‘(’ before ‘/’ token
nbody.c:159: error: expected specifier-qualifier-list before ‘__REAL_64’
nbody.c:166: warning: struct has no members
nbody.c:167: error: expected ‘=’, ‘,’, ‘;’, ‘asm’ or ‘__attribute__’ before ‘PLANET_’
nbody.c:170: error: expected identifier or ‘(’ before ‘/’ token
nbody.c:173: error: expected identifier or ‘(’ before ‘/’ token
nbody.c:179: error: expected identifier or ‘(’ before ‘/’ token
nbody.c:184: error: expected ‘=’, ‘,’, ‘;’, ‘asm’ or ‘__attribute__’ before ‘begin_memory__RRB’
nbody.c:185: error: expected ‘=’, ‘,’, ‘;’, ‘asm’ or ‘__attribute__’ before ‘nb_page__A2B’
nbody.c:186: error: expected ‘=’, ‘,’, ‘;’, ‘asm’ or ‘__attribute__’ before ‘*’ token
nbody.c:187: error: expected ‘=’, ‘,’, ‘;’, ‘asm’ or ‘__attribute__’ before ‘capacity_max__WPD’
nbody.c:189: error: expected ‘=’, ‘,’, ‘;’, ‘asm’ or ‘__attribute__’ before ‘clone_allocation_size__E5’
nbody.c:190: error: expected ‘=’, ‘,’, ‘;’, ‘asm’ or ‘__attribute__’ before ‘nbodies__AB’
nbody.c:191: error: expected ‘=’, ‘,’, ‘;’, ‘asm’ or ‘__attribute__’ before ‘*’ token
nbody.c:192: error: expected ‘=’, ‘,’, ‘;’, ‘asm’ or ‘__attribute__’ before ‘*’ token
nbody.c:193: error: expected ‘=’, ‘,’, ‘;’, ‘asm’ or ‘__attribute__’ before ‘*’ token
nbody.c:194: error: expected ‘=’, ‘,’, ‘;’, ‘asm’ or ‘__attribute__’ before ‘dx__PUD’
nbody.c:195: error: expected ‘=’, ‘,’, ‘;’, ‘asm’ or ‘__attribute__’ before ‘dy__VUD’
nbody.c:196: error: expected ‘=’, ‘,’, ‘;’, ‘asm’ or ‘__attribute__’ before ‘dz__1UD’
nbody.c:197: error: expected ‘=’, ‘,’, ‘;’, ‘asm’ or ‘__attribute__’ before ‘distance__JVD’
nbody.c:198: error: expected ‘=’, ‘,’, ‘;’, ‘asm’ or ‘__attribute__’ before ‘mag__RVD’
nbody.c:199: error: expected ‘=’, ‘,’, ‘;’, ‘asm’ or ‘__attribute__’ before ‘solar_mass__ZD’
nbody.c:200: error: expected ‘=’, ‘,’, ‘;’, ‘asm’ or ‘__attribute__’ before ‘days_per_year__FE’
nbody.c:201: error: expected ‘=’, ‘,’, ‘;’, ‘asm’ or ‘__attribute__’ before ‘pi__GR’
nbody.c:203: error: expected identifier or ‘(’ before ‘/’ token
nbody.c:207: warning: ISO C does not allow extra ‘;’ outside of a function
nbody.c:208: error: expected ‘=’, ‘,’, ‘;’, ‘asm’ or ‘__attribute__’ before ‘__string_2’
nbody.c:208: warning: ISO C does not allow extra ‘;’ outside of a function
nbody.c:210: error: expected identifier or ‘(’ before ‘/’ token
nbody.c:216: error: expected identifier or ‘(’ before ‘/’ token
nbody.c:218: error: expected ‘)’ before ‘nb_elements__V4F’
nbody.c:219: error: expected ‘=’, ‘,’, ‘;’, ‘asm’ or ‘__attribute__’ before ‘*’ token
nbody.c:220: error: expected ‘)’ before ‘*’ token
nbody.c:221: error: expected ‘=’, ‘,’, ‘;’, ‘asm’ or ‘__attribute__’ before ‘realloc_dynamic__old_size__new_size__B2H’
nbody.c:222: error: expected ‘=’, ‘,’, ‘;’, ‘asm’ or ‘__attribute__’ before ‘*’ token
nbody.c:223: error: expected ‘)’ before ‘n__IG’
nbody.c:224: error: expected ‘=’, ‘,’, ‘;’, ‘asm’ or ‘__attribute__’ before ‘energy’
nbody.c:226: error: expected ‘)’ before ‘dt__UTD’
nbody.c:227: error: expected ‘=’, ‘,’, ‘;’, ‘asm’ or ‘__attribute__’ before ‘*’ token
nbody.c:228: error: expected ‘=’, ‘,’, ‘;’, ‘asm’ or ‘__attribute__’ before ‘*’ token
nbody.c:230: error: expected identifier or ‘(’ before ‘/’ token
nbody.c:630: error: expected ‘=’, ‘,’, ‘;’, ‘asm’ or ‘__attribute__’ before ‘new_lab__O1B’
nbody.c:631: error: expected identifier or ‘(’ before ‘)’ token
nbody.c:684: error: expected ‘)’ before ‘nb_elements__V4F’
nbody.c:685: error: expected identifier or ‘(’ before ‘)’ token
nbody.c:737: error: expected ‘=’, ‘,’, ‘;’, ‘asm’ or ‘__attribute__’ before ‘*’ token
nbody.c:738: error: expected identifier or ‘(’ before ‘)’ token
nbody.c:826: error: expected ‘)’ before ‘*’ token
nbody.c:827: error: expected identifier or ‘(’ before ‘,’ token
nbody.c:827: error: expected identifier or ‘(’ before ‘)’ token
nbody.c:855: error: expected ‘=’, ‘,’, ‘;’, ‘asm’ or ‘__attribute__’ before ‘realloc_dynamic__old_size__new_size__B2H’
nbody.c:856: error: expected identifier or ‘(’ before ‘,’ token
nbody.c:856: error: expected identifier or ‘(’ before ‘,’ token
nbody.c:856: error: expected identifier or ‘(’ before ‘)’ token
nbody.c:1041: error: expected ‘=’, ‘,’, ‘;’, ‘asm’ or ‘__attribute__’ before ‘*’ token
nbody.c:1042: error: expected identifier or ‘(’ before ‘)’ token
nbody.c:1092: error: expected ‘)’ before ‘n__IG’
nbody.c:1093: error: expected identifier or ‘(’ before ‘)’ token
nbody.c:1120: error: expected ‘=’, ‘,’, ‘;’, ‘asm’ or ‘__attribute__’ before ‘energy’
nbody.c:1121: error: expected identifier or ‘(’ before ‘)’ token
nbody.c: In function ‘put_string__A3C’:
nbody.c:1159: error: expected declaration specifiers before ‘/’ token
nbody.c:1159: error: expected declaration specifiers before ‘)’ token
nbody.c:1186: error: expected ‘)’ before ‘dt__UTD’
nbody.c:1187: error: expected declaration specifiers before ‘,’ token
nbody.c:1187: error: expected declaration specifiers before ‘)’ token
nbody.c:1229: error: expected ‘=’, ‘,’, ‘;’, ‘asm’ or ‘__attribute__’ before ‘*’ token
nbody.c:1270: error: expected ‘=’, ‘,’, ‘;’, ‘asm’ or ‘__attribute__’ before ‘*’ token
nbody.c:1271: error: expected declaration specifiers before ‘)’ token
nbody.c:1323: error: expected declaration specifiers before ‘/’ token
nbody.c:1333: error: expected ‘{’ at end of input
make: [nbody.lisaac_run] Error 1 (ignored)
rm nbody.li
0.84s to complete and log all make actions

COMMAND LINE:
./nbody.lisaac_run 500000

MAKE ERROR 

