
Thu, 07 Jan 2010 23:14:24 GMT

MAKE:
cp pidigits.lisaac pidigits.li
split_file.bash pidigits.li pidigits.li
splitfile  pidigits.li
splitfile  ctx.li
splitfile  mpz.li
/usr/local/src/lisaac_0.39_rc1/bin/lisaac -i 20 pidigits
Depending pass: ................ (16)
Executing pass: *.............*.. (17)
 => 1 second(s).
/home/dunham/benchmarksgame_onecore/pidigits/tmp/pidigits.c: In function ‘main’:
/home/dunham/benchmarksgame_onecore/pidigits/tmp/pidigits.c:3588: error: expected expression before ‘;’ token
/home/dunham/benchmarksgame_onecore/pidigits/tmp/pidigits.c:5816: error: expected ‘)’ before ‘}’ token
/home/dunham/benchmarksgame_onecore/pidigits/tmp/pidigits.c:5816: error: expected ‘;’ before ‘}’ token
run `gcc /home/dunham/benchmarksgame_onecore/pidigits/tmp/pidigits.c -o /home/dunham/benchmarksgame_onecore/pidigits/tmp/pidigits -U_FORTIFY_SOURCE  -lm'
FAILURE!
/usr/bin/gcc -O3 -fomit-frame-pointer -march=native -lgmp -lgmp pidigits.c -o pidigits.lisaac_run
pidigits.c: In function ‘main’:
pidigits.c:3588: error: expected expression before ‘;’ token
pidigits.c:5816: error: expected ‘)’ before ‘}’ token
pidigits.c:5816: error: expected ‘;’ before ‘}’ token
make: [pidigits.lisaac_run] Error 1 (ignored)
rm pidigits.li
0.70s to complete and log all make actions

COMMAND LINE:
./pidigits.lisaac_run 2000

MAKE ERROR 

