
Mon, 08 Mar 2010 08:53:49 GMT
copy knucleotide.python-7.python knucleotide.python-7.py
        1 file(s) copied.
0.06s to complete and log all make actions

COMMAND LINE:
C:/Python26/python.exe -O knucleotide.python-7.py 0 < knucleotide-input250000.txt

PROGRAM FAILED 


PROGRAM OUTPUT:

Traceback (most recent call last):
  File "knucleotide.python-7.py", line 49, in <module>
    for line in Pool().map(test_process, "1 2 GGT GGTA GGTATT GGTATTTTAATT GGTATTTTAATTTATAGT".split()):
  File "C:\Python26\lib\multiprocessing\pool.py", line 148, in map
    return self.map_async(func, iterable, chunksize).get()
  File "C:\Python26\lib\multiprocessing\pool.py", line 422, in get
    raise self._value
NameError: global name 'seq' is not defined
