BUILD COMMANDS FOR: binarytrees.fbasic-2.fbasic

Sun Mar  5 08:33:36 PST 2006

cp /home/dunham/gp4/shootout/bench/binarytrees/binarytrees.fbasic-2.fbasic binarytrees.bas
/usr/bin/fbc  binarytrees.fbasic-2.bas
binarytrees.fbasic-2.bas() : error 24: File not found, binarytrees.fbasic-2.bas
make[3]: [binarytrees.fbasic-2.fbasic_run] Error 1 (ignored)
mv binarytrees binarytrees.fbasic-2.fbasic_run
mv: cannot stat `binarytrees': No such file or directory
make[3]: [binarytrees.fbasic-2.fbasic_run] Error 1 (ignored)

=================================================================
COMMAND LINE (%A is single numeric argument):

binarytrees.fbasic-2.fbasic_run %A
Error, could not exec binarytrees.fbasic-2.fbasic_run 12 (No such file or directory)
PATH=/home/dunham/gp4/shootout/bench/binarytrees:/home/dunham/gp4/shootout/bench/binarytrees/tmp:/usr/local/bin:/usr/bin:/bin:/opt/bin:/usr/i686-pc-linux-gnu/gcc-bin/3.3.6:/opt/ghc/bin:/opt/blackdown-jdk-1.4.2.03/bin:/opt/blackdown-jdk-1.4.2.03/jre/bin:/usr/qt/3/bin:/usr/kde/3.4/bin:/opt/cint5.16
TEST FAILED - Child processed exited with error code (1)


PROGRAM OUTPUT
==============
