RUNNING SCRIPT: chameneos.iron-2.exe

Sun Mar 26 10:02:26 PST 2006


=================================================================
COMMAND LINE (%A is single numeric argument):

chameneos.iron-2.exe %A
/home/dunham/gp4/shootout/bench/chameneos/chameneos.iron-2.exe: /home/dunham/gp4/shootout/bench/chameneos/chameneos.iron-2.exe: cannot execute binary file
TEST FAILED - Child processed exited with error code (126)


PROGRAM OUTPUT
==============
Traceback (most recent call last):
ImportError: No module named timeit
