RUNNING SCRIPT: chameneosredux.iron

Sun May  4 21:28:25 PDT 2008


=================================================================
COMMAND LINE (%A is single numeric argument):

 /usr/local/bin/mono /opt/IronPython-1.1.1/ipy.exe -O ../chameneosredux.iron %A
TEST FAILED - Child processed exited with error code (1)


PROGRAM OUTPUT
==============
Traceback (most recent call last):
SyntaxError: future feature is not defined: with_statement (../chameneosredux.iron, line 9)
