BUILD COMMANDS FOR: chameneosredux.gcc

Wed Apr 23 15:47:51 PDT 2008

/usr/bin/gcc -pipe -Wall -O3 -fomit-frame-pointer -march=pentium4  -lpthread chameneosredux.c -o chameneosredux.gcc_run
chameneosredux.c:1: error: stray '\357' in program
chameneosredux.c:1: error: stray '\273' in program
chameneosredux.c:1: error: stray '\277' in program
make[3]: [chameneosredux.gcc_run] Error 1 (ignored)

=================================================================
COMMAND LINE (%A is single numeric argument):

chameneosredux.gcc_run %A
Error, could not exec chameneosredux.gcc_run 60000 (No such file or directory)
PATH=/home/dunham/gp4/shootout/bench/chameneosredux:/home/dunham/gp4/shootout/bench/chameneosredux/tmp:/opt/intel/cc/10.1.012/bin:/opt/intel/fc/10.1.012/bin:/usr/local/bin:/usr/bin:/bin:/opt/bin:/usr/i686-pc-linux-gnu/gcc-bin/4.1.2:/opt/sun-jdk-1.4.2.16/bin:/opt/sun-jdk-1.4.2.16/jre/bin:/opt/sun-jdk-1.4.2.16/jre/javaws:/usr/qt/3/bin:/usr/i686-pc-linux-gnu/gnat-gpl-bin/4.1:/usr/libexec/gnat-gpl/i686-pc-linux-gnu/4.1:/usr/games/bin:/opt/cint-5.16.19:/opt/kroc-1.4.0/install/bin:/opt/sun-jdk-1.6.0.06/bin:/opt/sun-jdk-1.4.2.16/bin:/opt/mozart/bin:/opt/groovy-1.5.4/bin:/opt/smlnj/bin:/usr/local/lib/squeak/3.9-8:/opt/stx:/opt/jruby-1.1b1/bin:/opt/Quark:/opt/gnat/bin
TEST FAILED - Child processed exited with error code (1)


PROGRAM OUTPUT
==============
