RUNNING SCRIPT: chameneos.groovy

Sat Jun  9 21:56:52 PDT 2007


=================================================================
COMMAND LINE (%A is single numeric argument):

 /opt/groovy-1.0/bin/groovy ../chameneos.groovy %A
org.codehaus.groovy.control.MultipleCompilationErrorsException: startup failed, ../chameneos.groovy: 18: unable to resolve class Property unable to find class for annotation
 @ line 18, column 3.
   	@Property colour
     ^
../chameneos.groovy: 49: unable to resolve class Property unable to find class for annotation
 @ line 49, column 6.
       @Property AColour, BColour
        ^
../chameneos.groovy: 49: unable to resolve class Property unable to find class for annotation
 @ line 49, column 6.
       @Property AColour, BColour
        ^
../chameneos.groovy: 50: unable to resolve class Property unable to find class for annotation
 @ line 50, column 6.
       @Property FirstCall = true
        ^
../chameneos.groovy: 51: unable to resolve class Property unable to find class for annotation
 @ line 51, column 6.
       @Property MustWait = false
        ^
../chameneos.groovy: 53: unable to resolve class Property unable to find class for annotation
 @ line 53, column 3.
   	@Property maxMeetings = 100
     ^
../chameneos.groovy: 85: unable to resolve class Property unable to find class for annotation
 @ line 85, column 6.
       @Property Mall mall 
        ^
../chameneos.groovy: 86: unable to resolve class Property unable to find class for annotation
 @ line 86, column 6.
       @Property id
        ^
../chameneos.groovy: 87: unable to resolve class Property unable to find class for annotation
 @ line 87, column 6.
       @Property Colour myColour, otherColour
        ^
../chameneos.groovy: 87: unable to resolve class Property unable to find class for annotation
 @ line 87, column 6.
       @Property Colour myColour, otherColour
        ^
../chameneos.groovy: 88: unable to resolve class Property unable to find class for annotation
 @ line 88, column 3.
   	@Property meetings = 0
     ^

11 errors

TEST FAILED - Child processed exited with error code (1)


PROGRAM OUTPUT
==============
