RUNNING SCRIPT: chameneosredux.iron

Fri Feb 15 21:23:30 PST 2008


=================================================================
COMMAND LINE (%A is single numeric argument):

 /usr/bin/mono /opt/IronPython-1.1/ipy.exe -O ../chameneosredux.iron %A
TEST FAILED - Child processed exited with error code (1)


PROGRAM OUTPUT
==============
Traceback (most recent call last):
SyntaxError: future feature is not defined: with_statement (../chameneosredux.iron, line 9)
