BUILD COMMANDS FOR: chameneos.gcc-3.gcc

Mon Nov 19 17:34:43 PST 2007

/usr/bin/gcc -pipe -Wall -O3 -fomit-frame-pointer -march=pentium4  -lpthread chameneos.gcc-3.c -o chameneos.gcc-3.gcc_run
chameneos.gcc-3.c:6: error: expected identifier or '(' before '/' token
In file included from /usr/include/_G_config.h:44,
                 from /usr/include/libio.h:32,
                 from /usr/include/stdio.h:75,
                 from chameneos.gcc-3.c:8:
/usr/include/gconv.h:72: error: expected declaration specifiers or '...' before 'size_t'
/usr/include/gconv.h:88: error: expected declaration specifiers or '...' before 'size_t'
/usr/include/gconv.h:97: error: expected declaration specifiers or '...' before 'size_t'
/usr/include/gconv.h:174: error: expected specifier-qualifier-list before 'size_t'
In file included from /usr/include/stdio.h:75,
                 from chameneos.gcc-3.c:8:
/usr/include/libio.h:329: error: expected specifier-qualifier-list before 'size_t'
/usr/include/libio.h:361: error: expected declaration specifiers or '...' before 'size_t'
/usr/include/libio.h:370: error: expected declaration specifiers or '...' before 'size_t'
/usr/include/libio.h:486: error: expected '=', ',', ';', 'asm' or '__attribute__' before '_IO_sgetn'
In file included from chameneos.gcc-3.c:8:
/usr/include/stdio.h:312: error: expected declaration specifiers or '...' before 'size_t'
/usr/include/stdio.h:319: error: expected declaration specifiers or '...' before 'size_t'
/usr/include/stdio.h:361: error: expected declaration specifiers or '...' before 'size_t'
/usr/include/stdio.h:363: error: format string argument not a string type
/usr/include/stdio.h:365: error: expected declaration specifiers or '...' before 'size_t'
/usr/include/stdio.h:614: error: expected '=', ',', ';', 'asm' or '__attribute__' before 'fread'
/usr/include/stdio.h:620: error: expected '=', ',', ';', 'asm' or '__attribute__' before 'fwrite'
/usr/include/stdio.h:642: error: expected '=', ',', ';', 'asm' or '__attribute__' before 'fread_unlocked'
/usr/include/stdio.h:644: error: expected '=', ',', ';', 'asm' or '__attribute__' before 'fwrite_unlocked'
In file included from chameneos.gcc-3.c:9:
/usr/include/stdlib.h:140: error: expected '=', ',', ';', 'asm' or '__attribute__' before '__ctype_get_mb_cur_max'
In file included from chameneos.gcc-3.c:9:
/usr/include/stdlib.h:455: error: expected declaration specifiers or '...' before 'size_t'
/usr/include/stdlib.h:485: error: expected declaration specifiers or '...' before 'size_t'
/usr/include/stdlib.h:487: error: nonnull argument with out-of-range operand number (argument 1, operand 4)
/usr/include/stdlib.h:589: error: expected ')' before '__size'
/usr/include/stdlib.h:591: error: expected ')' before '__nmemb'
/usr/include/stdlib.h:600: error: expected declaration specifiers or '...' before 'size_t'
In file included from /usr/include/stdlib.h:612,
                 from chameneos.gcc-3.c:9:
/usr/include/alloca.h:33: error: expected ')' before '__size'
In file included from chameneos.gcc-3.c:9:
/usr/include/stdlib.h:617: error: expected ')' before '__size'
/usr/include/stdlib.h:622: error: expected declaration specifiers or '...' before 'size_t'
/usr/include/stdlib.h:622: error: expected declaration specifiers or '...' before 'size_t'
/usr/include/stdlib.h:774: error: expected declaration specifiers or '...' before 'size_t'
/usr/include/stdlib.h:774: error: expected declaration specifiers or '...' before 'size_t'
/usr/include/stdlib.h:775: error: nonnull argument with out-of-range operand number (argument 1, operand 5)
/usr/include/stdlib.h:779: error: expected declaration specifiers or '...' before 'size_t'
/usr/include/stdlib.h:779: error: expected declaration specifiers or '...' before 'size_t'
/usr/include/stdlib.h:780: error: nonnull argument with out-of-range operand number (argument 1, operand 4)
/usr/include/stdlib.h:852: error: expected declaration specifiers or '...' before 'size_t'
/usr/include/stdlib.h:855: error: expected declaration specifiers or '...' before 'size_t'
/usr/include/stdlib.h:859: error: expected declaration specifiers or '...' before 'size_t'
/usr/include/stdlib.h:863: error: expected declaration specifiers or '...' before 'size_t'
/usr/include/stdlib.h:872: error: expected declaration specifiers or '...' before 'size_t'
/usr/include/stdlib.h:876: error: expected declaration specifiers or '...' before 'size_t'
/usr/include/stdlib.h:883: error: expected '=', ',', ';', 'asm' or '__attribute__' before 'mbstowcs'
/usr/include/stdlib.h:886: error: expected '=', ',', ';', 'asm' or '__attribute__' before 'wcstombs'
In file included from /usr/include/sched.h:32,
                 from /usr/include/pthread.h:24,
                 from chameneos.gcc-3.c:10:
/usr/include/bits/sched.h:134: error: expected ')' before '__setsize'
In file included from /usr/include/pthread.h:25,
                 from chameneos.gcc-3.c:10:
/usr/include/time.h:200: error: expected '=', ',', ';', 'asm' or '__attribute__' before 'strftime'
In file included from chameneos.gcc-3.c:10:
/usr/include/pthread.h:294: error: expected declaration specifiers or '...' before 'size_t'
/usr/include/pthread.h:295: error: nonnull argument with out-of-range operand number (argument 1, operand 2)
/usr/include/pthread.h:299: error: expected declaration specifiers or '...' before 'size_t'
/usr/include/pthread.h:358: error: expected declaration specifiers or '...' before 'size_t'
/usr/include/pthread.h:359: error: nonnull argument with out-of-range operand number (argument 1, operand 2)
/usr/include/pthread.h:365: error: expected declaration specifiers or '...' before 'size_t'
/usr/include/pthread.h:372: error: expected declaration specifiers or '...' before 'size_t'
/usr/include/pthread.h:373: error: nonnull argument with out-of-range operand number (argument 1, operand 3)
/usr/include/pthread.h:379: error: expected declaration specifiers or '...' before 'size_t'
chameneos.gcc-3.c: In function 'run_creature':
chameneos.gcc-3.c:79: warning: implicit declaration of function 'malloc'
chameneos.gcc-3.c:79: warning: incompatible implicit declaration of built-in function 'malloc'
make[3]: [chameneos.gcc-3.gcc_run] Error 1 (ignored)

=================================================================
COMMAND LINE (%A is single numeric argument):

chameneos.gcc-3.gcc_run %A
Error, could not exec chameneos.gcc-3.gcc_run 50000 (No such file or directory)
PATH=/home/dunham/gp4/shootout/bench/chameneos:/home/dunham/gp4/shootout/bench/chameneos/tmp:/usr/local/bin:/usr/bin:/bin:/opt/bin:/usr/i686-pc-linux-gnu/gcc-bin/4.1.2:/opt/sun-jdk-1.4.2.16/bin:/opt/sun-jdk-1.4.2.16/jre/bin:/opt/sun-jdk-1.4.2.16/jre/javaws:/opt/dmd/bin:/usr/qt/3/bin:/usr/i686-pc-linux-gnu/gnat-gcc-bin/4.1:/usr/libexec/gnat-gcc/i686-pc-linux-gnu/4.1:/opt/cint-5.16.19:/opt/kroc-1.4.0/install/bin:/opt/sun-jdk-1.6.0.03/bin:/opt/sun-jdk-1.4.2.16/bin:/opt/mozart/bin:/opt/groovy-1.0/bin:/opt/smlnj/bin:/usr/local/lib/squeak/3.9-8:/opt/stx:/opt/jruby-1.1b1/bin:/opt/Quark
TEST FAILED - Child processed exited with error code (1)


PROGRAM OUTPUT
==============
