BUILD COMMANDS FOR: fasta.fbasic-2.fbasic

Sat May 20 10:59:26 PDT 2006

cp /home/dunham/gp4/shootout/bench/fasta/fasta.fbasic-2.fbasic fasta.bas
/usr/bin/fbc  fasta.bas
fasta.bas(35) : error 3: Expected End-of-Line, found: 'GAGGCCGAGGCGGGCGGATCACCTGAGGTCAGGAGTTCGAGA'

                           "GAGGCCGAGGCGGGCGGATCACCTGAGGTCAGGAGTTCGAGA"_
                           ^
make[3]: [fasta.fbasic-2.fbasic_run] Error 1 (ignored)
mv fasta fasta.fbasic-2.fbasic_run
mv: cannot stat `fasta': No such file or directory
make[3]: [fasta.fbasic-2.fbasic_run] Error 1 (ignored)

=================================================================
COMMAND LINE (%A is single numeric argument):

fasta.fbasic-2.fbasic_run %A
Error, could not exec fasta.fbasic-2.fbasic_run 25000 (No such file or directory)
PATH=/home/dunham/gp4/shootout/bench/fasta:/home/dunham/gp4/shootout/bench/fasta/tmp:/usr/local/bin:/usr/bin:/bin:/opt/bin:/usr/i686-pc-linux-gnu/gcc-bin/3.3.6:/opt/ghc/bin:/opt/blackdown-jdk-1.4.2.03/bin:/opt/blackdown-jdk-1.4.2.03/jre/bin:/usr/qt/3/bin:/usr/kde/3.4/bin:/opt/cint5.16:/opt/kroc-1.4.0/install/bin:/opt/dmd/bin:/opt/jdk1.5.0_05/bin
TEST FAILED - Child processed exited with error code (1)


PROGRAM OUTPUT
==============
