RUNNING SCRIPT: fasta.groovy

Sun Jun 24 01:26:09 PDT 2007


=================================================================
COMMAND LINE (%A is single numeric argument):

 /opt/groovy-1.0/bin/groovy ../fasta.groovy %A
org.codehaus.groovy.control.MultipleCompilationErrorsException: startup failed, ../fasta.groovy: 9: unable to resolve class Property unable to find class for annotation
 @ line 9, column 6.
       @Property String s
        ^
../fasta.groovy: 10: unable to resolve class Property unable to find class for annotation
 @ line 10, column 6.
       @Property c, p
        ^
../fasta.groovy: 10: unable to resolve class Property unable to find class for annotation
 @ line 10, column 6.
       @Property c, p
        ^

3 errors

TEST FAILED - Child processed exited with error code (1)


PROGRAM OUTPUT
==============
