RUNNING SCRIPT: knucleotide.iron

Sat Mar  4 10:06:37 PST 2006


=================================================================
COMMAND LINE (%A is single numeric argument):

 /usr/bin/mono /opt/IronPython-1.0-Beta1/Src/bin/IronPythonConsole.exe ../knucleotide.iron %A
TEST FAILED - Child processed exited with error code (1)


PROGRAM OUTPUT
==============
T 30.128
A 30.000
G 20.624
C 19.248

AA 9.081
AT 9.009
TA 8.985
TT 8.945
TG 6.321
GA 6.216
GT 6.152
AG 6.120
CT 6.024
TC 5.880
AC 5.792
CA 5.720
GG 4.352
GC 3.904
CG 3.824
CC 3.672

Traceback (most recent call last):
  File , line 0, in Split
  File , line 0, in Split
  File , line 0, in Split
  File , line 0, in Split
  File , line 0, in Split
  File , line 0, in Split
NotImplementedError: The requested feature is not implemented.
