BUILD COMMANDS FOR: knucleotide.csharpaot-3.csharpaot

Sun Jun  3 00:31:35 PDT 2007

cp /home/dunham/gp4/shootout/bench/knucleotide/knucleotide.csharpaot-3.csharpaot knucleotide.csharpaot-3.cs
rm -f knucleotide.csharpaot-3.csharpaot_run
/usr/bin/mcs  -out:knucleotide.csharpaot-3.csharpaot_run knucleotide.csharpaot-3.cs
knucleotide.csharpaot-3.cs(14,22): error CS8025: Parsing error
Compilation failed: 1 error(s), 0 warnings
make[3]: [knucleotide.csharpaot-3.csharpaot_run] Error 1 (ignored)
/usr/bin/mono --aot knucleotide.csharpaot-3.csharpaot_run
Cannot open assembly knucleotide.csharpaot-3.csharpaot_run.
make[3]: [knucleotide.csharpaot-3.csharpaot_run] Error 2 (ignored)
rm knucleotide.csharpaot-3.cs

=================================================================
COMMAND LINE (%A is single numeric argument):

 /usr/bin/mono knucleotide.csharpaot-3.csharpaot_run %A
Cannot open assembly knucleotide.csharpaot-3.csharpaot_run.
TEST FAILED - Child processed exited with error code (2)


PROGRAM OUTPUT
==============
