BUILD COMMANDS FOR: message.gcc-2.gcc

Sat Nov  4 11:54:49 PST 2006

/usr/bin/gcc -pipe -Wall -O3 -fomit-frame-pointer -march=pentium4  -lpthread message.gcc-2.c -o message.gcc-2.gcc_run
message.gcc-2.c:1:1: error: unterminated comment
make[3]: [message.gcc-2.gcc_run] Error 1 (ignored)

=================================================================
COMMAND LINE (%A is single numeric argument):

message.gcc-2.gcc_run %A
Error, could not exec message.gcc-2.gcc_run 5000 (No such file or directory)
PATH=/home/dunham/gp4/shootout/bench/message:/home/dunham/gp4/shootout/bench/message/tmp:/usr/local/bin:/usr/bin:/bin:/opt/bin:/usr/i686-pc-linux-gnu/gcc-bin/4.1.1:/opt/ghc/bin:/usr/kde/3.5/bin:/usr/qt/3/bin:/usr/i686-pc-linux-gnu/gnat-gcc-bin/4.1:/usr/libexec/gnat-gcc/i686-pc-linux-gnu/4.1:/opt/cint5.16:/opt/kroc-1.4.0/install/bin:/opt/dmd/bin:/opt/sun-jdk-1.5.0.08/bin:/opt/sun-jdk-1.4.2.12/bin:/opt/mozart/bin:/opt/groovy-1.0-JSR-06/bin
TEST FAILED - Child processed exited with error code (1)


PROGRAM OUTPUT
==============
