BUILD COMMANDS FOR: meteor.gpp-2.gpp

Wed Jan 17 09:17:55 PST 2007

/usr/bin/g++ -c -pipe -O3 -fomit-frame-pointer -march=pentium4   meteor.gpp-2.c++ -o meteor.gpp-2.c++.o &&  \
        /usr/bin/g++ meteor.gpp-2.c++.o -o meteor.gpp-2.gpp_run -L/usr/local/lib  
meteor.gpp-2.c++:80:1: error: invalid suffix "i64" on integer constant
meteor.gpp-2.c++:80:1: error: invalid suffix "i64" on integer constant
meteor.gpp-2.c++:80:1: error: invalid suffix "i64" on integer constant
meteor.gpp-2.c++:80:1: error: invalid suffix "i64" on integer constant
meteor.gpp-2.c++:81:1: error: invalid suffix "i64" on integer constant
meteor.gpp-2.c++:81:1: error: invalid suffix "i64" on integer constant
meteor.gpp-2.c++:81:1: error: invalid suffix "i64" on integer constant
meteor.gpp-2.c++:81:1: error: invalid suffix "i64" on integer constant
meteor.gpp-2.c++:82:1: error: invalid suffix "i64" on integer constant
meteor.gpp-2.c++:82:1: error: invalid suffix "i64" on integer constant
meteor.gpp-2.c++:82:1: error: invalid suffix "i64" on integer constant
meteor.gpp-2.c++:82:1: error: invalid suffix "i64" on integer constant
meteor.gpp-2.c++:84:1: error: invalid suffix "i64" on integer constant
meteor.gpp-2.c++:89:1: error: invalid suffix "i64" on integer constant
meteor.gpp-2.c++:367:1: error: invalid suffix "i64" on integer constant
meteor.gpp-2.c++:433:1: error: invalid suffix "i64" on integer constant
meteor.gpp-2.c++:499:1: error: invalid suffix "i64" on integer constant
meteor.gpp-2.c++:500:1: error: invalid suffix "i64" on integer constant
meteor.gpp-2.c++:613:1: error: invalid suffix "i64" on integer constant
meteor.gpp-2.c++:700:1: error: invalid suffix "i64" on integer constant
meteor.gpp-2.c++: In static member function 'static bool Meteor::Board::hasBadFirstRegion(TBoardBitVector&)':
meteor.gpp-2.c++:618: error: aggregate value used where an integer was expected
meteor.gpp-2.c++:626: error: aggregate value used where an integer was expected
meteor.gpp-2.c++:634: error: aggregate value used where an integer was expected
meteor.gpp-2.c++:638: error: aggregate value used where an integer was expected
make[3]: [meteor.gpp-2.gpp_run] Error 1 (ignored)

=================================================================
COMMAND LINE (%A is single numeric argument):

meteor.gpp-2.gpp_run %A
Error, could not exec meteor.gpp-2.gpp_run 2098 (No such file or directory)
PATH=/home/dunham/gp4/shootout/bench/meteor:/home/dunham/gp4/shootout/bench/meteor/tmp:/usr/local/bin:/usr/bin:/bin:/opt/bin:/usr/i686-pc-linux-gnu/gcc-bin/4.1.1:/opt/ghc/bin:/usr/qt/3/bin:/usr/i686-pc-linux-gnu/gnat-gcc-bin/4.1:/usr/libexec/gnat-gcc/i686-pc-linux-gnu/4.1:/opt/cint5.16:/opt/kroc-1.4.0/install/bin:/opt/dmd/bin:/opt/sun-jdk-1.5.0.08/bin:/opt/sun-jdk-1.4.2.12/bin:/opt/mozart/bin:/opt/groovy-1.0-JSR-06/bin
TEST FAILED - Child processed exited with error code (1)


PROGRAM OUTPUT
==============
