BUILD COMMANDS FOR: nbody.gcc-2.gcc

Thu Jul 12 20:04:58 PDT 2007

/usr/bin/gcc -pipe -Wall -O3 -fomit-frame-pointer -march=pentium4 -mfpmath=sse -msse2  -lm nbody.gcc-2.c -o nbody.gcc-2.gcc_run
nbody.gcc-2.c:10:10: error: #include expects "FILENAME" or <FILENAME>
nbody.gcc-2.c: In function 'advance':
nbody.gcc-2.c:36: warning: implicit declaration of function 'sqrt'
nbody.gcc-2.c:36: warning: incompatible implicit declaration of built-in function 'sqrt'
nbody.gcc-2.c: In function 'energy':
nbody.gcc-2.c:68: warning: incompatible implicit declaration of built-in function 'sqrt'
make[3]: [nbody.gcc-2.gcc_run] Error 1 (ignored)

=================================================================
COMMAND LINE (%A is single numeric argument):

nbody.gcc-2.gcc_run %A
Error, could not exec nbody.gcc-2.gcc_run 200000 (No such file or directory)
PATH=/home/dunham/gp4/shootout/bench/nbody:/home/dunham/gp4/shootout/bench/nbody/tmp:/usr/local/bin:/usr/bin:/bin:/opt/bin:/usr/i686-pc-linux-gnu/gcc-bin/4.1.2:/opt/ghc/bin:/opt/sun-jdk-1.4.2.15/bin:/opt/sun-jdk-1.4.2.15/jre/bin:/opt/sun-jdk-1.4.2.15/jre/javaws:/opt/dmd/bin:/usr/qt/3/bin:/usr/i686-pc-linux-gnu/gnat-gcc-bin/4.1:/usr/libexec/gnat-gcc/i686-pc-linux-gnu/4.1:/opt/cint-5.16.19:/opt/kroc-1.4.0/install/bin:/opt/sun-jdk-1.6.0.01/bin:/opt/sun-jdk-1.4.2.15/bin:/opt/mozart/bin:/opt/groovy-1.0/bin:/opt/smlnj/bin:/usr/local/lib/squeak/3.9-8:/opt/stx:/opt/jruby-1.0/bin:/opt/Quark
TEST FAILED - Child processed exited with error code (1)


PROGRAM OUTPUT
==============
