BUILD COMMANDS FOR: nsievebits.gpp-3.gpp

Tue Oct 10 18:50:23 PDT 2006

/usr/bin/g++ -c -pipe -O3 -fomit-frame-pointer -march=pentium4   nsievebits.gpp-3.c++ -o nsievebits.gpp-3.c++.o &&  \
        /usr/bin/g++ nsievebits.gpp-3.c++.o -o nsievebits.gpp-3.gpp_run -L/usr/local/lib  
nsievebits.gpp-3.c++:125:2: warning: no newline at end of file
nsievebits.gpp-3.c++: In instantiation of 'const mod_power_of_two<8u> mod<8u>::mod_function':
nsievebits.gpp-3.c++:63:   instantiated from 'size_t mod<n>::operator()(size_t) [with unsigned int n = 8u]'
nsievebits.gpp-3.c++:83:   instantiated from here
nsievebits.gpp-3.c++:68: error: dependent-name 'mod<n>::mod_function_t' is parsed as a non-type, but instantiation yields a type
nsievebits.gpp-3.c++:68: note: say 'typename mod<n>::mod_function_t' if a type is meant
make[3]: [nsievebits.gpp-3.gpp_run] Error 1 (ignored)

=================================================================
COMMAND LINE (%A is single numeric argument):

nsievebits.gpp-3.gpp_run %A
Error, could not exec nsievebits.gpp-3.gpp_run 7 (No such file or directory)
PATH=/home/dunham/gp4/shootout/bench/nsievebits:/home/dunham/gp4/shootout/bench/nsievebits/tmp:/usr/local/bin:/usr/bin:/bin:/opt/bin:/usr/i686-pc-linux-gnu/gcc-bin/4.1.1:/opt/ghc/bin:/usr/kde/3.5/bin:/usr/qt/3/bin:/opt/cint5.16:/opt/kroc-1.4.0/install/bin:/opt/dmd/bin:/opt/sun-jdk-1.5.0.08/bin:/opt/ibm-jdk-bin-1.5.0.2/bin:/opt/sun-jdk-1.4.2.12/bin:/opt/mozart/bin:/opt/groovy-1.0-JSR-06/bin
TEST FAILED - Child processed exited with error code (1)


PROGRAM OUTPUT
==============
