RUNNING SCRIPT: partialsums.rhino

Thu Mar  2 21:24:33 PST 2006


=================================================================
COMMAND LINE (%A is single numeric argument):

 /opt/jdk1.5.0_05/bin/java org.mozilla.javascript.tools.shell.Main -O 9 -strict ../partialsums.rhino %A
js: "../partialsums.rhino", line 6: Attempt to assign non-existing name "a9" in the strict mode. It could indicate a missing variable statement.
js: "../partialsums.rhino", line 6: org.mozilla.javascript.EvaluatorException: Attempt to assign non-existing name "a9" in the strict mode. It could indicate a missing variable statement. (../partialsums.rhino#6)
TEST FAILED - Child processed exited with error code (3)


PROGRAM OUTPUT
==============
