BUILD COMMANDS FOR: regexdna.csharp

Sat Mar  4 15:15:10 PST 2006

cp /home/dunham/gp4/shootout/bench/regexdna/regexdna.csharp regexdna.cs
rm -f regexdna.csharp_run
/usr/bin/mcs  -out:regexdna.csharp_run regexdna.cs
rm regexdna.cs

=================================================================
COMMAND LINE (%A is single numeric argument):

 /usr/bin/mono regexdna.csharp_run %A

Unhandled Exception: System.ArgumentOutOfRangeException: Argument is out of range.
in <0x000de> System.Text.StringBuilder:Append (System.Char[] value, Int32 startIndex, Int32 charCount)
in <0x00076> System.IO.StreamReader:ReadToEnd ()
in <0x00010> System.IO.UnexceptionalStreamReader:ReadToEnd ()
in <0x00028> System.IO.SynchronizedReader:ReadToEnd ()
in <0x000eb> regexdna:Main (System.String[] args)
TEST FAILED - Child processed exited with error code (1)


PROGRAM OUTPUT
==============
