BUILD COMMANDS FOR: regexdna.gpp-3.gpp

Wed Mar  5 16:57:53 PST 2008

/usr/bin/g++ -c -pipe -O3 -fomit-frame-pointer -march=pentium4   regexdna.gpp-3.c++ -o regexdna.gpp-3.c++.o &&  \
        /usr/bin/g++ regexdna.gpp-3.c++.o -o regexdna.gpp-3.gpp_run -L/usr/local/lib -lboost_regex 
regexdna.gpp-3.c++:21:27: error: boost/regex.hpp: No such file or directory
regexdna.gpp-3.c++:204: error: 'boost' has not been declared
regexdna.gpp-3.c++:204: error: expected ',' or '...' before 'const'
regexdna.gpp-3.c++: In function 'void regex_replace(rope&, int)':
regexdna.gpp-3.c++:208: error: 'boost' has not been declared
regexdna.gpp-3.c++:208: error: expected primary-expression before '>' token
regexdna.gpp-3.c++:208: error: 'results' was not declared in this scope
regexdna.gpp-3.c++:209: error: 'boost' has not been declared
regexdna.gpp-3.c++:209: error: 'pattern' was not declared in this scope
regexdna.gpp-3.c++:213: error: 'replacement' was not declared in this scope
regexdna.gpp-3.c++: In function 'int main()':
regexdna.gpp-3.c++:221: error: 'boost' has not been declared
regexdna.gpp-3.c++:221: error: expected `;' before 'const'
regexdna.gpp-3.c++:222: error: 'strip' was not declared in this scope
regexdna.gpp-3.c++:236: error: 'boost' has not been declared
regexdna.gpp-3.c++:236: error: expected initializer before 'pattern'
regexdna.gpp-3.c++:237: error: 'boost' has not been declared
regexdna.gpp-3.c++:237: error: expected initializer before '<' token
regexdna.gpp-3.c++:238: error: 'pattern' was not declared in this scope
regexdna.gpp-3.c++:238: error: 'match_iterator' was not declared in this scope
regexdna.gpp-3.c++:250: error: 'boost' has not been declared
make[3]: [regexdna.gpp-3.gpp_run] Error 1 (ignored)

=================================================================
COMMAND LINE (%A is single numeric argument):

regexdna.gpp-3.gpp_run %A
Error, could not exec regexdna.gpp-3.gpp_run 1 (No such file or directory)
PATH=/home/dunham/gp4/shootout/bench/regexdna:/home/dunham/gp4/shootout/bench/regexdna/tmp:/opt/intel/cc/10.1.012/bin:/opt/intel/fc/10.1.012/bin:/usr/local/bin:/usr/bin:/bin:/opt/bin:/usr/i686-pc-linux-gnu/gcc-bin/4.1.2:/opt/sun-jdk-1.4.2.16/bin:/opt/sun-jdk-1.4.2.16/jre/bin:/opt/sun-jdk-1.4.2.16/jre/javaws:/usr/qt/3/bin:/usr/i686-pc-linux-gnu/gnat-gpl-bin/4.1:/usr/libexec/gnat-gpl/i686-pc-linux-gnu/4.1:/usr/games/bin:/opt/cint-5.16.19:/opt/kroc-1.4.0/install/bin:/opt/sun-jdk-1.6.0.03/bin:/opt/sun-jdk-1.4.2.16/bin:/opt/mozart/bin:/opt/groovy-1.5.0/bin:/opt/smlnj/bin:/usr/local/lib/squeak/3.9-8:/opt/stx:/opt/jruby-1.1b1/bin:/opt/Quark:/opt/gnat/bin
TEST FAILED - Child processed exited with error code (1)


PROGRAM OUTPUT
==============
