BUILD COMMANDS FOR: regexdna.gpp-2.gpp

Tue Mar  4 22:14:00 PST 2008

/usr/bin/g++ -c -pipe -O3 -fomit-frame-pointer -march=pentium4   regexdna.gpp-2.c++ -o regexdna.gpp-2.c++.o &&  \
        /usr/bin/g++ regexdna.gpp-2.c++.o -o regexdna.gpp-2.gpp_run -L/usr/local/lib -lboost_regex 
regexdna.gpp-2.c++:23:27: error: boost/regex.hpp: No such file or directory
regexdna.gpp-2.c++: In function 'int main()':
regexdna.gpp-2.c++:54: error: 'boost' has not been declared
regexdna.gpp-2.c++:54: error: expected initializer before 'lose'
regexdna.gpp-2.c++:55: error: 'boost' has not been declared
regexdna.gpp-2.c++:55: error: 'lose' was not declared in this scope
regexdna.gpp-2.c++:60: error: 'boost' has not been declared
regexdna.gpp-2.c++:60: error: expected initializer before 'e'
regexdna.gpp-2.c++:61: error: 'boost' has not been declared
regexdna.gpp-2.c++:61: error: expected `;' before 'm'
regexdna.gpp-2.c++:62: error: 'boost' has not been declared
regexdna.gpp-2.c++:62: error: expected initializer before 'end'
regexdna.gpp-2.c++:65: error: 'm' was not declared in this scope
regexdna.gpp-2.c++:65: error: 'end' was not declared in this scope
regexdna.gpp-2.c++:76: error: 'boost' has not been declared
regexdna.gpp-2.c++:76: error: expected initializer before 'e'
regexdna.gpp-2.c++:77: error: 'boost' has not been declared
regexdna.gpp-2.c++:77: error: 'e' was not declared in this scope
make[3]: [regexdna.gpp-2.gpp_run] Error 1 (ignored)

=================================================================
COMMAND LINE (%A is single numeric argument):

regexdna.gpp-2.gpp_run %A
Error, could not exec regexdna.gpp-2.gpp_run 1 (No such file or directory)
PATH=/home/dunham/gp4/shootout/bench/regexdna:/home/dunham/gp4/shootout/bench/regexdna/tmp:/opt/intel/cc/10.1.012/bin:/opt/intel/fc/10.1.012/bin:/usr/local/bin:/usr/bin:/bin:/opt/bin:/usr/i686-pc-linux-gnu/gcc-bin/4.1.2:/opt/sun-jdk-1.4.2.16/bin:/opt/sun-jdk-1.4.2.16/jre/bin:/opt/sun-jdk-1.4.2.16/jre/javaws:/usr/qt/3/bin:/usr/i686-pc-linux-gnu/gnat-gpl-bin/4.1:/usr/libexec/gnat-gpl/i686-pc-linux-gnu/4.1:/usr/games/bin:/opt/cint-5.16.19:/opt/kroc-1.4.0/install/bin:/opt/sun-jdk-1.6.0.03/bin:/opt/sun-jdk-1.4.2.16/bin:/opt/mozart/bin:/opt/groovy-1.5.0/bin:/opt/smlnj/bin:/usr/local/lib/squeak/3.9-8:/opt/stx:/opt/jruby-1.1b1/bin:/opt/Quark:/opt/gnat/bin
TEST FAILED - Child processed exited with error code (1)


PROGRAM OUTPUT
==============
