RUNNING SCRIPT: revcomp.iron-3.exe

Sun Mar  5 08:40:32 PST 2006


=================================================================
COMMAND LINE (%A is single numeric argument):

revcomp.iron-3.exe %A
/home/dunham/gp4/shootout/bench/revcomp/revcomp.iron-3.exe: /home/dunham/gp4/shootout/bench/revcomp/revcomp.iron-3.exe: cannot execute binary file
TEST FAILED - Child processed exited with error code (126)


PROGRAM OUTPUT
==============
Traceback (most recent call last):
ImportError: No module named string
