BUILD COMMANDS FOR: sumcol.gcc-4.gcc

Mon Jul 23 17:47:22 PDT 2007

/usr/bin/gcc -pipe -Wall -O3 -fomit-frame-pointer -march=pentium4   sumcol.gcc-4.c -o sumcol.gcc-4.gcc_run
sumcol.gcc-4.c:6:20: error: iostream: No such file or directory
sumcol.gcc-4.c: In function 'main':
sumcol.gcc-4.c:10: error: expected expression before ':' token
sumcol.gcc-4.c:13: error: 'std' undeclared (first use in this function)
sumcol.gcc-4.c:13: error: (Each undeclared identifier is reported only once
sumcol.gcc-4.c:13: error: for each function it appears in.)
sumcol.gcc-4.c:13: error: expected ')' before ':' token
sumcol.gcc-4.c:17: error: duplicate label 'std'
sumcol.gcc-4.c:10: error: previous definition of 'std' was here
sumcol.gcc-4.c:17: error: expected expression before ':' token
sumcol.gcc-4.c:10: warning: label 'std' defined but not used
make[3]: [sumcol.gcc-4.gcc_run] Error 1 (ignored)

=================================================================
COMMAND LINE (%A is single numeric argument):

sumcol.gcc-4.gcc_run %A
Error, could not exec sumcol.gcc-4.gcc_run 1000 (No such file or directory)
PATH=/home/dunham/gp4/shootout/bench/sumcol:/home/dunham/gp4/shootout/bench/sumcol/tmp:/usr/local/bin:/usr/bin:/bin:/opt/bin:/usr/i686-pc-linux-gnu/gcc-bin/4.1.2:/opt/ghc/bin:/opt/sun-jdk-1.4.2.15/bin:/opt/sun-jdk-1.4.2.15/jre/bin:/opt/sun-jdk-1.4.2.15/jre/javaws:/opt/dmd/bin:/usr/qt/3/bin:/usr/i686-pc-linux-gnu/gnat-gcc-bin/4.1:/usr/libexec/gnat-gcc/i686-pc-linux-gnu/4.1:/opt/cint-5.16.19:/opt/kroc-1.4.0/install/bin:/opt/sun-jdk-1.6.0.02/bin:/opt/sun-jdk-1.4.2.15/bin:/opt/mozart/bin:/opt/groovy-1.0/bin:/opt/smlnj/bin:/usr/local/lib/squeak/3.9-8:/opt/stx:/opt/jruby-1.0/bin:/opt/Quark
TEST FAILED - Child processed exited with error code (1)


PROGRAM OUTPUT
==============
