
Thu, 31 Dec 2009 00:41:26 GMT

MAKE:
/usr/bin/gcc -pipe -Wall -O3 -fomit-frame-pointer -march=native -include Include/simple_hash.h -fopenmp knucleotide.gcc-4.c -o knucleotide.gcc-4.gcc_run
In file included from <command-line>:0:
./Include/simple_hash.h:27: error: expected specifier-qualifier-list before ‘ui64’
./Include/simple_hash.h:48: error: expected declaration specifiers or ‘...’ before ‘ui64’
./Include/simple_hash.h: In function ‘ht_hashcode’:
./Include/simple_hash.h:50: error: ‘key’ undeclared (first use in this function)
./Include/simple_hash.h:50: error: (Each undeclared identifier is reported only once
./Include/simple_hash.h:50: error: for each function it appears in.)
./Include/simple_hash.h: At top level:
./Include/simple_hash.h:55: error: expected ‘)’ before ‘key’
./Include/simple_hash.h: In function ‘ht_create’:
./Include/simple_hash.h:74: warning: implicit declaration of function ‘calloc’
./Include/simple_hash.h:74: warning: incompatible implicit declaration of built-in function ‘calloc’
./Include/simple_hash.h: In function ‘ht_destroy’:
./Include/simple_hash.h:118: error: ‘struct ht_node’ has no member named ‘next’
./Include/simple_hash.h:119: warning: implicit declaration of function ‘free’
./Include/simple_hash.h:119: warning: incompatible implicit declaration of built-in function ‘free’
./Include/simple_hash.h:132: warning: incompatible implicit declaration of built-in function ‘free’
./Include/simple_hash.h: At top level:
./Include/simple_hash.h:143: error: expected declaration specifiers or ‘...’ before ‘ui64’
./Include/simple_hash.h: In function ‘ht_find’:
./Include/simple_hash.h:145: error: ‘key’ undeclared (first use in this function)
./Include/simple_hash.h:145: error: too many arguments to function ‘ht_hashcode’
./Include/simple_hash.h:150: error: ‘struct ht_node’ has no member named ‘key’
./Include/simple_hash.h:152: error: ‘struct ht_node’ has no member named ‘next’
./Include/simple_hash.h: At top level:
./Include/simple_hash.h:160: error: expected declaration specifiers or ‘...’ before ‘ui64’
./Include/simple_hash.h: In function ‘ht_find_new’:
./Include/simple_hash.h:162: error: ‘key’ undeclared (first use in this function)
./Include/simple_hash.h:162: error: too many arguments to function ‘ht_hashcode’
./Include/simple_hash.h:167: error: ‘struct ht_node’ has no member named ‘key’
./Include/simple_hash.h:171: error: ‘struct ht_node’ has no member named ‘next’
./Include/simple_hash.h:180: error: ‘struct ht_node’ has no member named ‘next’
./Include/simple_hash.h:180: warning: implicit declaration of function ‘ht_node_create’
./Include/simple_hash.h:184: warning: assignment makes pointer from integer without a cast
./Include/simple_hash.h: In function ‘ht_next’:
./Include/simple_hash.h:200: error: ‘struct ht_node’ has no member named ‘next’
./Include/simple_hash.h:210: error: ‘struct ht_node’ has no member named ‘next’
knucleotide.gcc-4.c:23:25: error: simple_hash.h: No such file or directory
knucleotide.gcc-4.c: In function ‘ReadAll’:
knucleotide.gcc-4.c:44: warning: implicit declaration of function ‘fgets_unlocked’
knucleotide.gcc-4.c: In function ‘MergeTable’:
knucleotide.gcc-4.c:164: error: ‘struct ht_node’ has no member named ‘key’
knucleotide.gcc-4.c:164: error: too many arguments to function ‘ht_find_new’
knucleotide.gcc-4.c:165: error: ‘struct ht_node’ has no member named ‘val’
knucleotide.gcc-4.c:165: error: ‘struct ht_node’ has no member named ‘val’
knucleotide.gcc-4.c: In function ‘BuildHashTableAtOffset’:
knucleotide.gcc-4.c:181: error: too many arguments to function ‘ht_find_new’
knucleotide.gcc-4.c:181: error: ‘struct ht_node’ has no member named ‘val’
knucleotide.gcc-4.c: In function ‘WriteFreq’:
knucleotide.gcc-4.c:240: error: ‘struct ht_node’ has no member named ‘key’
knucleotide.gcc-4.c:241: error: ‘struct ht_node’ has no member named ‘val’
knucleotide.gcc-4.c: In function ‘WriteCount’:
knucleotide.gcc-4.c:267: error: too many arguments to function ‘ht_find’
knucleotide.gcc-4.c:270: error: ‘const struct ht_node’ has no member named ‘val’
knucleotide.gcc-4.c: In function ‘GetThreadCount’:
knucleotide.gcc-4.c:278: warning: implicit declaration of function ‘CPU_ZERO’
knucleotide.gcc-4.c:279: warning: implicit declaration of function ‘sched_getaffinity’
knucleotide.gcc-4.c:285: warning: implicit declaration of function ‘CPU_ISSET’
make: [knucleotide.gcc-4.gcc_run] Error 1 (ignored)
rm knucleotide.gcc-4.c
0.06s to complete and log all make actions

COMMAND LINE:
./knucleotide.gcc-4.gcc_run 0 < knucleotide-input250000.txt

MAKE ERROR 

