
Mon, 04 May 2009 02:22:07 GMT

MAKE:
/usr/bin/gcc -pipe -Wall -O3 -fomit-frame-pointer -lpcre regexdna.c -o regexdna.gcc_run
regexdna.c:24:18: error: glib.h: No such file or directory
regexdna.c:25:17: error: tcl.h: No such file or directory
regexdna.c:77: error: expected specifier-qualifier-list before ‘Tcl_Obj’
regexdna.c:113: error: expected specifier-qualifier-list before ‘Tcl_Obj’
regexdna.c:129: error: expected declaration specifiers or ‘...’ before ‘Tcl_Obj’
regexdna.c: In function ‘regcount’:
regexdna.c:135: error: ‘Tcl_Obj’ undeclared (first use in this function)
regexdna.c:135: error: (Each undeclared identifier is reported only once
regexdna.c:135: error: for each function it appears in.)
regexdna.c:135: error: ‘regexp_cstr_obj’ undeclared (first use in this function)
regexdna.c:136: error: ‘Tcl_RegExp’ undeclared (first use in this function)
regexdna.c:136: error: expected ‘;’ before ‘regexp’
regexdna.c:137: error: variable ‘info’ has initializer but incomplete type
regexdna.c:137: warning: excess elements in struct initializer
regexdna.c:137: warning: (near initialization for ‘info’)
regexdna.c:137: error: storage size of ‘info’ isn’t known
regexdna.c:140: warning: implicit declaration of function ‘Tcl_NewStringObj’
regexdna.c:141: warning: implicit declaration of function ‘Tcl_IncrRefCount’
regexdna.c:144: error: ‘regexp’ undeclared (first use in this function)
regexdna.c:144: warning: implicit declaration of function ‘Tcl_GetRegExpFromObj’
regexdna.c:145: error: ‘TCL_REG_ADVANCED’ undeclared (first use in this function)
regexdna.c:145: error: ‘TCL_REG_NOCASE’ undeclared (first use in this function)
regexdna.c:145: error: ‘TCL_REG_NEWLINE’ undeclared (first use in this function)
regexdna.c:153: warning: implicit declaration of function ‘Tcl_GetCharLength’
regexdna.c:153: error: ‘s’ undeclared (first use in this function)
regexdna.c:157: warning: implicit declaration of function ‘Tcl_RegExpExecObj’
regexdna.c:168: warning: implicit declaration of function ‘Tcl_RegExpGetInfo’
regexdna.c:179: warning: implicit declaration of function ‘Tcl_DecrRefCount’
regexdna.c:137: warning: unused variable ‘info’
regexdna.c: At top level:
regexdna.c:195: error: expected declaration specifiers or ‘...’ before ‘GError’
regexdna.c: In function ‘regsub’:
regexdna.c:198: error: ‘GRegex’ undeclared (first use in this function)
regexdna.c:198: error: ‘prog’ undeclared (first use in this function)
regexdna.c:201: error: ‘err’ undeclared (first use in this function)
regexdna.c:206: warning: implicit declaration of function ‘g_regex_new’
regexdna.c:207: error: ‘G_REGEX_CASELESS’ undeclared (first use in this function)
regexdna.c:208: error: ‘G_REGEX_RAW’ undeclared (first use in this function)
regexdna.c:209: error: ‘G_REGEX_NO_AUTO_CAPTURE’ undeclared (first use in this function)
regexdna.c:210: error: ‘G_REGEX_OPTIMIZE’ undeclared (first use in this function)
regexdna.c:218: warning: implicit declaration of function ‘g_regex_replace_literal’
regexdna.c:218: warning: assignment makes pointer from integer without a cast
regexdna.c:227: warning: implicit declaration of function ‘g_regex_unref’
regexdna.c: At top level:
regexdna.c:240: error: expected declaration specifiers or ‘...’ before ‘Tcl_Obj’
regexdna.c: In function ‘load_file’:
regexdna.c:269: warning: implicit declaration of function ‘Tcl_AppendToObj’
regexdna.c:269: error: ‘s’ undeclared (first use in this function)
regexdna.c: In function ‘process_variant_worker’:
regexdna.c:323: error: ‘struct variant_worker_task’ has no member named ‘count’
regexdna.c:325: error: ‘struct variant_worker_task’ has no member named ‘s’
regexdna.c:325: error: too many arguments to function ‘regcount’
regexdna.c: At top level:
regexdna.c:335: error: expected declaration specifiers or ‘...’ before ‘Tcl_Obj’
regexdna.c: In function ‘process_variants’:
regexdna.c:351: warning: implicit declaration of function ‘Tcl_GetUnicodeFromObj’
regexdna.c:351: error: ‘s’ undeclared (first use in this function)
regexdna.c:380: error: ‘struct variant_worker_task’ has no member named ‘s’
regexdna.c:381: error: ‘struct variant_worker_task’ has no member named ‘count’
regexdna.c:412: error: ‘struct variant_worker_task’ has no member named ‘count’
regexdna.c: In function ‘process_nacodes_worker’:
regexdna.c:443: warning: implicit declaration of function ‘Tcl_GetString’
regexdna.c:443: error: ‘struct nacodes_worker_data’ has no member named ‘range’
regexdna.c:443: warning: assignment makes pointer from integer without a cast
regexdna.c:449: error: too many arguments to function ‘regsub’
regexdna.c:454: warning: implicit declaration of function ‘g_free’
regexdna.c:459: warning: implicit declaration of function ‘Tcl_SetStringObj’
regexdna.c:459: error: ‘struct nacodes_worker_data’ has no member named ‘range’
regexdna.c: At top level:
regexdna.c:478: error: expected declaration specifiers or ‘...’ before ‘Tcl_Obj’
regexdna.c: In function ‘process_nacodes’:
regexdna.c:495: error: ‘s’ undeclared (first use in this function)
regexdna.c:528: error: ‘struct nacodes_worker_data’ has no member named ‘range’
regexdna.c:528: warning: implicit declaration of function ‘Tcl_GetRange’
regexdna.c:529: error: ‘struct nacodes_worker_data’ has no member named ‘range’
regexdna.c:552: warning: implicit declaration of function ‘Tcl_SetObjLength’
regexdna.c:554: warning: implicit declaration of function ‘Tcl_AppendObjToObj’
regexdna.c:554: error: ‘struct nacodes_worker_data’ has no member named ‘range’
regexdna.c:559: error: ‘struct nacodes_worker_data’ has no member named ‘range’
regexdna.c: In function ‘get_cpu_count’:
regexdna.c:577: error: ‘Tcl_Obj’ undeclared (first use in this function)
regexdna.c:577: error: ‘s’ undeclared (first use in this function)
regexdna.c:590: error: too many arguments to function ‘load_file’
regexdna.c:593: error: too many arguments to function ‘regcount’
regexdna.c: In function ‘main’:
regexdna.c:622: error: ‘Tcl_Interp’ undeclared (first use in this function)
regexdna.c:622: error: ‘tcl’ undeclared (first use in this function)
regexdna.c:623: error: ‘Tcl_Obj’ undeclared (first use in this function)
regexdna.c:623: error: ‘s’ undeclared (first use in this function)
regexdna.c:626: warning: implicit declaration of function ‘Tcl_FindExecutable’
regexdna.c:627: warning: implicit declaration of function ‘Tcl_CreateInterp’
regexdna.c:628: warning: implicit declaration of function ‘Tcl_Preserve’
regexdna.c:628: error: ‘ClientData’ undeclared (first use in this function)
regexdna.c:628: error: expected ‘)’ before ‘tcl’
regexdna.c:642: error: too many arguments to function ‘load_file’
regexdna.c:650: warning: passing argument 2 of ‘regsub’ makes pointer from integer without a cast
regexdna.c:650: error: too many arguments to function ‘regsub’
regexdna.c:659: error: too many arguments to function ‘process_variants’
regexdna.c:662: error: too many arguments to function ‘process_nacodes’
regexdna.c:674: warning: implicit declaration of function ‘Tcl_Release’
regexdna.c:674: error: expected ‘)’ before ‘tcl’
regexdna.c:675: warning: implicit declaration of function ‘Tcl_Exit’
make: [regexdna.gcc_run] Error 1 (ignored)
rm regexdna.c
0.94s to complete and log all make actions

COMMAND LINE:
./regexdna.gcc_run 0 < regexdna-input50000.txt

MAKE ERROR 

