BUILD COMMANDS FOR: partialsums.icpp-3.icpp

Sat Oct 13 00:57:14 PDT 2007

/opt/intel/cc/9.0/bin/icpc -c -O3 -ip -static -unroll  partialsums.icpp-3.c++ -o partialsums.icpp-3.c++.o &&  \
        /opt/intel/cc/9.0/bin/icpc partialsums.icpp-3.c++.o -o partialsums.icpp-3.icpp_run -O3 -ip -static -unroll  
icpc: error: could not find directory in which g++ resides
make[3]: [partialsums.icpp-3.icpp_run] Error 1 (ignored)
rm: cannot remove `partialsums.icpp-3.c++.o': No such file or directory
rm: cannot remove `partialsums.icpp-3.o': No such file or directory
make[3]: [partialsums.icpp-3.icpp_run] Error 1 (ignored)

=================================================================
COMMAND LINE (%A is single numeric argument):

partialsums.icpp-3.icpp_run %A
Error, could not exec partialsums.icpp-3.icpp_run 25000 (No such file or directory)
PATH=/opt/shootout/shootout/bench/partialsums:/opt/shootout/shootout/bench/partialsums/tmp:/opt/IronPython/bin:/opt/xds_x86/bin:/opt/intel/fc/9.0/bin:/opt/intel/cc/9.0/bin:/home/brent/bin:/usr/share/smlnj/bin:/usr/local/bin:/usr/bin:/bin:/usr/bin/X11:/usr/games
TEST FAILED - Child processed exited with error code (1)


PROGRAM OUTPUT
==============
