
Fri, 06 Nov 2009 04:32:01 GMT

MAKE:
/usr/bin/g++ -c -pipe -O3 -fomit-frame-pointer -march=native  -fopenmp knucleotide.c++ -o knucleotide.c++.o &&  \
        /usr/bin/g++ knucleotide.c++.o -o knucleotide.gpp_run -fopenmp 
knucleotide.c++: In function ‘int main()’:
knucleotide.c++:284: error: ‘stdin’ was not declared in this scope
knucleotide.c++:284: error: ‘fgets’ was not declared in this scope
knucleotide.c++:291: error: ‘stdin’ was not declared in this scope
knucleotide.c++:291: error: ‘fgets’ was not declared in this scope
make: [knucleotide.gpp_run] Error 1 (ignored)
rm knucleotide.c++
1.55s to complete and log all make actions

COMMAND LINE:
./knucleotide.gpp_run 0 < knucleotide-input250000.txt

MAKE ERROR 

