
Mon, 09 Nov 2009 18:25:47 GMT

MAKE:
/usr/bin/g++ -c -pipe -O3 -fomit-frame-pointer -march=native  -fopenmp knucleotide.gpp-2.c++ -o knucleotide.gpp-2.c++.o &&  \
        /usr/bin/g++ knucleotide.gpp-2.c++.o -o knucleotide.gpp-2.gpp_run -fopenmp 
knucleotide.gpp-2.c++:45: error: ‘uint32_t’ does not name a type
knucleotide.gpp-2.c++:57: error: ISO C++ forbids declaration of ‘uint32_t’ with no type
knucleotide.gpp-2.c++:57: error: expected ‘;’ before ‘operator’
knucleotide.gpp-2.c++:60: error: expected ‘;’ before ‘bool’
knucleotide.gpp-2.c++: In constructor ‘Key<KEY_SIZE>::Key()’:
knucleotide.gpp-2.c++:48: error: class ‘Key<KEY_SIZE>’ does not have any field named ‘hash’
knucleotide.gpp-2.c++: In constructor ‘Key<KEY_SIZE>::Key(const char*)’:
knucleotide.gpp-2.c++:50: error: ‘hash’ was not declared in this scope
knucleotide.gpp-2.c++: In member function ‘bool Key<KEY_SIZE>::operator()(const Key<KEY_SIZE>&, const Key<KEY_SIZE>&) const [with int KEY_SIZE = 2]’:
knucleotide.gpp-2.c++:70: error: ‘uint16_t’ was not declared in this scope
knucleotide.gpp-2.c++:70: error: expected primary-expression before ‘)’ token
knucleotide.gpp-2.c++:70: error: expected ‘)’ before ‘key1’
knucleotide.gpp-2.c++: In member function ‘bool Key<KEY_SIZE>::operator()(const Key<KEY_SIZE>&, const Key<KEY_SIZE>&) const [with int KEY_SIZE = 3]’:
knucleotide.gpp-2.c++:75: error: ‘uint16_t’ was not declared in this scope
knucleotide.gpp-2.c++:75: error: expected primary-expression before ‘)’ token
knucleotide.gpp-2.c++:75: error: expected ‘)’ before ‘key1’
knucleotide.gpp-2.c++:77: error: expected ‘)’ before ‘;’ token
knucleotide.gpp-2.c++:77: error: expected ‘)’ before ‘;’ token
knucleotide.gpp-2.c++: In member function ‘bool Key<KEY_SIZE>::operator()(const Key<KEY_SIZE>&, const Key<KEY_SIZE>&) const [with int KEY_SIZE = 4]’:
knucleotide.gpp-2.c++:84: error: ‘uint32_t’ was not declared in this scope
knucleotide.gpp-2.c++:84: error: expected primary-expression before ‘)’ token
knucleotide.gpp-2.c++:84: error: expected ‘)’ before ‘key1’
knucleotide.gpp-2.c++: In member function ‘bool Key<KEY_SIZE>::operator()(const Key<KEY_SIZE>&, const Key<KEY_SIZE>&) const [with int KEY_SIZE = 6]’:
knucleotide.gpp-2.c++:89: error: ‘uint32_t’ was not declared in this scope
knucleotide.gpp-2.c++:89: error: expected primary-expression before ‘)’ token
knucleotide.gpp-2.c++:89: error: expected ‘)’ before ‘key1’
knucleotide.gpp-2.c++:91: error: expected ‘)’ before ‘;’ token
knucleotide.gpp-2.c++:91: error: expected ‘)’ before ‘;’ token
knucleotide.gpp-2.c++: In member function ‘bool Key<KEY_SIZE>::operator()(const Key<KEY_SIZE>&, const Key<KEY_SIZE>&) const [with int KEY_SIZE = 12]’:
knucleotide.gpp-2.c++:98: error: ‘uint32_t’ was not declared in this scope
knucleotide.gpp-2.c++:98: error: ‘k1’ was not declared in this scope
knucleotide.gpp-2.c++:98: error: expected primary-expression before ‘)’ token
knucleotide.gpp-2.c++:98: error: expected ‘;’ before ‘key1’
knucleotide.gpp-2.c++:99: error: ‘k2’ was not declared in this scope
knucleotide.gpp-2.c++:99: error: expected primary-expression before ‘)’ token
knucleotide.gpp-2.c++:99: error: expected ‘;’ before ‘key2’
knucleotide.gpp-2.c++: In member function ‘bool Key<KEY_SIZE>::operator()(const Key<KEY_SIZE>&, const Key<KEY_SIZE>&) const [with int KEY_SIZE = 18]’:
knucleotide.gpp-2.c++:110: error: ‘uint64_t’ was not declared in this scope
knucleotide.gpp-2.c++:110: error: ‘k1’ was not declared in this scope
knucleotide.gpp-2.c++:110: error: expected primary-expression before ‘)’ token
knucleotide.gpp-2.c++:110: error: expected ‘;’ before ‘key1’
knucleotide.gpp-2.c++:111: error: ‘k2’ was not declared in this scope
knucleotide.gpp-2.c++:111: error: expected primary-expression before ‘)’ token
knucleotide.gpp-2.c++:111: error: expected ‘;’ before ‘key2’
knucleotide.gpp-2.c++:114: error: ‘uint16_t’ was not declared in this scope
knucleotide.gpp-2.c++:114: error: expected primary-expression before ‘)’ token
knucleotide.gpp-2.c++:114: error: expected ‘)’ before ‘key1’
knucleotide.gpp-2.c++:115: error: expected ‘)’ before ‘;’ token
knucleotide.gpp-2.c++:115: error: expected ‘)’ before ‘;’ token
knucleotide.gpp-2.c++: At global scope:
knucleotide.gpp-2.c++:121: error: ‘uint32_t’ was not declared in this scope
knucleotide.gpp-2.c++:121: error: template argument 2 is invalid
knucleotide.gpp-2.c++: In function ‘void printFreq(WorkerThread*, int, float)’:
knucleotide.gpp-2.c++:269: error: ‘uint32_t’ was not declared in this scope
knucleotide.gpp-2.c++:269: error: template argument 2 is invalid
knucleotide.gpp-2.c++:269: error: invalid type in declaration before ‘;’ token
knucleotide.gpp-2.c++:275: error: request for member ‘first’ in ‘* it’, which is of non-class type ‘int’
knucleotide.gpp-2.c++:277: error: request for member ‘second’ in ‘* it’, which is of non-class type ‘int’
knucleotide.gpp-2.c++:279: error: there are no arguments to ‘printf’ that depend on a template parameter, so a declaration of ‘printf’ must be available
knucleotide.gpp-2.c++:279: note: (if you use ‘-fpermissive’, G++ will accept your code, but allowing the use of an undeclared name is deprecated)
knucleotide.gpp-2.c++: In function ‘int main()’:
knucleotide.gpp-2.c++:313: error: ‘stdin’ was not declared in this scope
knucleotide.gpp-2.c++:313: error: ‘fgets’ was not declared in this scope
knucleotide.gpp-2.c++:324: error: ‘stdin’ was not declared in this scope
knucleotide.gpp-2.c++:324: error: ‘fgets’ was not declared in this scope
knucleotide.gpp-2.c++: In function ‘void calculateFrequencies(InputData*, HashTable<KEY_SIZE>&, int, int) [with int KEY_SIZE = 1]’:
knucleotide.gpp-2.c++:214:   instantiated from here
knucleotide.gpp-2.c++:203: error: no match for ‘operator[]’ in ‘map[k]’
knucleotide.gpp-2.c++: In function ‘void calculateFrequencies(InputData*, HashTable<KEY_SIZE>&, int, int) [with int KEY_SIZE = 2]’:
knucleotide.gpp-2.c++:217:   instantiated from here
knucleotide.gpp-2.c++:203: error: no match for ‘operator[]’ in ‘map[k]’
knucleotide.gpp-2.c++: In function ‘void calculateFrequencies(InputData*, HashTable<KEY_SIZE>&, int, int) [with int KEY_SIZE = 3]’:
knucleotide.gpp-2.c++:220:   instantiated from here
knucleotide.gpp-2.c++:203: error: no match for ‘operator[]’ in ‘map[k]’
knucleotide.gpp-2.c++: In function ‘void calculateFrequencies(InputData*, HashTable<KEY_SIZE>&, int, int) [with int KEY_SIZE = 4]’:
knucleotide.gpp-2.c++:223:   instantiated from here
knucleotide.gpp-2.c++:203: error: no match for ‘operator[]’ in ‘map[k]’
knucleotide.gpp-2.c++: In function ‘void calculateFrequencies(InputData*, HashTable<KEY_SIZE>&, int, int) [with int KEY_SIZE = 6]’:
knucleotide.gpp-2.c++:226:   instantiated from here
knucleotide.gpp-2.c++:203: error: no match for ‘operator[]’ in ‘map[k]’
knucleotide.gpp-2.c++: In function ‘void calculateFrequencies(InputData*, HashTable<KEY_SIZE>&, int, int) [with int KEY_SIZE = 12]’:
knucleotide.gpp-2.c++:229:   instantiated from here
knucleotide.gpp-2.c++:203: error: no match for ‘operator[]’ in ‘map[k]’
knucleotide.gpp-2.c++: In function ‘void calculateFrequencies(InputData*, HashTable<KEY_SIZE>&, int, int) [with int KEY_SIZE = 18]’:
knucleotide.gpp-2.c++:232:   instantiated from here
knucleotide.gpp-2.c++:203: error: no match for ‘operator[]’ in ‘map[k]’
knucleotide.gpp-2.c++: In function ‘void printFreq(WorkerThread*, int, float) [with int KEY_SIZE = 1]’:
knucleotide.gpp-2.c++:348:   instantiated from here
knucleotide.gpp-2.c++:270: error: ‘class HashTable<1>’ has no member named ‘begin’
knucleotide.gpp-2.c++:270: error: ‘class HashTable<1>’ has no member named ‘end’
knucleotide.gpp-2.c++:348:   instantiated from here
knucleotide.gpp-2.c++:277: error: ‘printf’ was not declared in this scope
knucleotide.gpp-2.c++:279: error: ‘printf’ was not declared in this scope
knucleotide.gpp-2.c++: In function ‘void printFreq(WorkerThread*, int, float) [with int KEY_SIZE = 2]’:
knucleotide.gpp-2.c++:349:   instantiated from here
knucleotide.gpp-2.c++:270: error: ‘class HashTable<2>’ has no member named ‘begin’
knucleotide.gpp-2.c++:270: error: ‘class HashTable<2>’ has no member named ‘end’
knucleotide.gpp-2.c++:277: error: ‘printf’ was not declared in this scope
knucleotide.gpp-2.c++:279: error: ‘printf’ was not declared in this scope
knucleotide.gpp-2.c++: In function ‘void printCount(WorkerThread*, int, const char*) [with int KEY_SIZE = 3]’:
knucleotide.gpp-2.c++:351:   instantiated from here
knucleotide.gpp-2.c++:288: error: no match for ‘operator[]’ in ‘*(HashTable<3>*)(threads + ((unsigned int)(((unsigned int)i) * 12u)))->WorkerThread::hashByLength(3)[k]’
knucleotide.gpp-2.c++:294: error: ‘printf’ was not declared in this scope
knucleotide.gpp-2.c++: In function ‘void printCount(WorkerThread*, int, const char*) [with int KEY_SIZE = 4]’:
knucleotide.gpp-2.c++:352:   instantiated from here
knucleotide.gpp-2.c++:288: error: no match for ‘operator[]’ in ‘*(HashTable<4>*)(threads + ((unsigned int)(((unsigned int)i) * 12u)))->WorkerThread::hashByLength(4)[k]’
knucleotide.gpp-2.c++:294: error: ‘printf’ was not declared in this scope
knucleotide.gpp-2.c++: In function ‘void printCount(WorkerThread*, int, const char*) [with int KEY_SIZE = 6]’:
knucleotide.gpp-2.c++:353:   instantiated from here
knucleotide.gpp-2.c++:288: error: no match for ‘operator[]’ in ‘*(HashTable<6>*)(threads + ((unsigned int)(((unsigned int)i) * 12u)))->WorkerThread::hashByLength(6)[k]’
knucleotide.gpp-2.c++:294: error: ‘printf’ was not declared in this scope
knucleotide.gpp-2.c++: In function ‘void printCount(WorkerThread*, int, const char*) [with int KEY_SIZE = 12]’:
knucleotide.gpp-2.c++:354:   instantiated from here
knucleotide.gpp-2.c++:288: error: no match for ‘operator[]’ in ‘*(HashTable<12>*)(threads + ((unsigned int)(((unsigned int)i) * 12u)))->WorkerThread::hashByLength(12)[k]’
knucleotide.gpp-2.c++:294: error: ‘printf’ was not declared in this scope
knucleotide.gpp-2.c++: In function ‘void printCount(WorkerThread*, int, const char*) [with int KEY_SIZE = 18]’:
knucleotide.gpp-2.c++:355:   instantiated from here
knucleotide.gpp-2.c++:288: error: no match for ‘operator[]’ in ‘*(HashTable<18>*)(threads + ((unsigned int)(((unsigned int)i) * 12u)))->WorkerThread::hashByLength(18)[k]’
knucleotide.gpp-2.c++:294: error: ‘printf’ was not declared in this scope
knucleotide.gpp-2.c++: In function ‘void merge_table(HashTable<KEY_SIZE>&, HashTable<KEY_SIZE>&) [with int KEY_SIZE = 1]’:
knucleotide.gpp-2.c++:266:   instantiated from ‘void printFreq(WorkerThread*, int, float) [with int KEY_SIZE = 1]’
knucleotide.gpp-2.c++:348:   instantiated from here
knucleotide.gpp-2.c++:257: error: no type named ‘iterator’ in ‘class HashTable<1>’
knucleotide.gpp-2.c++:257: error: ‘class HashTable<1>’ has no member named ‘end’
knucleotide.gpp-2.c++:257: error: no type named ‘iterator’ in ‘class HashTable<1>’
knucleotide.gpp-2.c++:257: error: no type named ‘iterator’ in ‘class HashTable<1>’
knucleotide.gpp-2.c++:257: error: no type named ‘iterator’ in ‘class HashTable<1>’
knucleotide.gpp-2.c++:257: error: no type named ‘iterator’ in ‘class HashTable<1>’
knucleotide.gpp-2.c++: In function ‘void merge_table(HashTable<KEY_SIZE>&, HashTable<KEY_SIZE>&) [with int KEY_SIZE = 2]’:
knucleotide.gpp-2.c++:266:   instantiated from ‘void printFreq(WorkerThread*, int, float) [with int KEY_SIZE = 2]’
knucleotide.gpp-2.c++:349:   instantiated from here
knucleotide.gpp-2.c++:257: error: no type named ‘iterator’ in ‘class HashTable<2>’
knucleotide.gpp-2.c++:257: error: ‘class HashTable<2>’ has no member named ‘end’
knucleotide.gpp-2.c++:257: error: no type named ‘iterator’ in ‘class HashTable<2>’
knucleotide.gpp-2.c++:257: error: no type named ‘iterator’ in ‘class HashTable<2>’
knucleotide.gpp-2.c++:257: error: no type named ‘iterator’ in ‘class HashTable<2>’
knucleotide.gpp-2.c++:257: error: no type named ‘iterator’ in ‘class HashTable<2>’
knucleotide.gpp-2.c++: In member function ‘bool greater_second<T>::operator()(const T&, const T&) [with T = int]’:
/usr/include/c++/4.4/bits/stl_algo.h:124:   instantiated from ‘const _Tp& std::__median(const _Tp&, const _Tp&, const _Tp&, _Compare) [with _Tp = int, _Compare = greater_second<int>]’
/usr/include/c++/4.4/bits/stl_algo.h:2301:   instantiated from ‘void std::__introsort_loop(_RandomAccessIterator, _RandomAccessIterator, _Size, _Compare) [with _RandomAccessIterator = __gnu_cxx::__normal_iterator<int*, std::vector<int, std::allocator<int> > >, _Size = int, _Compare = greater_second<int>]’
/usr/include/c++/4.4/bits/stl_algo.h:5258:   instantiated from ‘void std::sort(_RAIter, _RAIter, _Compare) [with _RAIter = __gnu_cxx::__normal_iterator<int*, std::vector<int, std::allocator<int> > >, _Compare = greater_second<int>]’
knucleotide.gpp-2.c++:271:   instantiated from ‘void printFreq(WorkerThread*, int, float) [with int KEY_SIZE = 1]’
knucleotide.gpp-2.c++:348:   instantiated from here
knucleotide.gpp-2.c++:251: error: request for member ‘second’ in ‘rhs’, which is of non-class type ‘const int’
knucleotide.gpp-2.c++:251: error: request for member ‘second’ in ‘lhs’, which is of non-class type ‘const int’
make: [knucleotide.gpp-2.gpp_run] Error 1 (ignored)
rm knucleotide.gpp-2.c++
2.59s to complete and log all make actions

COMMAND LINE:
./knucleotide.gpp-2.gpp_run 0 < knucleotide-input250000.txt

MAKE ERROR 

