
Fri, 29 Aug 2008 08:41:22 GMT

MAKE:
/usr/bin/g++ -c -pipe -O3 -fomit-frame-pointer mandelbrot.gpp-4.c++ -o mandelbrot.gpp-4.c++.o &&  \
        /usr/bin/g++ mandelbrot.gpp-4.c++.o -o mandelbrot.gpp-4.gpp_run -L/usr/lib 
mandelbrot.gpp-4.c++:12: error: ‘__m128d’ does not name a type
mandelbrot.gpp-4.c++:40: error: ‘sse_packed_doubles_t’ does not name a type
mandelbrot.gpp-4.c++: In constructor ‘sse_packed_doubles::sse_packed_doubles(double, double)’:
mandelbrot.gpp-4.c++:22: error: ‘values’ was not declared in this scope
mandelbrot.gpp-4.c++:22: error: ‘_mm_load_pd’ was not declared in this scope
mandelbrot.gpp-4.c++: In member function ‘sse_packed_doubles& sse_packed_doubles::assign(double, double)’:
mandelbrot.gpp-4.c++:27: error: ‘values’ was not declared in this scope
mandelbrot.gpp-4.c++:27: error: ‘_mm_load_pd’ was not declared in this scope
mandelbrot.gpp-4.c++: In member function ‘sse_packed_doubles& sse_packed_doubles::assign_multiplied(const sse_packed_doubles&, const sse_packed_doubles&)’:
mandelbrot.gpp-4.c++:32: error: ‘values’ was not declared in this scope
mandelbrot.gpp-4.c++:32: error: ‘const struct sse_packed_doubles’ has no member named ‘values’
mandelbrot.gpp-4.c++:32: error: ‘const struct sse_packed_doubles’ has no member named ‘values’
mandelbrot.gpp-4.c++:32: error: ‘_mm_mul_pd’ was not declared in this scope
mandelbrot.gpp-4.c++: In member function ‘sse_packed_doubles& sse_packed_doubles::assign_subtracted(const sse_packed_doubles&, const sse_packed_doubles&)’:
mandelbrot.gpp-4.c++:37: error: ‘values’ was not declared in this scope
mandelbrot.gpp-4.c++:37: error: ‘const struct sse_packed_doubles’ has no member named ‘values’
mandelbrot.gpp-4.c++:37: error: ‘const struct sse_packed_doubles’ has no member named ‘values’
mandelbrot.gpp-4.c++:37: error: ‘_mm_sub_pd’ was not declared in this scope
mandelbrot.gpp-4.c++: In function ‘sse_packed_doubles& operator+=(sse_packed_doubles&, const sse_packed_doubles&)’:
mandelbrot.gpp-4.c++:45: error: ‘struct sse_packed_doubles’ has no member named ‘values’
mandelbrot.gpp-4.c++:45: error: ‘struct sse_packed_doubles’ has no member named ‘values’
mandelbrot.gpp-4.c++:45: error: ‘const struct sse_packed_doubles’ has no member named ‘values’
mandelbrot.gpp-4.c++:45: error: ‘_mm_add_pd’ was not declared in this scope
mandelbrot.gpp-4.c++: In function ‘sse_packed_doubles& operator-=(sse_packed_doubles&, const sse_packed_doubles&)’:
mandelbrot.gpp-4.c++:51: error: ‘struct sse_packed_doubles’ has no member named ‘values’
mandelbrot.gpp-4.c++:51: error: ‘struct sse_packed_doubles’ has no member named ‘values’
mandelbrot.gpp-4.c++:51: error: ‘const struct sse_packed_doubles’ has no member named ‘values’
mandelbrot.gpp-4.c++:51: error: ‘_mm_sub_pd’ was not declared in this scope
mandelbrot.gpp-4.c++: In function ‘sse_packed_doubles& operator*=(sse_packed_doubles&, const sse_packed_doubles&)’:
mandelbrot.gpp-4.c++:57: error: ‘struct sse_packed_doubles’ has no member named ‘values’
mandelbrot.gpp-4.c++:57: error: ‘struct sse_packed_doubles’ has no member named ‘values’
mandelbrot.gpp-4.c++:57: error: ‘const struct sse_packed_doubles’ has no member named ‘values’
mandelbrot.gpp-4.c++:57: error: ‘_mm_mul_pd’ was not declared in this scope
mandelbrot.gpp-4.c++: In member function ‘void sse_packed_complex::values(double*) const’:
mandelbrot.gpp-4.c++:65: error: ‘const struct sse_packed_doubles’ has no member named ‘values’
mandelbrot.gpp-4.c++:65: error: ‘_mm_store_pd’ was not declared in this scope
mandelbrot.gpp-4.c++:66: error: ‘const struct sse_packed_doubles’ has no member named ‘values’
make: [mandelbrot.gpp-4.gpp_run] Error 1 (ignored)
rm mandelbrot.gpp-4.c++

COMMAND LINE:
./mandelbrot.gpp-4.gpp_run 1600

MAKE ERROR 

