
Fri, 06 Nov 2009 03:38:05 GMT

MAKE:
/usr/bin/g++ -c -pipe -O3 -fomit-frame-pointer -march=native -lgmp  pidigits.gpp-3.c++ -o pidigits.gpp-3.c++.o &&  \
        /usr/bin/g++ pidigits.gpp-3.c++.o -o pidigits.gpp-3.gpp_run -lgmp -lgmpxx 
pidigits.gpp-3.c++:10:34: error: boost/lexical_cast.hpp: No such file or directory
pidigits.gpp-3.c++:11:33: error: boost/tuple/tuple.hpp: No such file or directory
pidigits.gpp-3.c++:14: error: ‘boost’ is not a namespace-name
pidigits.gpp-3.c++:14: error: expected namespace-name before ‘;’ token
pidigits.gpp-3.c++:19: error: ISO C++ forbids declaration of ‘tuple’ with no type
pidigits.gpp-3.c++:19: error: expected ‘;’ before ‘<’ token
pidigits.gpp-3.c++: In constructor ‘Digits::Digits()’:
pidigits.gpp-3.c++:23: error: ‘get’ was not declared in this scope
pidigits.gpp-3.c++:23: error: ‘nad’ was not declared in this scope
pidigits.gpp-3.c++: In member function ‘char Digits::operator()()’:
pidigits.gpp-3.c++:29: error: ‘get’ was not declared in this scope
pidigits.gpp-3.c++:29: error: ‘nad’ was not declared in this scope
pidigits.gpp-3.c++:31: error: ‘get’ was not declared in this scope
pidigits.gpp-3.c++:31: error: ‘nad’ was not declared in this scope
pidigits.gpp-3.c++: In member function ‘void Digits::next_term()’:
pidigits.gpp-3.c++:52: error: ‘get’ was not declared in this scope
pidigits.gpp-3.c++:52: error: ‘nad’ was not declared in this scope
pidigits.gpp-3.c++: In member function ‘void Digits::eliminate_digit(unsigned int)’:
pidigits.gpp-3.c++:60: error: ‘get’ was not declared in this scope
pidigits.gpp-3.c++:60: error: ‘nad’ was not declared in this scope
pidigits.gpp-3.c++: In function ‘int main(int, char**)’:
pidigits.gpp-3.c++:93: error: ‘boost’ has not been declared
pidigits.gpp-3.c++:93: error: expected primary-expression before ‘unsigned’
pidigits.gpp-3.c++:93: error: expected ‘:’ before ‘unsigned’
pidigits.gpp-3.c++:93: error: expected primary-expression before ‘unsigned’
pidigits.gpp-3.c++:93: error: expected ‘)’ before ‘unsigned’
make: [pidigits.gpp-3.gpp_run] Error 1 (ignored)
rm pidigits.gpp-3.c++
0.51s to complete and log all make actions

COMMAND LINE:
./pidigits.gpp-3.gpp_run 2000

MAKE ERROR 

